[2026-02-25 08:11:53,909] INFO: Started!
[2026-02-25 08:11:53,909] INFO: args:
 - ('comp', 'LOGITS')
 - ('data_train', ['HToGG:/home/alang/ppCodes/part_gp/datasets/JetClass/Pythia/train_100M/HToGG_*.root', 'ZJetsToNuNu:/home/alang/ppCodes/part_gp/datasets/JetClass/Pythia/train_100M/ZJetsToNuNu_*.root'])
 - ('data_val', ['HToGG:/home/alang/ppCodes/part_gp/datasets/JetClass/Pythia/val_5M/HToGG_*.root', 'ZJetsToNuNu:/home/alang/ppCodes/part_gp/datasets/JetClass/Pythia/val_5M/ZJetsToNuNu_*.root'])
 - ('data_test', ['HToGG:/home/alang/ppCodes/part_gp/datasets/JetClass/Pythia/test_20M/HToGG_*.root', 'ZJetsToNuNu:/home/alang/ppCodes/part_gp/datasets/JetClass/Pythia/test_20M/ZJetsToNuNu_*.root'])
 - ('data_config', '/home/alang/ppCodes/part_gp/data_config/JetClass/JetClass_HToGG.yaml')
 - ('data_fraction', 0.01)
 - ('file_fraction', 1.0)
 - ('batch_size', 64)
 - ('num_epochs', 5)
 - ('num_workers', 0)
 - ('optimizer', 'ranger')
 - ('optimizer_option', [])
 - ('start_lr', 0.001)
 - ('final_lr', 0.001)
 - ('lr_scheduler', 'flat+decay')
 - ('model_network', '/home/alang/ppCodes/part_gp/wrappers/part_wrapper.py')
 - ('model_path', '/home/alang/ppCodes/part_gp/outputs/models/HToGG/ParT/KD_GRID/ParT_M3-GRID_KD_PELICAN_7_epoch-4_state.pt')
 - ('model_prefix', '/home/alang/ppCodes/part_gp/outputs/models/HToGG/ParT/KD_GRID/ParT_M3-GRID_KD_PELICAN_7')
 - ('log', '/home/alang/ppCodes/part_gp/outputs/logs/HToGG/ParT_M3-GRID_KD_PELICAN_7_20260225_075959.log')
 - ('metrics_prefix', '/home/alang/ppCodes/part_gp/outputs/metrics/HToGG/ParT_M3-GRID_0.01.root')
 - ('figures_prefix', '/home/alang/ppCodes/part_gp/figures/HToGG/ParT/KD_GRID/ParT_M3-GRID_KD_PELICAN_7')
 - ('teacher_network', '/home/alang/ppCodes/part_gp/wrappers/pelican_wrapper.py')
 - ('teacher_path', '/home/alang/ppCodes/part_gp/outputs/models/HToGG/PELICAN/PELICAN_M2-TEACHER_DL_epoch-4_state.pt')
 - ('teacher_prefix', 'PELICAN')
 - ('kd_temp', 7.0)
 - ('kd_anneal', False)
 - ('kd_weight', 1)
 - ('dr_method', 'encoder')
 - ('dr_network', None)
 - ('dr_path', None)
 - ('alpha', 1.0)
 - ('beta', 4.0)
 - ('gamma', 1.0)
 - ('kl_anneal', False)
 - ('svae_weight', 1.0)
 - ('sr_prefix', None)
 - ('max_size', 40)
 - ('n_iterations', 5600)
 - ('n_populations', 48)
 - ('population_size', 27)
 - ('iteration_cycles', 1520)
 - ('weight_optimize', 0.001)
 - ('parsimony', 0.01)
 - ('sr_loss', 'HuberLoss(1.35)')
 - ('binary_operators', ['+', '-', '*', '/', '^'])
 - ('unary_operators', ['sqrt', 'tanh', 'sin'])
 - ('constraints', {'^': (-1, 1)})
 - ('nested_constraints', {'*': {'tanh': 2}, 'tanh': {'tanh': 0, '^': 1, 'sin': 1}, 'sin': {'sin': 0}})
 - ('sr_annealing', True)
 - ('sr_batching', True)
[2026-02-25 08:11:53,911] INFO: Using 200 files for training, range: (0, 1)
[2026-02-25 08:11:53,911] INFO: Using 10 files for validation, range: (0, 1)
[2026-02-25 08:11:53,916] INFO: [0;37mpreprocess config: {'method': 'manual', 'data_fraction': 0.5, 'params': None}[0m
[2026-02-25 08:11:53,916] INFO: [0;37mselection: None[0m
[2026-02-25 08:11:53,916] INFO: [0;37mtest_time_selection: None[0m
[2026-02-25 08:11:53,916] INFO: [0;37mvar_funcs:
 - ('part_mask', 'ak.ones_like(part_energy)')
 - ('part_pt', 'np.hypot(part_px, part_py)')
 - ('part_pt_log', 'np.log(part_pt)')
 - ('part_e_log', 'np.log(part_energy)')
 - ('part_logptrel', 'np.log(part_pt/jet_pt)')
 - ('part_logerel', 'np.log(part_energy/jet_energy)')
 - ('part_deltaR', 'np.hypot(part_deta, part_dphi)')
 - ('_label_', 'np.argmax(np.stack([ak.to_numpy(label_QCD),ak.to_numpy(label_Hgg)], axis=1), axis=1)')
 - ('_labelcheck_', 'np.sum(np.stack([ak.to_numpy(label_QCD),ak.to_numpy(label_Hgg)], axis=1), axis=1)')[0m
[2026-02-25 08:11:53,916] INFO: [0;37minput_names: ('pf_points', 'pf_features', 'pf_vectors', 'pf_mask')[0m
[2026-02-25 08:11:53,916] INFO: [0;37minput_dicts:
 - ('pf_points', ['part_deta', 'part_dphi'])
 - ('pf_features', ['part_pt_log', 'part_e_log', 'part_logptrel', 'part_logerel', 'part_deltaR', 'part_deta', 'part_dphi'])
 - ('pf_vectors', ['part_px', 'part_py', 'part_pz', 'part_energy'])
 - ('pf_mask', ['part_mask'])[0m
[2026-02-25 08:11:53,916] INFO: [0;37minput_shapes:
 - ('pf_points', (-1, 2, 32))
 - ('pf_features', (-1, 7, 32))
 - ('pf_vectors', (-1, 4, 32))
 - ('pf_mask', (-1, 1, 32))[0m
[2026-02-25 08:11:53,916] INFO: [0;37mpreprocess_params:
 - ('part_deta', {'length': 32, 'pad_mode': 'wrap', 'center': None, 'scale': 1, 'min': -5, 'max': 5, 'pad_value': 0})
 - ('part_dphi', {'length': 32, 'pad_mode': 'wrap', 'center': None, 'scale': 1, 'min': -5, 'max': 5, 'pad_value': 0})
 - ('part_pt_log', {'length': 32, 'pad_mode': 'wrap', 'center': 1.7, 'scale': 0.7, 'min': -5, 'max': 5, 'pad_value': 0})
 - ('part_e_log', {'length': 32, 'pad_mode': 'wrap', 'center': 2.0, 'scale': 0.7, 'min': -5, 'max': 5, 'pad_value': 0})
 - ('part_logptrel', {'length': 32, 'pad_mode': 'wrap', 'center': -4.7, 'scale': 0.7, 'min': -5, 'max': 5, 'pad_value': 0})
 - ('part_logerel', {'length': 32, 'pad_mode': 'wrap', 'center': -4.7, 'scale': 0.7, 'min': -5, 'max': 5, 'pad_value': 0})
 - ('part_deltaR', {'length': 32, 'pad_mode': 'wrap', 'center': 0.2, 'scale': 4.0, 'min': -5, 'max': 5, 'pad_value': 0})
 - ('part_px', {'length': 32, 'pad_mode': 'wrap', 'center': None, 'scale': 1, 'min': -5, 'max': 5, 'pad_value': 0})
 - ('part_py', {'length': 32, 'pad_mode': 'wrap', 'center': None, 'scale': 1, 'min': -5, 'max': 5, 'pad_value': 0})
 - ('part_pz', {'length': 32, 'pad_mode': 'wrap', 'center': None, 'scale': 1, 'min': -5, 'max': 5, 'pad_value': 0})
 - ('part_energy', {'length': 32, 'pad_mode': 'wrap', 'center': None, 'scale': 1, 'min': -5, 'max': 5, 'pad_value': 0})
 - ('part_mask', {'length': 32, 'pad_mode': 'constant', 'center': None, 'scale': 1, 'min': -5, 'max': 5, 'pad_value': 0})[0m
[2026-02-25 08:11:53,916] INFO: [0;37mlabel_names: ('_label_',)[0m
[2026-02-25 08:11:53,916] INFO: [0;37mobserver_names: ('jet_pt', 'jet_eta', 'jet_phi', 'jet_energy', 'jet_nparticles', 'jet_sdmass', 'jet_tau1', 'jet_tau2', 'jet_tau3', 'jet_tau4')[0m
[2026-02-25 08:11:53,917] INFO: [0;37mmonitor_variables: ()[0m
[2026-02-25 08:11:53,921] INFO: [0;37mpreprocess config: {'method': 'manual', 'data_fraction': 0.5, 'params': None}[0m
[2026-02-25 08:11:53,921] INFO: [0;37mselection: None[0m
[2026-02-25 08:11:53,921] INFO: [0;37mtest_time_selection: None[0m
[2026-02-25 08:11:53,921] INFO: [0;37mvar_funcs:
 - ('part_mask', 'ak.ones_like(part_energy)')
 - ('part_pt', 'np.hypot(part_px, part_py)')
 - ('part_pt_log', 'np.log(part_pt)')
 - ('part_e_log', 'np.log(part_energy)')
 - ('part_logptrel', 'np.log(part_pt/jet_pt)')
 - ('part_logerel', 'np.log(part_energy/jet_energy)')
 - ('part_deltaR', 'np.hypot(part_deta, part_dphi)')
 - ('_label_', 'np.argmax(np.stack([ak.to_numpy(label_QCD),ak.to_numpy(label_Hgg)], axis=1), axis=1)')
 - ('_labelcheck_', 'np.sum(np.stack([ak.to_numpy(label_QCD),ak.to_numpy(label_Hgg)], axis=1), axis=1)')[0m
[2026-02-25 08:11:53,921] INFO: [0;37minput_names: ('pf_points', 'pf_features', 'pf_vectors', 'pf_mask')[0m
[2026-02-25 08:11:53,921] INFO: [0;37minput_dicts:
 - ('pf_points', ['part_deta', 'part_dphi'])
 - ('pf_features', ['part_pt_log', 'part_e_log', 'part_logptrel', 'part_logerel', 'part_deltaR', 'part_deta', 'part_dphi'])
 - ('pf_vectors', ['part_px', 'part_py', 'part_pz', 'part_energy'])
 - ('pf_mask', ['part_mask'])[0m
[2026-02-25 08:11:53,922] INFO: [0;37minput_shapes:
 - ('pf_points', (-1, 2, 32))
 - ('pf_features', (-1, 7, 32))
 - ('pf_vectors', (-1, 4, 32))
 - ('pf_mask', (-1, 1, 32))[0m
[2026-02-25 08:11:53,922] INFO: [0;37mpreprocess_params:
 - ('part_deta', {'length': 32, 'pad_mode': 'wrap', 'center': None, 'scale': 1, 'min': -5, 'max': 5, 'pad_value': 0})
 - ('part_dphi', {'length': 32, 'pad_mode': 'wrap', 'center': None, 'scale': 1, 'min': -5, 'max': 5, 'pad_value': 0})
 - ('part_pt_log', {'length': 32, 'pad_mode': 'wrap', 'center': 1.7, 'scale': 0.7, 'min': -5, 'max': 5, 'pad_value': 0})
 - ('part_e_log', {'length': 32, 'pad_mode': 'wrap', 'center': 2.0, 'scale': 0.7, 'min': -5, 'max': 5, 'pad_value': 0})
 - ('part_logptrel', {'length': 32, 'pad_mode': 'wrap', 'center': -4.7, 'scale': 0.7, 'min': -5, 'max': 5, 'pad_value': 0})
 - ('part_logerel', {'length': 32, 'pad_mode': 'wrap', 'center': -4.7, 'scale': 0.7, 'min': -5, 'max': 5, 'pad_value': 0})
 - ('part_deltaR', {'length': 32, 'pad_mode': 'wrap', 'center': 0.2, 'scale': 4.0, 'min': -5, 'max': 5, 'pad_value': 0})
 - ('part_px', {'length': 32, 'pad_mode': 'wrap', 'center': None, 'scale': 1, 'min': -5, 'max': 5, 'pad_value': 0})
 - ('part_py', {'length': 32, 'pad_mode': 'wrap', 'center': None, 'scale': 1, 'min': -5, 'max': 5, 'pad_value': 0})
 - ('part_pz', {'length': 32, 'pad_mode': 'wrap', 'center': None, 'scale': 1, 'min': -5, 'max': 5, 'pad_value': 0})
 - ('part_energy', {'length': 32, 'pad_mode': 'wrap', 'center': None, 'scale': 1, 'min': -5, 'max': 5, 'pad_value': 0})
 - ('part_mask', {'length': 32, 'pad_mode': 'constant', 'center': None, 'scale': 1, 'min': -5, 'max': 5, 'pad_value': 0})[0m
[2026-02-25 08:11:53,922] INFO: [0;37mlabel_names: ('_label_',)[0m
[2026-02-25 08:11:53,922] INFO: [0;37mobserver_names: ()[0m
[2026-02-25 08:11:53,922] INFO: [0;37mmonitor_variables: ()[0m
[2026-02-25 08:11:53,926] INFO: [0;37mpreprocess config: {'method': 'manual', 'data_fraction': 0.5, 'params': None}[0m
[2026-02-25 08:11:53,926] INFO: [0;37mselection: None[0m
[2026-02-25 08:11:53,926] INFO: [0;37mtest_time_selection: None[0m
[2026-02-25 08:11:53,926] INFO: [0;37mvar_funcs:
 - ('part_mask', 'ak.ones_like(part_energy)')
 - ('part_pt', 'np.hypot(part_px, part_py)')
 - ('part_pt_log', 'np.log(part_pt)')
 - ('part_e_log', 'np.log(part_energy)')
 - ('part_logptrel', 'np.log(part_pt/jet_pt)')
 - ('part_logerel', 'np.log(part_energy/jet_energy)')
 - ('part_deltaR', 'np.hypot(part_deta, part_dphi)')
 - ('_label_', 'np.argmax(np.stack([ak.to_numpy(label_QCD),ak.to_numpy(label_Hgg)], axis=1), axis=1)')
 - ('_labelcheck_', 'np.sum(np.stack([ak.to_numpy(label_QCD),ak.to_numpy(label_Hgg)], axis=1), axis=1)')[0m
[2026-02-25 08:11:53,926] INFO: [0;37minput_names: ('pf_points', 'pf_features', 'pf_vectors', 'pf_mask')[0m
[2026-02-25 08:11:53,927] INFO: [0;37minput_dicts:
 - ('pf_points', ['part_deta', 'part_dphi'])
 - ('pf_features', ['part_pt_log', 'part_e_log', 'part_logptrel', 'part_logerel', 'part_deltaR', 'part_deta', 'part_dphi'])
 - ('pf_vectors', ['part_px', 'part_py', 'part_pz', 'part_energy'])
 - ('pf_mask', ['part_mask'])[0m
[2026-02-25 08:11:53,927] INFO: [0;37minput_shapes:
 - ('pf_points', (-1, 2, 32))
 - ('pf_features', (-1, 7, 32))
 - ('pf_vectors', (-1, 4, 32))
 - ('pf_mask', (-1, 1, 32))[0m
[2026-02-25 08:11:53,927] INFO: [0;37mpreprocess_params:
 - ('part_deta', {'length': 32, 'pad_mode': 'wrap', 'center': None, 'scale': 1, 'min': -5, 'max': 5, 'pad_value': 0})
 - ('part_dphi', {'length': 32, 'pad_mode': 'wrap', 'center': None, 'scale': 1, 'min': -5, 'max': 5, 'pad_value': 0})
 - ('part_pt_log', {'length': 32, 'pad_mode': 'wrap', 'center': 1.7, 'scale': 0.7, 'min': -5, 'max': 5, 'pad_value': 0})
 - ('part_e_log', {'length': 32, 'pad_mode': 'wrap', 'center': 2.0, 'scale': 0.7, 'min': -5, 'max': 5, 'pad_value': 0})
 - ('part_logptrel', {'length': 32, 'pad_mode': 'wrap', 'center': -4.7, 'scale': 0.7, 'min': -5, 'max': 5, 'pad_value': 0})
 - ('part_logerel', {'length': 32, 'pad_mode': 'wrap', 'center': -4.7, 'scale': 0.7, 'min': -5, 'max': 5, 'pad_value': 0})
 - ('part_deltaR', {'length': 32, 'pad_mode': 'wrap', 'center': 0.2, 'scale': 4.0, 'min': -5, 'max': 5, 'pad_value': 0})
 - ('part_px', {'length': 32, 'pad_mode': 'wrap', 'center': None, 'scale': 1, 'min': -5, 'max': 5, 'pad_value': 0})
 - ('part_py', {'length': 32, 'pad_mode': 'wrap', 'center': None, 'scale': 1, 'min': -5, 'max': 5, 'pad_value': 0})
 - ('part_pz', {'length': 32, 'pad_mode': 'wrap', 'center': None, 'scale': 1, 'min': -5, 'max': 5, 'pad_value': 0})
 - ('part_energy', {'length': 32, 'pad_mode': 'wrap', 'center': None, 'scale': 1, 'min': -5, 'max': 5, 'pad_value': 0})
 - ('part_mask', {'length': 32, 'pad_mode': 'constant', 'center': None, 'scale': 1, 'min': -5, 'max': 5, 'pad_value': 0})[0m
[2026-02-25 08:11:53,927] INFO: [0;37mlabel_names: ('_label_',)[0m
[2026-02-25 08:11:53,927] INFO: [0;37mobserver_names: ('jet_pt', 'jet_eta', 'jet_phi', 'jet_energy', 'jet_nparticles', 'jet_sdmass', 'jet_tau1', 'jet_tau2', 'jet_tau3', 'jet_tau4')[0m
[2026-02-25 08:11:53,927] INFO: [0;37mmonitor_variables: ()[0m
[2026-02-25 08:11:53,931] INFO: [0;37mpreprocess config: {'method': 'manual', 'data_fraction': 0.5, 'params': None}[0m
[2026-02-25 08:11:53,931] INFO: [0;37mselection: None[0m
[2026-02-25 08:11:53,931] INFO: [0;37mtest_time_selection: None[0m
[2026-02-25 08:11:53,932] INFO: [0;37mvar_funcs:
 - ('part_mask', 'ak.ones_like(part_energy)')
 - ('part_pt', 'np.hypot(part_px, part_py)')
 - ('part_pt_log', 'np.log(part_pt)')
 - ('part_e_log', 'np.log(part_energy)')
 - ('part_logptrel', 'np.log(part_pt/jet_pt)')
 - ('part_logerel', 'np.log(part_energy/jet_energy)')
 - ('part_deltaR', 'np.hypot(part_deta, part_dphi)')
 - ('_label_', 'np.argmax(np.stack([ak.to_numpy(label_QCD),ak.to_numpy(label_Hgg)], axis=1), axis=1)')
 - ('_labelcheck_', 'np.sum(np.stack([ak.to_numpy(label_QCD),ak.to_numpy(label_Hgg)], axis=1), axis=1)')[0m
[2026-02-25 08:11:53,932] INFO: [0;37minput_names: ('pf_points', 'pf_features', 'pf_vectors', 'pf_mask')[0m
[2026-02-25 08:11:53,932] INFO: [0;37minput_dicts:
 - ('pf_points', ['part_deta', 'part_dphi'])
 - ('pf_features', ['part_pt_log', 'part_e_log', 'part_logptrel', 'part_logerel', 'part_deltaR', 'part_deta', 'part_dphi'])
 - ('pf_vectors', ['part_px', 'part_py', 'part_pz', 'part_energy'])
 - ('pf_mask', ['part_mask'])[0m
[2026-02-25 08:11:53,932] INFO: [0;37minput_shapes:
 - ('pf_points', (-1, 2, 32))
 - ('pf_features', (-1, 7, 32))
 - ('pf_vectors', (-1, 4, 32))
 - ('pf_mask', (-1, 1, 32))[0m
[2026-02-25 08:11:53,932] INFO: [0;37mpreprocess_params:
 - ('part_deta', {'length': 32, 'pad_mode': 'wrap', 'center': None, 'scale': 1, 'min': -5, 'max': 5, 'pad_value': 0})
 - ('part_dphi', {'length': 32, 'pad_mode': 'wrap', 'center': None, 'scale': 1, 'min': -5, 'max': 5, 'pad_value': 0})
 - ('part_pt_log', {'length': 32, 'pad_mode': 'wrap', 'center': 1.7, 'scale': 0.7, 'min': -5, 'max': 5, 'pad_value': 0})
 - ('part_e_log', {'length': 32, 'pad_mode': 'wrap', 'center': 2.0, 'scale': 0.7, 'min': -5, 'max': 5, 'pad_value': 0})
 - ('part_logptrel', {'length': 32, 'pad_mode': 'wrap', 'center': -4.7, 'scale': 0.7, 'min': -5, 'max': 5, 'pad_value': 0})
 - ('part_logerel', {'length': 32, 'pad_mode': 'wrap', 'center': -4.7, 'scale': 0.7, 'min': -5, 'max': 5, 'pad_value': 0})
 - ('part_deltaR', {'length': 32, 'pad_mode': 'wrap', 'center': 0.2, 'scale': 4.0, 'min': -5, 'max': 5, 'pad_value': 0})
 - ('part_px', {'length': 32, 'pad_mode': 'wrap', 'center': None, 'scale': 1, 'min': -5, 'max': 5, 'pad_value': 0})
 - ('part_py', {'length': 32, 'pad_mode': 'wrap', 'center': None, 'scale': 1, 'min': -5, 'max': 5, 'pad_value': 0})
 - ('part_pz', {'length': 32, 'pad_mode': 'wrap', 'center': None, 'scale': 1, 'min': -5, 'max': 5, 'pad_value': 0})
 - ('part_energy', {'length': 32, 'pad_mode': 'wrap', 'center': None, 'scale': 1, 'min': -5, 'max': 5, 'pad_value': 0})
 - ('part_mask', {'length': 32, 'pad_mode': 'constant', 'center': None, 'scale': 1, 'min': -5, 'max': 5, 'pad_value': 0})[0m
[2026-02-25 08:11:53,932] INFO: [0;37mlabel_names: ('_label_',)[0m
[2026-02-25 08:11:53,932] INFO: [0;37mobserver_names: ()[0m
[2026-02-25 08:11:53,932] INFO: [0;37mmonitor_variables: ()[0m
[2026-02-25 08:11:53,937] INFO: [0;37mpreprocess config: {'method': 'manual', 'data_fraction': 0.5, 'params': None}[0m
[2026-02-25 08:11:53,937] INFO: [0;37mselection: None[0m
[2026-02-25 08:11:53,937] INFO: [0;37mtest_time_selection: None[0m
[2026-02-25 08:11:53,937] INFO: [0;37mvar_funcs:
 - ('part_mask', 'ak.ones_like(part_energy)')
 - ('part_pt', 'np.hypot(part_px, part_py)')
 - ('part_pt_log', 'np.log(part_pt)')
 - ('part_e_log', 'np.log(part_energy)')
 - ('part_logptrel', 'np.log(part_pt/jet_pt)')
 - ('part_logerel', 'np.log(part_energy/jet_energy)')
 - ('part_deltaR', 'np.hypot(part_deta, part_dphi)')
 - ('_label_', 'np.argmax(np.stack([ak.to_numpy(label_QCD),ak.to_numpy(label_Hgg)], axis=1), axis=1)')
 - ('_labelcheck_', 'np.sum(np.stack([ak.to_numpy(label_QCD),ak.to_numpy(label_Hgg)], axis=1), axis=1)')[0m
[2026-02-25 08:11:53,937] INFO: [0;37minput_names: ('pf_points', 'pf_features', 'pf_vectors', 'pf_mask')[0m
[2026-02-25 08:11:53,937] INFO: [0;37minput_dicts:
 - ('pf_points', ['part_deta', 'part_dphi'])
 - ('pf_features', ['part_pt_log', 'part_e_log', 'part_logptrel', 'part_logerel', 'part_deltaR', 'part_deta', 'part_dphi'])
 - ('pf_vectors', ['part_px', 'part_py', 'part_pz', 'part_energy'])
 - ('pf_mask', ['part_mask'])[0m
[2026-02-25 08:11:53,937] INFO: [0;37minput_shapes:
 - ('pf_points', (-1, 2, 32))
 - ('pf_features', (-1, 7, 32))
 - ('pf_vectors', (-1, 4, 32))
 - ('pf_mask', (-1, 1, 32))[0m
[2026-02-25 08:11:53,938] INFO: [0;37mpreprocess_params:
 - ('part_deta', {'length': 32, 'pad_mode': 'wrap', 'center': None, 'scale': 1, 'min': -5, 'max': 5, 'pad_value': 0})
 - ('part_dphi', {'length': 32, 'pad_mode': 'wrap', 'center': None, 'scale': 1, 'min': -5, 'max': 5, 'pad_value': 0})
 - ('part_pt_log', {'length': 32, 'pad_mode': 'wrap', 'center': 1.7, 'scale': 0.7, 'min': -5, 'max': 5, 'pad_value': 0})
 - ('part_e_log', {'length': 32, 'pad_mode': 'wrap', 'center': 2.0, 'scale': 0.7, 'min': -5, 'max': 5, 'pad_value': 0})
 - ('part_logptrel', {'length': 32, 'pad_mode': 'wrap', 'center': -4.7, 'scale': 0.7, 'min': -5, 'max': 5, 'pad_value': 0})
 - ('part_logerel', {'length': 32, 'pad_mode': 'wrap', 'center': -4.7, 'scale': 0.7, 'min': -5, 'max': 5, 'pad_value': 0})
 - ('part_deltaR', {'length': 32, 'pad_mode': 'wrap', 'center': 0.2, 'scale': 4.0, 'min': -5, 'max': 5, 'pad_value': 0})
 - ('part_px', {'length': 32, 'pad_mode': 'wrap', 'center': None, 'scale': 1, 'min': -5, 'max': 5, 'pad_value': 0})
 - ('part_py', {'length': 32, 'pad_mode': 'wrap', 'center': None, 'scale': 1, 'min': -5, 'max': 5, 'pad_value': 0})
 - ('part_pz', {'length': 32, 'pad_mode': 'wrap', 'center': None, 'scale': 1, 'min': -5, 'max': 5, 'pad_value': 0})
 - ('part_energy', {'length': 32, 'pad_mode': 'wrap', 'center': None, 'scale': 1, 'min': -5, 'max': 5, 'pad_value': 0})
 - ('part_mask', {'length': 32, 'pad_mode': 'constant', 'center': None, 'scale': 1, 'min': -5, 'max': 5, 'pad_value': 0})[0m
[2026-02-25 08:11:53,938] INFO: [0;37mlabel_names: ('_label_',)[0m
[2026-02-25 08:11:53,938] INFO: [0;37mobserver_names: ('jet_pt', 'jet_eta', 'jet_phi', 'jet_energy', 'jet_nparticles', 'jet_sdmass', 'jet_tau1', 'jet_tau2', 'jet_tau3', 'jet_tau4')[0m
[2026-02-25 08:11:53,938] INFO: [0;37mmonitor_variables: ()[0m
[2026-02-25 08:11:53,942] INFO: [0;37mpreprocess config: {'method': 'manual', 'data_fraction': 0.5, 'params': None}[0m
[2026-02-25 08:11:53,942] INFO: [0;37mselection: None[0m
[2026-02-25 08:11:53,942] INFO: [0;37mtest_time_selection: None[0m
[2026-02-25 08:11:53,942] INFO: [0;37mvar_funcs:
 - ('part_mask', 'ak.ones_like(part_energy)')
 - ('part_pt', 'np.hypot(part_px, part_py)')
 - ('part_pt_log', 'np.log(part_pt)')
 - ('part_e_log', 'np.log(part_energy)')
 - ('part_logptrel', 'np.log(part_pt/jet_pt)')
 - ('part_logerel', 'np.log(part_energy/jet_energy)')
 - ('part_deltaR', 'np.hypot(part_deta, part_dphi)')
 - ('_label_', 'np.argmax(np.stack([ak.to_numpy(label_QCD),ak.to_numpy(label_Hgg)], axis=1), axis=1)')
 - ('_labelcheck_', 'np.sum(np.stack([ak.to_numpy(label_QCD),ak.to_numpy(label_Hgg)], axis=1), axis=1)')[0m
[2026-02-25 08:11:53,942] INFO: [0;37minput_names: ('pf_points', 'pf_features', 'pf_vectors', 'pf_mask')[0m
[2026-02-25 08:11:53,942] INFO: [0;37minput_dicts:
 - ('pf_points', ['part_deta', 'part_dphi'])
 - ('pf_features', ['part_pt_log', 'part_e_log', 'part_logptrel', 'part_logerel', 'part_deltaR', 'part_deta', 'part_dphi'])
 - ('pf_vectors', ['part_px', 'part_py', 'part_pz', 'part_energy'])
 - ('pf_mask', ['part_mask'])[0m
[2026-02-25 08:11:53,942] INFO: [0;37minput_shapes:
 - ('pf_points', (-1, 2, 32))
 - ('pf_features', (-1, 7, 32))
 - ('pf_vectors', (-1, 4, 32))
 - ('pf_mask', (-1, 1, 32))[0m
[2026-02-25 08:11:53,943] INFO: [0;37mpreprocess_params:
 - ('part_deta', {'length': 32, 'pad_mode': 'wrap', 'center': None, 'scale': 1, 'min': -5, 'max': 5, 'pad_value': 0})
 - ('part_dphi', {'length': 32, 'pad_mode': 'wrap', 'center': None, 'scale': 1, 'min': -5, 'max': 5, 'pad_value': 0})
 - ('part_pt_log', {'length': 32, 'pad_mode': 'wrap', 'center': 1.7, 'scale': 0.7, 'min': -5, 'max': 5, 'pad_value': 0})
 - ('part_e_log', {'length': 32, 'pad_mode': 'wrap', 'center': 2.0, 'scale': 0.7, 'min': -5, 'max': 5, 'pad_value': 0})
 - ('part_logptrel', {'length': 32, 'pad_mode': 'wrap', 'center': -4.7, 'scale': 0.7, 'min': -5, 'max': 5, 'pad_value': 0})
 - ('part_logerel', {'length': 32, 'pad_mode': 'wrap', 'center': -4.7, 'scale': 0.7, 'min': -5, 'max': 5, 'pad_value': 0})
 - ('part_deltaR', {'length': 32, 'pad_mode': 'wrap', 'center': 0.2, 'scale': 4.0, 'min': -5, 'max': 5, 'pad_value': 0})
 - ('part_px', {'length': 32, 'pad_mode': 'wrap', 'center': None, 'scale': 1, 'min': -5, 'max': 5, 'pad_value': 0})
 - ('part_py', {'length': 32, 'pad_mode': 'wrap', 'center': None, 'scale': 1, 'min': -5, 'max': 5, 'pad_value': 0})
 - ('part_pz', {'length': 32, 'pad_mode': 'wrap', 'center': None, 'scale': 1, 'min': -5, 'max': 5, 'pad_value': 0})
 - ('part_energy', {'length': 32, 'pad_mode': 'wrap', 'center': None, 'scale': 1, 'min': -5, 'max': 5, 'pad_value': 0})
 - ('part_mask', {'length': 32, 'pad_mode': 'constant', 'center': None, 'scale': 1, 'min': -5, 'max': 5, 'pad_value': 0})[0m
[2026-02-25 08:11:53,943] INFO: [0;37mlabel_names: ('_label_',)[0m
[2026-02-25 08:11:53,943] INFO: [0;37mobserver_names: ('jet_pt', 'jet_eta', 'jet_phi', 'jet_energy', 'jet_nparticles', 'jet_sdmass', 'jet_tau1', 'jet_tau2', 'jet_tau3', 'jet_tau4')[0m
[2026-02-25 08:11:53,943] INFO: [0;37mmonitor_variables: ()[0m
[2026-02-25 08:11:53,943] INFO: Fetching logits for model
[2026-02-25 08:11:53,953] INFO: [0;37mpreprocess config: {'method': 'manual', 'data_fraction': 0.5, 'params': None}[0m
[2026-02-25 08:11:53,953] INFO: [0;37mselection: None[0m
[2026-02-25 08:11:53,953] INFO: [0;37mtest_time_selection: None[0m
[2026-02-25 08:11:53,953] INFO: [0;37mvar_funcs:
 - ('part_mask', 'ak.ones_like(part_energy)')
 - ('part_pt', 'np.hypot(part_px, part_py)')
 - ('part_pt_log', 'np.log(part_pt)')
 - ('part_e_log', 'np.log(part_energy)')
 - ('part_logptrel', 'np.log(part_pt/jet_pt)')
 - ('part_logerel', 'np.log(part_energy/jet_energy)')
 - ('part_deltaR', 'np.hypot(part_deta, part_dphi)')
 - ('_label_', 'np.argmax(np.stack([ak.to_numpy(label_QCD),ak.to_numpy(label_Hgg)], axis=1), axis=1)')
 - ('_labelcheck_', 'np.sum(np.stack([ak.to_numpy(label_QCD),ak.to_numpy(label_Hgg)], axis=1), axis=1)')[0m
[2026-02-25 08:11:53,953] INFO: [0;37minput_names: ('pf_points', 'pf_features', 'pf_vectors', 'pf_mask')[0m
[2026-02-25 08:11:53,953] INFO: [0;37minput_dicts:
 - ('pf_points', ['part_deta', 'part_dphi'])
 - ('pf_features', ['part_pt_log', 'part_e_log', 'part_logptrel', 'part_logerel', 'part_deltaR', 'part_deta', 'part_dphi'])
 - ('pf_vectors', ['part_px', 'part_py', 'part_pz', 'part_energy'])
 - ('pf_mask', ['part_mask'])[0m
[2026-02-25 08:11:53,953] INFO: [0;37minput_shapes:
 - ('pf_points', (-1, 2, 32))
 - ('pf_features', (-1, 7, 32))
 - ('pf_vectors', (-1, 4, 32))
 - ('pf_mask', (-1, 1, 32))[0m
[2026-02-25 08:11:53,953] INFO: [0;37mpreprocess_params:
 - ('part_deta', {'length': 32, 'pad_mode': 'wrap', 'center': None, 'scale': 1, 'min': -5, 'max': 5, 'pad_value': 0})
 - ('part_dphi', {'length': 32, 'pad_mode': 'wrap', 'center': None, 'scale': 1, 'min': -5, 'max': 5, 'pad_value': 0})
 - ('part_pt_log', {'length': 32, 'pad_mode': 'wrap', 'center': 1.7, 'scale': 0.7, 'min': -5, 'max': 5, 'pad_value': 0})
 - ('part_e_log', {'length': 32, 'pad_mode': 'wrap', 'center': 2.0, 'scale': 0.7, 'min': -5, 'max': 5, 'pad_value': 0})
 - ('part_logptrel', {'length': 32, 'pad_mode': 'wrap', 'center': -4.7, 'scale': 0.7, 'min': -5, 'max': 5, 'pad_value': 0})
 - ('part_logerel', {'length': 32, 'pad_mode': 'wrap', 'center': -4.7, 'scale': 0.7, 'min': -5, 'max': 5, 'pad_value': 0})
 - ('part_deltaR', {'length': 32, 'pad_mode': 'wrap', 'center': 0.2, 'scale': 4.0, 'min': -5, 'max': 5, 'pad_value': 0})
 - ('part_px', {'length': 32, 'pad_mode': 'wrap', 'center': None, 'scale': 1, 'min': -5, 'max': 5, 'pad_value': 0})
 - ('part_py', {'length': 32, 'pad_mode': 'wrap', 'center': None, 'scale': 1, 'min': -5, 'max': 5, 'pad_value': 0})
 - ('part_pz', {'length': 32, 'pad_mode': 'wrap', 'center': None, 'scale': 1, 'min': -5, 'max': 5, 'pad_value': 0})
 - ('part_energy', {'length': 32, 'pad_mode': 'wrap', 'center': None, 'scale': 1, 'min': -5, 'max': 5, 'pad_value': 0})
 - ('part_mask', {'length': 32, 'pad_mode': 'constant', 'center': None, 'scale': 1, 'min': -5, 'max': 5, 'pad_value': 0})[0m
[2026-02-25 08:11:53,953] INFO: [0;37mlabel_names: ('_label_',)[0m
[2026-02-25 08:11:53,953] INFO: [0;37mobserver_names: ('jet_pt', 'jet_eta', 'jet_phi', 'jet_energy', 'jet_nparticles', 'jet_sdmass', 'jet_tau1', 'jet_tau2', 'jet_tau3', 'jet_tau4')[0m
[2026-02-25 08:11:53,953] INFO: [0;37mmonitor_variables: ()[0m
[2026-02-25 08:11:53,958] INFO: [0;37mpreprocess config: {'method': 'manual', 'data_fraction': 0.5, 'params': None}[0m
[2026-02-25 08:11:53,958] INFO: [0;37mselection: None[0m
[2026-02-25 08:11:53,958] INFO: [0;37mtest_time_selection: None[0m
[2026-02-25 08:11:53,958] INFO: [0;37mvar_funcs:
 - ('part_mask', 'ak.ones_like(part_energy)')
 - ('part_pt', 'np.hypot(part_px, part_py)')
 - ('part_pt_log', 'np.log(part_pt)')
 - ('part_e_log', 'np.log(part_energy)')
 - ('part_logptrel', 'np.log(part_pt/jet_pt)')
 - ('part_logerel', 'np.log(part_energy/jet_energy)')
 - ('part_deltaR', 'np.hypot(part_deta, part_dphi)')
 - ('_label_', 'np.argmax(np.stack([ak.to_numpy(label_QCD),ak.to_numpy(label_Hgg)], axis=1), axis=1)')
 - ('_labelcheck_', 'np.sum(np.stack([ak.to_numpy(label_QCD),ak.to_numpy(label_Hgg)], axis=1), axis=1)')[0m
[2026-02-25 08:11:53,958] INFO: [0;37minput_names: ('pf_points', 'pf_features', 'pf_vectors', 'pf_mask')[0m
[2026-02-25 08:11:53,958] INFO: [0;37minput_dicts:
 - ('pf_points', ['part_deta', 'part_dphi'])
 - ('pf_features', ['part_pt_log', 'part_e_log', 'part_logptrel', 'part_logerel', 'part_deltaR', 'part_deta', 'part_dphi'])
 - ('pf_vectors', ['part_px', 'part_py', 'part_pz', 'part_energy'])
 - ('pf_mask', ['part_mask'])[0m
[2026-02-25 08:11:53,958] INFO: [0;37minput_shapes:
 - ('pf_points', (-1, 2, 32))
 - ('pf_features', (-1, 7, 32))
 - ('pf_vectors', (-1, 4, 32))
 - ('pf_mask', (-1, 1, 32))[0m
[2026-02-25 08:11:53,958] INFO: [0;37mpreprocess_params:
 - ('part_deta', {'length': 32, 'pad_mode': 'wrap', 'center': None, 'scale': 1, 'min': -5, 'max': 5, 'pad_value': 0})
 - ('part_dphi', {'length': 32, 'pad_mode': 'wrap', 'center': None, 'scale': 1, 'min': -5, 'max': 5, 'pad_value': 0})
 - ('part_pt_log', {'length': 32, 'pad_mode': 'wrap', 'center': 1.7, 'scale': 0.7, 'min': -5, 'max': 5, 'pad_value': 0})
 - ('part_e_log', {'length': 32, 'pad_mode': 'wrap', 'center': 2.0, 'scale': 0.7, 'min': -5, 'max': 5, 'pad_value': 0})
 - ('part_logptrel', {'length': 32, 'pad_mode': 'wrap', 'center': -4.7, 'scale': 0.7, 'min': -5, 'max': 5, 'pad_value': 0})
 - ('part_logerel', {'length': 32, 'pad_mode': 'wrap', 'center': -4.7, 'scale': 0.7, 'min': -5, 'max': 5, 'pad_value': 0})
 - ('part_deltaR', {'length': 32, 'pad_mode': 'wrap', 'center': 0.2, 'scale': 4.0, 'min': -5, 'max': 5, 'pad_value': 0})
 - ('part_px', {'length': 32, 'pad_mode': 'wrap', 'center': None, 'scale': 1, 'min': -5, 'max': 5, 'pad_value': 0})
 - ('part_py', {'length': 32, 'pad_mode': 'wrap', 'center': None, 'scale': 1, 'min': -5, 'max': 5, 'pad_value': 0})
 - ('part_pz', {'length': 32, 'pad_mode': 'wrap', 'center': None, 'scale': 1, 'min': -5, 'max': 5, 'pad_value': 0})
 - ('part_energy', {'length': 32, 'pad_mode': 'wrap', 'center': None, 'scale': 1, 'min': -5, 'max': 5, 'pad_value': 0})
 - ('part_mask', {'length': 32, 'pad_mode': 'constant', 'center': None, 'scale': 1, 'min': -5, 'max': 5, 'pad_value': 0})[0m
[2026-02-25 08:11:53,958] INFO: [0;37mlabel_names: ('_label_',)[0m
[2026-02-25 08:11:53,958] INFO: [0;37mobserver_names: ('jet_pt', 'jet_eta', 'jet_phi', 'jet_energy', 'jet_nparticles', 'jet_sdmass', 'jet_tau1', 'jet_tau2', 'jet_tau3', 'jet_tau4')[0m
[2026-02-25 08:11:53,959] INFO: [0;37mmonitor_variables: ()[0m
[2026-02-25 08:11:53,959] INFO: Model config: {'input_dim': 7, 'num_classes': 2, 'pair_input_dim': 4, 'use_pre_activation_pair': False, 'embed_dims': [128, 512, 128], 'pair_embed_dims': [64, 64, 64], 'num_heads': 8, 'num_layers': 4, 'num_cls_layers': 1, 'block_params': None, 'cls_block_params': {'dropout': 0, 'attn_dropout': 0, 'activation_dropout': 0}, 'fc_params': [], 'activation': 'gelu', 'trim': True, 'for_inference': False}
[2026-02-25 08:11:53,959] INFO: cfg_block: {'embed_dim': 128, 'num_heads': 8, 'ffn_ratio': 4, 'dropout': 0.1, 'attn_dropout': 0.1, 'activation_dropout': 0.1, 'add_bias_kv': False, 'activation': 'gelu', 'scale_fc': True, 'scale_attn': True, 'scale_heads': True, 'scale_resids': True}
[2026-02-25 08:11:53,959] INFO: cfg_cls_block: {'embed_dim': 128, 'num_heads': 8, 'ffn_ratio': 4, 'dropout': 0, 'attn_dropout': 0, 'activation_dropout': 0, 'add_bias_kv': False, 'activation': 'gelu', 'scale_fc': True, 'scale_attn': True, 'scale_heads': True, 'scale_resids': True}
[2026-02-25 08:11:54,199] INFO: Optimizer options: {}
[2026-02-25 08:11:54,673] INFO: Model Name: ParT_M3-GRID_KD_PELICAN_7
[2026-02-25 08:11:54,673] INFO: Evaluating for training set logits
[2026-02-25 08:11:54,674] INFO: Train Set Tester Initialized
[2026-02-25 08:11:54,674] INFO: Starting!
[2026-02-25 08:11:54,676] INFO: Restarted DataIter train, load_range=(0.10201918397629828, 0.11201918397629827), file_list:
{
  "HToGG": [
    "/home/alang/ppCodes/part_gp/datasets/JetClass/Pythia/train_100M/HToGG_000.root",
    "/home/alang/ppCodes/part_gp/datasets/JetClass/Pythia/train_100M/HToGG_001.root",
    "/home/alang/ppCodes/part_gp/datasets/JetClass/Pythia/train_100M/HToGG_002.root",
    "/home/alang/ppCodes/part_gp/datasets/JetClass/Pythia/train_100M/HToGG_003.root",
    "/home/alang/ppCodes/part_gp/datasets/JetClass/Pythia/train_100M/HToGG_004.root",
    "/home/alang/ppCodes/part_gp/datasets/JetClass/Pythia/train_100M/HToGG_005.root",
    "/home/alang/ppCodes/part_gp/datasets/JetClass/Pythia/train_100M/HToGG_006.root",
    "/home/alang/ppCodes/part_gp/datasets/JetClass/Pythia/train_100M/HToGG_007.root",
    "/home/alang/ppCodes/part_gp/datasets/JetClass/Pythia/train_100M/HToGG_008.root",
    "/home/alang/ppCodes/part_gp/datasets/JetClass/Pythia/train_100M/HToGG_009.root",
    "/home/alang/ppCodes/part_gp/datasets/JetClass/Pythia/train_100M/HToGG_010.root",
    "/home/alang/ppCodes/part_gp/datasets/JetClass/Pythia/train_100M/HToGG_011.root",
    "/home/alang/ppCodes/part_gp/datasets/JetClass/Pythia/train_100M/HToGG_012.root",
    "/home/alang/ppCodes/part_gp/datasets/JetClass/Pythia/train_100M/HToGG_013.root",
    "/home/alang/ppCodes/part_gp/datasets/JetClass/Pythia/train_100M/HToGG_014.root",
    "/home/alang/ppCodes/part_gp/datasets/JetClass/Pythia/train_100M/HToGG_015.root",
    "/home/alang/ppCodes/part_gp/datasets/JetClass/Pythia/train_100M/HToGG_016.root",
    "/home/alang/ppCodes/part_gp/datasets/JetClass/Pythia/train_100M/HToGG_017.root",
    "/home/alang/ppCodes/part_gp/datasets/JetClass/Pythia/train_100M/HToGG_018.root",
    "/home/alang/ppCodes/part_gp/datasets/JetClass/Pythia/train_100M/HToGG_019.root",
    "/home/alang/ppCodes/part_gp/datasets/JetClass/Pythia/train_100M/HToGG_020.root",
    "/home/alang/ppCodes/part_gp/datasets/JetClass/Pythia/train_100M/HToGG_021.root",
    "/home/alang/ppCodes/part_gp/datasets/JetClass/Pythia/train_100M/HToGG_022.root",
    "/home/alang/ppCodes/part_gp/datasets/JetClass/Pythia/train_100M/HToGG_023.root",
    "/home/alang/ppCodes/part_gp/datasets/JetClass/Pythia/train_100M/HToGG_024.root",
    "/home/alang/ppCodes/part_gp/datasets/JetClass/Pythia/train_100M/HToGG_025.root",
    "/home/alang/ppCodes/part_gp/datasets/JetClass/Pythia/train_100M/HToGG_026.root",
    "/home/alang/ppCodes/part_gp/datasets/JetClass/Pythia/train_100M/HToGG_027.root",
    "/home/alang/ppCodes/part_gp/datasets/JetClass/Pythia/train_100M/HToGG_028.root",
    "/home/alang/ppCodes/part_gp/datasets/JetClass/Pythia/train_100M/HToGG_029.root",
    "/home/alang/ppCodes/part_gp/datasets/JetClass/Pythia/train_100M/HToGG_030.root",
    "/home/alang/ppCodes/part_gp/datasets/JetClass/Pythia/train_100M/HToGG_031.root",
    "/home/alang/ppCodes/part_gp/datasets/JetClass/Pythia/train_100M/HToGG_032.root",
    "/home/alang/ppCodes/part_gp/datasets/JetClass/Pythia/train_100M/HToGG_033.root",
    "/home/alang/ppCodes/part_gp/datasets/JetClass/Pythia/train_100M/HToGG_034.root",
    "/home/alang/ppCodes/part_gp/datasets/JetClass/Pythia/train_100M/HToGG_035.root",
    "/home/alang/ppCodes/part_gp/datasets/JetClass/Pythia/train_100M/HToGG_036.root",
    "/home/alang/ppCodes/part_gp/datasets/JetClass/Pythia/train_100M/HToGG_037.root",
    "/home/alang/ppCodes/part_gp/datasets/JetClass/Pythia/train_100M/HToGG_038.root",
    "/home/alang/ppCodes/part_gp/datasets/JetClass/Pythia/train_100M/HToGG_039.root",
    "/home/alang/ppCodes/part_gp/datasets/JetClass/Pythia/train_100M/HToGG_040.root",
    "/home/alang/ppCodes/part_gp/datasets/JetClass/Pythia/train_100M/HToGG_041.root",
    "/home/alang/ppCodes/part_gp/datasets/JetClass/Pythia/train_100M/HToGG_042.root",
    "/home/alang/ppCodes/part_gp/datasets/JetClass/Pythia/train_100M/HToGG_043.root",
    "/home/alang/ppCodes/part_gp/datasets/JetClass/Pythia/train_100M/HToGG_044.root",
    "/home/alang/ppCodes/part_gp/datasets/JetClass/Pythia/train_100M/HToGG_045.root",
    "/home/alang/ppCodes/part_gp/datasets/JetClass/Pythia/train_100M/HToGG_046.root",
    "/home/alang/ppCodes/part_gp/datasets/JetClass/Pythia/train_100M/HToGG_047.root",
    "/home/alang/ppCodes/part_gp/datasets/JetClass/Pythia/train_100M/HToGG_048.root",
    "/home/alang/ppCodes/part_gp/datasets/JetClass/Pythia/train_100M/HToGG_049.root",
    "/home/alang/ppCodes/part_gp/datasets/JetClass/Pythia/train_100M/HToGG_050.root",
    "/home/alang/ppCodes/part_gp/datasets/JetClass/Pythia/train_100M/HToGG_051.root",
    "/home/alang/ppCodes/part_gp/datasets/JetClass/Pythia/train_100M/HToGG_052.root",
    "/home/alang/ppCodes/part_gp/datasets/JetClass/Pythia/train_100M/HToGG_053.root",
    "/home/alang/ppCodes/part_gp/datasets/JetClass/Pythia/train_100M/HToGG_054.root",
    "/home/alang/ppCodes/part_gp/datasets/JetClass/Pythia/train_100M/HToGG_055.root",
    "/home/alang/ppCodes/part_gp/datasets/JetClass/Pythia/train_100M/HToGG_056.root",
    "/home/alang/ppCodes/part_gp/datasets/JetClass/Pythia/train_100M/HToGG_057.root",
    "/home/alang/ppCodes/part_gp/datasets/JetClass/Pythia/train_100M/HToGG_058.root",
    "/home/alang/ppCodes/part_gp/datasets/JetClass/Pythia/train_100M/HToGG_059.root",
    "/home/alang/ppCodes/part_gp/datasets/JetClass/Pythia/train_100M/HToGG_060.root",
    "/home/alang/ppCodes/part_gp/datasets/JetClass/Pythia/train_100M/HToGG_061.root",
    "/home/alang/ppCodes/part_gp/datasets/JetClass/Pythia/train_100M/HToGG_062.root",
    "/home/alang/ppCodes/part_gp/datasets/JetClass/Pythia/train_100M/HToGG_063.root",
    "/home/alang/ppCodes/part_gp/datasets/JetClass/Pythia/train_100M/HToGG_064.root",
    "/home/alang/ppCodes/part_gp/datasets/JetClass/Pythia/train_100M/HToGG_065.root",
    "/home/alang/ppCodes/part_gp/datasets/JetClass/Pythia/train_100M/HToGG_066.root",
    "/home/alang/ppCodes/part_gp/datasets/JetClass/Pythia/train_100M/HToGG_067.root",
    "/home/alang/ppCodes/part_gp/datasets/JetClass/Pythia/train_100M/HToGG_068.root",
    "/home/alang/ppCodes/part_gp/datasets/JetClass/Pythia/train_100M/HToGG_069.root",
    "/home/alang/ppCodes/part_gp/datasets/JetClass/Pythia/train_100M/HToGG_070.root",
    "/home/alang/ppCodes/part_gp/datasets/JetClass/Pythia/train_100M/HToGG_071.root",
    "/home/alang/ppCodes/part_gp/datasets/JetClass/Pythia/train_100M/HToGG_072.root",
    "/home/alang/ppCodes/part_gp/datasets/JetClass/Pythia/train_100M/HToGG_073.root",
    "/home/alang/ppCodes/part_gp/datasets/JetClass/Pythia/train_100M/HToGG_074.root",
    "/home/alang/ppCodes/part_gp/datasets/JetClass/Pythia/train_100M/HToGG_075.root",
    "/home/alang/ppCodes/part_gp/datasets/JetClass/Pythia/train_100M/HToGG_076.root",
    "/home/alang/ppCodes/part_gp/datasets/JetClass/Pythia/train_100M/HToGG_077.root",
    "/home/alang/ppCodes/part_gp/datasets/JetClass/Pythia/train_100M/HToGG_078.root",
    "/home/alang/ppCodes/part_gp/datasets/JetClass/Pythia/train_100M/HToGG_079.root",
    "/home/alang/ppCodes/part_gp/datasets/JetClass/Pythia/train_100M/HToGG_080.root",
    "/home/alang/ppCodes/part_gp/datasets/JetClass/Pythia/train_100M/HToGG_081.root",
    "/home/alang/ppCodes/part_gp/datasets/JetClass/Pythia/train_100M/HToGG_082.root",
    "/home/alang/ppCodes/part_gp/datasets/JetClass/Pythia/train_100M/HToGG_083.root",
    "/home/alang/ppCodes/part_gp/datasets/JetClass/Pythia/train_100M/HToGG_084.root",
    "/home/alang/ppCodes/part_gp/datasets/JetClass/Pythia/train_100M/HToGG_085.root",
    "/home/alang/ppCodes/part_gp/datasets/JetClass/Pythia/train_100M/HToGG_086.root",
    "/home/alang/ppCodes/part_gp/datasets/JetClass/Pythia/train_100M/HToGG_087.root",
    "/home/alang/ppCodes/part_gp/datasets/JetClass/Pythia/train_100M/HToGG_088.root",
    "/home/alang/ppCodes/part_gp/datasets/JetClass/Pythia/train_100M/HToGG_089.root",
    "/home/alang/ppCodes/part_gp/datasets/JetClass/Pythia/train_100M/HToGG_090.root",
    "/home/alang/ppCodes/part_gp/datasets/JetClass/Pythia/train_100M/HToGG_091.root",
    "/home/alang/ppCodes/part_gp/datasets/JetClass/Pythia/train_100M/HToGG_092.root",
    "/home/alang/ppCodes/part_gp/datasets/JetClass/Pythia/train_100M/HToGG_093.root",
    "/home/alang/ppCodes/part_gp/datasets/JetClass/Pythia/train_100M/HToGG_094.root",
    "/home/alang/ppCodes/part_gp/datasets/JetClass/Pythia/train_100M/HToGG_095.root",
    "/home/alang/ppCodes/part_gp/datasets/JetClass/Pythia/train_100M/HToGG_096.root",
    "/home/alang/ppCodes/part_gp/datasets/JetClass/Pythia/train_100M/HToGG_097.root",
    "/home/alang/ppCodes/part_gp/datasets/JetClass/Pythia/train_100M/HToGG_098.root",
    "/home/alang/ppCodes/part_gp/datasets/JetClass/Pythia/train_100M/HToGG_099.root"
  ],
  "ZJetsToNuNu": [
    "/home/alang/ppCodes/part_gp/datasets/JetClass/Pythia/train_100M/ZJetsToNuNu_000.root",
    "/home/alang/ppCodes/part_gp/datasets/JetClass/Pythia/train_100M/ZJetsToNuNu_001.root",
    "/home/alang/ppCodes/part_gp/datasets/JetClass/Pythia/train_100M/ZJetsToNuNu_002.root",
    "/home/alang/ppCodes/part_gp/datasets/JetClass/Pythia/train_100M/ZJetsToNuNu_003.root",
    "/home/alang/ppCodes/part_gp/datasets/JetClass/Pythia/train_100M/ZJetsToNuNu_004.root",
    "/home/alang/ppCodes/part_gp/datasets/JetClass/Pythia/train_100M/ZJetsToNuNu_005.root",
    "/home/alang/ppCodes/part_gp/datasets/JetClass/Pythia/train_100M/ZJetsToNuNu_006.root",
    "/home/alang/ppCodes/part_gp/datasets/JetClass/Pythia/train_100M/ZJetsToNuNu_007.root",
    "/home/alang/ppCodes/part_gp/datasets/JetClass/Pythia/train_100M/ZJetsToNuNu_008.root",
    "/home/alang/ppCodes/part_gp/datasets/JetClass/Pythia/train_100M/ZJetsToNuNu_009.root",
    "/home/alang/ppCodes/part_gp/datasets/JetClass/Pythia/train_100M/ZJetsToNuNu_010.root",
    "/home/alang/ppCodes/part_gp/datasets/JetClass/Pythia/train_100M/ZJetsToNuNu_011.root",
    "/home/alang/ppCodes/part_gp/datasets/JetClass/Pythia/train_100M/ZJetsToNuNu_012.root",
    "/home/alang/ppCodes/part_gp/datasets/JetClass/Pythia/train_100M/ZJetsToNuNu_013.root",
    "/home/alang/ppCodes/part_gp/datasets/JetClass/Pythia/train_100M/ZJetsToNuNu_014.root",
    "/home/alang/ppCodes/part_gp/datasets/JetClass/Pythia/train_100M/ZJetsToNuNu_015.root",
    "/home/alang/ppCodes/part_gp/datasets/JetClass/Pythia/train_100M/ZJetsToNuNu_016.root",
    "/home/alang/ppCodes/part_gp/datasets/JetClass/Pythia/train_100M/ZJetsToNuNu_017.root",
    "/home/alang/ppCodes/part_gp/datasets/JetClass/Pythia/train_100M/ZJetsToNuNu_018.root",
    "/home/alang/ppCodes/part_gp/datasets/JetClass/Pythia/train_100M/ZJetsToNuNu_019.root",
    "/home/alang/ppCodes/part_gp/datasets/JetClass/Pythia/train_100M/ZJetsToNuNu_020.root",
    "/home/alang/ppCodes/part_gp/datasets/JetClass/Pythia/train_100M/ZJetsToNuNu_021.root",
    "/home/alang/ppCodes/part_gp/datasets/JetClass/Pythia/train_100M/ZJetsToNuNu_022.root",
    "/home/alang/ppCodes/part_gp/datasets/JetClass/Pythia/train_100M/ZJetsToNuNu_023.root",
    "/home/alang/ppCodes/part_gp/datasets/JetClass/Pythia/train_100M/ZJetsToNuNu_024.root",
    "/home/alang/ppCodes/part_gp/datasets/JetClass/Pythia/train_100M/ZJetsToNuNu_025.root",
    "/home/alang/ppCodes/part_gp/datasets/JetClass/Pythia/train_100M/ZJetsToNuNu_026.root",
    "/home/alang/ppCodes/part_gp/datasets/JetClass/Pythia/train_100M/ZJetsToNuNu_027.root",
    "/home/alang/ppCodes/part_gp/datasets/JetClass/Pythia/train_100M/ZJetsToNuNu_028.root",
    "/home/alang/ppCodes/part_gp/datasets/JetClass/Pythia/train_100M/ZJetsToNuNu_029.root",
    "/home/alang/ppCodes/part_gp/datasets/JetClass/Pythia/train_100M/ZJetsToNuNu_030.root",
    "/home/alang/ppCodes/part_gp/datasets/JetClass/Pythia/train_100M/ZJetsToNuNu_031.root",
    "/home/alang/ppCodes/part_gp/datasets/JetClass/Pythia/train_100M/ZJetsToNuNu_032.root",
    "/home/alang/ppCodes/part_gp/datasets/JetClass/Pythia/train_100M/ZJetsToNuNu_033.root",
    "/home/alang/ppCodes/part_gp/datasets/JetClass/Pythia/train_100M/ZJetsToNuNu_034.root",
    "/home/alang/ppCodes/part_gp/datasets/JetClass/Pythia/train_100M/ZJetsToNuNu_035.root",
    "/home/alang/ppCodes/part_gp/datasets/JetClass/Pythia/train_100M/ZJetsToNuNu_036.root",
    "/home/alang/ppCodes/part_gp/datasets/JetClass/Pythia/train_100M/ZJetsToNuNu_037.root",
    "/home/alang/ppCodes/part_gp/datasets/JetClass/Pythia/train_100M/ZJetsToNuNu_038.root",
    "/home/alang/ppCodes/part_gp/datasets/JetClass/Pythia/train_100M/ZJetsToNuNu_039.root",
    "/home/alang/ppCodes/part_gp/datasets/JetClass/Pythia/train_100M/ZJetsToNuNu_040.root",
    "/home/alang/ppCodes/part_gp/datasets/JetClass/Pythia/train_100M/ZJetsToNuNu_041.root",
    "/home/alang/ppCodes/part_gp/datasets/JetClass/Pythia/train_100M/ZJetsToNuNu_042.root",
    "/home/alang/ppCodes/part_gp/datasets/JetClass/Pythia/train_100M/ZJetsToNuNu_043.root",
    "/home/alang/ppCodes/part_gp/datasets/JetClass/Pythia/train_100M/ZJetsToNuNu_044.root",
    "/home/alang/ppCodes/part_gp/datasets/JetClass/Pythia/train_100M/ZJetsToNuNu_045.root",
    "/home/alang/ppCodes/part_gp/datasets/JetClass/Pythia/train_100M/ZJetsToNuNu_046.root",
    "/home/alang/ppCodes/part_gp/datasets/JetClass/Pythia/train_100M/ZJetsToNuNu_047.root",
    "/home/alang/ppCodes/part_gp/datasets/JetClass/Pythia/train_100M/ZJetsToNuNu_048.root",
    "/home/alang/ppCodes/part_gp/datasets/JetClass/Pythia/train_100M/ZJetsToNuNu_049.root",
    "/home/alang/ppCodes/part_gp/datasets/JetClass/Pythia/train_100M/ZJetsToNuNu_050.root",
    "/home/alang/ppCodes/part_gp/datasets/JetClass/Pythia/train_100M/ZJetsToNuNu_051.root",
    "/home/alang/ppCodes/part_gp/datasets/JetClass/Pythia/train_100M/ZJetsToNuNu_052.root",
    "/home/alang/ppCodes/part_gp/datasets/JetClass/Pythia/train_100M/ZJetsToNuNu_053.root",
    "/home/alang/ppCodes/part_gp/datasets/JetClass/Pythia/train_100M/ZJetsToNuNu_054.root",
    "/home/alang/ppCodes/part_gp/datasets/JetClass/Pythia/train_100M/ZJetsToNuNu_055.root",
    "/home/alang/ppCodes/part_gp/datasets/JetClass/Pythia/train_100M/ZJetsToNuNu_056.root",
    "/home/alang/ppCodes/part_gp/datasets/JetClass/Pythia/train_100M/ZJetsToNuNu_057.root",
    "/home/alang/ppCodes/part_gp/datasets/JetClass/Pythia/train_100M/ZJetsToNuNu_058.root",
    "/home/alang/ppCodes/part_gp/datasets/JetClass/Pythia/train_100M/ZJetsToNuNu_059.root",
    "/home/alang/ppCodes/part_gp/datasets/JetClass/Pythia/train_100M/ZJetsToNuNu_060.root",
    "/home/alang/ppCodes/part_gp/datasets/JetClass/Pythia/train_100M/ZJetsToNuNu_061.root",
    "/home/alang/ppCodes/part_gp/datasets/JetClass/Pythia/train_100M/ZJetsToNuNu_062.root",
    "/home/alang/ppCodes/part_gp/datasets/JetClass/Pythia/train_100M/ZJetsToNuNu_063.root",
    "/home/alang/ppCodes/part_gp/datasets/JetClass/Pythia/train_100M/ZJetsToNuNu_064.root",
    "/home/alang/ppCodes/part_gp/datasets/JetClass/Pythia/train_100M/ZJetsToNuNu_065.root",
    "/home/alang/ppCodes/part_gp/datasets/JetClass/Pythia/train_100M/ZJetsToNuNu_066.root",
    "/home/alang/ppCodes/part_gp/datasets/JetClass/Pythia/train_100M/ZJetsToNuNu_067.root",
    "/home/alang/ppCodes/part_gp/datasets/JetClass/Pythia/train_100M/ZJetsToNuNu_068.root",
    "/home/alang/ppCodes/part_gp/datasets/JetClass/Pythia/train_100M/ZJetsToNuNu_069.root",
    "/home/alang/ppCodes/part_gp/datasets/JetClass/Pythia/train_100M/ZJetsToNuNu_070.root",
    "/home/alang/ppCodes/part_gp/datasets/JetClass/Pythia/train_100M/ZJetsToNuNu_071.root",
    "/home/alang/ppCodes/part_gp/datasets/JetClass/Pythia/train_100M/ZJetsToNuNu_072.root",
    "/home/alang/ppCodes/part_gp/datasets/JetClass/Pythia/train_100M/ZJetsToNuNu_073.root",
    "/home/alang/ppCodes/part_gp/datasets/JetClass/Pythia/train_100M/ZJetsToNuNu_074.root",
    "/home/alang/ppCodes/part_gp/datasets/JetClass/Pythia/train_100M/ZJetsToNuNu_075.root",
    "/home/alang/ppCodes/part_gp/datasets/JetClass/Pythia/train_100M/ZJetsToNuNu_076.root",
    "/home/alang/ppCodes/part_gp/datasets/JetClass/Pythia/train_100M/ZJetsToNuNu_077.root",
    "/home/alang/ppCodes/part_gp/datasets/JetClass/Pythia/train_100M/ZJetsToNuNu_078.root",
    "/home/alang/ppCodes/part_gp/datasets/JetClass/Pythia/train_100M/ZJetsToNuNu_079.root",
    "/home/alang/ppCodes/part_gp/datasets/JetClass/Pythia/train_100M/ZJetsToNuNu_080.root",
    "/home/alang/ppCodes/part_gp/datasets/JetClass/Pythia/train_100M/ZJetsToNuNu_081.root",
    "/home/alang/ppCodes/part_gp/datasets/JetClass/Pythia/train_100M/ZJetsToNuNu_082.root",
    "/home/alang/ppCodes/part_gp/datasets/JetClass/Pythia/train_100M/ZJetsToNuNu_083.root",
    "/home/alang/ppCodes/part_gp/datasets/JetClass/Pythia/train_100M/ZJetsToNuNu_084.root",
    "/home/alang/ppCodes/part_gp/datasets/JetClass/Pythia/train_100M/ZJetsToNuNu_085.root",
    "/home/alang/ppCodes/part_gp/datasets/JetClass/Pythia/train_100M/ZJetsToNuNu_086.root",
    "/home/alang/ppCodes/part_gp/datasets/JetClass/Pythia/train_100M/ZJetsToNuNu_087.root",
    "/home/alang/ppCodes/part_gp/datasets/JetClass/Pythia/train_100M/ZJetsToNuNu_088.root",
    "/home/alang/ppCodes/part_gp/datasets/JetClass/Pythia/train_100M/ZJetsToNuNu_089.root",
    "/home/alang/ppCodes/part_gp/datasets/JetClass/Pythia/train_100M/ZJetsToNuNu_090.root",
    "/home/alang/ppCodes/part_gp/datasets/JetClass/Pythia/train_100M/ZJetsToNuNu_091.root",
    "/home/alang/ppCodes/part_gp/datasets/JetClass/Pythia/train_100M/ZJetsToNuNu_092.root",
    "/home/alang/ppCodes/part_gp/datasets/JetClass/Pythia/train_100M/ZJetsToNuNu_093.root",
    "/home/alang/ppCodes/part_gp/datasets/JetClass/Pythia/train_100M/ZJetsToNuNu_094.root",
    "/home/alang/ppCodes/part_gp/datasets/JetClass/Pythia/train_100M/ZJetsToNuNu_095.root",
    "/home/alang/ppCodes/part_gp/datasets/JetClass/Pythia/train_100M/ZJetsToNuNu_096.root",
    "/home/alang/ppCodes/part_gp/datasets/JetClass/Pythia/train_100M/ZJetsToNuNu_097.root",
    "/home/alang/ppCodes/part_gp/datasets/JetClass/Pythia/train_100M/ZJetsToNuNu_098.root",
    "/home/alang/ppCodes/part_gp/datasets/JetClass/Pythia/train_100M/ZJetsToNuNu_099.root"
  ]
}
[2026-02-25 08:12:53,821] INFO: Commencing Model Testing
[2026-02-25 08:12:55,573] INFO: Elapsed time: 61.63 seconds
