[2026-03-06 23:47:01,652] INFO: Started!
[2026-03-06 23:47:01,652] INFO: args:
 - ('comp', 'SR')
 - ('data_train', ['HToGG:/home/alang/ppCodes/part_gp/datasets/JetClass/Pythia/train_100M/HToGG_*.root', 'ZJetsToNuNu:/home/alang/ppCodes/part_gp/datasets/JetClass/Pythia/train_100M/ZJetsToNuNu_*.root'])
 - ('data_val', ['HToGG:/home/alang/ppCodes/part_gp/datasets/JetClass/Pythia/val_5M/HToGG_*.root', 'ZJetsToNuNu:/home/alang/ppCodes/part_gp/datasets/JetClass/Pythia/val_5M/ZJetsToNuNu_*.root'])
 - ('data_test', ['HToGG:/home/alang/ppCodes/part_gp/datasets/JetClass/Pythia/test_20M/HToGG_*.root', 'ZJetsToNuNu:/home/alang/ppCodes/part_gp/datasets/JetClass/Pythia/test_20M/ZJetsToNuNu_*.root'])
 - ('data_config', '/home/alang/ppCodes/part_gp/data_config/JetClass/JetClass_HToGG.yaml')
 - ('data_fraction', 0.01)
 - ('file_fraction', 1.0)
 - ('batch_size', 64)
 - ('num_epochs', 5)
 - ('num_workers', 0)
 - ('optimizer', 'ranger')
 - ('optimizer_option', [])
 - ('start_lr', 0.001)
 - ('final_lr', 0.001)
 - ('lr_scheduler', 'flat+decay')
 - ('model_network', '/home/alang/ppCodes/part_gp/wrappers/ParticleNet.py')
 - ('model_path', '/home/alang/ppCodes/part_gp/outputs/models/HToGG/ParticleNet/ParticleNet_M12-PARTICLENETKD_KD_PELICAN_5_epoch-4_state.pt')
 - ('model_prefix', None)
 - ('log', '/home/alang/ppCodes/part_gp/outputs/logs/HToGG/Surrogate_M13-SRPARTICLENET_SR_20260306_082057.log')
 - ('metrics_prefix', None)
 - ('figures_prefix', None)
 - ('teacher_network', None)
 - ('teacher_path', None)
 - ('teacher_prefix', None)
 - ('kd_temp', 1)
 - ('kd_anneal', False)
 - ('kd_weight', 1)
 - ('dr_method', 'encoder')
 - ('dr_network', '/home/alang/ppCodes/part_gp/wrappers/vae.py')
 - ('dr_path', '/home/alang/ppCodes/part_gp/outputs/models/HToGG/BVAE/BVAE_M6-BVAE_DR_epoch-4_state.pt')
 - ('alpha', 1.0)
 - ('beta', 4.0)
 - ('gamma', 1.0)
 - ('kl_anneal', False)
 - ('svae_weight', 1.0)
 - ('bit_size', None)
 - ('sr_prefix', '/home/alang/ppCodes/part_gp/outputs/sr_runs/HToGG/Surrogate/Surrogate_M13-SRPARTICLENET_ParticleNet_BVAE_SR')
 - ('max_size', 40)
 - ('n_iterations', 4560)
 - ('n_populations', 48)
 - ('population_size', 27)
 - ('iteration_cycles', 1520)
 - ('weight_optimize', 0.001)
 - ('parsimony', 0.01)
 - ('sr_loss', 'HuberLoss(1.35)')
 - ('binary_operators', ['+', '-', '*', '/', '^'])
 - ('unary_operators', ['sqrt', 'tanh', 'sin'])
 - ('constraints', {'^': (-1, 1)})
 - ('nested_constraints', {'*': {'tanh': 2}, 'tanh': {'tanh': 0, '^': 1, 'sin': 1}, 'sin': {'sin': 0}})
 - ('sr_annealing', True)
 - ('sr_batching', True)
[2026-03-06 23:47:01,656] INFO: Using 200 files for training, range: (0, 1)
[2026-03-06 23:47:01,656] INFO: Using 10 files for validation, range: (0, 1)
[2026-03-06 23:47:01,661] INFO: [0;37mpreprocess config: {'method': 'manual', 'data_fraction': 0.5, 'params': None}[0m
[2026-03-06 23:47:01,662] INFO: [0;37mselection: None[0m
[2026-03-06 23:47:01,662] INFO: [0;37mtest_time_selection: None[0m
[2026-03-06 23:47:01,662] INFO: [0;37mvar_funcs:
 - ('part_mask', 'ak.ones_like(part_energy)')
 - ('part_pt', 'np.hypot(part_px, part_py)')
 - ('part_pt_log', 'np.log(part_pt)')
 - ('part_e_log', 'np.log(part_energy)')
 - ('part_logptrel', 'np.log(part_pt/jet_pt)')
 - ('part_logerel', 'np.log(part_energy/jet_energy)')
 - ('part_deltaR', 'np.hypot(part_deta, part_dphi)')
 - ('_label_', 'np.argmax(np.stack([ak.to_numpy(label_QCD),ak.to_numpy(label_Hgg)], axis=1), axis=1)')
 - ('_labelcheck_', 'np.sum(np.stack([ak.to_numpy(label_QCD),ak.to_numpy(label_Hgg)], axis=1), axis=1)')[0m
[2026-03-06 23:47:01,662] INFO: [0;37minput_names: ('pf_points', 'pf_features', 'pf_vectors', 'pf_mask')[0m
[2026-03-06 23:47:01,662] INFO: [0;37minput_dicts:
 - ('pf_points', ['part_deta', 'part_dphi'])
 - ('pf_features', ['part_pt_log', 'part_e_log', 'part_logptrel', 'part_logerel', 'part_deltaR', 'part_deta', 'part_dphi'])
 - ('pf_vectors', ['part_px', 'part_py', 'part_pz', 'part_energy'])
 - ('pf_mask', ['part_mask'])[0m
[2026-03-06 23:47:01,662] INFO: [0;37minput_shapes:
 - ('pf_points', (-1, 2, 32))
 - ('pf_features', (-1, 7, 32))
 - ('pf_vectors', (-1, 4, 32))
 - ('pf_mask', (-1, 1, 32))[0m
[2026-03-06 23:47:01,662] INFO: [0;37mpreprocess_params:
 - ('part_deta', {'length': 32, 'pad_mode': 'wrap', 'center': None, 'scale': 1, 'min': -5, 'max': 5, 'pad_value': 0})
 - ('part_dphi', {'length': 32, 'pad_mode': 'wrap', 'center': None, 'scale': 1, 'min': -5, 'max': 5, 'pad_value': 0})
 - ('part_pt_log', {'length': 32, 'pad_mode': 'wrap', 'center': 1.7, 'scale': 0.7, 'min': -5, 'max': 5, 'pad_value': 0})
 - ('part_e_log', {'length': 32, 'pad_mode': 'wrap', 'center': 2.0, 'scale': 0.7, 'min': -5, 'max': 5, 'pad_value': 0})
 - ('part_logptrel', {'length': 32, 'pad_mode': 'wrap', 'center': -4.7, 'scale': 0.7, 'min': -5, 'max': 5, 'pad_value': 0})
 - ('part_logerel', {'length': 32, 'pad_mode': 'wrap', 'center': -4.7, 'scale': 0.7, 'min': -5, 'max': 5, 'pad_value': 0})
 - ('part_deltaR', {'length': 32, 'pad_mode': 'wrap', 'center': 0.2, 'scale': 4.0, 'min': -5, 'max': 5, 'pad_value': 0})
 - ('part_px', {'length': 32, 'pad_mode': 'wrap', 'center': None, 'scale': 1, 'min': -5, 'max': 5, 'pad_value': 0})
 - ('part_py', {'length': 32, 'pad_mode': 'wrap', 'center': None, 'scale': 1, 'min': -5, 'max': 5, 'pad_value': 0})
 - ('part_pz', {'length': 32, 'pad_mode': 'wrap', 'center': None, 'scale': 1, 'min': -5, 'max': 5, 'pad_value': 0})
 - ('part_energy', {'length': 32, 'pad_mode': 'wrap', 'center': None, 'scale': 1, 'min': -5, 'max': 5, 'pad_value': 0})
 - ('part_mask', {'length': 32, 'pad_mode': 'constant', 'center': None, 'scale': 1, 'min': -5, 'max': 5, 'pad_value': 0})[0m
[2026-03-06 23:47:01,662] INFO: [0;37mlabel_names: ('_label_',)[0m
[2026-03-06 23:47:01,662] INFO: [0;37mobserver_names: ('jet_pt', 'jet_eta', 'jet_phi', 'jet_energy', 'jet_nparticles', 'jet_sdmass', 'jet_tau1', 'jet_tau2', 'jet_tau3', 'jet_tau4')[0m
[2026-03-06 23:47:01,662] INFO: [0;37mmonitor_variables: ()[0m
[2026-03-06 23:47:01,667] INFO: [0;37mpreprocess config: {'method': 'manual', 'data_fraction': 0.5, 'params': None}[0m
[2026-03-06 23:47:01,667] INFO: [0;37mselection: None[0m
[2026-03-06 23:47:01,667] INFO: [0;37mtest_time_selection: None[0m
[2026-03-06 23:47:01,667] INFO: [0;37mvar_funcs:
 - ('part_mask', 'ak.ones_like(part_energy)')
 - ('part_pt', 'np.hypot(part_px, part_py)')
 - ('part_pt_log', 'np.log(part_pt)')
 - ('part_e_log', 'np.log(part_energy)')
 - ('part_logptrel', 'np.log(part_pt/jet_pt)')
 - ('part_logerel', 'np.log(part_energy/jet_energy)')
 - ('part_deltaR', 'np.hypot(part_deta, part_dphi)')
 - ('_label_', 'np.argmax(np.stack([ak.to_numpy(label_QCD),ak.to_numpy(label_Hgg)], axis=1), axis=1)')
 - ('_labelcheck_', 'np.sum(np.stack([ak.to_numpy(label_QCD),ak.to_numpy(label_Hgg)], axis=1), axis=1)')[0m
[2026-03-06 23:47:01,667] INFO: [0;37minput_names: ('pf_points', 'pf_features', 'pf_vectors', 'pf_mask')[0m
[2026-03-06 23:47:01,667] INFO: [0;37minput_dicts:
 - ('pf_points', ['part_deta', 'part_dphi'])
 - ('pf_features', ['part_pt_log', 'part_e_log', 'part_logptrel', 'part_logerel', 'part_deltaR', 'part_deta', 'part_dphi'])
 - ('pf_vectors', ['part_px', 'part_py', 'part_pz', 'part_energy'])
 - ('pf_mask', ['part_mask'])[0m
[2026-03-06 23:47:01,668] INFO: [0;37minput_shapes:
 - ('pf_points', (-1, 2, 32))
 - ('pf_features', (-1, 7, 32))
 - ('pf_vectors', (-1, 4, 32))
 - ('pf_mask', (-1, 1, 32))[0m
[2026-03-06 23:47:01,668] INFO: [0;37mpreprocess_params:
 - ('part_deta', {'length': 32, 'pad_mode': 'wrap', 'center': None, 'scale': 1, 'min': -5, 'max': 5, 'pad_value': 0})
 - ('part_dphi', {'length': 32, 'pad_mode': 'wrap', 'center': None, 'scale': 1, 'min': -5, 'max': 5, 'pad_value': 0})
 - ('part_pt_log', {'length': 32, 'pad_mode': 'wrap', 'center': 1.7, 'scale': 0.7, 'min': -5, 'max': 5, 'pad_value': 0})
 - ('part_e_log', {'length': 32, 'pad_mode': 'wrap', 'center': 2.0, 'scale': 0.7, 'min': -5, 'max': 5, 'pad_value': 0})
 - ('part_logptrel', {'length': 32, 'pad_mode': 'wrap', 'center': -4.7, 'scale': 0.7, 'min': -5, 'max': 5, 'pad_value': 0})
 - ('part_logerel', {'length': 32, 'pad_mode': 'wrap', 'center': -4.7, 'scale': 0.7, 'min': -5, 'max': 5, 'pad_value': 0})
 - ('part_deltaR', {'length': 32, 'pad_mode': 'wrap', 'center': 0.2, 'scale': 4.0, 'min': -5, 'max': 5, 'pad_value': 0})
 - ('part_px', {'length': 32, 'pad_mode': 'wrap', 'center': None, 'scale': 1, 'min': -5, 'max': 5, 'pad_value': 0})
 - ('part_py', {'length': 32, 'pad_mode': 'wrap', 'center': None, 'scale': 1, 'min': -5, 'max': 5, 'pad_value': 0})
 - ('part_pz', {'length': 32, 'pad_mode': 'wrap', 'center': None, 'scale': 1, 'min': -5, 'max': 5, 'pad_value': 0})
 - ('part_energy', {'length': 32, 'pad_mode': 'wrap', 'center': None, 'scale': 1, 'min': -5, 'max': 5, 'pad_value': 0})
 - ('part_mask', {'length': 32, 'pad_mode': 'constant', 'center': None, 'scale': 1, 'min': -5, 'max': 5, 'pad_value': 0})[0m
[2026-03-06 23:47:01,668] INFO: [0;37mlabel_names: ('_label_',)[0m
[2026-03-06 23:47:01,668] INFO: [0;37mobserver_names: ()[0m
[2026-03-06 23:47:01,668] INFO: [0;37mmonitor_variables: ()[0m
[2026-03-06 23:47:01,673] INFO: [0;37mpreprocess config: {'method': 'manual', 'data_fraction': 0.5, 'params': None}[0m
[2026-03-06 23:47:01,673] INFO: [0;37mselection: None[0m
[2026-03-06 23:47:01,673] INFO: [0;37mtest_time_selection: None[0m
[2026-03-06 23:47:01,673] INFO: [0;37mvar_funcs:
 - ('part_mask', 'ak.ones_like(part_energy)')
 - ('part_pt', 'np.hypot(part_px, part_py)')
 - ('part_pt_log', 'np.log(part_pt)')
 - ('part_e_log', 'np.log(part_energy)')
 - ('part_logptrel', 'np.log(part_pt/jet_pt)')
 - ('part_logerel', 'np.log(part_energy/jet_energy)')
 - ('part_deltaR', 'np.hypot(part_deta, part_dphi)')
 - ('_label_', 'np.argmax(np.stack([ak.to_numpy(label_QCD),ak.to_numpy(label_Hgg)], axis=1), axis=1)')
 - ('_labelcheck_', 'np.sum(np.stack([ak.to_numpy(label_QCD),ak.to_numpy(label_Hgg)], axis=1), axis=1)')[0m
[2026-03-06 23:47:01,673] INFO: [0;37minput_names: ('pf_points', 'pf_features', 'pf_vectors', 'pf_mask')[0m
[2026-03-06 23:47:01,673] INFO: [0;37minput_dicts:
 - ('pf_points', ['part_deta', 'part_dphi'])
 - ('pf_features', ['part_pt_log', 'part_e_log', 'part_logptrel', 'part_logerel', 'part_deltaR', 'part_deta', 'part_dphi'])
 - ('pf_vectors', ['part_px', 'part_py', 'part_pz', 'part_energy'])
 - ('pf_mask', ['part_mask'])[0m
[2026-03-06 23:47:01,673] INFO: [0;37minput_shapes:
 - ('pf_points', (-1, 2, 32))
 - ('pf_features', (-1, 7, 32))
 - ('pf_vectors', (-1, 4, 32))
 - ('pf_mask', (-1, 1, 32))[0m
[2026-03-06 23:47:01,673] INFO: [0;37mpreprocess_params:
 - ('part_deta', {'length': 32, 'pad_mode': 'wrap', 'center': None, 'scale': 1, 'min': -5, 'max': 5, 'pad_value': 0})
 - ('part_dphi', {'length': 32, 'pad_mode': 'wrap', 'center': None, 'scale': 1, 'min': -5, 'max': 5, 'pad_value': 0})
 - ('part_pt_log', {'length': 32, 'pad_mode': 'wrap', 'center': 1.7, 'scale': 0.7, 'min': -5, 'max': 5, 'pad_value': 0})
 - ('part_e_log', {'length': 32, 'pad_mode': 'wrap', 'center': 2.0, 'scale': 0.7, 'min': -5, 'max': 5, 'pad_value': 0})
 - ('part_logptrel', {'length': 32, 'pad_mode': 'wrap', 'center': -4.7, 'scale': 0.7, 'min': -5, 'max': 5, 'pad_value': 0})
 - ('part_logerel', {'length': 32, 'pad_mode': 'wrap', 'center': -4.7, 'scale': 0.7, 'min': -5, 'max': 5, 'pad_value': 0})
 - ('part_deltaR', {'length': 32, 'pad_mode': 'wrap', 'center': 0.2, 'scale': 4.0, 'min': -5, 'max': 5, 'pad_value': 0})
 - ('part_px', {'length': 32, 'pad_mode': 'wrap', 'center': None, 'scale': 1, 'min': -5, 'max': 5, 'pad_value': 0})
 - ('part_py', {'length': 32, 'pad_mode': 'wrap', 'center': None, 'scale': 1, 'min': -5, 'max': 5, 'pad_value': 0})
 - ('part_pz', {'length': 32, 'pad_mode': 'wrap', 'center': None, 'scale': 1, 'min': -5, 'max': 5, 'pad_value': 0})
 - ('part_energy', {'length': 32, 'pad_mode': 'wrap', 'center': None, 'scale': 1, 'min': -5, 'max': 5, 'pad_value': 0})
 - ('part_mask', {'length': 32, 'pad_mode': 'constant', 'center': None, 'scale': 1, 'min': -5, 'max': 5, 'pad_value': 0})[0m
[2026-03-06 23:47:01,673] INFO: [0;37mlabel_names: ('_label_',)[0m
[2026-03-06 23:47:01,673] INFO: [0;37mobserver_names: ('jet_pt', 'jet_eta', 'jet_phi', 'jet_energy', 'jet_nparticles', 'jet_sdmass', 'jet_tau1', 'jet_tau2', 'jet_tau3', 'jet_tau4')[0m
[2026-03-06 23:47:01,674] INFO: [0;37mmonitor_variables: ()[0m
[2026-03-06 23:47:01,681] INFO: [0;37mpreprocess config: {'method': 'manual', 'data_fraction': 0.5, 'params': None}[0m
[2026-03-06 23:47:01,681] INFO: [0;37mselection: None[0m
[2026-03-06 23:47:01,681] INFO: [0;37mtest_time_selection: None[0m
[2026-03-06 23:47:01,681] INFO: [0;37mvar_funcs:
 - ('part_mask', 'ak.ones_like(part_energy)')
 - ('part_pt', 'np.hypot(part_px, part_py)')
 - ('part_pt_log', 'np.log(part_pt)')
 - ('part_e_log', 'np.log(part_energy)')
 - ('part_logptrel', 'np.log(part_pt/jet_pt)')
 - ('part_logerel', 'np.log(part_energy/jet_energy)')
 - ('part_deltaR', 'np.hypot(part_deta, part_dphi)')
 - ('_label_', 'np.argmax(np.stack([ak.to_numpy(label_QCD),ak.to_numpy(label_Hgg)], axis=1), axis=1)')
 - ('_labelcheck_', 'np.sum(np.stack([ak.to_numpy(label_QCD),ak.to_numpy(label_Hgg)], axis=1), axis=1)')[0m
[2026-03-06 23:47:01,681] INFO: [0;37minput_names: ('pf_points', 'pf_features', 'pf_vectors', 'pf_mask')[0m
[2026-03-06 23:47:01,681] INFO: [0;37minput_dicts:
 - ('pf_points', ['part_deta', 'part_dphi'])
 - ('pf_features', ['part_pt_log', 'part_e_log', 'part_logptrel', 'part_logerel', 'part_deltaR', 'part_deta', 'part_dphi'])
 - ('pf_vectors', ['part_px', 'part_py', 'part_pz', 'part_energy'])
 - ('pf_mask', ['part_mask'])[0m
[2026-03-06 23:47:01,682] INFO: [0;37minput_shapes:
 - ('pf_points', (-1, 2, 32))
 - ('pf_features', (-1, 7, 32))
 - ('pf_vectors', (-1, 4, 32))
 - ('pf_mask', (-1, 1, 32))[0m
[2026-03-06 23:47:01,682] INFO: [0;37mpreprocess_params:
 - ('part_deta', {'length': 32, 'pad_mode': 'wrap', 'center': None, 'scale': 1, 'min': -5, 'max': 5, 'pad_value': 0})
 - ('part_dphi', {'length': 32, 'pad_mode': 'wrap', 'center': None, 'scale': 1, 'min': -5, 'max': 5, 'pad_value': 0})
 - ('part_pt_log', {'length': 32, 'pad_mode': 'wrap', 'center': 1.7, 'scale': 0.7, 'min': -5, 'max': 5, 'pad_value': 0})
 - ('part_e_log', {'length': 32, 'pad_mode': 'wrap', 'center': 2.0, 'scale': 0.7, 'min': -5, 'max': 5, 'pad_value': 0})
 - ('part_logptrel', {'length': 32, 'pad_mode': 'wrap', 'center': -4.7, 'scale': 0.7, 'min': -5, 'max': 5, 'pad_value': 0})
 - ('part_logerel', {'length': 32, 'pad_mode': 'wrap', 'center': -4.7, 'scale': 0.7, 'min': -5, 'max': 5, 'pad_value': 0})
 - ('part_deltaR', {'length': 32, 'pad_mode': 'wrap', 'center': 0.2, 'scale': 4.0, 'min': -5, 'max': 5, 'pad_value': 0})
 - ('part_px', {'length': 32, 'pad_mode': 'wrap', 'center': None, 'scale': 1, 'min': -5, 'max': 5, 'pad_value': 0})
 - ('part_py', {'length': 32, 'pad_mode': 'wrap', 'center': None, 'scale': 1, 'min': -5, 'max': 5, 'pad_value': 0})
 - ('part_pz', {'length': 32, 'pad_mode': 'wrap', 'center': None, 'scale': 1, 'min': -5, 'max': 5, 'pad_value': 0})
 - ('part_energy', {'length': 32, 'pad_mode': 'wrap', 'center': None, 'scale': 1, 'min': -5, 'max': 5, 'pad_value': 0})
 - ('part_mask', {'length': 32, 'pad_mode': 'constant', 'center': None, 'scale': 1, 'min': -5, 'max': 5, 'pad_value': 0})[0m
[2026-03-06 23:47:01,682] INFO: [0;37mlabel_names: ('_label_',)[0m
[2026-03-06 23:47:01,682] INFO: [0;37mobserver_names: ()[0m
[2026-03-06 23:47:01,682] INFO: [0;37mmonitor_variables: ()[0m
[2026-03-06 23:47:01,688] INFO: [0;37mpreprocess config: {'method': 'manual', 'data_fraction': 0.5, 'params': None}[0m
[2026-03-06 23:47:01,689] INFO: [0;37mselection: None[0m
[2026-03-06 23:47:01,689] INFO: [0;37mtest_time_selection: None[0m
[2026-03-06 23:47:01,689] INFO: [0;37mvar_funcs:
 - ('part_mask', 'ak.ones_like(part_energy)')
 - ('part_pt', 'np.hypot(part_px, part_py)')
 - ('part_pt_log', 'np.log(part_pt)')
 - ('part_e_log', 'np.log(part_energy)')
 - ('part_logptrel', 'np.log(part_pt/jet_pt)')
 - ('part_logerel', 'np.log(part_energy/jet_energy)')
 - ('part_deltaR', 'np.hypot(part_deta, part_dphi)')
 - ('_label_', 'np.argmax(np.stack([ak.to_numpy(label_QCD),ak.to_numpy(label_Hgg)], axis=1), axis=1)')
 - ('_labelcheck_', 'np.sum(np.stack([ak.to_numpy(label_QCD),ak.to_numpy(label_Hgg)], axis=1), axis=1)')[0m
[2026-03-06 23:47:01,689] INFO: [0;37minput_names: ('pf_points', 'pf_features', 'pf_vectors', 'pf_mask')[0m
[2026-03-06 23:47:01,689] INFO: [0;37minput_dicts:
 - ('pf_points', ['part_deta', 'part_dphi'])
 - ('pf_features', ['part_pt_log', 'part_e_log', 'part_logptrel', 'part_logerel', 'part_deltaR', 'part_deta', 'part_dphi'])
 - ('pf_vectors', ['part_px', 'part_py', 'part_pz', 'part_energy'])
 - ('pf_mask', ['part_mask'])[0m
[2026-03-06 23:47:01,689] INFO: [0;37minput_shapes:
 - ('pf_points', (-1, 2, 32))
 - ('pf_features', (-1, 7, 32))
 - ('pf_vectors', (-1, 4, 32))
 - ('pf_mask', (-1, 1, 32))[0m
[2026-03-06 23:47:01,689] INFO: [0;37mpreprocess_params:
 - ('part_deta', {'length': 32, 'pad_mode': 'wrap', 'center': None, 'scale': 1, 'min': -5, 'max': 5, 'pad_value': 0})
 - ('part_dphi', {'length': 32, 'pad_mode': 'wrap', 'center': None, 'scale': 1, 'min': -5, 'max': 5, 'pad_value': 0})
 - ('part_pt_log', {'length': 32, 'pad_mode': 'wrap', 'center': 1.7, 'scale': 0.7, 'min': -5, 'max': 5, 'pad_value': 0})
 - ('part_e_log', {'length': 32, 'pad_mode': 'wrap', 'center': 2.0, 'scale': 0.7, 'min': -5, 'max': 5, 'pad_value': 0})
 - ('part_logptrel', {'length': 32, 'pad_mode': 'wrap', 'center': -4.7, 'scale': 0.7, 'min': -5, 'max': 5, 'pad_value': 0})
 - ('part_logerel', {'length': 32, 'pad_mode': 'wrap', 'center': -4.7, 'scale': 0.7, 'min': -5, 'max': 5, 'pad_value': 0})
 - ('part_deltaR', {'length': 32, 'pad_mode': 'wrap', 'center': 0.2, 'scale': 4.0, 'min': -5, 'max': 5, 'pad_value': 0})
 - ('part_px', {'length': 32, 'pad_mode': 'wrap', 'center': None, 'scale': 1, 'min': -5, 'max': 5, 'pad_value': 0})
 - ('part_py', {'length': 32, 'pad_mode': 'wrap', 'center': None, 'scale': 1, 'min': -5, 'max': 5, 'pad_value': 0})
 - ('part_pz', {'length': 32, 'pad_mode': 'wrap', 'center': None, 'scale': 1, 'min': -5, 'max': 5, 'pad_value': 0})
 - ('part_energy', {'length': 32, 'pad_mode': 'wrap', 'center': None, 'scale': 1, 'min': -5, 'max': 5, 'pad_value': 0})
 - ('part_mask', {'length': 32, 'pad_mode': 'constant', 'center': None, 'scale': 1, 'min': -5, 'max': 5, 'pad_value': 0})[0m
[2026-03-06 23:47:01,689] INFO: [0;37mlabel_names: ('_label_',)[0m
[2026-03-06 23:47:01,690] INFO: [0;37mobserver_names: ('jet_pt', 'jet_eta', 'jet_phi', 'jet_energy', 'jet_nparticles', 'jet_sdmass', 'jet_tau1', 'jet_tau2', 'jet_tau3', 'jet_tau4')[0m
[2026-03-06 23:47:01,690] INFO: [0;37mmonitor_variables: ()[0m
[2026-03-06 23:47:01,696] INFO: [0;37mpreprocess config: {'method': 'manual', 'data_fraction': 0.5, 'params': None}[0m
[2026-03-06 23:47:01,696] INFO: [0;37mselection: None[0m
[2026-03-06 23:47:01,696] INFO: [0;37mtest_time_selection: None[0m
[2026-03-06 23:47:01,696] INFO: [0;37mvar_funcs:
 - ('part_mask', 'ak.ones_like(part_energy)')
 - ('part_pt', 'np.hypot(part_px, part_py)')
 - ('part_pt_log', 'np.log(part_pt)')
 - ('part_e_log', 'np.log(part_energy)')
 - ('part_logptrel', 'np.log(part_pt/jet_pt)')
 - ('part_logerel', 'np.log(part_energy/jet_energy)')
 - ('part_deltaR', 'np.hypot(part_deta, part_dphi)')
 - ('_label_', 'np.argmax(np.stack([ak.to_numpy(label_QCD),ak.to_numpy(label_Hgg)], axis=1), axis=1)')
 - ('_labelcheck_', 'np.sum(np.stack([ak.to_numpy(label_QCD),ak.to_numpy(label_Hgg)], axis=1), axis=1)')[0m
[2026-03-06 23:47:01,696] INFO: [0;37minput_names: ('pf_points', 'pf_features', 'pf_vectors', 'pf_mask')[0m
[2026-03-06 23:47:01,696] INFO: [0;37minput_dicts:
 - ('pf_points', ['part_deta', 'part_dphi'])
 - ('pf_features', ['part_pt_log', 'part_e_log', 'part_logptrel', 'part_logerel', 'part_deltaR', 'part_deta', 'part_dphi'])
 - ('pf_vectors', ['part_px', 'part_py', 'part_pz', 'part_energy'])
 - ('pf_mask', ['part_mask'])[0m
[2026-03-06 23:47:01,696] INFO: [0;37minput_shapes:
 - ('pf_points', (-1, 2, 32))
 - ('pf_features', (-1, 7, 32))
 - ('pf_vectors', (-1, 4, 32))
 - ('pf_mask', (-1, 1, 32))[0m
[2026-03-06 23:47:01,696] INFO: [0;37mpreprocess_params:
 - ('part_deta', {'length': 32, 'pad_mode': 'wrap', 'center': None, 'scale': 1, 'min': -5, 'max': 5, 'pad_value': 0})
 - ('part_dphi', {'length': 32, 'pad_mode': 'wrap', 'center': None, 'scale': 1, 'min': -5, 'max': 5, 'pad_value': 0})
 - ('part_pt_log', {'length': 32, 'pad_mode': 'wrap', 'center': 1.7, 'scale': 0.7, 'min': -5, 'max': 5, 'pad_value': 0})
 - ('part_e_log', {'length': 32, 'pad_mode': 'wrap', 'center': 2.0, 'scale': 0.7, 'min': -5, 'max': 5, 'pad_value': 0})
 - ('part_logptrel', {'length': 32, 'pad_mode': 'wrap', 'center': -4.7, 'scale': 0.7, 'min': -5, 'max': 5, 'pad_value': 0})
 - ('part_logerel', {'length': 32, 'pad_mode': 'wrap', 'center': -4.7, 'scale': 0.7, 'min': -5, 'max': 5, 'pad_value': 0})
 - ('part_deltaR', {'length': 32, 'pad_mode': 'wrap', 'center': 0.2, 'scale': 4.0, 'min': -5, 'max': 5, 'pad_value': 0})
 - ('part_px', {'length': 32, 'pad_mode': 'wrap', 'center': None, 'scale': 1, 'min': -5, 'max': 5, 'pad_value': 0})
 - ('part_py', {'length': 32, 'pad_mode': 'wrap', 'center': None, 'scale': 1, 'min': -5, 'max': 5, 'pad_value': 0})
 - ('part_pz', {'length': 32, 'pad_mode': 'wrap', 'center': None, 'scale': 1, 'min': -5, 'max': 5, 'pad_value': 0})
 - ('part_energy', {'length': 32, 'pad_mode': 'wrap', 'center': None, 'scale': 1, 'min': -5, 'max': 5, 'pad_value': 0})
 - ('part_mask', {'length': 32, 'pad_mode': 'constant', 'center': None, 'scale': 1, 'min': -5, 'max': 5, 'pad_value': 0})[0m
[2026-03-06 23:47:01,696] INFO: [0;37mlabel_names: ('_label_',)[0m
[2026-03-06 23:47:01,696] INFO: [0;37mobserver_names: ('jet_pt', 'jet_eta', 'jet_phi', 'jet_energy', 'jet_nparticles', 'jet_sdmass', 'jet_tau1', 'jet_tau2', 'jet_tau3', 'jet_tau4')[0m
[2026-03-06 23:47:01,697] INFO: [0;37mmonitor_variables: ()[0m
[2026-03-06 23:47:01,697] INFO: Performing Symbolic Regression
[2026-03-06 23:47:01,702] INFO: [0;37mpreprocess config: {'method': 'manual', 'data_fraction': 0.5, 'params': None}[0m
[2026-03-06 23:47:01,702] INFO: [0;37mselection: None[0m
[2026-03-06 23:47:01,702] INFO: [0;37mtest_time_selection: None[0m
[2026-03-06 23:47:01,702] INFO: [0;37mvar_funcs:
 - ('part_mask', 'ak.ones_like(part_energy)')
 - ('part_pt', 'np.hypot(part_px, part_py)')
 - ('part_pt_log', 'np.log(part_pt)')
 - ('part_e_log', 'np.log(part_energy)')
 - ('part_logptrel', 'np.log(part_pt/jet_pt)')
 - ('part_logerel', 'np.log(part_energy/jet_energy)')
 - ('part_deltaR', 'np.hypot(part_deta, part_dphi)')
 - ('_label_', 'np.argmax(np.stack([ak.to_numpy(label_QCD),ak.to_numpy(label_Hgg)], axis=1), axis=1)')
 - ('_labelcheck_', 'np.sum(np.stack([ak.to_numpy(label_QCD),ak.to_numpy(label_Hgg)], axis=1), axis=1)')[0m
[2026-03-06 23:47:01,702] INFO: [0;37minput_names: ('pf_points', 'pf_features', 'pf_vectors', 'pf_mask')[0m
[2026-03-06 23:47:01,702] INFO: [0;37minput_dicts:
 - ('pf_points', ['part_deta', 'part_dphi'])
 - ('pf_features', ['part_pt_log', 'part_e_log', 'part_logptrel', 'part_logerel', 'part_deltaR', 'part_deta', 'part_dphi'])
 - ('pf_vectors', ['part_px', 'part_py', 'part_pz', 'part_energy'])
 - ('pf_mask', ['part_mask'])[0m
[2026-03-06 23:47:01,702] INFO: [0;37minput_shapes:
 - ('pf_points', (-1, 2, 32))
 - ('pf_features', (-1, 7, 32))
 - ('pf_vectors', (-1, 4, 32))
 - ('pf_mask', (-1, 1, 32))[0m
[2026-03-06 23:47:01,703] INFO: [0;37mpreprocess_params:
 - ('part_deta', {'length': 32, 'pad_mode': 'wrap', 'center': None, 'scale': 1, 'min': -5, 'max': 5, 'pad_value': 0})
 - ('part_dphi', {'length': 32, 'pad_mode': 'wrap', 'center': None, 'scale': 1, 'min': -5, 'max': 5, 'pad_value': 0})
 - ('part_pt_log', {'length': 32, 'pad_mode': 'wrap', 'center': 1.7, 'scale': 0.7, 'min': -5, 'max': 5, 'pad_value': 0})
 - ('part_e_log', {'length': 32, 'pad_mode': 'wrap', 'center': 2.0, 'scale': 0.7, 'min': -5, 'max': 5, 'pad_value': 0})
 - ('part_logptrel', {'length': 32, 'pad_mode': 'wrap', 'center': -4.7, 'scale': 0.7, 'min': -5, 'max': 5, 'pad_value': 0})
 - ('part_logerel', {'length': 32, 'pad_mode': 'wrap', 'center': -4.7, 'scale': 0.7, 'min': -5, 'max': 5, 'pad_value': 0})
 - ('part_deltaR', {'length': 32, 'pad_mode': 'wrap', 'center': 0.2, 'scale': 4.0, 'min': -5, 'max': 5, 'pad_value': 0})
 - ('part_px', {'length': 32, 'pad_mode': 'wrap', 'center': None, 'scale': 1, 'min': -5, 'max': 5, 'pad_value': 0})
 - ('part_py', {'length': 32, 'pad_mode': 'wrap', 'center': None, 'scale': 1, 'min': -5, 'max': 5, 'pad_value': 0})
 - ('part_pz', {'length': 32, 'pad_mode': 'wrap', 'center': None, 'scale': 1, 'min': -5, 'max': 5, 'pad_value': 0})
 - ('part_energy', {'length': 32, 'pad_mode': 'wrap', 'center': None, 'scale': 1, 'min': -5, 'max': 5, 'pad_value': 0})
 - ('part_mask', {'length': 32, 'pad_mode': 'constant', 'center': None, 'scale': 1, 'min': -5, 'max': 5, 'pad_value': 0})[0m
[2026-03-06 23:47:01,703] INFO: [0;37mlabel_names: ('_label_',)[0m
[2026-03-06 23:47:01,703] INFO: [0;37mobserver_names: ('jet_pt', 'jet_eta', 'jet_phi', 'jet_energy', 'jet_nparticles', 'jet_sdmass', 'jet_tau1', 'jet_tau2', 'jet_tau3', 'jet_tau4')[0m
[2026-03-06 23:47:01,703] INFO: [0;37mmonitor_variables: ()[0m
[2026-03-06 23:47:01,709] INFO: [0;37mpreprocess config: {'method': 'manual', 'data_fraction': 0.5, 'params': None}[0m
[2026-03-06 23:47:01,709] INFO: [0;37mselection: None[0m
[2026-03-06 23:47:01,709] INFO: [0;37mtest_time_selection: None[0m
[2026-03-06 23:47:01,709] INFO: [0;37mvar_funcs:
 - ('part_mask', 'ak.ones_like(part_energy)')
 - ('part_pt', 'np.hypot(part_px, part_py)')
 - ('part_pt_log', 'np.log(part_pt)')
 - ('part_e_log', 'np.log(part_energy)')
 - ('part_logptrel', 'np.log(part_pt/jet_pt)')
 - ('part_logerel', 'np.log(part_energy/jet_energy)')
 - ('part_deltaR', 'np.hypot(part_deta, part_dphi)')
 - ('_label_', 'np.argmax(np.stack([ak.to_numpy(label_QCD),ak.to_numpy(label_Hgg)], axis=1), axis=1)')
 - ('_labelcheck_', 'np.sum(np.stack([ak.to_numpy(label_QCD),ak.to_numpy(label_Hgg)], axis=1), axis=1)')[0m
[2026-03-06 23:47:01,709] INFO: [0;37minput_names: ('pf_points', 'pf_features', 'pf_vectors', 'pf_mask')[0m
[2026-03-06 23:47:01,709] INFO: [0;37minput_dicts:
 - ('pf_points', ['part_deta', 'part_dphi'])
 - ('pf_features', ['part_pt_log', 'part_e_log', 'part_logptrel', 'part_logerel', 'part_deltaR', 'part_deta', 'part_dphi'])
 - ('pf_vectors', ['part_px', 'part_py', 'part_pz', 'part_energy'])
 - ('pf_mask', ['part_mask'])[0m
[2026-03-06 23:47:01,709] INFO: [0;37minput_shapes:
 - ('pf_points', (-1, 2, 32))
 - ('pf_features', (-1, 7, 32))
 - ('pf_vectors', (-1, 4, 32))
 - ('pf_mask', (-1, 1, 32))[0m
[2026-03-06 23:47:01,710] INFO: [0;37mpreprocess_params:
 - ('part_deta', {'length': 32, 'pad_mode': 'wrap', 'center': None, 'scale': 1, 'min': -5, 'max': 5, 'pad_value': 0})
 - ('part_dphi', {'length': 32, 'pad_mode': 'wrap', 'center': None, 'scale': 1, 'min': -5, 'max': 5, 'pad_value': 0})
 - ('part_pt_log', {'length': 32, 'pad_mode': 'wrap', 'center': 1.7, 'scale': 0.7, 'min': -5, 'max': 5, 'pad_value': 0})
 - ('part_e_log', {'length': 32, 'pad_mode': 'wrap', 'center': 2.0, 'scale': 0.7, 'min': -5, 'max': 5, 'pad_value': 0})
 - ('part_logptrel', {'length': 32, 'pad_mode': 'wrap', 'center': -4.7, 'scale': 0.7, 'min': -5, 'max': 5, 'pad_value': 0})
 - ('part_logerel', {'length': 32, 'pad_mode': 'wrap', 'center': -4.7, 'scale': 0.7, 'min': -5, 'max': 5, 'pad_value': 0})
 - ('part_deltaR', {'length': 32, 'pad_mode': 'wrap', 'center': 0.2, 'scale': 4.0, 'min': -5, 'max': 5, 'pad_value': 0})
 - ('part_px', {'length': 32, 'pad_mode': 'wrap', 'center': None, 'scale': 1, 'min': -5, 'max': 5, 'pad_value': 0})
 - ('part_py', {'length': 32, 'pad_mode': 'wrap', 'center': None, 'scale': 1, 'min': -5, 'max': 5, 'pad_value': 0})
 - ('part_pz', {'length': 32, 'pad_mode': 'wrap', 'center': None, 'scale': 1, 'min': -5, 'max': 5, 'pad_value': 0})
 - ('part_energy', {'length': 32, 'pad_mode': 'wrap', 'center': None, 'scale': 1, 'min': -5, 'max': 5, 'pad_value': 0})
 - ('part_mask', {'length': 32, 'pad_mode': 'constant', 'center': None, 'scale': 1, 'min': -5, 'max': 5, 'pad_value': 0})[0m
[2026-03-06 23:47:01,710] INFO: [0;37mlabel_names: ('_label_',)[0m
[2026-03-06 23:47:01,710] INFO: [0;37mobserver_names: ()[0m
[2026-03-06 23:47:01,710] INFO: [0;37mmonitor_variables: ()[0m
[2026-03-06 23:47:01,711] INFO: Model config: {'input_dims': 7, 'set_size': 32, 'phi_sizes': (256, 256, 256), 'fc_sizes': (256, 256, 256), 'use_bn': False, 'latent_dim': 8, 'relaxed': True, 'expander_relu': False, 'n_pieces': 20}
[2026-03-06 23:47:01,740] INFO: [0;37mpreprocess config: {'method': 'manual', 'data_fraction': 0.5, 'params': None}[0m
[2026-03-06 23:47:01,740] INFO: [0;37mselection: None[0m
[2026-03-06 23:47:01,740] INFO: [0;37mtest_time_selection: None[0m
[2026-03-06 23:47:01,740] INFO: [0;37mvar_funcs:
 - ('part_mask', 'ak.ones_like(part_energy)')
 - ('part_pt', 'np.hypot(part_px, part_py)')
 - ('part_pt_log', 'np.log(part_pt)')
 - ('part_e_log', 'np.log(part_energy)')
 - ('part_logptrel', 'np.log(part_pt/jet_pt)')
 - ('part_logerel', 'np.log(part_energy/jet_energy)')
 - ('part_deltaR', 'np.hypot(part_deta, part_dphi)')
 - ('_label_', 'np.argmax(np.stack([ak.to_numpy(label_QCD),ak.to_numpy(label_Hgg)], axis=1), axis=1)')
 - ('_labelcheck_', 'np.sum(np.stack([ak.to_numpy(label_QCD),ak.to_numpy(label_Hgg)], axis=1), axis=1)')[0m
[2026-03-06 23:47:01,740] INFO: [0;37minput_names: ('pf_points', 'pf_features', 'pf_vectors', 'pf_mask')[0m
[2026-03-06 23:47:01,740] INFO: [0;37minput_dicts:
 - ('pf_points', ['part_deta', 'part_dphi'])
 - ('pf_features', ['part_pt_log', 'part_e_log', 'part_logptrel', 'part_logerel', 'part_deltaR', 'part_deta', 'part_dphi'])
 - ('pf_vectors', ['part_px', 'part_py', 'part_pz', 'part_energy'])
 - ('pf_mask', ['part_mask'])[0m
[2026-03-06 23:47:01,740] INFO: [0;37minput_shapes:
 - ('pf_points', (-1, 2, 32))
 - ('pf_features', (-1, 7, 32))
 - ('pf_vectors', (-1, 4, 32))
 - ('pf_mask', (-1, 1, 32))[0m
[2026-03-06 23:47:01,740] INFO: [0;37mpreprocess_params:
 - ('part_deta', {'length': 32, 'pad_mode': 'wrap', 'center': None, 'scale': 1, 'min': -5, 'max': 5, 'pad_value': 0})
 - ('part_dphi', {'length': 32, 'pad_mode': 'wrap', 'center': None, 'scale': 1, 'min': -5, 'max': 5, 'pad_value': 0})
 - ('part_pt_log', {'length': 32, 'pad_mode': 'wrap', 'center': 1.7, 'scale': 0.7, 'min': -5, 'max': 5, 'pad_value': 0})
 - ('part_e_log', {'length': 32, 'pad_mode': 'wrap', 'center': 2.0, 'scale': 0.7, 'min': -5, 'max': 5, 'pad_value': 0})
 - ('part_logptrel', {'length': 32, 'pad_mode': 'wrap', 'center': -4.7, 'scale': 0.7, 'min': -5, 'max': 5, 'pad_value': 0})
 - ('part_logerel', {'length': 32, 'pad_mode': 'wrap', 'center': -4.7, 'scale': 0.7, 'min': -5, 'max': 5, 'pad_value': 0})
 - ('part_deltaR', {'length': 32, 'pad_mode': 'wrap', 'center': 0.2, 'scale': 4.0, 'min': -5, 'max': 5, 'pad_value': 0})
 - ('part_px', {'length': 32, 'pad_mode': 'wrap', 'center': None, 'scale': 1, 'min': -5, 'max': 5, 'pad_value': 0})
 - ('part_py', {'length': 32, 'pad_mode': 'wrap', 'center': None, 'scale': 1, 'min': -5, 'max': 5, 'pad_value': 0})
 - ('part_pz', {'length': 32, 'pad_mode': 'wrap', 'center': None, 'scale': 1, 'min': -5, 'max': 5, 'pad_value': 0})
 - ('part_energy', {'length': 32, 'pad_mode': 'wrap', 'center': None, 'scale': 1, 'min': -5, 'max': 5, 'pad_value': 0})
 - ('part_mask', {'length': 32, 'pad_mode': 'constant', 'center': None, 'scale': 1, 'min': -5, 'max': 5, 'pad_value': 0})[0m
[2026-03-06 23:47:01,740] INFO: [0;37mlabel_names: ('_label_',)[0m
[2026-03-06 23:47:01,740] INFO: [0;37mobserver_names: ('jet_pt', 'jet_eta', 'jet_phi', 'jet_energy', 'jet_nparticles', 'jet_sdmass', 'jet_tau1', 'jet_tau2', 'jet_tau3', 'jet_tau4')[0m
[2026-03-06 23:47:01,740] INFO: [0;37mmonitor_variables: ()[0m
[2026-03-06 23:47:01,747] INFO: [0;37mpreprocess config: {'method': 'manual', 'data_fraction': 0.5, 'params': None}[0m
[2026-03-06 23:47:01,747] INFO: [0;37mselection: None[0m
[2026-03-06 23:47:01,747] INFO: [0;37mtest_time_selection: None[0m
[2026-03-06 23:47:01,747] INFO: [0;37mvar_funcs:
 - ('part_mask', 'ak.ones_like(part_energy)')
 - ('part_pt', 'np.hypot(part_px, part_py)')
 - ('part_pt_log', 'np.log(part_pt)')
 - ('part_e_log', 'np.log(part_energy)')
 - ('part_logptrel', 'np.log(part_pt/jet_pt)')
 - ('part_logerel', 'np.log(part_energy/jet_energy)')
 - ('part_deltaR', 'np.hypot(part_deta, part_dphi)')
 - ('_label_', 'np.argmax(np.stack([ak.to_numpy(label_QCD),ak.to_numpy(label_Hgg)], axis=1), axis=1)')
 - ('_labelcheck_', 'np.sum(np.stack([ak.to_numpy(label_QCD),ak.to_numpy(label_Hgg)], axis=1), axis=1)')[0m
[2026-03-06 23:47:01,747] INFO: [0;37minput_names: ('pf_points', 'pf_features', 'pf_vectors', 'pf_mask')[0m
[2026-03-06 23:47:01,747] INFO: [0;37minput_dicts:
 - ('pf_points', ['part_deta', 'part_dphi'])
 - ('pf_features', ['part_pt_log', 'part_e_log', 'part_logptrel', 'part_logerel', 'part_deltaR', 'part_deta', 'part_dphi'])
 - ('pf_vectors', ['part_px', 'part_py', 'part_pz', 'part_energy'])
 - ('pf_mask', ['part_mask'])[0m
[2026-03-06 23:47:01,747] INFO: [0;37minput_shapes:
 - ('pf_points', (-1, 2, 32))
 - ('pf_features', (-1, 7, 32))
 - ('pf_vectors', (-1, 4, 32))
 - ('pf_mask', (-1, 1, 32))[0m
[2026-03-06 23:47:01,747] INFO: [0;37mpreprocess_params:
 - ('part_deta', {'length': 32, 'pad_mode': 'wrap', 'center': None, 'scale': 1, 'min': -5, 'max': 5, 'pad_value': 0})
 - ('part_dphi', {'length': 32, 'pad_mode': 'wrap', 'center': None, 'scale': 1, 'min': -5, 'max': 5, 'pad_value': 0})
 - ('part_pt_log', {'length': 32, 'pad_mode': 'wrap', 'center': 1.7, 'scale': 0.7, 'min': -5, 'max': 5, 'pad_value': 0})
 - ('part_e_log', {'length': 32, 'pad_mode': 'wrap', 'center': 2.0, 'scale': 0.7, 'min': -5, 'max': 5, 'pad_value': 0})
 - ('part_logptrel', {'length': 32, 'pad_mode': 'wrap', 'center': -4.7, 'scale': 0.7, 'min': -5, 'max': 5, 'pad_value': 0})
 - ('part_logerel', {'length': 32, 'pad_mode': 'wrap', 'center': -4.7, 'scale': 0.7, 'min': -5, 'max': 5, 'pad_value': 0})
 - ('part_deltaR', {'length': 32, 'pad_mode': 'wrap', 'center': 0.2, 'scale': 4.0, 'min': -5, 'max': 5, 'pad_value': 0})
 - ('part_px', {'length': 32, 'pad_mode': 'wrap', 'center': None, 'scale': 1, 'min': -5, 'max': 5, 'pad_value': 0})
 - ('part_py', {'length': 32, 'pad_mode': 'wrap', 'center': None, 'scale': 1, 'min': -5, 'max': 5, 'pad_value': 0})
 - ('part_pz', {'length': 32, 'pad_mode': 'wrap', 'center': None, 'scale': 1, 'min': -5, 'max': 5, 'pad_value': 0})
 - ('part_energy', {'length': 32, 'pad_mode': 'wrap', 'center': None, 'scale': 1, 'min': -5, 'max': 5, 'pad_value': 0})
 - ('part_mask', {'length': 32, 'pad_mode': 'constant', 'center': None, 'scale': 1, 'min': -5, 'max': 5, 'pad_value': 0})[0m
[2026-03-06 23:47:01,747] INFO: [0;37mlabel_names: ('_label_',)[0m
[2026-03-06 23:47:01,747] INFO: [0;37mobserver_names: ()[0m
[2026-03-06 23:47:01,747] INFO: [0;37mmonitor_variables: ()[0m
[2026-03-06 23:47:02,105] INFO: Restarted DataIter train, load_range=(0.7889782643587357, 0.7989782643587358), file_list:
{
  "HToGG": [
    "/home/alang/ppCodes/part_gp/datasets/JetClass/Pythia/train_100M/HToGG_000.root",
    "/home/alang/ppCodes/part_gp/datasets/JetClass/Pythia/train_100M/HToGG_001.root",
    "/home/alang/ppCodes/part_gp/datasets/JetClass/Pythia/train_100M/HToGG_002.root",
    "/home/alang/ppCodes/part_gp/datasets/JetClass/Pythia/train_100M/HToGG_003.root",
    "/home/alang/ppCodes/part_gp/datasets/JetClass/Pythia/train_100M/HToGG_004.root",
    "/home/alang/ppCodes/part_gp/datasets/JetClass/Pythia/train_100M/HToGG_005.root",
    "/home/alang/ppCodes/part_gp/datasets/JetClass/Pythia/train_100M/HToGG_006.root",
    "/home/alang/ppCodes/part_gp/datasets/JetClass/Pythia/train_100M/HToGG_007.root",
    "/home/alang/ppCodes/part_gp/datasets/JetClass/Pythia/train_100M/HToGG_008.root",
    "/home/alang/ppCodes/part_gp/datasets/JetClass/Pythia/train_100M/HToGG_009.root",
    "/home/alang/ppCodes/part_gp/datasets/JetClass/Pythia/train_100M/HToGG_010.root",
    "/home/alang/ppCodes/part_gp/datasets/JetClass/Pythia/train_100M/HToGG_011.root",
    "/home/alang/ppCodes/part_gp/datasets/JetClass/Pythia/train_100M/HToGG_012.root",
    "/home/alang/ppCodes/part_gp/datasets/JetClass/Pythia/train_100M/HToGG_013.root",
    "/home/alang/ppCodes/part_gp/datasets/JetClass/Pythia/train_100M/HToGG_014.root",
    "/home/alang/ppCodes/part_gp/datasets/JetClass/Pythia/train_100M/HToGG_015.root",
    "/home/alang/ppCodes/part_gp/datasets/JetClass/Pythia/train_100M/HToGG_016.root",
    "/home/alang/ppCodes/part_gp/datasets/JetClass/Pythia/train_100M/HToGG_017.root",
    "/home/alang/ppCodes/part_gp/datasets/JetClass/Pythia/train_100M/HToGG_018.root",
    "/home/alang/ppCodes/part_gp/datasets/JetClass/Pythia/train_100M/HToGG_019.root",
    "/home/alang/ppCodes/part_gp/datasets/JetClass/Pythia/train_100M/HToGG_020.root",
    "/home/alang/ppCodes/part_gp/datasets/JetClass/Pythia/train_100M/HToGG_021.root",
    "/home/alang/ppCodes/part_gp/datasets/JetClass/Pythia/train_100M/HToGG_022.root",
    "/home/alang/ppCodes/part_gp/datasets/JetClass/Pythia/train_100M/HToGG_023.root",
    "/home/alang/ppCodes/part_gp/datasets/JetClass/Pythia/train_100M/HToGG_024.root",
    "/home/alang/ppCodes/part_gp/datasets/JetClass/Pythia/train_100M/HToGG_025.root",
    "/home/alang/ppCodes/part_gp/datasets/JetClass/Pythia/train_100M/HToGG_026.root",
    "/home/alang/ppCodes/part_gp/datasets/JetClass/Pythia/train_100M/HToGG_027.root",
    "/home/alang/ppCodes/part_gp/datasets/JetClass/Pythia/train_100M/HToGG_028.root",
    "/home/alang/ppCodes/part_gp/datasets/JetClass/Pythia/train_100M/HToGG_029.root",
    "/home/alang/ppCodes/part_gp/datasets/JetClass/Pythia/train_100M/HToGG_030.root",
    "/home/alang/ppCodes/part_gp/datasets/JetClass/Pythia/train_100M/HToGG_031.root",
    "/home/alang/ppCodes/part_gp/datasets/JetClass/Pythia/train_100M/HToGG_032.root",
    "/home/alang/ppCodes/part_gp/datasets/JetClass/Pythia/train_100M/HToGG_033.root",
    "/home/alang/ppCodes/part_gp/datasets/JetClass/Pythia/train_100M/HToGG_034.root",
    "/home/alang/ppCodes/part_gp/datasets/JetClass/Pythia/train_100M/HToGG_035.root",
    "/home/alang/ppCodes/part_gp/datasets/JetClass/Pythia/train_100M/HToGG_036.root",
    "/home/alang/ppCodes/part_gp/datasets/JetClass/Pythia/train_100M/HToGG_037.root",
    "/home/alang/ppCodes/part_gp/datasets/JetClass/Pythia/train_100M/HToGG_038.root",
    "/home/alang/ppCodes/part_gp/datasets/JetClass/Pythia/train_100M/HToGG_039.root",
    "/home/alang/ppCodes/part_gp/datasets/JetClass/Pythia/train_100M/HToGG_040.root",
    "/home/alang/ppCodes/part_gp/datasets/JetClass/Pythia/train_100M/HToGG_041.root",
    "/home/alang/ppCodes/part_gp/datasets/JetClass/Pythia/train_100M/HToGG_042.root",
    "/home/alang/ppCodes/part_gp/datasets/JetClass/Pythia/train_100M/HToGG_043.root",
    "/home/alang/ppCodes/part_gp/datasets/JetClass/Pythia/train_100M/HToGG_044.root",
    "/home/alang/ppCodes/part_gp/datasets/JetClass/Pythia/train_100M/HToGG_045.root",
    "/home/alang/ppCodes/part_gp/datasets/JetClass/Pythia/train_100M/HToGG_046.root",
    "/home/alang/ppCodes/part_gp/datasets/JetClass/Pythia/train_100M/HToGG_047.root",
    "/home/alang/ppCodes/part_gp/datasets/JetClass/Pythia/train_100M/HToGG_048.root",
    "/home/alang/ppCodes/part_gp/datasets/JetClass/Pythia/train_100M/HToGG_049.root",
    "/home/alang/ppCodes/part_gp/datasets/JetClass/Pythia/train_100M/HToGG_050.root",
    "/home/alang/ppCodes/part_gp/datasets/JetClass/Pythia/train_100M/HToGG_051.root",
    "/home/alang/ppCodes/part_gp/datasets/JetClass/Pythia/train_100M/HToGG_052.root",
    "/home/alang/ppCodes/part_gp/datasets/JetClass/Pythia/train_100M/HToGG_053.root",
    "/home/alang/ppCodes/part_gp/datasets/JetClass/Pythia/train_100M/HToGG_054.root",
    "/home/alang/ppCodes/part_gp/datasets/JetClass/Pythia/train_100M/HToGG_055.root",
    "/home/alang/ppCodes/part_gp/datasets/JetClass/Pythia/train_100M/HToGG_056.root",
    "/home/alang/ppCodes/part_gp/datasets/JetClass/Pythia/train_100M/HToGG_057.root",
    "/home/alang/ppCodes/part_gp/datasets/JetClass/Pythia/train_100M/HToGG_058.root",
    "/home/alang/ppCodes/part_gp/datasets/JetClass/Pythia/train_100M/HToGG_059.root",
    "/home/alang/ppCodes/part_gp/datasets/JetClass/Pythia/train_100M/HToGG_060.root",
    "/home/alang/ppCodes/part_gp/datasets/JetClass/Pythia/train_100M/HToGG_061.root",
    "/home/alang/ppCodes/part_gp/datasets/JetClass/Pythia/train_100M/HToGG_062.root",
    "/home/alang/ppCodes/part_gp/datasets/JetClass/Pythia/train_100M/HToGG_063.root",
    "/home/alang/ppCodes/part_gp/datasets/JetClass/Pythia/train_100M/HToGG_064.root",
    "/home/alang/ppCodes/part_gp/datasets/JetClass/Pythia/train_100M/HToGG_065.root",
    "/home/alang/ppCodes/part_gp/datasets/JetClass/Pythia/train_100M/HToGG_066.root",
    "/home/alang/ppCodes/part_gp/datasets/JetClass/Pythia/train_100M/HToGG_067.root",
    "/home/alang/ppCodes/part_gp/datasets/JetClass/Pythia/train_100M/HToGG_068.root",
    "/home/alang/ppCodes/part_gp/datasets/JetClass/Pythia/train_100M/HToGG_069.root",
    "/home/alang/ppCodes/part_gp/datasets/JetClass/Pythia/train_100M/HToGG_070.root",
    "/home/alang/ppCodes/part_gp/datasets/JetClass/Pythia/train_100M/HToGG_071.root",
    "/home/alang/ppCodes/part_gp/datasets/JetClass/Pythia/train_100M/HToGG_072.root",
    "/home/alang/ppCodes/part_gp/datasets/JetClass/Pythia/train_100M/HToGG_073.root",
    "/home/alang/ppCodes/part_gp/datasets/JetClass/Pythia/train_100M/HToGG_074.root",
    "/home/alang/ppCodes/part_gp/datasets/JetClass/Pythia/train_100M/HToGG_075.root",
    "/home/alang/ppCodes/part_gp/datasets/JetClass/Pythia/train_100M/HToGG_076.root",
    "/home/alang/ppCodes/part_gp/datasets/JetClass/Pythia/train_100M/HToGG_077.root",
    "/home/alang/ppCodes/part_gp/datasets/JetClass/Pythia/train_100M/HToGG_078.root",
    "/home/alang/ppCodes/part_gp/datasets/JetClass/Pythia/train_100M/HToGG_079.root",
    "/home/alang/ppCodes/part_gp/datasets/JetClass/Pythia/train_100M/HToGG_080.root",
    "/home/alang/ppCodes/part_gp/datasets/JetClass/Pythia/train_100M/HToGG_081.root",
    "/home/alang/ppCodes/part_gp/datasets/JetClass/Pythia/train_100M/HToGG_082.root",
    "/home/alang/ppCodes/part_gp/datasets/JetClass/Pythia/train_100M/HToGG_083.root",
    "/home/alang/ppCodes/part_gp/datasets/JetClass/Pythia/train_100M/HToGG_084.root",
    "/home/alang/ppCodes/part_gp/datasets/JetClass/Pythia/train_100M/HToGG_085.root",
    "/home/alang/ppCodes/part_gp/datasets/JetClass/Pythia/train_100M/HToGG_086.root",
    "/home/alang/ppCodes/part_gp/datasets/JetClass/Pythia/train_100M/HToGG_087.root",
    "/home/alang/ppCodes/part_gp/datasets/JetClass/Pythia/train_100M/HToGG_088.root",
    "/home/alang/ppCodes/part_gp/datasets/JetClass/Pythia/train_100M/HToGG_089.root",
    "/home/alang/ppCodes/part_gp/datasets/JetClass/Pythia/train_100M/HToGG_090.root",
    "/home/alang/ppCodes/part_gp/datasets/JetClass/Pythia/train_100M/HToGG_091.root",
    "/home/alang/ppCodes/part_gp/datasets/JetClass/Pythia/train_100M/HToGG_092.root",
    "/home/alang/ppCodes/part_gp/datasets/JetClass/Pythia/train_100M/HToGG_093.root",
    "/home/alang/ppCodes/part_gp/datasets/JetClass/Pythia/train_100M/HToGG_094.root",
    "/home/alang/ppCodes/part_gp/datasets/JetClass/Pythia/train_100M/HToGG_095.root",
    "/home/alang/ppCodes/part_gp/datasets/JetClass/Pythia/train_100M/HToGG_096.root",
    "/home/alang/ppCodes/part_gp/datasets/JetClass/Pythia/train_100M/HToGG_097.root",
    "/home/alang/ppCodes/part_gp/datasets/JetClass/Pythia/train_100M/HToGG_098.root",
    "/home/alang/ppCodes/part_gp/datasets/JetClass/Pythia/train_100M/HToGG_099.root"
  ],
  "ZJetsToNuNu": [
    "/home/alang/ppCodes/part_gp/datasets/JetClass/Pythia/train_100M/ZJetsToNuNu_000.root",
    "/home/alang/ppCodes/part_gp/datasets/JetClass/Pythia/train_100M/ZJetsToNuNu_001.root",
    "/home/alang/ppCodes/part_gp/datasets/JetClass/Pythia/train_100M/ZJetsToNuNu_002.root",
    "/home/alang/ppCodes/part_gp/datasets/JetClass/Pythia/train_100M/ZJetsToNuNu_003.root",
    "/home/alang/ppCodes/part_gp/datasets/JetClass/Pythia/train_100M/ZJetsToNuNu_004.root",
    "/home/alang/ppCodes/part_gp/datasets/JetClass/Pythia/train_100M/ZJetsToNuNu_005.root",
    "/home/alang/ppCodes/part_gp/datasets/JetClass/Pythia/train_100M/ZJetsToNuNu_006.root",
    "/home/alang/ppCodes/part_gp/datasets/JetClass/Pythia/train_100M/ZJetsToNuNu_007.root",
    "/home/alang/ppCodes/part_gp/datasets/JetClass/Pythia/train_100M/ZJetsToNuNu_008.root",
    "/home/alang/ppCodes/part_gp/datasets/JetClass/Pythia/train_100M/ZJetsToNuNu_009.root",
    "/home/alang/ppCodes/part_gp/datasets/JetClass/Pythia/train_100M/ZJetsToNuNu_010.root",
    "/home/alang/ppCodes/part_gp/datasets/JetClass/Pythia/train_100M/ZJetsToNuNu_011.root",
    "/home/alang/ppCodes/part_gp/datasets/JetClass/Pythia/train_100M/ZJetsToNuNu_012.root",
    "/home/alang/ppCodes/part_gp/datasets/JetClass/Pythia/train_100M/ZJetsToNuNu_013.root",
    "/home/alang/ppCodes/part_gp/datasets/JetClass/Pythia/train_100M/ZJetsToNuNu_014.root",
    "/home/alang/ppCodes/part_gp/datasets/JetClass/Pythia/train_100M/ZJetsToNuNu_015.root",
    "/home/alang/ppCodes/part_gp/datasets/JetClass/Pythia/train_100M/ZJetsToNuNu_016.root",
    "/home/alang/ppCodes/part_gp/datasets/JetClass/Pythia/train_100M/ZJetsToNuNu_017.root",
    "/home/alang/ppCodes/part_gp/datasets/JetClass/Pythia/train_100M/ZJetsToNuNu_018.root",
    "/home/alang/ppCodes/part_gp/datasets/JetClass/Pythia/train_100M/ZJetsToNuNu_019.root",
    "/home/alang/ppCodes/part_gp/datasets/JetClass/Pythia/train_100M/ZJetsToNuNu_020.root",
    "/home/alang/ppCodes/part_gp/datasets/JetClass/Pythia/train_100M/ZJetsToNuNu_021.root",
    "/home/alang/ppCodes/part_gp/datasets/JetClass/Pythia/train_100M/ZJetsToNuNu_022.root",
    "/home/alang/ppCodes/part_gp/datasets/JetClass/Pythia/train_100M/ZJetsToNuNu_023.root",
    "/home/alang/ppCodes/part_gp/datasets/JetClass/Pythia/train_100M/ZJetsToNuNu_024.root",
    "/home/alang/ppCodes/part_gp/datasets/JetClass/Pythia/train_100M/ZJetsToNuNu_025.root",
    "/home/alang/ppCodes/part_gp/datasets/JetClass/Pythia/train_100M/ZJetsToNuNu_026.root",
    "/home/alang/ppCodes/part_gp/datasets/JetClass/Pythia/train_100M/ZJetsToNuNu_027.root",
    "/home/alang/ppCodes/part_gp/datasets/JetClass/Pythia/train_100M/ZJetsToNuNu_028.root",
    "/home/alang/ppCodes/part_gp/datasets/JetClass/Pythia/train_100M/ZJetsToNuNu_029.root",
    "/home/alang/ppCodes/part_gp/datasets/JetClass/Pythia/train_100M/ZJetsToNuNu_030.root",
    "/home/alang/ppCodes/part_gp/datasets/JetClass/Pythia/train_100M/ZJetsToNuNu_031.root",
    "/home/alang/ppCodes/part_gp/datasets/JetClass/Pythia/train_100M/ZJetsToNuNu_032.root",
    "/home/alang/ppCodes/part_gp/datasets/JetClass/Pythia/train_100M/ZJetsToNuNu_033.root",
    "/home/alang/ppCodes/part_gp/datasets/JetClass/Pythia/train_100M/ZJetsToNuNu_034.root",
    "/home/alang/ppCodes/part_gp/datasets/JetClass/Pythia/train_100M/ZJetsToNuNu_035.root",
    "/home/alang/ppCodes/part_gp/datasets/JetClass/Pythia/train_100M/ZJetsToNuNu_036.root",
    "/home/alang/ppCodes/part_gp/datasets/JetClass/Pythia/train_100M/ZJetsToNuNu_037.root",
    "/home/alang/ppCodes/part_gp/datasets/JetClass/Pythia/train_100M/ZJetsToNuNu_038.root",
    "/home/alang/ppCodes/part_gp/datasets/JetClass/Pythia/train_100M/ZJetsToNuNu_039.root",
    "/home/alang/ppCodes/part_gp/datasets/JetClass/Pythia/train_100M/ZJetsToNuNu_040.root",
    "/home/alang/ppCodes/part_gp/datasets/JetClass/Pythia/train_100M/ZJetsToNuNu_041.root",
    "/home/alang/ppCodes/part_gp/datasets/JetClass/Pythia/train_100M/ZJetsToNuNu_042.root",
    "/home/alang/ppCodes/part_gp/datasets/JetClass/Pythia/train_100M/ZJetsToNuNu_043.root",
    "/home/alang/ppCodes/part_gp/datasets/JetClass/Pythia/train_100M/ZJetsToNuNu_044.root",
    "/home/alang/ppCodes/part_gp/datasets/JetClass/Pythia/train_100M/ZJetsToNuNu_045.root",
    "/home/alang/ppCodes/part_gp/datasets/JetClass/Pythia/train_100M/ZJetsToNuNu_046.root",
    "/home/alang/ppCodes/part_gp/datasets/JetClass/Pythia/train_100M/ZJetsToNuNu_047.root",
    "/home/alang/ppCodes/part_gp/datasets/JetClass/Pythia/train_100M/ZJetsToNuNu_048.root",
    "/home/alang/ppCodes/part_gp/datasets/JetClass/Pythia/train_100M/ZJetsToNuNu_049.root",
    "/home/alang/ppCodes/part_gp/datasets/JetClass/Pythia/train_100M/ZJetsToNuNu_050.root",
    "/home/alang/ppCodes/part_gp/datasets/JetClass/Pythia/train_100M/ZJetsToNuNu_051.root",
    "/home/alang/ppCodes/part_gp/datasets/JetClass/Pythia/train_100M/ZJetsToNuNu_052.root",
    "/home/alang/ppCodes/part_gp/datasets/JetClass/Pythia/train_100M/ZJetsToNuNu_053.root",
    "/home/alang/ppCodes/part_gp/datasets/JetClass/Pythia/train_100M/ZJetsToNuNu_054.root",
    "/home/alang/ppCodes/part_gp/datasets/JetClass/Pythia/train_100M/ZJetsToNuNu_055.root",
    "/home/alang/ppCodes/part_gp/datasets/JetClass/Pythia/train_100M/ZJetsToNuNu_056.root",
    "/home/alang/ppCodes/part_gp/datasets/JetClass/Pythia/train_100M/ZJetsToNuNu_057.root",
    "/home/alang/ppCodes/part_gp/datasets/JetClass/Pythia/train_100M/ZJetsToNuNu_058.root",
    "/home/alang/ppCodes/part_gp/datasets/JetClass/Pythia/train_100M/ZJetsToNuNu_059.root",
    "/home/alang/ppCodes/part_gp/datasets/JetClass/Pythia/train_100M/ZJetsToNuNu_060.root",
    "/home/alang/ppCodes/part_gp/datasets/JetClass/Pythia/train_100M/ZJetsToNuNu_061.root",
    "/home/alang/ppCodes/part_gp/datasets/JetClass/Pythia/train_100M/ZJetsToNuNu_062.root",
    "/home/alang/ppCodes/part_gp/datasets/JetClass/Pythia/train_100M/ZJetsToNuNu_063.root",
    "/home/alang/ppCodes/part_gp/datasets/JetClass/Pythia/train_100M/ZJetsToNuNu_064.root",
    "/home/alang/ppCodes/part_gp/datasets/JetClass/Pythia/train_100M/ZJetsToNuNu_065.root",
    "/home/alang/ppCodes/part_gp/datasets/JetClass/Pythia/train_100M/ZJetsToNuNu_066.root",
    "/home/alang/ppCodes/part_gp/datasets/JetClass/Pythia/train_100M/ZJetsToNuNu_067.root",
    "/home/alang/ppCodes/part_gp/datasets/JetClass/Pythia/train_100M/ZJetsToNuNu_068.root",
    "/home/alang/ppCodes/part_gp/datasets/JetClass/Pythia/train_100M/ZJetsToNuNu_069.root",
    "/home/alang/ppCodes/part_gp/datasets/JetClass/Pythia/train_100M/ZJetsToNuNu_070.root",
    "/home/alang/ppCodes/part_gp/datasets/JetClass/Pythia/train_100M/ZJetsToNuNu_071.root",
    "/home/alang/ppCodes/part_gp/datasets/JetClass/Pythia/train_100M/ZJetsToNuNu_072.root",
    "/home/alang/ppCodes/part_gp/datasets/JetClass/Pythia/train_100M/ZJetsToNuNu_073.root",
    "/home/alang/ppCodes/part_gp/datasets/JetClass/Pythia/train_100M/ZJetsToNuNu_074.root",
    "/home/alang/ppCodes/part_gp/datasets/JetClass/Pythia/train_100M/ZJetsToNuNu_075.root",
    "/home/alang/ppCodes/part_gp/datasets/JetClass/Pythia/train_100M/ZJetsToNuNu_076.root",
    "/home/alang/ppCodes/part_gp/datasets/JetClass/Pythia/train_100M/ZJetsToNuNu_077.root",
    "/home/alang/ppCodes/part_gp/datasets/JetClass/Pythia/train_100M/ZJetsToNuNu_078.root",
    "/home/alang/ppCodes/part_gp/datasets/JetClass/Pythia/train_100M/ZJetsToNuNu_079.root",
    "/home/alang/ppCodes/part_gp/datasets/JetClass/Pythia/train_100M/ZJetsToNuNu_080.root",
    "/home/alang/ppCodes/part_gp/datasets/JetClass/Pythia/train_100M/ZJetsToNuNu_081.root",
    "/home/alang/ppCodes/part_gp/datasets/JetClass/Pythia/train_100M/ZJetsToNuNu_082.root",
    "/home/alang/ppCodes/part_gp/datasets/JetClass/Pythia/train_100M/ZJetsToNuNu_083.root",
    "/home/alang/ppCodes/part_gp/datasets/JetClass/Pythia/train_100M/ZJetsToNuNu_084.root",
    "/home/alang/ppCodes/part_gp/datasets/JetClass/Pythia/train_100M/ZJetsToNuNu_085.root",
    "/home/alang/ppCodes/part_gp/datasets/JetClass/Pythia/train_100M/ZJetsToNuNu_086.root",
    "/home/alang/ppCodes/part_gp/datasets/JetClass/Pythia/train_100M/ZJetsToNuNu_087.root",
    "/home/alang/ppCodes/part_gp/datasets/JetClass/Pythia/train_100M/ZJetsToNuNu_088.root",
    "/home/alang/ppCodes/part_gp/datasets/JetClass/Pythia/train_100M/ZJetsToNuNu_089.root",
    "/home/alang/ppCodes/part_gp/datasets/JetClass/Pythia/train_100M/ZJetsToNuNu_090.root",
    "/home/alang/ppCodes/part_gp/datasets/JetClass/Pythia/train_100M/ZJetsToNuNu_091.root",
    "/home/alang/ppCodes/part_gp/datasets/JetClass/Pythia/train_100M/ZJetsToNuNu_092.root",
    "/home/alang/ppCodes/part_gp/datasets/JetClass/Pythia/train_100M/ZJetsToNuNu_093.root",
    "/home/alang/ppCodes/part_gp/datasets/JetClass/Pythia/train_100M/ZJetsToNuNu_094.root",
    "/home/alang/ppCodes/part_gp/datasets/JetClass/Pythia/train_100M/ZJetsToNuNu_095.root",
    "/home/alang/ppCodes/part_gp/datasets/JetClass/Pythia/train_100M/ZJetsToNuNu_096.root",
    "/home/alang/ppCodes/part_gp/datasets/JetClass/Pythia/train_100M/ZJetsToNuNu_097.root",
    "/home/alang/ppCodes/part_gp/datasets/JetClass/Pythia/train_100M/ZJetsToNuNu_098.root",
    "/home/alang/ppCodes/part_gp/datasets/JetClass/Pythia/train_100M/ZJetsToNuNu_099.root"
  ]
}
[2026-03-07 07:39:07,137] INFO: PySRRegressor.equations_ = [
[
	    pick     score                                           equation      loss  complexity
	0         0.000000                                                 x6  1.177039           1
	1         0.134120                                            x4 - x7  0.900110           3
	2         0.176644                            x13 + (0.15413308 ^ x7)  0.632214           5
	3         0.052064              (0.21819144 ^ x7) + (x6 - 0.54361165)  0.569695           7
	4         0.044640        (1.5369931 + (x15 - x7)) * (2.2107544 + x5)  0.521037           9
	5   >>>>  0.064952  ((-1.2831702 / x15) + x6) - (x7 * (x5 + 1.4305...  0.457564          11
	6         0.032760  (x15 + 3.4771087) + (x15 - (((x5 + 1.3639745) ...  0.428546          13
	7         0.019601  ((x15 + x15) + 3.4474702) - ((x7 * ((1.8603297...  0.412071          15
	8         0.011112  (x15 + 3.4721832) + (x15 - ((x7 * (x5 + sqrt(x...  0.407517          16
	9         0.004229  (x15 + 3.4824078) + (x15 - ((x7 * (((x0 + 1.99...  0.405798          17
	10        0.006891  ((x15 + 3.4824078) + x15) - (((x5 + sqrt((x0 *...  0.403011          18
	11        0.010448  (x15 + (x15 - (x7 + (((x7 + (x0 * -0.43552512)...  0.398822          19
	12        0.039627  x15 + (3.4179773 + (x15 - ((x0 * tanh(x7 - x5)...  0.383327          20
	13        0.001049  (x15 + (x15 + 3.4179773)) - (((x0 * tanh(x7 - ...  0.382925          21
	14        0.007274  ((x15 + 3.4221268) - ((x0 * tanh(x7 - x5)) + (...  0.380150          22
	15        0.001704  x15 + ((3.4221268 - (((((x5 * 1.2277839) + 1.1...  0.379502          23
	16        0.005812  ((x15 + 3.4221268) - (((x0 * tanh(x7 - (x5 - -...  0.377303          24
	17        0.004397  x15 + ((x15 + 3.4221268) - (((1.171349 + (x5 *...  0.375648          25
	18        0.011350  (x15 + x15) + (3.4179773 - (((sin((x7 - x5) + ...  0.371409          26
	19        0.001939  (x15 + (x15 + 3.4179773)) - ((sin((x7 - x5) + ...  0.370689          27
	20        0.009698  ((x15 + 3.4221268) - ((sin((x7 - x5) + ((x2 + ...  0.367112          28
	21        0.000064  ((x15 + 3.4221268) - ((sin((x7 - x5) + ((x2 + ...  0.367065          30
	22        0.005414  (x15 + (x15 - ((sin(x7 - tanh((x0 * (x5 + 0.44...  0.365083          31
	23        0.018292  ((x15 + x15) + 3.4560027) - ((sin(x7 - ((x0 * ...  0.358465          32
	24        0.002228  (x15 + x15) + (3.482747 - ((((((x0 + x5) + 0.5...  0.357668          33
	25        0.004828  ((x15 + 3.4560027) + x15) - ((sin(x7 - (((0.39...  0.355945          34
	26        0.001207  (x15 + 3.4560027) + (x15 - ((sin(x7 - ((x7 * x...  0.355515          35
	27        0.010106  ((3.5323386 + x15) + x15) - (sin(x7 - ((x1 * x...  0.351941          36
	28        0.002190  ((x15 + 3.5323386) - (sin(x7 - (((tanh((x1 * x...  0.351171          37
	29        0.006156  (x15 + 3.5323386) + (x15 - (sin(x7 - ((x1 * x7...  0.349016          38
	30        0.001607  ((x15 + 3.5323386) + x15) - ((sin(x7 - ((x1 * ...  0.348456          39
], [
	    pick         score                                           equation      loss  complexity
	0         0.000000e+00                                                 x7  0.894439           1
	1         1.843820e-01                                      x7 * 2.298435  0.618583           3
	2         5.655943e-02                            (x7 / x15) * -2.4656754  0.552423           5
	3         1.379418e-02                       (-2.957779 / x15) * tanh(x7)  0.544855           6
	4         1.218541e-01                 (x7 - (1.3061315 + x15)) * 2.15472  0.482348           7
	5   >>>>  8.352859e-02                (x7 * ((x5 - x7) + 1.4054695)) - x6  0.408139           9
	6         8.103463e-04           (x7 * (x5 - (x7 - 1.4991995))) - sin(x6)  0.407808          10
	7         6.978978e-02  (x7 * (x5 + 1.2710148)) - ((x15 + 1.7112882) +...  0.380318          11
	8         9.035990e-03          (x7 + ((x5 - x7) * (x7 - tanh(x0)))) - x6  0.376897          12
	9         4.922496e-02  (x7 * (x5 - -1.1486183)) - (((x15 * 2.0822465)...  0.358793          13
	10        8.556924e-03  ((x7 - tanh(x0)) * ((x7 / x15) + x5)) + (x7 - x6)  0.355736          14
	11        1.234876e-02  x7 + (((x5 + (x7 / x15)) * (x7 - (x0 * 0.66458...  0.351370          15
	12        3.501220e-02  ((x5 + ((x7 - 1.1399395) / x15)) * tanh(x7 + (...  0.339281          16
	13        1.538182e-02  (tanh(x7 + (x7 - x0)) * (((tanh(x7) - 1.163322...  0.334102          17
	14        3.516989e-03  (tanh(x7 + (x7 - x0)) * (((x7 - 1.1283544) / x...  0.332929          18
	15        2.696396e-03  ((sin(x7 + tanh(x7 - x0)) * (x5 + ((x7 - 1.085...  0.332033          19
	16        3.107359e-02  (tanh((x7 + x7) - x0) * (((x7 - 1.006602) / x1...  0.321874          20
	17        4.713116e-03  (tanh((x7 - x0) + x7) * (x5 + ((tanh(x7) - 1.0...  0.320361          21
	18        1.046969e-02  ((((x7 - 0.9806378) / x15) + x5) * tanh((x7 / ...  0.317024          22
	19        2.196124e-03  (sin(tanh(x7) + (x7 - x0)) * (x5 + ((x7 - (1.4...  0.316329          23
	20        1.999244e-02  ((((x7 - (1.3004054 ^ x0)) / x15) + x5) * tanh...  0.310067          24
	21        1.823679e-02  ((((x7 - (1.407108 ^ x0)) / x15) + x5) * sin((...  0.304464          25
	22        3.893220e-03  ((x5 + ((x7 - tanh(x0 - -1.2117802)) / sin(x15...  0.303281          26
	23        2.747103e-03  ((x5 + ((x7 - tanh(x0 - -1.2117802)) / sin(x15...  0.302449          27
	24        4.434535e-03  ((x5 + ((x7 - tanh((x0 - x9) - x7)) / sin(x15)...  0.301110          28
	25        8.998272e-03  ((((x7 - sin(1.4284862 - x1)) / x15) + (x5 + (...  0.298413          29
	26        4.782993e-03  ((x5 + (((tanh(x7) - sin((x0 - -0.74401927) - ...  0.296989          30
	27        7.233295e-03  (((((tanh(x7) - sin((x0 - tanh(x8)) - x7)) - 0...  0.294849          31
	28        2.051017e-03  ((x5 + (((tanh(x7) - sin((x0 - -0.76441103) - ...  0.294245          32
	29        7.695776e-03  (tanh(x7 + (x7 - (x0 - (x15 * 0.41404623)))) *...  0.291989          33
	30        7.828842e-05  ((tanh(x7 + (x7 - (x0 - (x15 * 0.41404623)))) ...  0.291920          36
	31        5.414392e-03  ((tanh((x7 + x7) - (x0 - (x15 * 0.3692244))) *...  0.290344          37
	32        9.299317e-07  ((tanh((x7 + x7) - (x0 - (x15 * 0.3692244))) *...  0.290344          38
]]
[2026-03-07 07:39:07,138] INFO: Regressor Params:{'adaptive_parsimony_scaling': 1040.0, 'alpha': 3.17, 'annealing': True, 'autodiff_backend': None, 'batch_size': 50, 'batching': True, 'binary_operators': ['+', '-', '*', '/', '^'], 'bumper': False, 'cluster_manager': None, 'complexity_mapping': None, 'complexity_of_constants': None, 'complexity_of_operators': None, 'complexity_of_variables': None, 'constraints': {'^': (-1, 1)}, 'crossover_probability': 0.0259, 'delete_tempfiles': True, 'denoise': False, 'deterministic': False, 'dimensional_constraint_penalty': None, 'dimensionless_constants_only': False, 'early_stop_condition': None, 'elementwise_loss': 'HuberLoss(1.35)', 'expression_spec': None, 'extra_jax_mappings': None, 'extra_sympy_mappings': None, 'extra_torch_mappings': None, 'fast_cycle': False, 'fraction_replaced': 0.00036, 'fraction_replaced_hof': 0.0614, 'heap_size_hint_in_bytes': None, 'hof_migration': True, 'input_stream': 'stdin', 'logger_spec': None, 'loss_function': None, 'loss_function_expression': None, 'loss_scale': 'log', 'max_evals': None, 'maxdepth': None, 'maxsize': 40, 'migration': True, 'model_selection': 'best', 'ncycles_per_iteration': 1520, 'nested_constraints': {'*': {'tanh': 2}, 'tanh': {'tanh': 0, '^': 1, 'sin': 1}, 'sin': {'sin': 0}}, 'niterations': 4560, 'optimize_probability': 0.14, 'optimizer_algorithm': 'BFGS', 'optimizer_f_calls_limit': None, 'optimizer_iterations': 8, 'optimizer_nrestarts': 2, 'output_directory': '/home/alang/ppCodes/part_gp/outputs/sr_runs/HToGG/Surrogate', 'output_jax_format': False, 'output_torch_format': True, 'parallelism': None, 'parsimony': 0.01, 'perturbation_factor': 0.129, 'population_size': 27, 'populations': 48, 'precision': 32, 'print_precision': 5, 'probability_negate_constant': 0.00743, 'procs': None, 'progress': True, 'random_state': 42, 'run_id': 'Surrogate_M13-SRPARTICLENET_ParticleNet_BVAE_SR', 'select_k_features': None, 'should_optimize_constants': True, 'should_simplify': True, 'skip_mutation_failures': True, 'temp_equation_file': False, 'tempdir': None, 'timeout_in_seconds': None, 'topn': 12, 'tournament_selection_n': 15, 'tournament_selection_p': 0.982, 'turbo': False, 'unary_operators': ['sqrt', 'tanh', 'sin'], 'update': False, 'update_verbosity': None, 'use_frequency': True, 'use_frequency_in_tournament': True, 'verbosity': 1, 'warm_start': False, 'warmup_maxsize_by': None, 'weight_add_node': 2.47, 'weight_delete_node': 0.87, 'weight_do_nothing': 0.273, 'weight_insert_node': 0.0112, 'weight_mutate_constant': 0.0346, 'weight_mutate_operator': 0.293, 'weight_optimize': 0.001, 'weight_randomize': 0.000502, 'weight_rotate_tree': 4.26, 'weight_simplify': 0.00209, 'weight_swap_operands': 0.198}
[2026-03-07 07:39:07,273] INFO: Running on test file group HToGG with 20 files:
.../home/alang/ppCodes/part_gp/datasets/JetClass/Pythia/test_20M/HToGG_100.root
.../home/alang/ppCodes/part_gp/datasets/JetClass/Pythia/test_20M/HToGG_101.root
.../home/alang/ppCodes/part_gp/datasets/JetClass/Pythia/test_20M/HToGG_102.root
.../home/alang/ppCodes/part_gp/datasets/JetClass/Pythia/test_20M/HToGG_103.root
.../home/alang/ppCodes/part_gp/datasets/JetClass/Pythia/test_20M/HToGG_104.root
.../home/alang/ppCodes/part_gp/datasets/JetClass/Pythia/test_20M/HToGG_105.root
.../home/alang/ppCodes/part_gp/datasets/JetClass/Pythia/test_20M/HToGG_106.root
.../home/alang/ppCodes/part_gp/datasets/JetClass/Pythia/test_20M/HToGG_107.root
.../home/alang/ppCodes/part_gp/datasets/JetClass/Pythia/test_20M/HToGG_108.root
.../home/alang/ppCodes/part_gp/datasets/JetClass/Pythia/test_20M/HToGG_109.root
.../home/alang/ppCodes/part_gp/datasets/JetClass/Pythia/test_20M/HToGG_110.root
.../home/alang/ppCodes/part_gp/datasets/JetClass/Pythia/test_20M/HToGG_111.root
.../home/alang/ppCodes/part_gp/datasets/JetClass/Pythia/test_20M/HToGG_112.root
.../home/alang/ppCodes/part_gp/datasets/JetClass/Pythia/test_20M/HToGG_113.root
.../home/alang/ppCodes/part_gp/datasets/JetClass/Pythia/test_20M/HToGG_114.root
.../home/alang/ppCodes/part_gp/datasets/JetClass/Pythia/test_20M/HToGG_115.root
.../home/alang/ppCodes/part_gp/datasets/JetClass/Pythia/test_20M/HToGG_116.root
.../home/alang/ppCodes/part_gp/datasets/JetClass/Pythia/test_20M/HToGG_117.root
.../home/alang/ppCodes/part_gp/datasets/JetClass/Pythia/test_20M/HToGG_118.root
.../home/alang/ppCodes/part_gp/datasets/JetClass/Pythia/test_20M/HToGG_119.root
[2026-03-07 07:39:07,278] INFO: [0;37mpreprocess config: {'method': 'manual', 'data_fraction': 0.5, 'params': None}[0m
[2026-03-07 07:39:07,278] INFO: [0;37mselection: None[0m
[2026-03-07 07:39:07,278] INFO: [0;37mtest_time_selection: None[0m
[2026-03-07 07:39:07,278] INFO: [0;37mvar_funcs:
 - ('part_mask', 'ak.ones_like(part_energy)')
 - ('part_pt', 'np.hypot(part_px, part_py)')
 - ('part_pt_log', 'np.log(part_pt)')
 - ('part_e_log', 'np.log(part_energy)')
 - ('part_logptrel', 'np.log(part_pt/jet_pt)')
 - ('part_logerel', 'np.log(part_energy/jet_energy)')
 - ('part_deltaR', 'np.hypot(part_deta, part_dphi)')
 - ('_label_', 'np.argmax(np.stack([ak.to_numpy(label_QCD),ak.to_numpy(label_Hgg)], axis=1), axis=1)')
 - ('_labelcheck_', 'np.sum(np.stack([ak.to_numpy(label_QCD),ak.to_numpy(label_Hgg)], axis=1), axis=1)')[0m
[2026-03-07 07:39:07,278] INFO: [0;37minput_names: ('pf_points', 'pf_features', 'pf_vectors', 'pf_mask')[0m
[2026-03-07 07:39:07,278] INFO: [0;37minput_dicts:
 - ('pf_points', ['part_deta', 'part_dphi'])
 - ('pf_features', ['part_pt_log', 'part_e_log', 'part_logptrel', 'part_logerel', 'part_deltaR', 'part_deta', 'part_dphi'])
 - ('pf_vectors', ['part_px', 'part_py', 'part_pz', 'part_energy'])
 - ('pf_mask', ['part_mask'])[0m
[2026-03-07 07:39:07,278] INFO: [0;37minput_shapes:
 - ('pf_points', (-1, 2, 32))
 - ('pf_features', (-1, 7, 32))
 - ('pf_vectors', (-1, 4, 32))
 - ('pf_mask', (-1, 1, 32))[0m
[2026-03-07 07:39:07,278] INFO: [0;37mpreprocess_params:
 - ('part_deta', {'length': 32, 'pad_mode': 'wrap', 'center': None, 'scale': 1, 'min': -5, 'max': 5, 'pad_value': 0})
 - ('part_dphi', {'length': 32, 'pad_mode': 'wrap', 'center': None, 'scale': 1, 'min': -5, 'max': 5, 'pad_value': 0})
 - ('part_pt_log', {'length': 32, 'pad_mode': 'wrap', 'center': 1.7, 'scale': 0.7, 'min': -5, 'max': 5, 'pad_value': 0})
 - ('part_e_log', {'length': 32, 'pad_mode': 'wrap', 'center': 2.0, 'scale': 0.7, 'min': -5, 'max': 5, 'pad_value': 0})
 - ('part_logptrel', {'length': 32, 'pad_mode': 'wrap', 'center': -4.7, 'scale': 0.7, 'min': -5, 'max': 5, 'pad_value': 0})
 - ('part_logerel', {'length': 32, 'pad_mode': 'wrap', 'center': -4.7, 'scale': 0.7, 'min': -5, 'max': 5, 'pad_value': 0})
 - ('part_deltaR', {'length': 32, 'pad_mode': 'wrap', 'center': 0.2, 'scale': 4.0, 'min': -5, 'max': 5, 'pad_value': 0})
 - ('part_px', {'length': 32, 'pad_mode': 'wrap', 'center': None, 'scale': 1, 'min': -5, 'max': 5, 'pad_value': 0})
 - ('part_py', {'length': 32, 'pad_mode': 'wrap', 'center': None, 'scale': 1, 'min': -5, 'max': 5, 'pad_value': 0})
 - ('part_pz', {'length': 32, 'pad_mode': 'wrap', 'center': None, 'scale': 1, 'min': -5, 'max': 5, 'pad_value': 0})
 - ('part_energy', {'length': 32, 'pad_mode': 'wrap', 'center': None, 'scale': 1, 'min': -5, 'max': 5, 'pad_value': 0})
 - ('part_mask', {'length': 32, 'pad_mode': 'constant', 'center': None, 'scale': 1, 'min': -5, 'max': 5, 'pad_value': 0})[0m
[2026-03-07 07:39:07,279] INFO: [0;37mlabel_names: ('_label_',)[0m
[2026-03-07 07:39:07,279] INFO: [0;37mobserver_names: ('jet_pt', 'jet_eta', 'jet_phi', 'jet_energy', 'jet_nparticles', 'jet_sdmass', 'jet_tau1', 'jet_tau2', 'jet_tau3', 'jet_tau4')[0m
[2026-03-07 07:39:07,279] INFO: [0;37mmonitor_variables: ()[0m
[2026-03-07 07:39:07,283] INFO: [0;37mpreprocess config: {'method': 'manual', 'data_fraction': 0.5, 'params': None}[0m
[2026-03-07 07:39:07,283] INFO: [0;37mselection: None[0m
[2026-03-07 07:39:07,283] INFO: [0;37mtest_time_selection: None[0m
[2026-03-07 07:39:07,283] INFO: [0;37mvar_funcs:
 - ('part_mask', 'ak.ones_like(part_energy)')
 - ('part_pt', 'np.hypot(part_px, part_py)')
 - ('part_pt_log', 'np.log(part_pt)')
 - ('part_e_log', 'np.log(part_energy)')
 - ('part_logptrel', 'np.log(part_pt/jet_pt)')
 - ('part_logerel', 'np.log(part_energy/jet_energy)')
 - ('part_deltaR', 'np.hypot(part_deta, part_dphi)')
 - ('_label_', 'np.argmax(np.stack([ak.to_numpy(label_QCD),ak.to_numpy(label_Hgg)], axis=1), axis=1)')
 - ('_labelcheck_', 'np.sum(np.stack([ak.to_numpy(label_QCD),ak.to_numpy(label_Hgg)], axis=1), axis=1)')[0m
[2026-03-07 07:39:07,283] INFO: [0;37minput_names: ('pf_points', 'pf_features', 'pf_vectors', 'pf_mask')[0m
[2026-03-07 07:39:07,283] INFO: [0;37minput_dicts:
 - ('pf_points', ['part_deta', 'part_dphi'])
 - ('pf_features', ['part_pt_log', 'part_e_log', 'part_logptrel', 'part_logerel', 'part_deltaR', 'part_deta', 'part_dphi'])
 - ('pf_vectors', ['part_px', 'part_py', 'part_pz', 'part_energy'])
 - ('pf_mask', ['part_mask'])[0m
[2026-03-07 07:39:07,283] INFO: [0;37minput_shapes:
 - ('pf_points', (-1, 2, 32))
 - ('pf_features', (-1, 7, 32))
 - ('pf_vectors', (-1, 4, 32))
 - ('pf_mask', (-1, 1, 32))[0m
[2026-03-07 07:39:07,283] INFO: [0;37mpreprocess_params:
 - ('part_deta', {'length': 32, 'pad_mode': 'wrap', 'center': None, 'scale': 1, 'min': -5, 'max': 5, 'pad_value': 0})
 - ('part_dphi', {'length': 32, 'pad_mode': 'wrap', 'center': None, 'scale': 1, 'min': -5, 'max': 5, 'pad_value': 0})
 - ('part_pt_log', {'length': 32, 'pad_mode': 'wrap', 'center': 1.7, 'scale': 0.7, 'min': -5, 'max': 5, 'pad_value': 0})
 - ('part_e_log', {'length': 32, 'pad_mode': 'wrap', 'center': 2.0, 'scale': 0.7, 'min': -5, 'max': 5, 'pad_value': 0})
 - ('part_logptrel', {'length': 32, 'pad_mode': 'wrap', 'center': -4.7, 'scale': 0.7, 'min': -5, 'max': 5, 'pad_value': 0})
 - ('part_logerel', {'length': 32, 'pad_mode': 'wrap', 'center': -4.7, 'scale': 0.7, 'min': -5, 'max': 5, 'pad_value': 0})
 - ('part_deltaR', {'length': 32, 'pad_mode': 'wrap', 'center': 0.2, 'scale': 4.0, 'min': -5, 'max': 5, 'pad_value': 0})
 - ('part_px', {'length': 32, 'pad_mode': 'wrap', 'center': None, 'scale': 1, 'min': -5, 'max': 5, 'pad_value': 0})
 - ('part_py', {'length': 32, 'pad_mode': 'wrap', 'center': None, 'scale': 1, 'min': -5, 'max': 5, 'pad_value': 0})
 - ('part_pz', {'length': 32, 'pad_mode': 'wrap', 'center': None, 'scale': 1, 'min': -5, 'max': 5, 'pad_value': 0})
 - ('part_energy', {'length': 32, 'pad_mode': 'wrap', 'center': None, 'scale': 1, 'min': -5, 'max': 5, 'pad_value': 0})
 - ('part_mask', {'length': 32, 'pad_mode': 'constant', 'center': None, 'scale': 1, 'min': -5, 'max': 5, 'pad_value': 0})[0m
[2026-03-07 07:39:07,284] INFO: [0;37mlabel_names: ('_label_',)[0m
[2026-03-07 07:39:07,284] INFO: [0;37mobserver_names: ('jet_pt', 'jet_eta', 'jet_phi', 'jet_energy', 'jet_nparticles', 'jet_sdmass', 'jet_tau1', 'jet_tau2', 'jet_tau3', 'jet_tau4')[0m
[2026-03-07 07:39:07,284] INFO: [0;37mmonitor_variables: ()[0m
[2026-03-07 07:39:07,284] INFO: Running on test file group ZJetsToNuNu with 20 files:
.../home/alang/ppCodes/part_gp/datasets/JetClass/Pythia/test_20M/ZJetsToNuNu_100.root
.../home/alang/ppCodes/part_gp/datasets/JetClass/Pythia/test_20M/ZJetsToNuNu_101.root
.../home/alang/ppCodes/part_gp/datasets/JetClass/Pythia/test_20M/ZJetsToNuNu_102.root
.../home/alang/ppCodes/part_gp/datasets/JetClass/Pythia/test_20M/ZJetsToNuNu_103.root
.../home/alang/ppCodes/part_gp/datasets/JetClass/Pythia/test_20M/ZJetsToNuNu_104.root
.../home/alang/ppCodes/part_gp/datasets/JetClass/Pythia/test_20M/ZJetsToNuNu_105.root
.../home/alang/ppCodes/part_gp/datasets/JetClass/Pythia/test_20M/ZJetsToNuNu_106.root
.../home/alang/ppCodes/part_gp/datasets/JetClass/Pythia/test_20M/ZJetsToNuNu_107.root
.../home/alang/ppCodes/part_gp/datasets/JetClass/Pythia/test_20M/ZJetsToNuNu_108.root
.../home/alang/ppCodes/part_gp/datasets/JetClass/Pythia/test_20M/ZJetsToNuNu_109.root
.../home/alang/ppCodes/part_gp/datasets/JetClass/Pythia/test_20M/ZJetsToNuNu_110.root
.../home/alang/ppCodes/part_gp/datasets/JetClass/Pythia/test_20M/ZJetsToNuNu_111.root
.../home/alang/ppCodes/part_gp/datasets/JetClass/Pythia/test_20M/ZJetsToNuNu_112.root
.../home/alang/ppCodes/part_gp/datasets/JetClass/Pythia/test_20M/ZJetsToNuNu_113.root
.../home/alang/ppCodes/part_gp/datasets/JetClass/Pythia/test_20M/ZJetsToNuNu_114.root
.../home/alang/ppCodes/part_gp/datasets/JetClass/Pythia/test_20M/ZJetsToNuNu_115.root
.../home/alang/ppCodes/part_gp/datasets/JetClass/Pythia/test_20M/ZJetsToNuNu_116.root
.../home/alang/ppCodes/part_gp/datasets/JetClass/Pythia/test_20M/ZJetsToNuNu_117.root
.../home/alang/ppCodes/part_gp/datasets/JetClass/Pythia/test_20M/ZJetsToNuNu_118.root
.../home/alang/ppCodes/part_gp/datasets/JetClass/Pythia/test_20M/ZJetsToNuNu_119.root
[2026-03-07 07:39:07,288] INFO: [0;37mpreprocess config: {'method': 'manual', 'data_fraction': 0.5, 'params': None}[0m
[2026-03-07 07:39:07,288] INFO: [0;37mselection: None[0m
[2026-03-07 07:39:07,288] INFO: [0;37mtest_time_selection: None[0m
[2026-03-07 07:39:07,288] INFO: [0;37mvar_funcs:
 - ('part_mask', 'ak.ones_like(part_energy)')
 - ('part_pt', 'np.hypot(part_px, part_py)')
 - ('part_pt_log', 'np.log(part_pt)')
 - ('part_e_log', 'np.log(part_energy)')
 - ('part_logptrel', 'np.log(part_pt/jet_pt)')
 - ('part_logerel', 'np.log(part_energy/jet_energy)')
 - ('part_deltaR', 'np.hypot(part_deta, part_dphi)')
 - ('_label_', 'np.argmax(np.stack([ak.to_numpy(label_QCD),ak.to_numpy(label_Hgg)], axis=1), axis=1)')
 - ('_labelcheck_', 'np.sum(np.stack([ak.to_numpy(label_QCD),ak.to_numpy(label_Hgg)], axis=1), axis=1)')[0m
[2026-03-07 07:39:07,288] INFO: [0;37minput_names: ('pf_points', 'pf_features', 'pf_vectors', 'pf_mask')[0m
[2026-03-07 07:39:07,288] INFO: [0;37minput_dicts:
 - ('pf_points', ['part_deta', 'part_dphi'])
 - ('pf_features', ['part_pt_log', 'part_e_log', 'part_logptrel', 'part_logerel', 'part_deltaR', 'part_deta', 'part_dphi'])
 - ('pf_vectors', ['part_px', 'part_py', 'part_pz', 'part_energy'])
 - ('pf_mask', ['part_mask'])[0m
[2026-03-07 07:39:07,289] INFO: [0;37minput_shapes:
 - ('pf_points', (-1, 2, 32))
 - ('pf_features', (-1, 7, 32))
 - ('pf_vectors', (-1, 4, 32))
 - ('pf_mask', (-1, 1, 32))[0m
[2026-03-07 07:39:07,289] INFO: [0;37mpreprocess_params:
 - ('part_deta', {'length': 32, 'pad_mode': 'wrap', 'center': None, 'scale': 1, 'min': -5, 'max': 5, 'pad_value': 0})
 - ('part_dphi', {'length': 32, 'pad_mode': 'wrap', 'center': None, 'scale': 1, 'min': -5, 'max': 5, 'pad_value': 0})
 - ('part_pt_log', {'length': 32, 'pad_mode': 'wrap', 'center': 1.7, 'scale': 0.7, 'min': -5, 'max': 5, 'pad_value': 0})
 - ('part_e_log', {'length': 32, 'pad_mode': 'wrap', 'center': 2.0, 'scale': 0.7, 'min': -5, 'max': 5, 'pad_value': 0})
 - ('part_logptrel', {'length': 32, 'pad_mode': 'wrap', 'center': -4.7, 'scale': 0.7, 'min': -5, 'max': 5, 'pad_value': 0})
 - ('part_logerel', {'length': 32, 'pad_mode': 'wrap', 'center': -4.7, 'scale': 0.7, 'min': -5, 'max': 5, 'pad_value': 0})
 - ('part_deltaR', {'length': 32, 'pad_mode': 'wrap', 'center': 0.2, 'scale': 4.0, 'min': -5, 'max': 5, 'pad_value': 0})
 - ('part_px', {'length': 32, 'pad_mode': 'wrap', 'center': None, 'scale': 1, 'min': -5, 'max': 5, 'pad_value': 0})
 - ('part_py', {'length': 32, 'pad_mode': 'wrap', 'center': None, 'scale': 1, 'min': -5, 'max': 5, 'pad_value': 0})
 - ('part_pz', {'length': 32, 'pad_mode': 'wrap', 'center': None, 'scale': 1, 'min': -5, 'max': 5, 'pad_value': 0})
 - ('part_energy', {'length': 32, 'pad_mode': 'wrap', 'center': None, 'scale': 1, 'min': -5, 'max': 5, 'pad_value': 0})
 - ('part_mask', {'length': 32, 'pad_mode': 'constant', 'center': None, 'scale': 1, 'min': -5, 'max': 5, 'pad_value': 0})[0m
[2026-03-07 07:39:07,289] INFO: [0;37mlabel_names: ('_label_',)[0m
[2026-03-07 07:39:07,289] INFO: [0;37mobserver_names: ('jet_pt', 'jet_eta', 'jet_phi', 'jet_energy', 'jet_nparticles', 'jet_sdmass', 'jet_tau1', 'jet_tau2', 'jet_tau3', 'jet_tau4')[0m
[2026-03-07 07:39:07,289] INFO: [0;37mmonitor_variables: ()[0m
[2026-03-07 07:39:07,293] INFO: [0;37mpreprocess config: {'method': 'manual', 'data_fraction': 0.5, 'params': None}[0m
[2026-03-07 07:39:07,293] INFO: [0;37mselection: None[0m
[2026-03-07 07:39:07,293] INFO: [0;37mtest_time_selection: None[0m
[2026-03-07 07:39:07,293] INFO: [0;37mvar_funcs:
 - ('part_mask', 'ak.ones_like(part_energy)')
 - ('part_pt', 'np.hypot(part_px, part_py)')
 - ('part_pt_log', 'np.log(part_pt)')
 - ('part_e_log', 'np.log(part_energy)')
 - ('part_logptrel', 'np.log(part_pt/jet_pt)')
 - ('part_logerel', 'np.log(part_energy/jet_energy)')
 - ('part_deltaR', 'np.hypot(part_deta, part_dphi)')
 - ('_label_', 'np.argmax(np.stack([ak.to_numpy(label_QCD),ak.to_numpy(label_Hgg)], axis=1), axis=1)')
 - ('_labelcheck_', 'np.sum(np.stack([ak.to_numpy(label_QCD),ak.to_numpy(label_Hgg)], axis=1), axis=1)')[0m
[2026-03-07 07:39:07,293] INFO: [0;37minput_names: ('pf_points', 'pf_features', 'pf_vectors', 'pf_mask')[0m
[2026-03-07 07:39:07,293] INFO: [0;37minput_dicts:
 - ('pf_points', ['part_deta', 'part_dphi'])
 - ('pf_features', ['part_pt_log', 'part_e_log', 'part_logptrel', 'part_logerel', 'part_deltaR', 'part_deta', 'part_dphi'])
 - ('pf_vectors', ['part_px', 'part_py', 'part_pz', 'part_energy'])
 - ('pf_mask', ['part_mask'])[0m
[2026-03-07 07:39:07,294] INFO: [0;37minput_shapes:
 - ('pf_points', (-1, 2, 32))
 - ('pf_features', (-1, 7, 32))
 - ('pf_vectors', (-1, 4, 32))
 - ('pf_mask', (-1, 1, 32))[0m
[2026-03-07 07:39:07,294] INFO: [0;37mpreprocess_params:
 - ('part_deta', {'length': 32, 'pad_mode': 'wrap', 'center': None, 'scale': 1, 'min': -5, 'max': 5, 'pad_value': 0})
 - ('part_dphi', {'length': 32, 'pad_mode': 'wrap', 'center': None, 'scale': 1, 'min': -5, 'max': 5, 'pad_value': 0})
 - ('part_pt_log', {'length': 32, 'pad_mode': 'wrap', 'center': 1.7, 'scale': 0.7, 'min': -5, 'max': 5, 'pad_value': 0})
 - ('part_e_log', {'length': 32, 'pad_mode': 'wrap', 'center': 2.0, 'scale': 0.7, 'min': -5, 'max': 5, 'pad_value': 0})
 - ('part_logptrel', {'length': 32, 'pad_mode': 'wrap', 'center': -4.7, 'scale': 0.7, 'min': -5, 'max': 5, 'pad_value': 0})
 - ('part_logerel', {'length': 32, 'pad_mode': 'wrap', 'center': -4.7, 'scale': 0.7, 'min': -5, 'max': 5, 'pad_value': 0})
 - ('part_deltaR', {'length': 32, 'pad_mode': 'wrap', 'center': 0.2, 'scale': 4.0, 'min': -5, 'max': 5, 'pad_value': 0})
 - ('part_px', {'length': 32, 'pad_mode': 'wrap', 'center': None, 'scale': 1, 'min': -5, 'max': 5, 'pad_value': 0})
 - ('part_py', {'length': 32, 'pad_mode': 'wrap', 'center': None, 'scale': 1, 'min': -5, 'max': 5, 'pad_value': 0})
 - ('part_pz', {'length': 32, 'pad_mode': 'wrap', 'center': None, 'scale': 1, 'min': -5, 'max': 5, 'pad_value': 0})
 - ('part_energy', {'length': 32, 'pad_mode': 'wrap', 'center': None, 'scale': 1, 'min': -5, 'max': 5, 'pad_value': 0})
 - ('part_mask', {'length': 32, 'pad_mode': 'constant', 'center': None, 'scale': 1, 'min': -5, 'max': 5, 'pad_value': 0})[0m
[2026-03-07 07:39:07,294] INFO: [0;37mlabel_names: ('_label_',)[0m
[2026-03-07 07:39:07,294] INFO: [0;37mobserver_names: ('jet_pt', 'jet_eta', 'jet_phi', 'jet_energy', 'jet_nparticles', 'jet_sdmass', 'jet_tau1', 'jet_tau2', 'jet_tau3', 'jet_tau4')[0m
[2026-03-07 07:39:07,294] INFO: [0;37mmonitor_variables: ()[0m
[2026-03-07 07:39:07,294] INFO: Tester Initialized
[2026-03-07 07:39:07,295] INFO: Starting!
[2026-03-07 07:39:07,296] INFO: Restarted DataIter test_HToGG, load_range=(0, 0.01), file_list:
{
  "HToGG": [
    "/home/alang/ppCodes/part_gp/datasets/JetClass/Pythia/test_20M/HToGG_100.root",
    "/home/alang/ppCodes/part_gp/datasets/JetClass/Pythia/test_20M/HToGG_101.root",
    "/home/alang/ppCodes/part_gp/datasets/JetClass/Pythia/test_20M/HToGG_102.root",
    "/home/alang/ppCodes/part_gp/datasets/JetClass/Pythia/test_20M/HToGG_103.root",
    "/home/alang/ppCodes/part_gp/datasets/JetClass/Pythia/test_20M/HToGG_104.root",
    "/home/alang/ppCodes/part_gp/datasets/JetClass/Pythia/test_20M/HToGG_105.root",
    "/home/alang/ppCodes/part_gp/datasets/JetClass/Pythia/test_20M/HToGG_106.root",
    "/home/alang/ppCodes/part_gp/datasets/JetClass/Pythia/test_20M/HToGG_107.root",
    "/home/alang/ppCodes/part_gp/datasets/JetClass/Pythia/test_20M/HToGG_108.root",
    "/home/alang/ppCodes/part_gp/datasets/JetClass/Pythia/test_20M/HToGG_109.root",
    "/home/alang/ppCodes/part_gp/datasets/JetClass/Pythia/test_20M/HToGG_110.root",
    "/home/alang/ppCodes/part_gp/datasets/JetClass/Pythia/test_20M/HToGG_111.root",
    "/home/alang/ppCodes/part_gp/datasets/JetClass/Pythia/test_20M/HToGG_112.root",
    "/home/alang/ppCodes/part_gp/datasets/JetClass/Pythia/test_20M/HToGG_113.root",
    "/home/alang/ppCodes/part_gp/datasets/JetClass/Pythia/test_20M/HToGG_114.root",
    "/home/alang/ppCodes/part_gp/datasets/JetClass/Pythia/test_20M/HToGG_115.root",
    "/home/alang/ppCodes/part_gp/datasets/JetClass/Pythia/test_20M/HToGG_116.root",
    "/home/alang/ppCodes/part_gp/datasets/JetClass/Pythia/test_20M/HToGG_117.root",
    "/home/alang/ppCodes/part_gp/datasets/JetClass/Pythia/test_20M/HToGG_118.root",
    "/home/alang/ppCodes/part_gp/datasets/JetClass/Pythia/test_20M/HToGG_119.root"
  ]
}
[2026-03-07 07:39:25,482] INFO: Restarted DataIter test_ZJetsToNuNu, load_range=(0, 0.01), file_list:
{
  "ZJetsToNuNu": [
    "/home/alang/ppCodes/part_gp/datasets/JetClass/Pythia/test_20M/ZJetsToNuNu_100.root",
    "/home/alang/ppCodes/part_gp/datasets/JetClass/Pythia/test_20M/ZJetsToNuNu_101.root",
    "/home/alang/ppCodes/part_gp/datasets/JetClass/Pythia/test_20M/ZJetsToNuNu_102.root",
    "/home/alang/ppCodes/part_gp/datasets/JetClass/Pythia/test_20M/ZJetsToNuNu_103.root",
    "/home/alang/ppCodes/part_gp/datasets/JetClass/Pythia/test_20M/ZJetsToNuNu_104.root",
    "/home/alang/ppCodes/part_gp/datasets/JetClass/Pythia/test_20M/ZJetsToNuNu_105.root",
    "/home/alang/ppCodes/part_gp/datasets/JetClass/Pythia/test_20M/ZJetsToNuNu_106.root",
    "/home/alang/ppCodes/part_gp/datasets/JetClass/Pythia/test_20M/ZJetsToNuNu_107.root",
    "/home/alang/ppCodes/part_gp/datasets/JetClass/Pythia/test_20M/ZJetsToNuNu_108.root",
    "/home/alang/ppCodes/part_gp/datasets/JetClass/Pythia/test_20M/ZJetsToNuNu_109.root",
    "/home/alang/ppCodes/part_gp/datasets/JetClass/Pythia/test_20M/ZJetsToNuNu_110.root",
    "/home/alang/ppCodes/part_gp/datasets/JetClass/Pythia/test_20M/ZJetsToNuNu_111.root",
    "/home/alang/ppCodes/part_gp/datasets/JetClass/Pythia/test_20M/ZJetsToNuNu_112.root",
    "/home/alang/ppCodes/part_gp/datasets/JetClass/Pythia/test_20M/ZJetsToNuNu_113.root",
    "/home/alang/ppCodes/part_gp/datasets/JetClass/Pythia/test_20M/ZJetsToNuNu_114.root",
    "/home/alang/ppCodes/part_gp/datasets/JetClass/Pythia/test_20M/ZJetsToNuNu_115.root",
    "/home/alang/ppCodes/part_gp/datasets/JetClass/Pythia/test_20M/ZJetsToNuNu_116.root",
    "/home/alang/ppCodes/part_gp/datasets/JetClass/Pythia/test_20M/ZJetsToNuNu_117.root",
    "/home/alang/ppCodes/part_gp/datasets/JetClass/Pythia/test_20M/ZJetsToNuNu_118.root",
    "/home/alang/ppCodes/part_gp/datasets/JetClass/Pythia/test_20M/ZJetsToNuNu_119.root"
  ]
}
[2026-03-07 07:39:43,617] INFO: Commencing Model Testing
[2026-03-07 07:39:43,666] INFO: Test Dict:
{ 'classification': defaultdict(<class 'list'>,
                                { 'avg_accuracy': [0.81995],
                                  'cce_loss': [0.41110700515442267],
                                  'confusion_matrix': array([[14832,  5168],
       [ 2034, 17966]]),
                                  'fpr': array([0.    , 0.    , 0.    , ..., 0.9731, 0.9731, 1.    ]),
                                  'roc_auc': [0.8987672349999999],
                                  'tpr': array([0.0000e+00, 5.0000e-05, 1.9500e-03, ..., 9.9995e-01, 1.0000e+00,
       1.0000e+00])}),
  'complexity': defaultdict(<class 'list'>, {'num_params': [3]}),
  'faithfulness': defaultdict(<class 'list'>, {}),
  'inputs': defaultdict(<class 'list'>, {}),
  'interpretability': defaultdict(<class 'list'>, {}),
  'preds': defaultdict(<class 'list'>,
                       { 'labels': array([1, 1, 1, ..., 0, 0, 0]),
                         'logits': array([[-0.8516293 ,  1.6358823 ],
       [-1.616266  ,  2.0558355 ],
       [-1.0266324 ,  1.5233271 ],
       ...,
       [ 5.9093437 , -3.6934738 ],
       [ 3.564828  , -2.3433843 ],
       [ 0.86415726, -0.20821363]], dtype=float32),
                         'probs': array([[7.6738313e-02, 9.2326170e-01],
       [2.4792684e-02, 9.7520739e-01],
       [7.2429188e-02, 9.2757082e-01],
       ...,
       [9.9993241e-01, 6.7533612e-05],
       [9.9729037e-01, 2.7096777e-03],
       [7.4504757e-01, 2.5495249e-01]], dtype=float32)}),
  'robustness': defaultdict(<class 'list'>, {})}
[2026-03-07 07:39:43,668] INFO: Elapsed time: 28361.97 seconds
