[2026-03-04 08:26:53,766] INFO: Started!
[2026-03-04 08:26:53,766] INFO: args:
 - ('comp', 'SR')
 - ('data_train', ['TTBar:/home/alang/ppCodes/part_gp/datasets/JetClass/Pythia/train_100M/TTBar_*.root', 'ZJetsToNuNu:/home/alang/ppCodes/part_gp/datasets/JetClass/Pythia/train_100M/ZJetsToNuNu_*.root'])
 - ('data_val', ['TTBar:/home/alang/ppCodes/part_gp/datasets/JetClass/Pythia/val_5M/TTBar_*.root', 'ZJetsToNuNu:/home/alang/ppCodes/part_gp/datasets/JetClass/Pythia/val_5M/ZJetsToNuNu_*.root'])
 - ('data_test', ['TTBar:/home/alang/ppCodes/part_gp/datasets/JetClass/Pythia/test_20M/TTBar_*.root', 'ZJetsToNuNu:/home/alang/ppCodes/part_gp/datasets/JetClass/Pythia/test_20M/ZJetsToNuNu_*.root'])
 - ('data_config', '/home/alang/ppCodes/part_gp/data_config/JetClass/JetClass_TTBar.yaml')
 - ('data_fraction', 0.01)
 - ('file_fraction', 1.0)
 - ('batch_size', 64)
 - ('num_epochs', 5)
 - ('num_workers', 0)
 - ('optimizer', 'ranger')
 - ('optimizer_option', [])
 - ('start_lr', 0.001)
 - ('final_lr', 0.001)
 - ('lr_scheduler', 'flat+decay')
 - ('model_network', '/home/alang/ppCodes/part_gp/wrappers/resnet.py')
 - ('model_path', '/home/alang/ppCodes/part_gp/outputs/models/TTBar/ResNet/ResNet_M9-RESNETKD_KD_PELICAN_3_epoch-4_state.pt')
 - ('model_prefix', None)
 - ('log', '/home/alang/ppCodes/part_gp/outputs/logs/TTBar/Surrogate_M10-SRRESNET_SR_20260304_082640.log')
 - ('metrics_prefix', None)
 - ('figures_prefix', None)
 - ('teacher_network', None)
 - ('teacher_path', None)
 - ('teacher_prefix', None)
 - ('kd_temp', 1)
 - ('kd_anneal', False)
 - ('kd_weight', 1)
 - ('dr_method', 'encoder')
 - ('dr_network', '/home/alang/ppCodes/part_gp/wrappers/vae.py')
 - ('dr_path', '/home/alang/ppCodes/part_gp/outputs/models/TTBar/BVAE/BVAE_M6-BVAE_DR_epoch-4_state.pt')
 - ('alpha', 1.0)
 - ('beta', 4.0)
 - ('gamma', 1.0)
 - ('kl_anneal', False)
 - ('svae_weight', 1.0)
 - ('bit_size', None)
 - ('sr_prefix', '/home/alang/ppCodes/part_gp/outputs/sr_runs/TTBar/Surrogate/Surrogate_M10-SRRESNET_ResNet_BVAE_SR')
 - ('max_size', 40)
 - ('n_iterations', 4560)
 - ('n_populations', 48)
 - ('population_size', 27)
 - ('iteration_cycles', 1520)
 - ('weight_optimize', 0.001)
 - ('parsimony', 0.01)
 - ('sr_loss', 'HuberLoss(1.35)')
 - ('binary_operators', ['+', '-', '*', '/', '^'])
 - ('unary_operators', ['sqrt', 'tanh', 'sin'])
 - ('constraints', {'^': (-1, 1)})
 - ('nested_constraints', {'*': {'tanh': 2}, 'tanh': {'tanh': 0, '^': 1, 'sin': 1}, 'sin': {'sin': 0}})
 - ('sr_annealing', True)
 - ('sr_batching', True)
[2026-03-04 08:26:53,771] INFO: Using 200 files for training, range: (0, 1)
[2026-03-04 08:26:53,771] INFO: Using 10 files for validation, range: (0, 1)
[2026-03-04 08:26:53,777] INFO: [0;37mpreprocess config: {'method': 'manual', 'data_fraction': 0.5, 'params': None}[0m
[2026-03-04 08:26:53,777] INFO: [0;37mselection: None[0m
[2026-03-04 08:26:53,778] INFO: [0;37mtest_time_selection: None[0m
[2026-03-04 08:26:53,778] INFO: [0;37mvar_funcs:
 - ('part_mask', 'ak.ones_like(part_energy)')
 - ('part_pt', 'np.hypot(part_px, part_py)')
 - ('part_pt_log', 'np.log(part_pt)')
 - ('part_e_log', 'np.log(part_energy)')
 - ('part_logptrel', 'np.log(part_pt/jet_pt)')
 - ('part_logerel', 'np.log(part_energy/jet_energy)')
 - ('part_deltaR', 'np.hypot(part_deta, part_dphi)')
 - ('_label_', 'np.argmax(np.stack([ak.to_numpy(label_QCD),ak.to_numpy(label_Tbqq)], axis=1), axis=1)')
 - ('_labelcheck_', 'np.sum(np.stack([ak.to_numpy(label_QCD),ak.to_numpy(label_Tbqq)], axis=1), axis=1)')[0m
[2026-03-04 08:26:53,778] INFO: [0;37minput_names: ('pf_points', 'pf_features', 'pf_vectors', 'pf_mask')[0m
[2026-03-04 08:26:53,778] INFO: [0;37minput_dicts:
 - ('pf_points', ['part_deta', 'part_dphi'])
 - ('pf_features', ['part_pt_log', 'part_e_log', 'part_logptrel', 'part_logerel', 'part_deltaR', 'part_deta', 'part_dphi'])
 - ('pf_vectors', ['part_px', 'part_py', 'part_pz', 'part_energy'])
 - ('pf_mask', ['part_mask'])[0m
[2026-03-04 08:26:53,778] INFO: [0;37minput_shapes:
 - ('pf_points', (-1, 2, 32))
 - ('pf_features', (-1, 7, 32))
 - ('pf_vectors', (-1, 4, 32))
 - ('pf_mask', (-1, 1, 32))[0m
[2026-03-04 08:26:53,778] INFO: [0;37mpreprocess_params:
 - ('part_deta', {'length': 32, 'pad_mode': 'wrap', 'center': None, 'scale': 1, 'min': -5, 'max': 5, 'pad_value': 0})
 - ('part_dphi', {'length': 32, 'pad_mode': 'wrap', 'center': None, 'scale': 1, 'min': -5, 'max': 5, 'pad_value': 0})
 - ('part_pt_log', {'length': 32, 'pad_mode': 'wrap', 'center': 1.7, 'scale': 0.7, 'min': -5, 'max': 5, 'pad_value': 0})
 - ('part_e_log', {'length': 32, 'pad_mode': 'wrap', 'center': 2.0, 'scale': 0.7, 'min': -5, 'max': 5, 'pad_value': 0})
 - ('part_logptrel', {'length': 32, 'pad_mode': 'wrap', 'center': -4.7, 'scale': 0.7, 'min': -5, 'max': 5, 'pad_value': 0})
 - ('part_logerel', {'length': 32, 'pad_mode': 'wrap', 'center': -4.7, 'scale': 0.7, 'min': -5, 'max': 5, 'pad_value': 0})
 - ('part_deltaR', {'length': 32, 'pad_mode': 'wrap', 'center': 0.2, 'scale': 4.0, 'min': -5, 'max': 5, 'pad_value': 0})
 - ('part_px', {'length': 32, 'pad_mode': 'wrap', 'center': None, 'scale': 1, 'min': -5, 'max': 5, 'pad_value': 0})
 - ('part_py', {'length': 32, 'pad_mode': 'wrap', 'center': None, 'scale': 1, 'min': -5, 'max': 5, 'pad_value': 0})
 - ('part_pz', {'length': 32, 'pad_mode': 'wrap', 'center': None, 'scale': 1, 'min': -5, 'max': 5, 'pad_value': 0})
 - ('part_energy', {'length': 32, 'pad_mode': 'wrap', 'center': None, 'scale': 1, 'min': -5, 'max': 5, 'pad_value': 0})
 - ('part_mask', {'length': 32, 'pad_mode': 'constant', 'center': None, 'scale': 1, 'min': -5, 'max': 5, 'pad_value': 0})[0m
[2026-03-04 08:26:53,778] INFO: [0;37mlabel_names: ('_label_',)[0m
[2026-03-04 08:26:53,778] INFO: [0;37mobserver_names: ('jet_pt', 'jet_eta', 'jet_phi', 'jet_energy', 'jet_nparticles', 'jet_sdmass', 'jet_tau1', 'jet_tau2', 'jet_tau3', 'jet_tau4')[0m
[2026-03-04 08:26:53,778] INFO: [0;37mmonitor_variables: ()[0m
[2026-03-04 08:26:53,783] INFO: [0;37mpreprocess config: {'method': 'manual', 'data_fraction': 0.5, 'params': None}[0m
[2026-03-04 08:26:53,783] INFO: [0;37mselection: None[0m
[2026-03-04 08:26:53,783] INFO: [0;37mtest_time_selection: None[0m
[2026-03-04 08:26:53,783] INFO: [0;37mvar_funcs:
 - ('part_mask', 'ak.ones_like(part_energy)')
 - ('part_pt', 'np.hypot(part_px, part_py)')
 - ('part_pt_log', 'np.log(part_pt)')
 - ('part_e_log', 'np.log(part_energy)')
 - ('part_logptrel', 'np.log(part_pt/jet_pt)')
 - ('part_logerel', 'np.log(part_energy/jet_energy)')
 - ('part_deltaR', 'np.hypot(part_deta, part_dphi)')
 - ('_label_', 'np.argmax(np.stack([ak.to_numpy(label_QCD),ak.to_numpy(label_Tbqq)], axis=1), axis=1)')
 - ('_labelcheck_', 'np.sum(np.stack([ak.to_numpy(label_QCD),ak.to_numpy(label_Tbqq)], axis=1), axis=1)')[0m
[2026-03-04 08:26:53,783] INFO: [0;37minput_names: ('pf_points', 'pf_features', 'pf_vectors', 'pf_mask')[0m
[2026-03-04 08:26:53,783] INFO: [0;37minput_dicts:
 - ('pf_points', ['part_deta', 'part_dphi'])
 - ('pf_features', ['part_pt_log', 'part_e_log', 'part_logptrel', 'part_logerel', 'part_deltaR', 'part_deta', 'part_dphi'])
 - ('pf_vectors', ['part_px', 'part_py', 'part_pz', 'part_energy'])
 - ('pf_mask', ['part_mask'])[0m
[2026-03-04 08:26:53,783] INFO: [0;37minput_shapes:
 - ('pf_points', (-1, 2, 32))
 - ('pf_features', (-1, 7, 32))
 - ('pf_vectors', (-1, 4, 32))
 - ('pf_mask', (-1, 1, 32))[0m
[2026-03-04 08:26:53,783] INFO: [0;37mpreprocess_params:
 - ('part_deta', {'length': 32, 'pad_mode': 'wrap', 'center': None, 'scale': 1, 'min': -5, 'max': 5, 'pad_value': 0})
 - ('part_dphi', {'length': 32, 'pad_mode': 'wrap', 'center': None, 'scale': 1, 'min': -5, 'max': 5, 'pad_value': 0})
 - ('part_pt_log', {'length': 32, 'pad_mode': 'wrap', 'center': 1.7, 'scale': 0.7, 'min': -5, 'max': 5, 'pad_value': 0})
 - ('part_e_log', {'length': 32, 'pad_mode': 'wrap', 'center': 2.0, 'scale': 0.7, 'min': -5, 'max': 5, 'pad_value': 0})
 - ('part_logptrel', {'length': 32, 'pad_mode': 'wrap', 'center': -4.7, 'scale': 0.7, 'min': -5, 'max': 5, 'pad_value': 0})
 - ('part_logerel', {'length': 32, 'pad_mode': 'wrap', 'center': -4.7, 'scale': 0.7, 'min': -5, 'max': 5, 'pad_value': 0})
 - ('part_deltaR', {'length': 32, 'pad_mode': 'wrap', 'center': 0.2, 'scale': 4.0, 'min': -5, 'max': 5, 'pad_value': 0})
 - ('part_px', {'length': 32, 'pad_mode': 'wrap', 'center': None, 'scale': 1, 'min': -5, 'max': 5, 'pad_value': 0})
 - ('part_py', {'length': 32, 'pad_mode': 'wrap', 'center': None, 'scale': 1, 'min': -5, 'max': 5, 'pad_value': 0})
 - ('part_pz', {'length': 32, 'pad_mode': 'wrap', 'center': None, 'scale': 1, 'min': -5, 'max': 5, 'pad_value': 0})
 - ('part_energy', {'length': 32, 'pad_mode': 'wrap', 'center': None, 'scale': 1, 'min': -5, 'max': 5, 'pad_value': 0})
 - ('part_mask', {'length': 32, 'pad_mode': 'constant', 'center': None, 'scale': 1, 'min': -5, 'max': 5, 'pad_value': 0})[0m
[2026-03-04 08:26:53,783] INFO: [0;37mlabel_names: ('_label_',)[0m
[2026-03-04 08:26:53,783] INFO: [0;37mobserver_names: ()[0m
[2026-03-04 08:26:53,783] INFO: [0;37mmonitor_variables: ()[0m
[2026-03-04 08:26:53,788] INFO: [0;37mpreprocess config: {'method': 'manual', 'data_fraction': 0.5, 'params': None}[0m
[2026-03-04 08:26:53,788] INFO: [0;37mselection: None[0m
[2026-03-04 08:26:53,788] INFO: [0;37mtest_time_selection: None[0m
[2026-03-04 08:26:53,788] INFO: [0;37mvar_funcs:
 - ('part_mask', 'ak.ones_like(part_energy)')
 - ('part_pt', 'np.hypot(part_px, part_py)')
 - ('part_pt_log', 'np.log(part_pt)')
 - ('part_e_log', 'np.log(part_energy)')
 - ('part_logptrel', 'np.log(part_pt/jet_pt)')
 - ('part_logerel', 'np.log(part_energy/jet_energy)')
 - ('part_deltaR', 'np.hypot(part_deta, part_dphi)')
 - ('_label_', 'np.argmax(np.stack([ak.to_numpy(label_QCD),ak.to_numpy(label_Tbqq)], axis=1), axis=1)')
 - ('_labelcheck_', 'np.sum(np.stack([ak.to_numpy(label_QCD),ak.to_numpy(label_Tbqq)], axis=1), axis=1)')[0m
[2026-03-04 08:26:53,788] INFO: [0;37minput_names: ('pf_points', 'pf_features', 'pf_vectors', 'pf_mask')[0m
[2026-03-04 08:26:53,788] INFO: [0;37minput_dicts:
 - ('pf_points', ['part_deta', 'part_dphi'])
 - ('pf_features', ['part_pt_log', 'part_e_log', 'part_logptrel', 'part_logerel', 'part_deltaR', 'part_deta', 'part_dphi'])
 - ('pf_vectors', ['part_px', 'part_py', 'part_pz', 'part_energy'])
 - ('pf_mask', ['part_mask'])[0m
[2026-03-04 08:26:53,788] INFO: [0;37minput_shapes:
 - ('pf_points', (-1, 2, 32))
 - ('pf_features', (-1, 7, 32))
 - ('pf_vectors', (-1, 4, 32))
 - ('pf_mask', (-1, 1, 32))[0m
[2026-03-04 08:26:53,788] INFO: [0;37mpreprocess_params:
 - ('part_deta', {'length': 32, 'pad_mode': 'wrap', 'center': None, 'scale': 1, 'min': -5, 'max': 5, 'pad_value': 0})
 - ('part_dphi', {'length': 32, 'pad_mode': 'wrap', 'center': None, 'scale': 1, 'min': -5, 'max': 5, 'pad_value': 0})
 - ('part_pt_log', {'length': 32, 'pad_mode': 'wrap', 'center': 1.7, 'scale': 0.7, 'min': -5, 'max': 5, 'pad_value': 0})
 - ('part_e_log', {'length': 32, 'pad_mode': 'wrap', 'center': 2.0, 'scale': 0.7, 'min': -5, 'max': 5, 'pad_value': 0})
 - ('part_logptrel', {'length': 32, 'pad_mode': 'wrap', 'center': -4.7, 'scale': 0.7, 'min': -5, 'max': 5, 'pad_value': 0})
 - ('part_logerel', {'length': 32, 'pad_mode': 'wrap', 'center': -4.7, 'scale': 0.7, 'min': -5, 'max': 5, 'pad_value': 0})
 - ('part_deltaR', {'length': 32, 'pad_mode': 'wrap', 'center': 0.2, 'scale': 4.0, 'min': -5, 'max': 5, 'pad_value': 0})
 - ('part_px', {'length': 32, 'pad_mode': 'wrap', 'center': None, 'scale': 1, 'min': -5, 'max': 5, 'pad_value': 0})
 - ('part_py', {'length': 32, 'pad_mode': 'wrap', 'center': None, 'scale': 1, 'min': -5, 'max': 5, 'pad_value': 0})
 - ('part_pz', {'length': 32, 'pad_mode': 'wrap', 'center': None, 'scale': 1, 'min': -5, 'max': 5, 'pad_value': 0})
 - ('part_energy', {'length': 32, 'pad_mode': 'wrap', 'center': None, 'scale': 1, 'min': -5, 'max': 5, 'pad_value': 0})
 - ('part_mask', {'length': 32, 'pad_mode': 'constant', 'center': None, 'scale': 1, 'min': -5, 'max': 5, 'pad_value': 0})[0m
[2026-03-04 08:26:53,788] INFO: [0;37mlabel_names: ('_label_',)[0m
[2026-03-04 08:26:53,789] INFO: [0;37mobserver_names: ('jet_pt', 'jet_eta', 'jet_phi', 'jet_energy', 'jet_nparticles', 'jet_sdmass', 'jet_tau1', 'jet_tau2', 'jet_tau3', 'jet_tau4')[0m
[2026-03-04 08:26:53,789] INFO: [0;37mmonitor_variables: ()[0m
[2026-03-04 08:26:53,793] INFO: [0;37mpreprocess config: {'method': 'manual', 'data_fraction': 0.5, 'params': None}[0m
[2026-03-04 08:26:53,793] INFO: [0;37mselection: None[0m
[2026-03-04 08:26:53,793] INFO: [0;37mtest_time_selection: None[0m
[2026-03-04 08:26:53,793] INFO: [0;37mvar_funcs:
 - ('part_mask', 'ak.ones_like(part_energy)')
 - ('part_pt', 'np.hypot(part_px, part_py)')
 - ('part_pt_log', 'np.log(part_pt)')
 - ('part_e_log', 'np.log(part_energy)')
 - ('part_logptrel', 'np.log(part_pt/jet_pt)')
 - ('part_logerel', 'np.log(part_energy/jet_energy)')
 - ('part_deltaR', 'np.hypot(part_deta, part_dphi)')
 - ('_label_', 'np.argmax(np.stack([ak.to_numpy(label_QCD),ak.to_numpy(label_Tbqq)], axis=1), axis=1)')
 - ('_labelcheck_', 'np.sum(np.stack([ak.to_numpy(label_QCD),ak.to_numpy(label_Tbqq)], axis=1), axis=1)')[0m
[2026-03-04 08:26:53,793] INFO: [0;37minput_names: ('pf_points', 'pf_features', 'pf_vectors', 'pf_mask')[0m
[2026-03-04 08:26:53,794] INFO: [0;37minput_dicts:
 - ('pf_points', ['part_deta', 'part_dphi'])
 - ('pf_features', ['part_pt_log', 'part_e_log', 'part_logptrel', 'part_logerel', 'part_deltaR', 'part_deta', 'part_dphi'])
 - ('pf_vectors', ['part_px', 'part_py', 'part_pz', 'part_energy'])
 - ('pf_mask', ['part_mask'])[0m
[2026-03-04 08:26:53,794] INFO: [0;37minput_shapes:
 - ('pf_points', (-1, 2, 32))
 - ('pf_features', (-1, 7, 32))
 - ('pf_vectors', (-1, 4, 32))
 - ('pf_mask', (-1, 1, 32))[0m
[2026-03-04 08:26:53,794] INFO: [0;37mpreprocess_params:
 - ('part_deta', {'length': 32, 'pad_mode': 'wrap', 'center': None, 'scale': 1, 'min': -5, 'max': 5, 'pad_value': 0})
 - ('part_dphi', {'length': 32, 'pad_mode': 'wrap', 'center': None, 'scale': 1, 'min': -5, 'max': 5, 'pad_value': 0})
 - ('part_pt_log', {'length': 32, 'pad_mode': 'wrap', 'center': 1.7, 'scale': 0.7, 'min': -5, 'max': 5, 'pad_value': 0})
 - ('part_e_log', {'length': 32, 'pad_mode': 'wrap', 'center': 2.0, 'scale': 0.7, 'min': -5, 'max': 5, 'pad_value': 0})
 - ('part_logptrel', {'length': 32, 'pad_mode': 'wrap', 'center': -4.7, 'scale': 0.7, 'min': -5, 'max': 5, 'pad_value': 0})
 - ('part_logerel', {'length': 32, 'pad_mode': 'wrap', 'center': -4.7, 'scale': 0.7, 'min': -5, 'max': 5, 'pad_value': 0})
 - ('part_deltaR', {'length': 32, 'pad_mode': 'wrap', 'center': 0.2, 'scale': 4.0, 'min': -5, 'max': 5, 'pad_value': 0})
 - ('part_px', {'length': 32, 'pad_mode': 'wrap', 'center': None, 'scale': 1, 'min': -5, 'max': 5, 'pad_value': 0})
 - ('part_py', {'length': 32, 'pad_mode': 'wrap', 'center': None, 'scale': 1, 'min': -5, 'max': 5, 'pad_value': 0})
 - ('part_pz', {'length': 32, 'pad_mode': 'wrap', 'center': None, 'scale': 1, 'min': -5, 'max': 5, 'pad_value': 0})
 - ('part_energy', {'length': 32, 'pad_mode': 'wrap', 'center': None, 'scale': 1, 'min': -5, 'max': 5, 'pad_value': 0})
 - ('part_mask', {'length': 32, 'pad_mode': 'constant', 'center': None, 'scale': 1, 'min': -5, 'max': 5, 'pad_value': 0})[0m
[2026-03-04 08:26:53,794] INFO: [0;37mlabel_names: ('_label_',)[0m
[2026-03-04 08:26:53,794] INFO: [0;37mobserver_names: ()[0m
[2026-03-04 08:26:53,794] INFO: [0;37mmonitor_variables: ()[0m
[2026-03-04 08:26:53,799] INFO: [0;37mpreprocess config: {'method': 'manual', 'data_fraction': 0.5, 'params': None}[0m
[2026-03-04 08:26:53,799] INFO: [0;37mselection: None[0m
[2026-03-04 08:26:53,799] INFO: [0;37mtest_time_selection: None[0m
[2026-03-04 08:26:53,799] INFO: [0;37mvar_funcs:
 - ('part_mask', 'ak.ones_like(part_energy)')
 - ('part_pt', 'np.hypot(part_px, part_py)')
 - ('part_pt_log', 'np.log(part_pt)')
 - ('part_e_log', 'np.log(part_energy)')
 - ('part_logptrel', 'np.log(part_pt/jet_pt)')
 - ('part_logerel', 'np.log(part_energy/jet_energy)')
 - ('part_deltaR', 'np.hypot(part_deta, part_dphi)')
 - ('_label_', 'np.argmax(np.stack([ak.to_numpy(label_QCD),ak.to_numpy(label_Tbqq)], axis=1), axis=1)')
 - ('_labelcheck_', 'np.sum(np.stack([ak.to_numpy(label_QCD),ak.to_numpy(label_Tbqq)], axis=1), axis=1)')[0m
[2026-03-04 08:26:53,799] INFO: [0;37minput_names: ('pf_points', 'pf_features', 'pf_vectors', 'pf_mask')[0m
[2026-03-04 08:26:53,799] INFO: [0;37minput_dicts:
 - ('pf_points', ['part_deta', 'part_dphi'])
 - ('pf_features', ['part_pt_log', 'part_e_log', 'part_logptrel', 'part_logerel', 'part_deltaR', 'part_deta', 'part_dphi'])
 - ('pf_vectors', ['part_px', 'part_py', 'part_pz', 'part_energy'])
 - ('pf_mask', ['part_mask'])[0m
[2026-03-04 08:26:53,799] INFO: [0;37minput_shapes:
 - ('pf_points', (-1, 2, 32))
 - ('pf_features', (-1, 7, 32))
 - ('pf_vectors', (-1, 4, 32))
 - ('pf_mask', (-1, 1, 32))[0m
[2026-03-04 08:26:53,799] INFO: [0;37mpreprocess_params:
 - ('part_deta', {'length': 32, 'pad_mode': 'wrap', 'center': None, 'scale': 1, 'min': -5, 'max': 5, 'pad_value': 0})
 - ('part_dphi', {'length': 32, 'pad_mode': 'wrap', 'center': None, 'scale': 1, 'min': -5, 'max': 5, 'pad_value': 0})
 - ('part_pt_log', {'length': 32, 'pad_mode': 'wrap', 'center': 1.7, 'scale': 0.7, 'min': -5, 'max': 5, 'pad_value': 0})
 - ('part_e_log', {'length': 32, 'pad_mode': 'wrap', 'center': 2.0, 'scale': 0.7, 'min': -5, 'max': 5, 'pad_value': 0})
 - ('part_logptrel', {'length': 32, 'pad_mode': 'wrap', 'center': -4.7, 'scale': 0.7, 'min': -5, 'max': 5, 'pad_value': 0})
 - ('part_logerel', {'length': 32, 'pad_mode': 'wrap', 'center': -4.7, 'scale': 0.7, 'min': -5, 'max': 5, 'pad_value': 0})
 - ('part_deltaR', {'length': 32, 'pad_mode': 'wrap', 'center': 0.2, 'scale': 4.0, 'min': -5, 'max': 5, 'pad_value': 0})
 - ('part_px', {'length': 32, 'pad_mode': 'wrap', 'center': None, 'scale': 1, 'min': -5, 'max': 5, 'pad_value': 0})
 - ('part_py', {'length': 32, 'pad_mode': 'wrap', 'center': None, 'scale': 1, 'min': -5, 'max': 5, 'pad_value': 0})
 - ('part_pz', {'length': 32, 'pad_mode': 'wrap', 'center': None, 'scale': 1, 'min': -5, 'max': 5, 'pad_value': 0})
 - ('part_energy', {'length': 32, 'pad_mode': 'wrap', 'center': None, 'scale': 1, 'min': -5, 'max': 5, 'pad_value': 0})
 - ('part_mask', {'length': 32, 'pad_mode': 'constant', 'center': None, 'scale': 1, 'min': -5, 'max': 5, 'pad_value': 0})[0m
[2026-03-04 08:26:53,799] INFO: [0;37mlabel_names: ('_label_',)[0m
[2026-03-04 08:26:53,799] INFO: [0;37mobserver_names: ('jet_pt', 'jet_eta', 'jet_phi', 'jet_energy', 'jet_nparticles', 'jet_sdmass', 'jet_tau1', 'jet_tau2', 'jet_tau3', 'jet_tau4')[0m
[2026-03-04 08:26:53,799] INFO: [0;37mmonitor_variables: ()[0m
[2026-03-04 08:26:53,804] INFO: [0;37mpreprocess config: {'method': 'manual', 'data_fraction': 0.5, 'params': None}[0m
[2026-03-04 08:26:53,804] INFO: [0;37mselection: None[0m
[2026-03-04 08:26:53,804] INFO: [0;37mtest_time_selection: None[0m
[2026-03-04 08:26:53,804] INFO: [0;37mvar_funcs:
 - ('part_mask', 'ak.ones_like(part_energy)')
 - ('part_pt', 'np.hypot(part_px, part_py)')
 - ('part_pt_log', 'np.log(part_pt)')
 - ('part_e_log', 'np.log(part_energy)')
 - ('part_logptrel', 'np.log(part_pt/jet_pt)')
 - ('part_logerel', 'np.log(part_energy/jet_energy)')
 - ('part_deltaR', 'np.hypot(part_deta, part_dphi)')
 - ('_label_', 'np.argmax(np.stack([ak.to_numpy(label_QCD),ak.to_numpy(label_Tbqq)], axis=1), axis=1)')
 - ('_labelcheck_', 'np.sum(np.stack([ak.to_numpy(label_QCD),ak.to_numpy(label_Tbqq)], axis=1), axis=1)')[0m
[2026-03-04 08:26:53,804] INFO: [0;37minput_names: ('pf_points', 'pf_features', 'pf_vectors', 'pf_mask')[0m
[2026-03-04 08:26:53,804] INFO: [0;37minput_dicts:
 - ('pf_points', ['part_deta', 'part_dphi'])
 - ('pf_features', ['part_pt_log', 'part_e_log', 'part_logptrel', 'part_logerel', 'part_deltaR', 'part_deta', 'part_dphi'])
 - ('pf_vectors', ['part_px', 'part_py', 'part_pz', 'part_energy'])
 - ('pf_mask', ['part_mask'])[0m
[2026-03-04 08:26:53,804] INFO: [0;37minput_shapes:
 - ('pf_points', (-1, 2, 32))
 - ('pf_features', (-1, 7, 32))
 - ('pf_vectors', (-1, 4, 32))
 - ('pf_mask', (-1, 1, 32))[0m
[2026-03-04 08:26:53,804] INFO: [0;37mpreprocess_params:
 - ('part_deta', {'length': 32, 'pad_mode': 'wrap', 'center': None, 'scale': 1, 'min': -5, 'max': 5, 'pad_value': 0})
 - ('part_dphi', {'length': 32, 'pad_mode': 'wrap', 'center': None, 'scale': 1, 'min': -5, 'max': 5, 'pad_value': 0})
 - ('part_pt_log', {'length': 32, 'pad_mode': 'wrap', 'center': 1.7, 'scale': 0.7, 'min': -5, 'max': 5, 'pad_value': 0})
 - ('part_e_log', {'length': 32, 'pad_mode': 'wrap', 'center': 2.0, 'scale': 0.7, 'min': -5, 'max': 5, 'pad_value': 0})
 - ('part_logptrel', {'length': 32, 'pad_mode': 'wrap', 'center': -4.7, 'scale': 0.7, 'min': -5, 'max': 5, 'pad_value': 0})
 - ('part_logerel', {'length': 32, 'pad_mode': 'wrap', 'center': -4.7, 'scale': 0.7, 'min': -5, 'max': 5, 'pad_value': 0})
 - ('part_deltaR', {'length': 32, 'pad_mode': 'wrap', 'center': 0.2, 'scale': 4.0, 'min': -5, 'max': 5, 'pad_value': 0})
 - ('part_px', {'length': 32, 'pad_mode': 'wrap', 'center': None, 'scale': 1, 'min': -5, 'max': 5, 'pad_value': 0})
 - ('part_py', {'length': 32, 'pad_mode': 'wrap', 'center': None, 'scale': 1, 'min': -5, 'max': 5, 'pad_value': 0})
 - ('part_pz', {'length': 32, 'pad_mode': 'wrap', 'center': None, 'scale': 1, 'min': -5, 'max': 5, 'pad_value': 0})
 - ('part_energy', {'length': 32, 'pad_mode': 'wrap', 'center': None, 'scale': 1, 'min': -5, 'max': 5, 'pad_value': 0})
 - ('part_mask', {'length': 32, 'pad_mode': 'constant', 'center': None, 'scale': 1, 'min': -5, 'max': 5, 'pad_value': 0})[0m
[2026-03-04 08:26:53,804] INFO: [0;37mlabel_names: ('_label_',)[0m
[2026-03-04 08:26:53,804] INFO: [0;37mobserver_names: ('jet_pt', 'jet_eta', 'jet_phi', 'jet_energy', 'jet_nparticles', 'jet_sdmass', 'jet_tau1', 'jet_tau2', 'jet_tau3', 'jet_tau4')[0m
[2026-03-04 08:26:53,805] INFO: [0;37mmonitor_variables: ()[0m
[2026-03-04 08:26:53,805] INFO: Performing Symbolic Regression
[2026-03-04 08:26:53,811] INFO: [0;37mpreprocess config: {'method': 'manual', 'data_fraction': 0.5, 'params': None}[0m
[2026-03-04 08:26:53,811] INFO: [0;37mselection: None[0m
[2026-03-04 08:26:53,811] INFO: [0;37mtest_time_selection: None[0m
[2026-03-04 08:26:53,811] INFO: [0;37mvar_funcs:
 - ('part_mask', 'ak.ones_like(part_energy)')
 - ('part_pt', 'np.hypot(part_px, part_py)')
 - ('part_pt_log', 'np.log(part_pt)')
 - ('part_e_log', 'np.log(part_energy)')
 - ('part_logptrel', 'np.log(part_pt/jet_pt)')
 - ('part_logerel', 'np.log(part_energy/jet_energy)')
 - ('part_deltaR', 'np.hypot(part_deta, part_dphi)')
 - ('_label_', 'np.argmax(np.stack([ak.to_numpy(label_QCD),ak.to_numpy(label_Tbqq)], axis=1), axis=1)')
 - ('_labelcheck_', 'np.sum(np.stack([ak.to_numpy(label_QCD),ak.to_numpy(label_Tbqq)], axis=1), axis=1)')[0m
[2026-03-04 08:26:53,811] INFO: [0;37minput_names: ('pf_points', 'pf_features', 'pf_vectors', 'pf_mask')[0m
[2026-03-04 08:26:53,811] INFO: [0;37minput_dicts:
 - ('pf_points', ['part_deta', 'part_dphi'])
 - ('pf_features', ['part_pt_log', 'part_e_log', 'part_logptrel', 'part_logerel', 'part_deltaR', 'part_deta', 'part_dphi'])
 - ('pf_vectors', ['part_px', 'part_py', 'part_pz', 'part_energy'])
 - ('pf_mask', ['part_mask'])[0m
[2026-03-04 08:26:53,811] INFO: [0;37minput_shapes:
 - ('pf_points', (-1, 2, 32))
 - ('pf_features', (-1, 7, 32))
 - ('pf_vectors', (-1, 4, 32))
 - ('pf_mask', (-1, 1, 32))[0m
[2026-03-04 08:26:53,811] INFO: [0;37mpreprocess_params:
 - ('part_deta', {'length': 32, 'pad_mode': 'wrap', 'center': None, 'scale': 1, 'min': -5, 'max': 5, 'pad_value': 0})
 - ('part_dphi', {'length': 32, 'pad_mode': 'wrap', 'center': None, 'scale': 1, 'min': -5, 'max': 5, 'pad_value': 0})
 - ('part_pt_log', {'length': 32, 'pad_mode': 'wrap', 'center': 1.7, 'scale': 0.7, 'min': -5, 'max': 5, 'pad_value': 0})
 - ('part_e_log', {'length': 32, 'pad_mode': 'wrap', 'center': 2.0, 'scale': 0.7, 'min': -5, 'max': 5, 'pad_value': 0})
 - ('part_logptrel', {'length': 32, 'pad_mode': 'wrap', 'center': -4.7, 'scale': 0.7, 'min': -5, 'max': 5, 'pad_value': 0})
 - ('part_logerel', {'length': 32, 'pad_mode': 'wrap', 'center': -4.7, 'scale': 0.7, 'min': -5, 'max': 5, 'pad_value': 0})
 - ('part_deltaR', {'length': 32, 'pad_mode': 'wrap', 'center': 0.2, 'scale': 4.0, 'min': -5, 'max': 5, 'pad_value': 0})
 - ('part_px', {'length': 32, 'pad_mode': 'wrap', 'center': None, 'scale': 1, 'min': -5, 'max': 5, 'pad_value': 0})
 - ('part_py', {'length': 32, 'pad_mode': 'wrap', 'center': None, 'scale': 1, 'min': -5, 'max': 5, 'pad_value': 0})
 - ('part_pz', {'length': 32, 'pad_mode': 'wrap', 'center': None, 'scale': 1, 'min': -5, 'max': 5, 'pad_value': 0})
 - ('part_energy', {'length': 32, 'pad_mode': 'wrap', 'center': None, 'scale': 1, 'min': -5, 'max': 5, 'pad_value': 0})
 - ('part_mask', {'length': 32, 'pad_mode': 'constant', 'center': None, 'scale': 1, 'min': -5, 'max': 5, 'pad_value': 0})[0m
[2026-03-04 08:26:53,811] INFO: [0;37mlabel_names: ('_label_',)[0m
[2026-03-04 08:26:53,811] INFO: [0;37mobserver_names: ('jet_pt', 'jet_eta', 'jet_phi', 'jet_energy', 'jet_nparticles', 'jet_sdmass', 'jet_tau1', 'jet_tau2', 'jet_tau3', 'jet_tau4')[0m
[2026-03-04 08:26:53,811] INFO: [0;37mmonitor_variables: ()[0m
[2026-03-04 08:26:53,816] INFO: [0;37mpreprocess config: {'method': 'manual', 'data_fraction': 0.5, 'params': None}[0m
[2026-03-04 08:26:53,816] INFO: [0;37mselection: None[0m
[2026-03-04 08:26:53,816] INFO: [0;37mtest_time_selection: None[0m
[2026-03-04 08:26:53,816] INFO: [0;37mvar_funcs:
 - ('part_mask', 'ak.ones_like(part_energy)')
 - ('part_pt', 'np.hypot(part_px, part_py)')
 - ('part_pt_log', 'np.log(part_pt)')
 - ('part_e_log', 'np.log(part_energy)')
 - ('part_logptrel', 'np.log(part_pt/jet_pt)')
 - ('part_logerel', 'np.log(part_energy/jet_energy)')
 - ('part_deltaR', 'np.hypot(part_deta, part_dphi)')
 - ('_label_', 'np.argmax(np.stack([ak.to_numpy(label_QCD),ak.to_numpy(label_Tbqq)], axis=1), axis=1)')
 - ('_labelcheck_', 'np.sum(np.stack([ak.to_numpy(label_QCD),ak.to_numpy(label_Tbqq)], axis=1), axis=1)')[0m
[2026-03-04 08:26:53,816] INFO: [0;37minput_names: ('pf_points', 'pf_features', 'pf_vectors', 'pf_mask')[0m
[2026-03-04 08:26:53,816] INFO: [0;37minput_dicts:
 - ('pf_points', ['part_deta', 'part_dphi'])
 - ('pf_features', ['part_pt_log', 'part_e_log', 'part_logptrel', 'part_logerel', 'part_deltaR', 'part_deta', 'part_dphi'])
 - ('pf_vectors', ['part_px', 'part_py', 'part_pz', 'part_energy'])
 - ('pf_mask', ['part_mask'])[0m
[2026-03-04 08:26:53,816] INFO: [0;37minput_shapes:
 - ('pf_points', (-1, 2, 32))
 - ('pf_features', (-1, 7, 32))
 - ('pf_vectors', (-1, 4, 32))
 - ('pf_mask', (-1, 1, 32))[0m
[2026-03-04 08:26:53,816] INFO: [0;37mpreprocess_params:
 - ('part_deta', {'length': 32, 'pad_mode': 'wrap', 'center': None, 'scale': 1, 'min': -5, 'max': 5, 'pad_value': 0})
 - ('part_dphi', {'length': 32, 'pad_mode': 'wrap', 'center': None, 'scale': 1, 'min': -5, 'max': 5, 'pad_value': 0})
 - ('part_pt_log', {'length': 32, 'pad_mode': 'wrap', 'center': 1.7, 'scale': 0.7, 'min': -5, 'max': 5, 'pad_value': 0})
 - ('part_e_log', {'length': 32, 'pad_mode': 'wrap', 'center': 2.0, 'scale': 0.7, 'min': -5, 'max': 5, 'pad_value': 0})
 - ('part_logptrel', {'length': 32, 'pad_mode': 'wrap', 'center': -4.7, 'scale': 0.7, 'min': -5, 'max': 5, 'pad_value': 0})
 - ('part_logerel', {'length': 32, 'pad_mode': 'wrap', 'center': -4.7, 'scale': 0.7, 'min': -5, 'max': 5, 'pad_value': 0})
 - ('part_deltaR', {'length': 32, 'pad_mode': 'wrap', 'center': 0.2, 'scale': 4.0, 'min': -5, 'max': 5, 'pad_value': 0})
 - ('part_px', {'length': 32, 'pad_mode': 'wrap', 'center': None, 'scale': 1, 'min': -5, 'max': 5, 'pad_value': 0})
 - ('part_py', {'length': 32, 'pad_mode': 'wrap', 'center': None, 'scale': 1, 'min': -5, 'max': 5, 'pad_value': 0})
 - ('part_pz', {'length': 32, 'pad_mode': 'wrap', 'center': None, 'scale': 1, 'min': -5, 'max': 5, 'pad_value': 0})
 - ('part_energy', {'length': 32, 'pad_mode': 'wrap', 'center': None, 'scale': 1, 'min': -5, 'max': 5, 'pad_value': 0})
 - ('part_mask', {'length': 32, 'pad_mode': 'constant', 'center': None, 'scale': 1, 'min': -5, 'max': 5, 'pad_value': 0})[0m
[2026-03-04 08:26:53,816] INFO: [0;37mlabel_names: ('_label_',)[0m
[2026-03-04 08:26:53,816] INFO: [0;37mobserver_names: ()[0m
[2026-03-04 08:26:53,816] INFO: [0;37mmonitor_variables: ()[0m
[2026-03-04 08:26:53,817] INFO: Model config: {'input_dims': 7, 'set_size': 32, 'phi_sizes': (256, 256, 256), 'fc_sizes': (256, 256, 256), 'use_bn': False, 'latent_dim': 8, 'relaxed': True, 'expander_relu': False, 'n_pieces': 20}
[2026-03-04 08:26:53,848] INFO: [0;37mpreprocess config: {'method': 'manual', 'data_fraction': 0.5, 'params': None}[0m
[2026-03-04 08:26:53,848] INFO: [0;37mselection: None[0m
[2026-03-04 08:26:53,848] INFO: [0;37mtest_time_selection: None[0m
[2026-03-04 08:26:53,848] INFO: [0;37mvar_funcs:
 - ('part_mask', 'ak.ones_like(part_energy)')
 - ('part_pt', 'np.hypot(part_px, part_py)')
 - ('part_pt_log', 'np.log(part_pt)')
 - ('part_e_log', 'np.log(part_energy)')
 - ('part_logptrel', 'np.log(part_pt/jet_pt)')
 - ('part_logerel', 'np.log(part_energy/jet_energy)')
 - ('part_deltaR', 'np.hypot(part_deta, part_dphi)')
 - ('_label_', 'np.argmax(np.stack([ak.to_numpy(label_QCD),ak.to_numpy(label_Tbqq)], axis=1), axis=1)')
 - ('_labelcheck_', 'np.sum(np.stack([ak.to_numpy(label_QCD),ak.to_numpy(label_Tbqq)], axis=1), axis=1)')[0m
[2026-03-04 08:26:53,848] INFO: [0;37minput_names: ('pf_points', 'pf_features', 'pf_vectors', 'pf_mask')[0m
[2026-03-04 08:26:53,848] INFO: [0;37minput_dicts:
 - ('pf_points', ['part_deta', 'part_dphi'])
 - ('pf_features', ['part_pt_log', 'part_e_log', 'part_logptrel', 'part_logerel', 'part_deltaR', 'part_deta', 'part_dphi'])
 - ('pf_vectors', ['part_px', 'part_py', 'part_pz', 'part_energy'])
 - ('pf_mask', ['part_mask'])[0m
[2026-03-04 08:26:53,848] INFO: [0;37minput_shapes:
 - ('pf_points', (-1, 2, 32))
 - ('pf_features', (-1, 7, 32))
 - ('pf_vectors', (-1, 4, 32))
 - ('pf_mask', (-1, 1, 32))[0m
[2026-03-04 08:26:53,848] INFO: [0;37mpreprocess_params:
 - ('part_deta', {'length': 32, 'pad_mode': 'wrap', 'center': None, 'scale': 1, 'min': -5, 'max': 5, 'pad_value': 0})
 - ('part_dphi', {'length': 32, 'pad_mode': 'wrap', 'center': None, 'scale': 1, 'min': -5, 'max': 5, 'pad_value': 0})
 - ('part_pt_log', {'length': 32, 'pad_mode': 'wrap', 'center': 1.7, 'scale': 0.7, 'min': -5, 'max': 5, 'pad_value': 0})
 - ('part_e_log', {'length': 32, 'pad_mode': 'wrap', 'center': 2.0, 'scale': 0.7, 'min': -5, 'max': 5, 'pad_value': 0})
 - ('part_logptrel', {'length': 32, 'pad_mode': 'wrap', 'center': -4.7, 'scale': 0.7, 'min': -5, 'max': 5, 'pad_value': 0})
 - ('part_logerel', {'length': 32, 'pad_mode': 'wrap', 'center': -4.7, 'scale': 0.7, 'min': -5, 'max': 5, 'pad_value': 0})
 - ('part_deltaR', {'length': 32, 'pad_mode': 'wrap', 'center': 0.2, 'scale': 4.0, 'min': -5, 'max': 5, 'pad_value': 0})
 - ('part_px', {'length': 32, 'pad_mode': 'wrap', 'center': None, 'scale': 1, 'min': -5, 'max': 5, 'pad_value': 0})
 - ('part_py', {'length': 32, 'pad_mode': 'wrap', 'center': None, 'scale': 1, 'min': -5, 'max': 5, 'pad_value': 0})
 - ('part_pz', {'length': 32, 'pad_mode': 'wrap', 'center': None, 'scale': 1, 'min': -5, 'max': 5, 'pad_value': 0})
 - ('part_energy', {'length': 32, 'pad_mode': 'wrap', 'center': None, 'scale': 1, 'min': -5, 'max': 5, 'pad_value': 0})
 - ('part_mask', {'length': 32, 'pad_mode': 'constant', 'center': None, 'scale': 1, 'min': -5, 'max': 5, 'pad_value': 0})[0m
[2026-03-04 08:26:53,848] INFO: [0;37mlabel_names: ('_label_',)[0m
[2026-03-04 08:26:53,848] INFO: [0;37mobserver_names: ('jet_pt', 'jet_eta', 'jet_phi', 'jet_energy', 'jet_nparticles', 'jet_sdmass', 'jet_tau1', 'jet_tau2', 'jet_tau3', 'jet_tau4')[0m
[2026-03-04 08:26:53,848] INFO: [0;37mmonitor_variables: ()[0m
[2026-03-04 08:26:53,853] INFO: [0;37mpreprocess config: {'method': 'manual', 'data_fraction': 0.5, 'params': None}[0m
[2026-03-04 08:26:53,853] INFO: [0;37mselection: None[0m
[2026-03-04 08:26:53,853] INFO: [0;37mtest_time_selection: None[0m
[2026-03-04 08:26:53,853] INFO: [0;37mvar_funcs:
 - ('part_mask', 'ak.ones_like(part_energy)')
 - ('part_pt', 'np.hypot(part_px, part_py)')
 - ('part_pt_log', 'np.log(part_pt)')
 - ('part_e_log', 'np.log(part_energy)')
 - ('part_logptrel', 'np.log(part_pt/jet_pt)')
 - ('part_logerel', 'np.log(part_energy/jet_energy)')
 - ('part_deltaR', 'np.hypot(part_deta, part_dphi)')
 - ('_label_', 'np.argmax(np.stack([ak.to_numpy(label_QCD),ak.to_numpy(label_Tbqq)], axis=1), axis=1)')
 - ('_labelcheck_', 'np.sum(np.stack([ak.to_numpy(label_QCD),ak.to_numpy(label_Tbqq)], axis=1), axis=1)')[0m
[2026-03-04 08:26:53,853] INFO: [0;37minput_names: ('pf_points', 'pf_features', 'pf_vectors', 'pf_mask')[0m
[2026-03-04 08:26:53,853] INFO: [0;37minput_dicts:
 - ('pf_points', ['part_deta', 'part_dphi'])
 - ('pf_features', ['part_pt_log', 'part_e_log', 'part_logptrel', 'part_logerel', 'part_deltaR', 'part_deta', 'part_dphi'])
 - ('pf_vectors', ['part_px', 'part_py', 'part_pz', 'part_energy'])
 - ('pf_mask', ['part_mask'])[0m
[2026-03-04 08:26:53,853] INFO: [0;37minput_shapes:
 - ('pf_points', (-1, 2, 32))
 - ('pf_features', (-1, 7, 32))
 - ('pf_vectors', (-1, 4, 32))
 - ('pf_mask', (-1, 1, 32))[0m
[2026-03-04 08:26:53,853] INFO: [0;37mpreprocess_params:
 - ('part_deta', {'length': 32, 'pad_mode': 'wrap', 'center': None, 'scale': 1, 'min': -5, 'max': 5, 'pad_value': 0})
 - ('part_dphi', {'length': 32, 'pad_mode': 'wrap', 'center': None, 'scale': 1, 'min': -5, 'max': 5, 'pad_value': 0})
 - ('part_pt_log', {'length': 32, 'pad_mode': 'wrap', 'center': 1.7, 'scale': 0.7, 'min': -5, 'max': 5, 'pad_value': 0})
 - ('part_e_log', {'length': 32, 'pad_mode': 'wrap', 'center': 2.0, 'scale': 0.7, 'min': -5, 'max': 5, 'pad_value': 0})
 - ('part_logptrel', {'length': 32, 'pad_mode': 'wrap', 'center': -4.7, 'scale': 0.7, 'min': -5, 'max': 5, 'pad_value': 0})
 - ('part_logerel', {'length': 32, 'pad_mode': 'wrap', 'center': -4.7, 'scale': 0.7, 'min': -5, 'max': 5, 'pad_value': 0})
 - ('part_deltaR', {'length': 32, 'pad_mode': 'wrap', 'center': 0.2, 'scale': 4.0, 'min': -5, 'max': 5, 'pad_value': 0})
 - ('part_px', {'length': 32, 'pad_mode': 'wrap', 'center': None, 'scale': 1, 'min': -5, 'max': 5, 'pad_value': 0})
 - ('part_py', {'length': 32, 'pad_mode': 'wrap', 'center': None, 'scale': 1, 'min': -5, 'max': 5, 'pad_value': 0})
 - ('part_pz', {'length': 32, 'pad_mode': 'wrap', 'center': None, 'scale': 1, 'min': -5, 'max': 5, 'pad_value': 0})
 - ('part_energy', {'length': 32, 'pad_mode': 'wrap', 'center': None, 'scale': 1, 'min': -5, 'max': 5, 'pad_value': 0})
 - ('part_mask', {'length': 32, 'pad_mode': 'constant', 'center': None, 'scale': 1, 'min': -5, 'max': 5, 'pad_value': 0})[0m
[2026-03-04 08:26:53,853] INFO: [0;37mlabel_names: ('_label_',)[0m
[2026-03-04 08:26:53,853] INFO: [0;37mobserver_names: ()[0m
[2026-03-04 08:26:53,853] INFO: [0;37mmonitor_variables: ()[0m
[2026-03-04 08:26:54,165] INFO: Restarted DataIter train, load_range=(0.7990674018571104, 0.8090674018571105), file_list:
{
  "TTBar": [
    "/home/alang/ppCodes/part_gp/datasets/JetClass/Pythia/train_100M/TTBar_000.root",
    "/home/alang/ppCodes/part_gp/datasets/JetClass/Pythia/train_100M/TTBar_001.root",
    "/home/alang/ppCodes/part_gp/datasets/JetClass/Pythia/train_100M/TTBar_002.root",
    "/home/alang/ppCodes/part_gp/datasets/JetClass/Pythia/train_100M/TTBar_003.root",
    "/home/alang/ppCodes/part_gp/datasets/JetClass/Pythia/train_100M/TTBar_004.root",
    "/home/alang/ppCodes/part_gp/datasets/JetClass/Pythia/train_100M/TTBar_005.root",
    "/home/alang/ppCodes/part_gp/datasets/JetClass/Pythia/train_100M/TTBar_006.root",
    "/home/alang/ppCodes/part_gp/datasets/JetClass/Pythia/train_100M/TTBar_007.root",
    "/home/alang/ppCodes/part_gp/datasets/JetClass/Pythia/train_100M/TTBar_008.root",
    "/home/alang/ppCodes/part_gp/datasets/JetClass/Pythia/train_100M/TTBar_009.root",
    "/home/alang/ppCodes/part_gp/datasets/JetClass/Pythia/train_100M/TTBar_010.root",
    "/home/alang/ppCodes/part_gp/datasets/JetClass/Pythia/train_100M/TTBar_011.root",
    "/home/alang/ppCodes/part_gp/datasets/JetClass/Pythia/train_100M/TTBar_012.root",
    "/home/alang/ppCodes/part_gp/datasets/JetClass/Pythia/train_100M/TTBar_013.root",
    "/home/alang/ppCodes/part_gp/datasets/JetClass/Pythia/train_100M/TTBar_014.root",
    "/home/alang/ppCodes/part_gp/datasets/JetClass/Pythia/train_100M/TTBar_015.root",
    "/home/alang/ppCodes/part_gp/datasets/JetClass/Pythia/train_100M/TTBar_016.root",
    "/home/alang/ppCodes/part_gp/datasets/JetClass/Pythia/train_100M/TTBar_017.root",
    "/home/alang/ppCodes/part_gp/datasets/JetClass/Pythia/train_100M/TTBar_018.root",
    "/home/alang/ppCodes/part_gp/datasets/JetClass/Pythia/train_100M/TTBar_019.root",
    "/home/alang/ppCodes/part_gp/datasets/JetClass/Pythia/train_100M/TTBar_020.root",
    "/home/alang/ppCodes/part_gp/datasets/JetClass/Pythia/train_100M/TTBar_021.root",
    "/home/alang/ppCodes/part_gp/datasets/JetClass/Pythia/train_100M/TTBar_022.root",
    "/home/alang/ppCodes/part_gp/datasets/JetClass/Pythia/train_100M/TTBar_023.root",
    "/home/alang/ppCodes/part_gp/datasets/JetClass/Pythia/train_100M/TTBar_024.root",
    "/home/alang/ppCodes/part_gp/datasets/JetClass/Pythia/train_100M/TTBar_025.root",
    "/home/alang/ppCodes/part_gp/datasets/JetClass/Pythia/train_100M/TTBar_026.root",
    "/home/alang/ppCodes/part_gp/datasets/JetClass/Pythia/train_100M/TTBar_027.root",
    "/home/alang/ppCodes/part_gp/datasets/JetClass/Pythia/train_100M/TTBar_028.root",
    "/home/alang/ppCodes/part_gp/datasets/JetClass/Pythia/train_100M/TTBar_029.root",
    "/home/alang/ppCodes/part_gp/datasets/JetClass/Pythia/train_100M/TTBar_030.root",
    "/home/alang/ppCodes/part_gp/datasets/JetClass/Pythia/train_100M/TTBar_031.root",
    "/home/alang/ppCodes/part_gp/datasets/JetClass/Pythia/train_100M/TTBar_032.root",
    "/home/alang/ppCodes/part_gp/datasets/JetClass/Pythia/train_100M/TTBar_033.root",
    "/home/alang/ppCodes/part_gp/datasets/JetClass/Pythia/train_100M/TTBar_034.root",
    "/home/alang/ppCodes/part_gp/datasets/JetClass/Pythia/train_100M/TTBar_035.root",
    "/home/alang/ppCodes/part_gp/datasets/JetClass/Pythia/train_100M/TTBar_036.root",
    "/home/alang/ppCodes/part_gp/datasets/JetClass/Pythia/train_100M/TTBar_037.root",
    "/home/alang/ppCodes/part_gp/datasets/JetClass/Pythia/train_100M/TTBar_038.root",
    "/home/alang/ppCodes/part_gp/datasets/JetClass/Pythia/train_100M/TTBar_039.root",
    "/home/alang/ppCodes/part_gp/datasets/JetClass/Pythia/train_100M/TTBar_040.root",
    "/home/alang/ppCodes/part_gp/datasets/JetClass/Pythia/train_100M/TTBar_041.root",
    "/home/alang/ppCodes/part_gp/datasets/JetClass/Pythia/train_100M/TTBar_042.root",
    "/home/alang/ppCodes/part_gp/datasets/JetClass/Pythia/train_100M/TTBar_043.root",
    "/home/alang/ppCodes/part_gp/datasets/JetClass/Pythia/train_100M/TTBar_044.root",
    "/home/alang/ppCodes/part_gp/datasets/JetClass/Pythia/train_100M/TTBar_045.root",
    "/home/alang/ppCodes/part_gp/datasets/JetClass/Pythia/train_100M/TTBar_046.root",
    "/home/alang/ppCodes/part_gp/datasets/JetClass/Pythia/train_100M/TTBar_047.root",
    "/home/alang/ppCodes/part_gp/datasets/JetClass/Pythia/train_100M/TTBar_048.root",
    "/home/alang/ppCodes/part_gp/datasets/JetClass/Pythia/train_100M/TTBar_049.root",
    "/home/alang/ppCodes/part_gp/datasets/JetClass/Pythia/train_100M/TTBar_050.root",
    "/home/alang/ppCodes/part_gp/datasets/JetClass/Pythia/train_100M/TTBar_051.root",
    "/home/alang/ppCodes/part_gp/datasets/JetClass/Pythia/train_100M/TTBar_052.root",
    "/home/alang/ppCodes/part_gp/datasets/JetClass/Pythia/train_100M/TTBar_053.root",
    "/home/alang/ppCodes/part_gp/datasets/JetClass/Pythia/train_100M/TTBar_054.root",
    "/home/alang/ppCodes/part_gp/datasets/JetClass/Pythia/train_100M/TTBar_055.root",
    "/home/alang/ppCodes/part_gp/datasets/JetClass/Pythia/train_100M/TTBar_056.root",
    "/home/alang/ppCodes/part_gp/datasets/JetClass/Pythia/train_100M/TTBar_057.root",
    "/home/alang/ppCodes/part_gp/datasets/JetClass/Pythia/train_100M/TTBar_058.root",
    "/home/alang/ppCodes/part_gp/datasets/JetClass/Pythia/train_100M/TTBar_059.root",
    "/home/alang/ppCodes/part_gp/datasets/JetClass/Pythia/train_100M/TTBar_060.root",
    "/home/alang/ppCodes/part_gp/datasets/JetClass/Pythia/train_100M/TTBar_061.root",
    "/home/alang/ppCodes/part_gp/datasets/JetClass/Pythia/train_100M/TTBar_062.root",
    "/home/alang/ppCodes/part_gp/datasets/JetClass/Pythia/train_100M/TTBar_063.root",
    "/home/alang/ppCodes/part_gp/datasets/JetClass/Pythia/train_100M/TTBar_064.root",
    "/home/alang/ppCodes/part_gp/datasets/JetClass/Pythia/train_100M/TTBar_065.root",
    "/home/alang/ppCodes/part_gp/datasets/JetClass/Pythia/train_100M/TTBar_066.root",
    "/home/alang/ppCodes/part_gp/datasets/JetClass/Pythia/train_100M/TTBar_067.root",
    "/home/alang/ppCodes/part_gp/datasets/JetClass/Pythia/train_100M/TTBar_068.root",
    "/home/alang/ppCodes/part_gp/datasets/JetClass/Pythia/train_100M/TTBar_069.root",
    "/home/alang/ppCodes/part_gp/datasets/JetClass/Pythia/train_100M/TTBar_070.root",
    "/home/alang/ppCodes/part_gp/datasets/JetClass/Pythia/train_100M/TTBar_071.root",
    "/home/alang/ppCodes/part_gp/datasets/JetClass/Pythia/train_100M/TTBar_072.root",
    "/home/alang/ppCodes/part_gp/datasets/JetClass/Pythia/train_100M/TTBar_073.root",
    "/home/alang/ppCodes/part_gp/datasets/JetClass/Pythia/train_100M/TTBar_074.root",
    "/home/alang/ppCodes/part_gp/datasets/JetClass/Pythia/train_100M/TTBar_075.root",
    "/home/alang/ppCodes/part_gp/datasets/JetClass/Pythia/train_100M/TTBar_076.root",
    "/home/alang/ppCodes/part_gp/datasets/JetClass/Pythia/train_100M/TTBar_077.root",
    "/home/alang/ppCodes/part_gp/datasets/JetClass/Pythia/train_100M/TTBar_078.root",
    "/home/alang/ppCodes/part_gp/datasets/JetClass/Pythia/train_100M/TTBar_079.root",
    "/home/alang/ppCodes/part_gp/datasets/JetClass/Pythia/train_100M/TTBar_080.root",
    "/home/alang/ppCodes/part_gp/datasets/JetClass/Pythia/train_100M/TTBar_081.root",
    "/home/alang/ppCodes/part_gp/datasets/JetClass/Pythia/train_100M/TTBar_082.root",
    "/home/alang/ppCodes/part_gp/datasets/JetClass/Pythia/train_100M/TTBar_083.root",
    "/home/alang/ppCodes/part_gp/datasets/JetClass/Pythia/train_100M/TTBar_084.root",
    "/home/alang/ppCodes/part_gp/datasets/JetClass/Pythia/train_100M/TTBar_085.root",
    "/home/alang/ppCodes/part_gp/datasets/JetClass/Pythia/train_100M/TTBar_086.root",
    "/home/alang/ppCodes/part_gp/datasets/JetClass/Pythia/train_100M/TTBar_087.root",
    "/home/alang/ppCodes/part_gp/datasets/JetClass/Pythia/train_100M/TTBar_088.root",
    "/home/alang/ppCodes/part_gp/datasets/JetClass/Pythia/train_100M/TTBar_089.root",
    "/home/alang/ppCodes/part_gp/datasets/JetClass/Pythia/train_100M/TTBar_090.root",
    "/home/alang/ppCodes/part_gp/datasets/JetClass/Pythia/train_100M/TTBar_091.root",
    "/home/alang/ppCodes/part_gp/datasets/JetClass/Pythia/train_100M/TTBar_092.root",
    "/home/alang/ppCodes/part_gp/datasets/JetClass/Pythia/train_100M/TTBar_093.root",
    "/home/alang/ppCodes/part_gp/datasets/JetClass/Pythia/train_100M/TTBar_094.root",
    "/home/alang/ppCodes/part_gp/datasets/JetClass/Pythia/train_100M/TTBar_095.root",
    "/home/alang/ppCodes/part_gp/datasets/JetClass/Pythia/train_100M/TTBar_096.root",
    "/home/alang/ppCodes/part_gp/datasets/JetClass/Pythia/train_100M/TTBar_097.root",
    "/home/alang/ppCodes/part_gp/datasets/JetClass/Pythia/train_100M/TTBar_098.root",
    "/home/alang/ppCodes/part_gp/datasets/JetClass/Pythia/train_100M/TTBar_099.root"
  ],
  "ZJetsToNuNu": [
    "/home/alang/ppCodes/part_gp/datasets/JetClass/Pythia/train_100M/ZJetsToNuNu_000.root",
    "/home/alang/ppCodes/part_gp/datasets/JetClass/Pythia/train_100M/ZJetsToNuNu_001.root",
    "/home/alang/ppCodes/part_gp/datasets/JetClass/Pythia/train_100M/ZJetsToNuNu_002.root",
    "/home/alang/ppCodes/part_gp/datasets/JetClass/Pythia/train_100M/ZJetsToNuNu_003.root",
    "/home/alang/ppCodes/part_gp/datasets/JetClass/Pythia/train_100M/ZJetsToNuNu_004.root",
    "/home/alang/ppCodes/part_gp/datasets/JetClass/Pythia/train_100M/ZJetsToNuNu_005.root",
    "/home/alang/ppCodes/part_gp/datasets/JetClass/Pythia/train_100M/ZJetsToNuNu_006.root",
    "/home/alang/ppCodes/part_gp/datasets/JetClass/Pythia/train_100M/ZJetsToNuNu_007.root",
    "/home/alang/ppCodes/part_gp/datasets/JetClass/Pythia/train_100M/ZJetsToNuNu_008.root",
    "/home/alang/ppCodes/part_gp/datasets/JetClass/Pythia/train_100M/ZJetsToNuNu_009.root",
    "/home/alang/ppCodes/part_gp/datasets/JetClass/Pythia/train_100M/ZJetsToNuNu_010.root",
    "/home/alang/ppCodes/part_gp/datasets/JetClass/Pythia/train_100M/ZJetsToNuNu_011.root",
    "/home/alang/ppCodes/part_gp/datasets/JetClass/Pythia/train_100M/ZJetsToNuNu_012.root",
    "/home/alang/ppCodes/part_gp/datasets/JetClass/Pythia/train_100M/ZJetsToNuNu_013.root",
    "/home/alang/ppCodes/part_gp/datasets/JetClass/Pythia/train_100M/ZJetsToNuNu_014.root",
    "/home/alang/ppCodes/part_gp/datasets/JetClass/Pythia/train_100M/ZJetsToNuNu_015.root",
    "/home/alang/ppCodes/part_gp/datasets/JetClass/Pythia/train_100M/ZJetsToNuNu_016.root",
    "/home/alang/ppCodes/part_gp/datasets/JetClass/Pythia/train_100M/ZJetsToNuNu_017.root",
    "/home/alang/ppCodes/part_gp/datasets/JetClass/Pythia/train_100M/ZJetsToNuNu_018.root",
    "/home/alang/ppCodes/part_gp/datasets/JetClass/Pythia/train_100M/ZJetsToNuNu_019.root",
    "/home/alang/ppCodes/part_gp/datasets/JetClass/Pythia/train_100M/ZJetsToNuNu_020.root",
    "/home/alang/ppCodes/part_gp/datasets/JetClass/Pythia/train_100M/ZJetsToNuNu_021.root",
    "/home/alang/ppCodes/part_gp/datasets/JetClass/Pythia/train_100M/ZJetsToNuNu_022.root",
    "/home/alang/ppCodes/part_gp/datasets/JetClass/Pythia/train_100M/ZJetsToNuNu_023.root",
    "/home/alang/ppCodes/part_gp/datasets/JetClass/Pythia/train_100M/ZJetsToNuNu_024.root",
    "/home/alang/ppCodes/part_gp/datasets/JetClass/Pythia/train_100M/ZJetsToNuNu_025.root",
    "/home/alang/ppCodes/part_gp/datasets/JetClass/Pythia/train_100M/ZJetsToNuNu_026.root",
    "/home/alang/ppCodes/part_gp/datasets/JetClass/Pythia/train_100M/ZJetsToNuNu_027.root",
    "/home/alang/ppCodes/part_gp/datasets/JetClass/Pythia/train_100M/ZJetsToNuNu_028.root",
    "/home/alang/ppCodes/part_gp/datasets/JetClass/Pythia/train_100M/ZJetsToNuNu_029.root",
    "/home/alang/ppCodes/part_gp/datasets/JetClass/Pythia/train_100M/ZJetsToNuNu_030.root",
    "/home/alang/ppCodes/part_gp/datasets/JetClass/Pythia/train_100M/ZJetsToNuNu_031.root",
    "/home/alang/ppCodes/part_gp/datasets/JetClass/Pythia/train_100M/ZJetsToNuNu_032.root",
    "/home/alang/ppCodes/part_gp/datasets/JetClass/Pythia/train_100M/ZJetsToNuNu_033.root",
    "/home/alang/ppCodes/part_gp/datasets/JetClass/Pythia/train_100M/ZJetsToNuNu_034.root",
    "/home/alang/ppCodes/part_gp/datasets/JetClass/Pythia/train_100M/ZJetsToNuNu_035.root",
    "/home/alang/ppCodes/part_gp/datasets/JetClass/Pythia/train_100M/ZJetsToNuNu_036.root",
    "/home/alang/ppCodes/part_gp/datasets/JetClass/Pythia/train_100M/ZJetsToNuNu_037.root",
    "/home/alang/ppCodes/part_gp/datasets/JetClass/Pythia/train_100M/ZJetsToNuNu_038.root",
    "/home/alang/ppCodes/part_gp/datasets/JetClass/Pythia/train_100M/ZJetsToNuNu_039.root",
    "/home/alang/ppCodes/part_gp/datasets/JetClass/Pythia/train_100M/ZJetsToNuNu_040.root",
    "/home/alang/ppCodes/part_gp/datasets/JetClass/Pythia/train_100M/ZJetsToNuNu_041.root",
    "/home/alang/ppCodes/part_gp/datasets/JetClass/Pythia/train_100M/ZJetsToNuNu_042.root",
    "/home/alang/ppCodes/part_gp/datasets/JetClass/Pythia/train_100M/ZJetsToNuNu_043.root",
    "/home/alang/ppCodes/part_gp/datasets/JetClass/Pythia/train_100M/ZJetsToNuNu_044.root",
    "/home/alang/ppCodes/part_gp/datasets/JetClass/Pythia/train_100M/ZJetsToNuNu_045.root",
    "/home/alang/ppCodes/part_gp/datasets/JetClass/Pythia/train_100M/ZJetsToNuNu_046.root",
    "/home/alang/ppCodes/part_gp/datasets/JetClass/Pythia/train_100M/ZJetsToNuNu_047.root",
    "/home/alang/ppCodes/part_gp/datasets/JetClass/Pythia/train_100M/ZJetsToNuNu_048.root",
    "/home/alang/ppCodes/part_gp/datasets/JetClass/Pythia/train_100M/ZJetsToNuNu_049.root",
    "/home/alang/ppCodes/part_gp/datasets/JetClass/Pythia/train_100M/ZJetsToNuNu_050.root",
    "/home/alang/ppCodes/part_gp/datasets/JetClass/Pythia/train_100M/ZJetsToNuNu_051.root",
    "/home/alang/ppCodes/part_gp/datasets/JetClass/Pythia/train_100M/ZJetsToNuNu_052.root",
    "/home/alang/ppCodes/part_gp/datasets/JetClass/Pythia/train_100M/ZJetsToNuNu_053.root",
    "/home/alang/ppCodes/part_gp/datasets/JetClass/Pythia/train_100M/ZJetsToNuNu_054.root",
    "/home/alang/ppCodes/part_gp/datasets/JetClass/Pythia/train_100M/ZJetsToNuNu_055.root",
    "/home/alang/ppCodes/part_gp/datasets/JetClass/Pythia/train_100M/ZJetsToNuNu_056.root",
    "/home/alang/ppCodes/part_gp/datasets/JetClass/Pythia/train_100M/ZJetsToNuNu_057.root",
    "/home/alang/ppCodes/part_gp/datasets/JetClass/Pythia/train_100M/ZJetsToNuNu_058.root",
    "/home/alang/ppCodes/part_gp/datasets/JetClass/Pythia/train_100M/ZJetsToNuNu_059.root",
    "/home/alang/ppCodes/part_gp/datasets/JetClass/Pythia/train_100M/ZJetsToNuNu_060.root",
    "/home/alang/ppCodes/part_gp/datasets/JetClass/Pythia/train_100M/ZJetsToNuNu_061.root",
    "/home/alang/ppCodes/part_gp/datasets/JetClass/Pythia/train_100M/ZJetsToNuNu_062.root",
    "/home/alang/ppCodes/part_gp/datasets/JetClass/Pythia/train_100M/ZJetsToNuNu_063.root",
    "/home/alang/ppCodes/part_gp/datasets/JetClass/Pythia/train_100M/ZJetsToNuNu_064.root",
    "/home/alang/ppCodes/part_gp/datasets/JetClass/Pythia/train_100M/ZJetsToNuNu_065.root",
    "/home/alang/ppCodes/part_gp/datasets/JetClass/Pythia/train_100M/ZJetsToNuNu_066.root",
    "/home/alang/ppCodes/part_gp/datasets/JetClass/Pythia/train_100M/ZJetsToNuNu_067.root",
    "/home/alang/ppCodes/part_gp/datasets/JetClass/Pythia/train_100M/ZJetsToNuNu_068.root",
    "/home/alang/ppCodes/part_gp/datasets/JetClass/Pythia/train_100M/ZJetsToNuNu_069.root",
    "/home/alang/ppCodes/part_gp/datasets/JetClass/Pythia/train_100M/ZJetsToNuNu_070.root",
    "/home/alang/ppCodes/part_gp/datasets/JetClass/Pythia/train_100M/ZJetsToNuNu_071.root",
    "/home/alang/ppCodes/part_gp/datasets/JetClass/Pythia/train_100M/ZJetsToNuNu_072.root",
    "/home/alang/ppCodes/part_gp/datasets/JetClass/Pythia/train_100M/ZJetsToNuNu_073.root",
    "/home/alang/ppCodes/part_gp/datasets/JetClass/Pythia/train_100M/ZJetsToNuNu_074.root",
    "/home/alang/ppCodes/part_gp/datasets/JetClass/Pythia/train_100M/ZJetsToNuNu_075.root",
    "/home/alang/ppCodes/part_gp/datasets/JetClass/Pythia/train_100M/ZJetsToNuNu_076.root",
    "/home/alang/ppCodes/part_gp/datasets/JetClass/Pythia/train_100M/ZJetsToNuNu_077.root",
    "/home/alang/ppCodes/part_gp/datasets/JetClass/Pythia/train_100M/ZJetsToNuNu_078.root",
    "/home/alang/ppCodes/part_gp/datasets/JetClass/Pythia/train_100M/ZJetsToNuNu_079.root",
    "/home/alang/ppCodes/part_gp/datasets/JetClass/Pythia/train_100M/ZJetsToNuNu_080.root",
    "/home/alang/ppCodes/part_gp/datasets/JetClass/Pythia/train_100M/ZJetsToNuNu_081.root",
    "/home/alang/ppCodes/part_gp/datasets/JetClass/Pythia/train_100M/ZJetsToNuNu_082.root",
    "/home/alang/ppCodes/part_gp/datasets/JetClass/Pythia/train_100M/ZJetsToNuNu_083.root",
    "/home/alang/ppCodes/part_gp/datasets/JetClass/Pythia/train_100M/ZJetsToNuNu_084.root",
    "/home/alang/ppCodes/part_gp/datasets/JetClass/Pythia/train_100M/ZJetsToNuNu_085.root",
    "/home/alang/ppCodes/part_gp/datasets/JetClass/Pythia/train_100M/ZJetsToNuNu_086.root",
    "/home/alang/ppCodes/part_gp/datasets/JetClass/Pythia/train_100M/ZJetsToNuNu_087.root",
    "/home/alang/ppCodes/part_gp/datasets/JetClass/Pythia/train_100M/ZJetsToNuNu_088.root",
    "/home/alang/ppCodes/part_gp/datasets/JetClass/Pythia/train_100M/ZJetsToNuNu_089.root",
    "/home/alang/ppCodes/part_gp/datasets/JetClass/Pythia/train_100M/ZJetsToNuNu_090.root",
    "/home/alang/ppCodes/part_gp/datasets/JetClass/Pythia/train_100M/ZJetsToNuNu_091.root",
    "/home/alang/ppCodes/part_gp/datasets/JetClass/Pythia/train_100M/ZJetsToNuNu_092.root",
    "/home/alang/ppCodes/part_gp/datasets/JetClass/Pythia/train_100M/ZJetsToNuNu_093.root",
    "/home/alang/ppCodes/part_gp/datasets/JetClass/Pythia/train_100M/ZJetsToNuNu_094.root",
    "/home/alang/ppCodes/part_gp/datasets/JetClass/Pythia/train_100M/ZJetsToNuNu_095.root",
    "/home/alang/ppCodes/part_gp/datasets/JetClass/Pythia/train_100M/ZJetsToNuNu_096.root",
    "/home/alang/ppCodes/part_gp/datasets/JetClass/Pythia/train_100M/ZJetsToNuNu_097.root",
    "/home/alang/ppCodes/part_gp/datasets/JetClass/Pythia/train_100M/ZJetsToNuNu_098.root",
    "/home/alang/ppCodes/part_gp/datasets/JetClass/Pythia/train_100M/ZJetsToNuNu_099.root"
  ]
}
[2026-03-04 16:07:21,563] INFO: PySRRegressor.equations_ = [
[
	    pick     score                                           equation      loss  complexity
	0         0.000000                                                 x4  2.848169           1
	1         0.259112                                     11.163942 ^ x4  1.696306           3
	2         0.202255                     (x4 + 0.47458437) / 0.20707889  1.131952           5
	3         0.027452                (tanh(x4) / 0.17420253) + 2.3067033  1.101301           6
	4         0.064901                (x1 + 4.833439) * (x4 + 0.44333932)  1.032096           7
	5         0.026911         ((x4 + sin(x10)) + 1.4054291) / 0.21727842  1.004691           8
	6         0.082786       (tanh(x4 + sin(x10)) + 0.8115097) * 9.108846  0.924866           9
	7         0.045098   (x1 + 4.5475087) * ((x4 + 1.3637199) + sin(x10))  0.884083          10
	8         0.017045  (sin(x10) + (tanh(x4) + 1.302101)) * (x1 + 5.2...  0.869142          11
	9   >>>>  0.048258  ((x10 + x1) + 5.663643) * (sin(x10) + (x4 + 1....  0.828195          12
	10        0.028737  4.086764 * ((1.2625762 + tanh(x4)) + tanh(x8 -...  0.804734          13
	11        0.039132  ((x4 + sin(x4 - (x10 / (x2 - 1.4568466)))) + 1...  0.773851          14
	12        0.040360  (1.2923483 + (sin(x4 - (x10 / (x2 - 1.4644083)...  0.743240          15
	13        0.010600  (tanh(x4) + (tanh(x4 - (x10 / sin(x2 - 1.31069...  0.735403          16
	14        0.033115  ((tanh(x4 - (x10 / sin(x2 - 1.3659194))) + (x4...  0.711449          17
	15        0.014458  ((tanh(x4 - (x10 / sin(x2 - 1.3659194))) + (ta...  0.701237          18
	16        0.004173  ((tanh(sin(x4 + x4) - (x10 / sin(x2 - 1.308815...  0.698316          19
	17        0.010193  (((x4 * 0.61533314) + 1.2173204) + tanh(sin(x4...  0.691234          20
	18        0.001802  ((sin(x4 * 0.65129083) + 1.2173204) + tanh(sin...  0.689990          21
	19        0.027413  (1.3492609 + (tanh((-2.1123166 * (((x15 - x0) ...  0.671332          22
	20        0.004506  ((tanh(((((x15 - x0) * sin(x1)) - x10) * -2.11...  0.668313          23
	21        0.024098  (tanh(x4) + (1.3525532 + tanh(sin(x4 * 2.68465...  0.652401          24
	22        0.006728  ((tanh(x4) + 1.352384) + tanh(sin(x4 * 2.68465...  0.648026          25
	23        0.020555  ((tanh(x4) + 1.3525532) + tanh(sin(x4 * 2.6846...  0.634842          26
	24        0.003674  (tanh(((((x15 - (x0 / 0.7800661)) * x1) - x10)...  0.632514          27
	25        0.002054  (tanh(((((x15 - (x0 * (0.74535334 ^ x13))) * x...  0.631216          28
	26        0.006250  (tanh(sin(x4)) + (tanh(x10 - (((-0.82406837 - ...  0.627283          29
	27        0.021244  (((tanh(x4) + 1.3525532) + tanh(sin(x4 * 2.684...  0.614098          30
	28        0.007160  (x6 * 0.39705104) + (((sin(tanh(x4)) + tanh(si...  0.609716          31
	29        0.005409  (tanh(x4 + 0.82888246) * (x13 + (x6 - x5))) + ...  0.606427          32
	30        0.016509  (((tanh(x4) + 1.4309694) + tanh((((x1 * (x15 -...  0.596498          33
	31        0.002040  (((tanh(x4) + 1.4309694) + tanh(((sin(x1 * (x1...  0.595282          34
	32        0.026787  (tanh(x4 + 0.82888246) * (x13 + (x6 - x5))) + ...  0.579548          35
	33        0.006754  (tanh(x4 + 0.82888246) * ((x13 + x6) - x5)) + ...  0.575647          36
	34        0.018257  (tanh(0.82888246 + x4) * ((x6 + x13) - x5)) + ...  0.565233          37
	35        0.002663  (tanh(0.82888246 + x4) * ((x6 + x13) - sin(x5)...  0.563729          38
	36        0.003529  (((x6 + x13) - x5) * tanh(x4 + 0.82888246)) + ...  0.561744          39
	37        0.002419  (((x13 - tanh(x5)) + x6) * tanh(x4 + 0.8288824...  0.560387          40
], [
	    pick     score                                           equation      loss  complexity
	0         0.000000                                                 x0  3.535259           1
	1         0.199031                                    x4 * -3.7525952  2.374352           3
	2         0.008587                              tanh(x4) * -4.4510937  2.354051           4
	3         0.425811                      (x4 + 0.36423486) * -5.115683  1.537760           5
	4         0.017822                 (tanh(x4) * -6.089005) - 1.8784086  1.510597           6
	5         0.079057             -5.1014524 * ((-0.44179186 / x8) + x4)  1.395772           7
	6         0.015758        (-6.0699854 * tanh(x4)) - (-2.2590666 / x8)  1.373949           8
	7         0.059593     -9.917262 * (tanh(x4 + sin(x10)) + 0.75845045)  1.294463           9
	8         0.046984      -4.617688 * (sin(x10 + x1) + (x4 + 1.142042))  1.235051          10
	9         0.028678  ((sin(tanh(x1) + x10) + x4) + 1.1910298) * -4....  1.200136          11
	10  >>>>  0.064646  ((0.61579365 + x4) * ((sin(x10) / -0.0933127) ...  1.125006          12
	11        0.025235  (((sin(x10) / -0.08015816) + -16.727869) * (ta...  1.096972          13
	12        0.013822  ((((sin(x10) / -0.08629977) - x1) + -14.865215...  1.081914          14
	13        0.027527  (((sin(x10) / -0.0901148) + (x2 + -16.00493)) ...  1.052538          15
	14        0.042958  ((x4 + 1.2978803) + tanh(x4 + x10)) * ((x10 / ...  1.008280          16
	15        0.027458  ((x10 / (x2 + -1.1308717)) + -6.237812) * ((ta...  0.980971          17
	16        0.010056  ((tanh(x4) + tanh(x4 + x10)) + 1.1976682) * (-...  0.971157          18
	17        0.014985  (((x10 / (x2 + -1.1821178)) + -6.037679) * (ta...  0.956713          19
	18        0.005101  (((tanh(x10 + x4) + tanh(x4)) + tanh(x8)) + 2....  0.951844          20
	19        0.009319  ((tanh(x8) + tanh(x10 + x4)) + (tanh(x4) + 2.0...  0.943016          21
	20        0.000324  (((tanh(x8) + 2.155458) + (tanh(x4) + tanh(x10...  0.942406          23
	21        0.006368  ((2.0483785 + tanh(x8)) + (tanh(x4) + tanh(x10...  0.936424          24
	22        0.007662  ((tanh(x8) + (tanh(x10 + x4) + 2.0483785)) + s...  0.929276          25
	23        0.005440  (((x4 + tanh(x4 + x10)) + 2.147769) + sin(x8))...  0.924235          26
	24        0.007608  (((x4 + 2.155458) + tanh(x4 + x10)) + sin(x8))...  0.917230          27
	25        0.011850  (sin(x8) + ((x4 + 2.155458) + tanh(x4 + x10)))...  0.906425          28
	26        0.001952  (sin(x8) + (x4 + (2.1416166 + tanh(sin(x4) + x...  0.904657          29
	27        0.010581  ((tanh(x4) + ((sin(x8) + 2.2135024) + tanh(x10...  0.895136          30
	28        0.011325  ((tanh(x4) + ((sin(x8) + 2.155458) + tanh(x10 ...  0.885056          31
	29        0.006561  (((tanh(sin(x4)) + (tanh(x4 + x10) + tanh(x8))...  0.879267          32
	30        0.000751  ((((x10 / sin(x2 + -1.152256)) - (((x5 - x6) -...  0.878607          33
	31        0.005819  ((((x10 / (x2 + -1.1622511)) + -6.9785047) - (...  0.868441          35
	32        0.009763  (((-6.9785047 - ((((x5 - x13) * (x15 + 1.93193...  0.860004          36
	33        0.001867  (((-6.9785047 - ((((x5 - x13) * (x15 + 1.93193...  0.858399          37
	34        0.004580  ((tanh(x10 + x4) + (0.8078729 * ((x4 + 2.54138...  0.854477          38
	35        0.006290  ((((x10 / sin(x2 + -1.1622511)) + -6.9785047) ...  0.849119          39
]]
[2026-03-04 16:07:21,563] INFO: Regressor Params:{'adaptive_parsimony_scaling': 1040.0, 'alpha': 3.17, 'annealing': True, 'autodiff_backend': None, 'batch_size': 50, 'batching': True, 'binary_operators': ['+', '-', '*', '/', '^'], 'bumper': False, 'cluster_manager': None, 'complexity_mapping': None, 'complexity_of_constants': None, 'complexity_of_operators': None, 'complexity_of_variables': None, 'constraints': {'^': (-1, 1)}, 'crossover_probability': 0.0259, 'delete_tempfiles': True, 'denoise': False, 'deterministic': False, 'dimensional_constraint_penalty': None, 'dimensionless_constants_only': False, 'early_stop_condition': None, 'elementwise_loss': 'HuberLoss(1.35)', 'expression_spec': None, 'extra_jax_mappings': None, 'extra_sympy_mappings': None, 'extra_torch_mappings': None, 'fast_cycle': False, 'fraction_replaced': 0.00036, 'fraction_replaced_hof': 0.0614, 'heap_size_hint_in_bytes': None, 'hof_migration': True, 'input_stream': 'stdin', 'logger_spec': None, 'loss_function': None, 'loss_function_expression': None, 'loss_scale': 'log', 'max_evals': None, 'maxdepth': None, 'maxsize': 40, 'migration': True, 'model_selection': 'best', 'ncycles_per_iteration': 1520, 'nested_constraints': {'*': {'tanh': 2}, 'tanh': {'tanh': 0, '^': 1, 'sin': 1}, 'sin': {'sin': 0}}, 'niterations': 4560, 'optimize_probability': 0.14, 'optimizer_algorithm': 'BFGS', 'optimizer_f_calls_limit': None, 'optimizer_iterations': 8, 'optimizer_nrestarts': 2, 'output_directory': '/home/alang/ppCodes/part_gp/outputs/sr_runs/TTBar/Surrogate', 'output_jax_format': False, 'output_torch_format': True, 'parallelism': None, 'parsimony': 0.01, 'perturbation_factor': 0.129, 'population_size': 27, 'populations': 48, 'precision': 32, 'print_precision': 5, 'probability_negate_constant': 0.00743, 'procs': None, 'progress': True, 'random_state': 42, 'run_id': 'Surrogate_M10-SRRESNET_ResNet_BVAE_SR', 'select_k_features': None, 'should_optimize_constants': True, 'should_simplify': True, 'skip_mutation_failures': True, 'temp_equation_file': False, 'tempdir': None, 'timeout_in_seconds': None, 'topn': 12, 'tournament_selection_n': 15, 'tournament_selection_p': 0.982, 'turbo': False, 'unary_operators': ['sqrt', 'tanh', 'sin'], 'update': False, 'update_verbosity': None, 'use_frequency': True, 'use_frequency_in_tournament': True, 'verbosity': 1, 'warm_start': False, 'warmup_maxsize_by': None, 'weight_add_node': 2.47, 'weight_delete_node': 0.87, 'weight_do_nothing': 0.273, 'weight_insert_node': 0.0112, 'weight_mutate_constant': 0.0346, 'weight_mutate_operator': 0.293, 'weight_optimize': 0.001, 'weight_randomize': 0.000502, 'weight_rotate_tree': 4.26, 'weight_simplify': 0.00209, 'weight_swap_operands': 0.198}
[2026-03-04 16:07:21,732] INFO: Running on test file group TTBar with 20 files:
.../home/alang/ppCodes/part_gp/datasets/JetClass/Pythia/test_20M/TTBar_100.root
.../home/alang/ppCodes/part_gp/datasets/JetClass/Pythia/test_20M/TTBar_101.root
.../home/alang/ppCodes/part_gp/datasets/JetClass/Pythia/test_20M/TTBar_102.root
.../home/alang/ppCodes/part_gp/datasets/JetClass/Pythia/test_20M/TTBar_103.root
.../home/alang/ppCodes/part_gp/datasets/JetClass/Pythia/test_20M/TTBar_104.root
.../home/alang/ppCodes/part_gp/datasets/JetClass/Pythia/test_20M/TTBar_105.root
.../home/alang/ppCodes/part_gp/datasets/JetClass/Pythia/test_20M/TTBar_106.root
.../home/alang/ppCodes/part_gp/datasets/JetClass/Pythia/test_20M/TTBar_107.root
.../home/alang/ppCodes/part_gp/datasets/JetClass/Pythia/test_20M/TTBar_108.root
.../home/alang/ppCodes/part_gp/datasets/JetClass/Pythia/test_20M/TTBar_109.root
.../home/alang/ppCodes/part_gp/datasets/JetClass/Pythia/test_20M/TTBar_110.root
.../home/alang/ppCodes/part_gp/datasets/JetClass/Pythia/test_20M/TTBar_111.root
.../home/alang/ppCodes/part_gp/datasets/JetClass/Pythia/test_20M/TTBar_112.root
.../home/alang/ppCodes/part_gp/datasets/JetClass/Pythia/test_20M/TTBar_113.root
.../home/alang/ppCodes/part_gp/datasets/JetClass/Pythia/test_20M/TTBar_114.root
.../home/alang/ppCodes/part_gp/datasets/JetClass/Pythia/test_20M/TTBar_115.root
.../home/alang/ppCodes/part_gp/datasets/JetClass/Pythia/test_20M/TTBar_116.root
.../home/alang/ppCodes/part_gp/datasets/JetClass/Pythia/test_20M/TTBar_117.root
.../home/alang/ppCodes/part_gp/datasets/JetClass/Pythia/test_20M/TTBar_118.root
.../home/alang/ppCodes/part_gp/datasets/JetClass/Pythia/test_20M/TTBar_119.root
[2026-03-04 16:07:21,737] INFO: [0;37mpreprocess config: {'method': 'manual', 'data_fraction': 0.5, 'params': None}[0m
[2026-03-04 16:07:21,737] INFO: [0;37mselection: None[0m
[2026-03-04 16:07:21,737] INFO: [0;37mtest_time_selection: None[0m
[2026-03-04 16:07:21,737] INFO: [0;37mvar_funcs:
 - ('part_mask', 'ak.ones_like(part_energy)')
 - ('part_pt', 'np.hypot(part_px, part_py)')
 - ('part_pt_log', 'np.log(part_pt)')
 - ('part_e_log', 'np.log(part_energy)')
 - ('part_logptrel', 'np.log(part_pt/jet_pt)')
 - ('part_logerel', 'np.log(part_energy/jet_energy)')
 - ('part_deltaR', 'np.hypot(part_deta, part_dphi)')
 - ('_label_', 'np.argmax(np.stack([ak.to_numpy(label_QCD),ak.to_numpy(label_Tbqq)], axis=1), axis=1)')
 - ('_labelcheck_', 'np.sum(np.stack([ak.to_numpy(label_QCD),ak.to_numpy(label_Tbqq)], axis=1), axis=1)')[0m
[2026-03-04 16:07:21,737] INFO: [0;37minput_names: ('pf_points', 'pf_features', 'pf_vectors', 'pf_mask')[0m
[2026-03-04 16:07:21,737] INFO: [0;37minput_dicts:
 - ('pf_points', ['part_deta', 'part_dphi'])
 - ('pf_features', ['part_pt_log', 'part_e_log', 'part_logptrel', 'part_logerel', 'part_deltaR', 'part_deta', 'part_dphi'])
 - ('pf_vectors', ['part_px', 'part_py', 'part_pz', 'part_energy'])
 - ('pf_mask', ['part_mask'])[0m
[2026-03-04 16:07:21,737] INFO: [0;37minput_shapes:
 - ('pf_points', (-1, 2, 32))
 - ('pf_features', (-1, 7, 32))
 - ('pf_vectors', (-1, 4, 32))
 - ('pf_mask', (-1, 1, 32))[0m
[2026-03-04 16:07:21,738] INFO: [0;37mpreprocess_params:
 - ('part_deta', {'length': 32, 'pad_mode': 'wrap', 'center': None, 'scale': 1, 'min': -5, 'max': 5, 'pad_value': 0})
 - ('part_dphi', {'length': 32, 'pad_mode': 'wrap', 'center': None, 'scale': 1, 'min': -5, 'max': 5, 'pad_value': 0})
 - ('part_pt_log', {'length': 32, 'pad_mode': 'wrap', 'center': 1.7, 'scale': 0.7, 'min': -5, 'max': 5, 'pad_value': 0})
 - ('part_e_log', {'length': 32, 'pad_mode': 'wrap', 'center': 2.0, 'scale': 0.7, 'min': -5, 'max': 5, 'pad_value': 0})
 - ('part_logptrel', {'length': 32, 'pad_mode': 'wrap', 'center': -4.7, 'scale': 0.7, 'min': -5, 'max': 5, 'pad_value': 0})
 - ('part_logerel', {'length': 32, 'pad_mode': 'wrap', 'center': -4.7, 'scale': 0.7, 'min': -5, 'max': 5, 'pad_value': 0})
 - ('part_deltaR', {'length': 32, 'pad_mode': 'wrap', 'center': 0.2, 'scale': 4.0, 'min': -5, 'max': 5, 'pad_value': 0})
 - ('part_px', {'length': 32, 'pad_mode': 'wrap', 'center': None, 'scale': 1, 'min': -5, 'max': 5, 'pad_value': 0})
 - ('part_py', {'length': 32, 'pad_mode': 'wrap', 'center': None, 'scale': 1, 'min': -5, 'max': 5, 'pad_value': 0})
 - ('part_pz', {'length': 32, 'pad_mode': 'wrap', 'center': None, 'scale': 1, 'min': -5, 'max': 5, 'pad_value': 0})
 - ('part_energy', {'length': 32, 'pad_mode': 'wrap', 'center': None, 'scale': 1, 'min': -5, 'max': 5, 'pad_value': 0})
 - ('part_mask', {'length': 32, 'pad_mode': 'constant', 'center': None, 'scale': 1, 'min': -5, 'max': 5, 'pad_value': 0})[0m
[2026-03-04 16:07:21,738] INFO: [0;37mlabel_names: ('_label_',)[0m
[2026-03-04 16:07:21,738] INFO: [0;37mobserver_names: ('jet_pt', 'jet_eta', 'jet_phi', 'jet_energy', 'jet_nparticles', 'jet_sdmass', 'jet_tau1', 'jet_tau2', 'jet_tau3', 'jet_tau4')[0m
[2026-03-04 16:07:21,738] INFO: [0;37mmonitor_variables: ()[0m
[2026-03-04 16:07:21,742] INFO: [0;37mpreprocess config: {'method': 'manual', 'data_fraction': 0.5, 'params': None}[0m
[2026-03-04 16:07:21,742] INFO: [0;37mselection: None[0m
[2026-03-04 16:07:21,743] INFO: [0;37mtest_time_selection: None[0m
[2026-03-04 16:07:21,743] INFO: [0;37mvar_funcs:
 - ('part_mask', 'ak.ones_like(part_energy)')
 - ('part_pt', 'np.hypot(part_px, part_py)')
 - ('part_pt_log', 'np.log(part_pt)')
 - ('part_e_log', 'np.log(part_energy)')
 - ('part_logptrel', 'np.log(part_pt/jet_pt)')
 - ('part_logerel', 'np.log(part_energy/jet_energy)')
 - ('part_deltaR', 'np.hypot(part_deta, part_dphi)')
 - ('_label_', 'np.argmax(np.stack([ak.to_numpy(label_QCD),ak.to_numpy(label_Tbqq)], axis=1), axis=1)')
 - ('_labelcheck_', 'np.sum(np.stack([ak.to_numpy(label_QCD),ak.to_numpy(label_Tbqq)], axis=1), axis=1)')[0m
[2026-03-04 16:07:21,743] INFO: [0;37minput_names: ('pf_points', 'pf_features', 'pf_vectors', 'pf_mask')[0m
[2026-03-04 16:07:21,743] INFO: [0;37minput_dicts:
 - ('pf_points', ['part_deta', 'part_dphi'])
 - ('pf_features', ['part_pt_log', 'part_e_log', 'part_logptrel', 'part_logerel', 'part_deltaR', 'part_deta', 'part_dphi'])
 - ('pf_vectors', ['part_px', 'part_py', 'part_pz', 'part_energy'])
 - ('pf_mask', ['part_mask'])[0m
[2026-03-04 16:07:21,743] INFO: [0;37minput_shapes:
 - ('pf_points', (-1, 2, 32))
 - ('pf_features', (-1, 7, 32))
 - ('pf_vectors', (-1, 4, 32))
 - ('pf_mask', (-1, 1, 32))[0m
[2026-03-04 16:07:21,743] INFO: [0;37mpreprocess_params:
 - ('part_deta', {'length': 32, 'pad_mode': 'wrap', 'center': None, 'scale': 1, 'min': -5, 'max': 5, 'pad_value': 0})
 - ('part_dphi', {'length': 32, 'pad_mode': 'wrap', 'center': None, 'scale': 1, 'min': -5, 'max': 5, 'pad_value': 0})
 - ('part_pt_log', {'length': 32, 'pad_mode': 'wrap', 'center': 1.7, 'scale': 0.7, 'min': -5, 'max': 5, 'pad_value': 0})
 - ('part_e_log', {'length': 32, 'pad_mode': 'wrap', 'center': 2.0, 'scale': 0.7, 'min': -5, 'max': 5, 'pad_value': 0})
 - ('part_logptrel', {'length': 32, 'pad_mode': 'wrap', 'center': -4.7, 'scale': 0.7, 'min': -5, 'max': 5, 'pad_value': 0})
 - ('part_logerel', {'length': 32, 'pad_mode': 'wrap', 'center': -4.7, 'scale': 0.7, 'min': -5, 'max': 5, 'pad_value': 0})
 - ('part_deltaR', {'length': 32, 'pad_mode': 'wrap', 'center': 0.2, 'scale': 4.0, 'min': -5, 'max': 5, 'pad_value': 0})
 - ('part_px', {'length': 32, 'pad_mode': 'wrap', 'center': None, 'scale': 1, 'min': -5, 'max': 5, 'pad_value': 0})
 - ('part_py', {'length': 32, 'pad_mode': 'wrap', 'center': None, 'scale': 1, 'min': -5, 'max': 5, 'pad_value': 0})
 - ('part_pz', {'length': 32, 'pad_mode': 'wrap', 'center': None, 'scale': 1, 'min': -5, 'max': 5, 'pad_value': 0})
 - ('part_energy', {'length': 32, 'pad_mode': 'wrap', 'center': None, 'scale': 1, 'min': -5, 'max': 5, 'pad_value': 0})
 - ('part_mask', {'length': 32, 'pad_mode': 'constant', 'center': None, 'scale': 1, 'min': -5, 'max': 5, 'pad_value': 0})[0m
[2026-03-04 16:07:21,743] INFO: [0;37mlabel_names: ('_label_',)[0m
[2026-03-04 16:07:21,743] INFO: [0;37mobserver_names: ('jet_pt', 'jet_eta', 'jet_phi', 'jet_energy', 'jet_nparticles', 'jet_sdmass', 'jet_tau1', 'jet_tau2', 'jet_tau3', 'jet_tau4')[0m
[2026-03-04 16:07:21,743] INFO: [0;37mmonitor_variables: ()[0m
[2026-03-04 16:07:21,744] INFO: Running on test file group ZJetsToNuNu with 20 files:
.../home/alang/ppCodes/part_gp/datasets/JetClass/Pythia/test_20M/ZJetsToNuNu_100.root
.../home/alang/ppCodes/part_gp/datasets/JetClass/Pythia/test_20M/ZJetsToNuNu_101.root
.../home/alang/ppCodes/part_gp/datasets/JetClass/Pythia/test_20M/ZJetsToNuNu_102.root
.../home/alang/ppCodes/part_gp/datasets/JetClass/Pythia/test_20M/ZJetsToNuNu_103.root
.../home/alang/ppCodes/part_gp/datasets/JetClass/Pythia/test_20M/ZJetsToNuNu_104.root
.../home/alang/ppCodes/part_gp/datasets/JetClass/Pythia/test_20M/ZJetsToNuNu_105.root
.../home/alang/ppCodes/part_gp/datasets/JetClass/Pythia/test_20M/ZJetsToNuNu_106.root
.../home/alang/ppCodes/part_gp/datasets/JetClass/Pythia/test_20M/ZJetsToNuNu_107.root
.../home/alang/ppCodes/part_gp/datasets/JetClass/Pythia/test_20M/ZJetsToNuNu_108.root
.../home/alang/ppCodes/part_gp/datasets/JetClass/Pythia/test_20M/ZJetsToNuNu_109.root
.../home/alang/ppCodes/part_gp/datasets/JetClass/Pythia/test_20M/ZJetsToNuNu_110.root
.../home/alang/ppCodes/part_gp/datasets/JetClass/Pythia/test_20M/ZJetsToNuNu_111.root
.../home/alang/ppCodes/part_gp/datasets/JetClass/Pythia/test_20M/ZJetsToNuNu_112.root
.../home/alang/ppCodes/part_gp/datasets/JetClass/Pythia/test_20M/ZJetsToNuNu_113.root
.../home/alang/ppCodes/part_gp/datasets/JetClass/Pythia/test_20M/ZJetsToNuNu_114.root
.../home/alang/ppCodes/part_gp/datasets/JetClass/Pythia/test_20M/ZJetsToNuNu_115.root
.../home/alang/ppCodes/part_gp/datasets/JetClass/Pythia/test_20M/ZJetsToNuNu_116.root
.../home/alang/ppCodes/part_gp/datasets/JetClass/Pythia/test_20M/ZJetsToNuNu_117.root
.../home/alang/ppCodes/part_gp/datasets/JetClass/Pythia/test_20M/ZJetsToNuNu_118.root
.../home/alang/ppCodes/part_gp/datasets/JetClass/Pythia/test_20M/ZJetsToNuNu_119.root
[2026-03-04 16:07:21,748] INFO: [0;37mpreprocess config: {'method': 'manual', 'data_fraction': 0.5, 'params': None}[0m
[2026-03-04 16:07:21,748] INFO: [0;37mselection: None[0m
[2026-03-04 16:07:21,748] INFO: [0;37mtest_time_selection: None[0m
[2026-03-04 16:07:21,748] INFO: [0;37mvar_funcs:
 - ('part_mask', 'ak.ones_like(part_energy)')
 - ('part_pt', 'np.hypot(part_px, part_py)')
 - ('part_pt_log', 'np.log(part_pt)')
 - ('part_e_log', 'np.log(part_energy)')
 - ('part_logptrel', 'np.log(part_pt/jet_pt)')
 - ('part_logerel', 'np.log(part_energy/jet_energy)')
 - ('part_deltaR', 'np.hypot(part_deta, part_dphi)')
 - ('_label_', 'np.argmax(np.stack([ak.to_numpy(label_QCD),ak.to_numpy(label_Tbqq)], axis=1), axis=1)')
 - ('_labelcheck_', 'np.sum(np.stack([ak.to_numpy(label_QCD),ak.to_numpy(label_Tbqq)], axis=1), axis=1)')[0m
[2026-03-04 16:07:21,748] INFO: [0;37minput_names: ('pf_points', 'pf_features', 'pf_vectors', 'pf_mask')[0m
[2026-03-04 16:07:21,748] INFO: [0;37minput_dicts:
 - ('pf_points', ['part_deta', 'part_dphi'])
 - ('pf_features', ['part_pt_log', 'part_e_log', 'part_logptrel', 'part_logerel', 'part_deltaR', 'part_deta', 'part_dphi'])
 - ('pf_vectors', ['part_px', 'part_py', 'part_pz', 'part_energy'])
 - ('pf_mask', ['part_mask'])[0m
[2026-03-04 16:07:21,748] INFO: [0;37minput_shapes:
 - ('pf_points', (-1, 2, 32))
 - ('pf_features', (-1, 7, 32))
 - ('pf_vectors', (-1, 4, 32))
 - ('pf_mask', (-1, 1, 32))[0m
[2026-03-04 16:07:21,748] INFO: [0;37mpreprocess_params:
 - ('part_deta', {'length': 32, 'pad_mode': 'wrap', 'center': None, 'scale': 1, 'min': -5, 'max': 5, 'pad_value': 0})
 - ('part_dphi', {'length': 32, 'pad_mode': 'wrap', 'center': None, 'scale': 1, 'min': -5, 'max': 5, 'pad_value': 0})
 - ('part_pt_log', {'length': 32, 'pad_mode': 'wrap', 'center': 1.7, 'scale': 0.7, 'min': -5, 'max': 5, 'pad_value': 0})
 - ('part_e_log', {'length': 32, 'pad_mode': 'wrap', 'center': 2.0, 'scale': 0.7, 'min': -5, 'max': 5, 'pad_value': 0})
 - ('part_logptrel', {'length': 32, 'pad_mode': 'wrap', 'center': -4.7, 'scale': 0.7, 'min': -5, 'max': 5, 'pad_value': 0})
 - ('part_logerel', {'length': 32, 'pad_mode': 'wrap', 'center': -4.7, 'scale': 0.7, 'min': -5, 'max': 5, 'pad_value': 0})
 - ('part_deltaR', {'length': 32, 'pad_mode': 'wrap', 'center': 0.2, 'scale': 4.0, 'min': -5, 'max': 5, 'pad_value': 0})
 - ('part_px', {'length': 32, 'pad_mode': 'wrap', 'center': None, 'scale': 1, 'min': -5, 'max': 5, 'pad_value': 0})
 - ('part_py', {'length': 32, 'pad_mode': 'wrap', 'center': None, 'scale': 1, 'min': -5, 'max': 5, 'pad_value': 0})
 - ('part_pz', {'length': 32, 'pad_mode': 'wrap', 'center': None, 'scale': 1, 'min': -5, 'max': 5, 'pad_value': 0})
 - ('part_energy', {'length': 32, 'pad_mode': 'wrap', 'center': None, 'scale': 1, 'min': -5, 'max': 5, 'pad_value': 0})
 - ('part_mask', {'length': 32, 'pad_mode': 'constant', 'center': None, 'scale': 1, 'min': -5, 'max': 5, 'pad_value': 0})[0m
[2026-03-04 16:07:21,748] INFO: [0;37mlabel_names: ('_label_',)[0m
[2026-03-04 16:07:21,748] INFO: [0;37mobserver_names: ('jet_pt', 'jet_eta', 'jet_phi', 'jet_energy', 'jet_nparticles', 'jet_sdmass', 'jet_tau1', 'jet_tau2', 'jet_tau3', 'jet_tau4')[0m
[2026-03-04 16:07:21,749] INFO: [0;37mmonitor_variables: ()[0m
[2026-03-04 16:07:21,753] INFO: [0;37mpreprocess config: {'method': 'manual', 'data_fraction': 0.5, 'params': None}[0m
[2026-03-04 16:07:21,753] INFO: [0;37mselection: None[0m
[2026-03-04 16:07:21,753] INFO: [0;37mtest_time_selection: None[0m
[2026-03-04 16:07:21,753] INFO: [0;37mvar_funcs:
 - ('part_mask', 'ak.ones_like(part_energy)')
 - ('part_pt', 'np.hypot(part_px, part_py)')
 - ('part_pt_log', 'np.log(part_pt)')
 - ('part_e_log', 'np.log(part_energy)')
 - ('part_logptrel', 'np.log(part_pt/jet_pt)')
 - ('part_logerel', 'np.log(part_energy/jet_energy)')
 - ('part_deltaR', 'np.hypot(part_deta, part_dphi)')
 - ('_label_', 'np.argmax(np.stack([ak.to_numpy(label_QCD),ak.to_numpy(label_Tbqq)], axis=1), axis=1)')
 - ('_labelcheck_', 'np.sum(np.stack([ak.to_numpy(label_QCD),ak.to_numpy(label_Tbqq)], axis=1), axis=1)')[0m
[2026-03-04 16:07:21,753] INFO: [0;37minput_names: ('pf_points', 'pf_features', 'pf_vectors', 'pf_mask')[0m
[2026-03-04 16:07:21,753] INFO: [0;37minput_dicts:
 - ('pf_points', ['part_deta', 'part_dphi'])
 - ('pf_features', ['part_pt_log', 'part_e_log', 'part_logptrel', 'part_logerel', 'part_deltaR', 'part_deta', 'part_dphi'])
 - ('pf_vectors', ['part_px', 'part_py', 'part_pz', 'part_energy'])
 - ('pf_mask', ['part_mask'])[0m
[2026-03-04 16:07:21,753] INFO: [0;37minput_shapes:
 - ('pf_points', (-1, 2, 32))
 - ('pf_features', (-1, 7, 32))
 - ('pf_vectors', (-1, 4, 32))
 - ('pf_mask', (-1, 1, 32))[0m
[2026-03-04 16:07:21,753] INFO: [0;37mpreprocess_params:
 - ('part_deta', {'length': 32, 'pad_mode': 'wrap', 'center': None, 'scale': 1, 'min': -5, 'max': 5, 'pad_value': 0})
 - ('part_dphi', {'length': 32, 'pad_mode': 'wrap', 'center': None, 'scale': 1, 'min': -5, 'max': 5, 'pad_value': 0})
 - ('part_pt_log', {'length': 32, 'pad_mode': 'wrap', 'center': 1.7, 'scale': 0.7, 'min': -5, 'max': 5, 'pad_value': 0})
 - ('part_e_log', {'length': 32, 'pad_mode': 'wrap', 'center': 2.0, 'scale': 0.7, 'min': -5, 'max': 5, 'pad_value': 0})
 - ('part_logptrel', {'length': 32, 'pad_mode': 'wrap', 'center': -4.7, 'scale': 0.7, 'min': -5, 'max': 5, 'pad_value': 0})
 - ('part_logerel', {'length': 32, 'pad_mode': 'wrap', 'center': -4.7, 'scale': 0.7, 'min': -5, 'max': 5, 'pad_value': 0})
 - ('part_deltaR', {'length': 32, 'pad_mode': 'wrap', 'center': 0.2, 'scale': 4.0, 'min': -5, 'max': 5, 'pad_value': 0})
 - ('part_px', {'length': 32, 'pad_mode': 'wrap', 'center': None, 'scale': 1, 'min': -5, 'max': 5, 'pad_value': 0})
 - ('part_py', {'length': 32, 'pad_mode': 'wrap', 'center': None, 'scale': 1, 'min': -5, 'max': 5, 'pad_value': 0})
 - ('part_pz', {'length': 32, 'pad_mode': 'wrap', 'center': None, 'scale': 1, 'min': -5, 'max': 5, 'pad_value': 0})
 - ('part_energy', {'length': 32, 'pad_mode': 'wrap', 'center': None, 'scale': 1, 'min': -5, 'max': 5, 'pad_value': 0})
 - ('part_mask', {'length': 32, 'pad_mode': 'constant', 'center': None, 'scale': 1, 'min': -5, 'max': 5, 'pad_value': 0})[0m
[2026-03-04 16:07:21,754] INFO: [0;37mlabel_names: ('_label_',)[0m
[2026-03-04 16:07:21,754] INFO: [0;37mobserver_names: ('jet_pt', 'jet_eta', 'jet_phi', 'jet_energy', 'jet_nparticles', 'jet_sdmass', 'jet_tau1', 'jet_tau2', 'jet_tau3', 'jet_tau4')[0m
[2026-03-04 16:07:21,754] INFO: [0;37mmonitor_variables: ()[0m
[2026-03-04 16:07:21,754] INFO: Tester Initialized
[2026-03-04 16:07:21,754] INFO: Starting!
[2026-03-04 16:07:21,756] INFO: Restarted DataIter test_TTBar, load_range=(0, 0.01), file_list:
{
  "TTBar": [
    "/home/alang/ppCodes/part_gp/datasets/JetClass/Pythia/test_20M/TTBar_100.root",
    "/home/alang/ppCodes/part_gp/datasets/JetClass/Pythia/test_20M/TTBar_101.root",
    "/home/alang/ppCodes/part_gp/datasets/JetClass/Pythia/test_20M/TTBar_102.root",
    "/home/alang/ppCodes/part_gp/datasets/JetClass/Pythia/test_20M/TTBar_103.root",
    "/home/alang/ppCodes/part_gp/datasets/JetClass/Pythia/test_20M/TTBar_104.root",
    "/home/alang/ppCodes/part_gp/datasets/JetClass/Pythia/test_20M/TTBar_105.root",
    "/home/alang/ppCodes/part_gp/datasets/JetClass/Pythia/test_20M/TTBar_106.root",
    "/home/alang/ppCodes/part_gp/datasets/JetClass/Pythia/test_20M/TTBar_107.root",
    "/home/alang/ppCodes/part_gp/datasets/JetClass/Pythia/test_20M/TTBar_108.root",
    "/home/alang/ppCodes/part_gp/datasets/JetClass/Pythia/test_20M/TTBar_109.root",
    "/home/alang/ppCodes/part_gp/datasets/JetClass/Pythia/test_20M/TTBar_110.root",
    "/home/alang/ppCodes/part_gp/datasets/JetClass/Pythia/test_20M/TTBar_111.root",
    "/home/alang/ppCodes/part_gp/datasets/JetClass/Pythia/test_20M/TTBar_112.root",
    "/home/alang/ppCodes/part_gp/datasets/JetClass/Pythia/test_20M/TTBar_113.root",
    "/home/alang/ppCodes/part_gp/datasets/JetClass/Pythia/test_20M/TTBar_114.root",
    "/home/alang/ppCodes/part_gp/datasets/JetClass/Pythia/test_20M/TTBar_115.root",
    "/home/alang/ppCodes/part_gp/datasets/JetClass/Pythia/test_20M/TTBar_116.root",
    "/home/alang/ppCodes/part_gp/datasets/JetClass/Pythia/test_20M/TTBar_117.root",
    "/home/alang/ppCodes/part_gp/datasets/JetClass/Pythia/test_20M/TTBar_118.root",
    "/home/alang/ppCodes/part_gp/datasets/JetClass/Pythia/test_20M/TTBar_119.root"
  ]
}
[2026-03-04 16:07:40,007] INFO: Restarted DataIter test_ZJetsToNuNu, load_range=(0, 0.01), file_list:
{
  "ZJetsToNuNu": [
    "/home/alang/ppCodes/part_gp/datasets/JetClass/Pythia/test_20M/ZJetsToNuNu_100.root",
    "/home/alang/ppCodes/part_gp/datasets/JetClass/Pythia/test_20M/ZJetsToNuNu_101.root",
    "/home/alang/ppCodes/part_gp/datasets/JetClass/Pythia/test_20M/ZJetsToNuNu_102.root",
    "/home/alang/ppCodes/part_gp/datasets/JetClass/Pythia/test_20M/ZJetsToNuNu_103.root",
    "/home/alang/ppCodes/part_gp/datasets/JetClass/Pythia/test_20M/ZJetsToNuNu_104.root",
    "/home/alang/ppCodes/part_gp/datasets/JetClass/Pythia/test_20M/ZJetsToNuNu_105.root",
    "/home/alang/ppCodes/part_gp/datasets/JetClass/Pythia/test_20M/ZJetsToNuNu_106.root",
    "/home/alang/ppCodes/part_gp/datasets/JetClass/Pythia/test_20M/ZJetsToNuNu_107.root",
    "/home/alang/ppCodes/part_gp/datasets/JetClass/Pythia/test_20M/ZJetsToNuNu_108.root",
    "/home/alang/ppCodes/part_gp/datasets/JetClass/Pythia/test_20M/ZJetsToNuNu_109.root",
    "/home/alang/ppCodes/part_gp/datasets/JetClass/Pythia/test_20M/ZJetsToNuNu_110.root",
    "/home/alang/ppCodes/part_gp/datasets/JetClass/Pythia/test_20M/ZJetsToNuNu_111.root",
    "/home/alang/ppCodes/part_gp/datasets/JetClass/Pythia/test_20M/ZJetsToNuNu_112.root",
    "/home/alang/ppCodes/part_gp/datasets/JetClass/Pythia/test_20M/ZJetsToNuNu_113.root",
    "/home/alang/ppCodes/part_gp/datasets/JetClass/Pythia/test_20M/ZJetsToNuNu_114.root",
    "/home/alang/ppCodes/part_gp/datasets/JetClass/Pythia/test_20M/ZJetsToNuNu_115.root",
    "/home/alang/ppCodes/part_gp/datasets/JetClass/Pythia/test_20M/ZJetsToNuNu_116.root",
    "/home/alang/ppCodes/part_gp/datasets/JetClass/Pythia/test_20M/ZJetsToNuNu_117.root",
    "/home/alang/ppCodes/part_gp/datasets/JetClass/Pythia/test_20M/ZJetsToNuNu_118.root",
    "/home/alang/ppCodes/part_gp/datasets/JetClass/Pythia/test_20M/ZJetsToNuNu_119.root"
  ]
}
[2026-03-04 16:07:58,108] INFO: Commencing Model Testing
[2026-03-04 16:07:58,205] INFO: Test Dict:
{ 'classification': defaultdict(<class 'list'>,
                                { 'avg_accuracy': [0.8785],
                                  'cce_loss': [0.36873020640230036],
                                  'confusion_matrix': array([[16419,  3581],
       [ 1279, 18721]]),
                                  'fpr': array([0.000e+00, 5.000e-05, 5.000e-05, ..., 8.137e-01, 8.137e-01,
       1.000e+00]),
                                  'roc_auc': [0.91593661625],
                                  'tpr': array([0.0000e+00, 0.0000e+00, 1.5000e-04, ..., 9.9995e-01, 1.0000e+00,
       1.0000e+00])}),
  'complexity': defaultdict(<class 'list'>, {'num_params': [5]}),
  'faithfulness': defaultdict(<class 'list'>, {}),
  'inputs': defaultdict(<class 'list'>, {}),
  'interpretability': defaultdict(<class 'list'>, {}),
  'preds': defaultdict(<class 'list'>,
                       { 'labels': array([1, 1, 1, ..., 0, 0, 0]),
                         'logits': array([[-0.6490757,  1.23914  ],
       [-0.860398 ,  1.2825477],
       [-1.2434007,  2.5003371],
       ...,
       [ 6.0300217, -5.979912 ],
       [ 5.1519995, -5.1682315],
       [ 6.152458 , -8.331858 ]], dtype=float32),
                         'probs': array([[1.31448030e-01, 8.68551970e-01],
       [1.04992256e-01, 8.95007789e-01],
       [2.31183767e-02, 9.76881683e-01],
       ...,
       [9.99993920e-01, 6.08344453e-06],
       [9.99967098e-01, 3.29584363e-05],
       [9.99999523e-01, 5.12320071e-07]], dtype=float32)}),
  'robustness': defaultdict(<class 'list'>, {})}
[2026-03-04 16:07:58,208] INFO: Elapsed time: 27664.40 seconds
