[2026-03-02 15:07:06,342] INFO: Started!
[2026-03-02 15:07:06,342] INFO: args:
 - ('comp', 'SR')
 - ('data_train', ['WToQQ:/home/alang/ppCodes/part_gp/datasets/JetClass/Pythia/train_100M/WToQQ_*.root', 'ZJetsToNuNu:/home/alang/ppCodes/part_gp/datasets/JetClass/Pythia/train_100M/ZJetsToNuNu_*.root'])
 - ('data_val', ['WToQQ:/home/alang/ppCodes/part_gp/datasets/JetClass/Pythia/val_5M/WToQQ_*.root', 'ZJetsToNuNu:/home/alang/ppCodes/part_gp/datasets/JetClass/Pythia/val_5M/ZJetsToNuNu_*.root'])
 - ('data_test', ['WToQQ:/home/alang/ppCodes/part_gp/datasets/JetClass/Pythia/test_20M/WToQQ_*.root', 'ZJetsToNuNu:/home/alang/ppCodes/part_gp/datasets/JetClass/Pythia/test_20M/ZJetsToNuNu_*.root'])
 - ('data_config', '/home/alang/ppCodes/part_gp/data_config/JetClass/JetClass_WToQQ.yaml')
 - ('data_fraction', 0.01)
 - ('file_fraction', 1.0)
 - ('batch_size', 64)
 - ('num_epochs', 5)
 - ('num_workers', 0)
 - ('optimizer', 'ranger')
 - ('optimizer_option', [])
 - ('start_lr', 0.001)
 - ('final_lr', 0.001)
 - ('lr_scheduler', 'flat+decay')
 - ('model_network', '/home/alang/ppCodes/part_gp/wrappers/part_wrapper.py')
 - ('model_path', '/home/alang/ppCodes/part_gp/outputs/models/WToQQ/ParT/ParT_M4-PARTKD_KD_PELICAN_7_epoch-4_state.pt')
 - ('model_prefix', None)
 - ('log', '/home/alang/ppCodes/part_gp/outputs/logs/WToQQ/Surrogate_M7-SRPART_SR_20260302_073739.log')
 - ('metrics_prefix', None)
 - ('figures_prefix', None)
 - ('teacher_network', None)
 - ('teacher_path', None)
 - ('teacher_prefix', None)
 - ('kd_temp', 1)
 - ('kd_anneal', False)
 - ('kd_weight', 1)
 - ('dr_method', 'encoder')
 - ('dr_network', '/home/alang/ppCodes/part_gp/wrappers/vae.py')
 - ('dr_path', '/home/alang/ppCodes/part_gp/outputs/models/WToQQ/BVAE/BVAE_M6-BVAE_DR_epoch-4_state.pt')
 - ('alpha', 1.0)
 - ('beta', 4.0)
 - ('gamma', 1.0)
 - ('kl_anneal', False)
 - ('svae_weight', 1.0)
 - ('bit_size', None)
 - ('sr_prefix', '/home/alang/ppCodes/part_gp/outputs/sr_runs/WToQQ/Surrogate/Surrogate_M7-SRPART_ParT_BVAE_SR')
 - ('max_size', 40)
 - ('n_iterations', 4560)
 - ('n_populations', 48)
 - ('population_size', 27)
 - ('iteration_cycles', 1520)
 - ('weight_optimize', 0.001)
 - ('parsimony', 0.01)
 - ('sr_loss', 'HuberLoss(1.35)')
 - ('binary_operators', ['+', '-', '*', '/', '^'])
 - ('unary_operators', ['sqrt', 'tanh', 'sin'])
 - ('constraints', {'^': (-1, 1)})
 - ('nested_constraints', {'*': {'tanh': 2}, 'tanh': {'tanh': 0, '^': 1, 'sin': 1}, 'sin': {'sin': 0}})
 - ('sr_annealing', True)
 - ('sr_batching', True)
[2026-03-02 15:07:06,344] INFO: Using 200 files for training, range: (0, 1)
[2026-03-02 15:07:06,345] INFO: Using 10 files for validation, range: (0, 1)
[2026-03-02 15:07:06,351] INFO: [0;37mpreprocess config: {'method': 'manual', 'data_fraction': 0.5, 'params': None}[0m
[2026-03-02 15:07:06,351] INFO: [0;37mselection: None[0m
[2026-03-02 15:07:06,351] INFO: [0;37mtest_time_selection: None[0m
[2026-03-02 15:07:06,351] INFO: [0;37mvar_funcs:
 - ('part_mask', 'ak.ones_like(part_energy)')
 - ('part_pt', 'np.hypot(part_px, part_py)')
 - ('part_pt_log', 'np.log(part_pt)')
 - ('part_e_log', 'np.log(part_energy)')
 - ('part_logptrel', 'np.log(part_pt/jet_pt)')
 - ('part_logerel', 'np.log(part_energy/jet_energy)')
 - ('part_deltaR', 'np.hypot(part_deta, part_dphi)')
 - ('_label_', 'np.argmax(np.stack([ak.to_numpy(label_QCD),ak.to_numpy(label_Wqq)], axis=1), axis=1)')
 - ('_labelcheck_', 'np.sum(np.stack([ak.to_numpy(label_QCD),ak.to_numpy(label_Wqq)], axis=1), axis=1)')[0m
[2026-03-02 15:07:06,351] INFO: [0;37minput_names: ('pf_points', 'pf_features', 'pf_vectors', 'pf_mask')[0m
[2026-03-02 15:07:06,351] INFO: [0;37minput_dicts:
 - ('pf_points', ['part_deta', 'part_dphi'])
 - ('pf_features', ['part_pt_log', 'part_e_log', 'part_logptrel', 'part_logerel', 'part_deltaR', 'part_deta', 'part_dphi'])
 - ('pf_vectors', ['part_px', 'part_py', 'part_pz', 'part_energy'])
 - ('pf_mask', ['part_mask'])[0m
[2026-03-02 15:07:06,351] INFO: [0;37minput_shapes:
 - ('pf_points', (-1, 2, 32))
 - ('pf_features', (-1, 7, 32))
 - ('pf_vectors', (-1, 4, 32))
 - ('pf_mask', (-1, 1, 32))[0m
[2026-03-02 15:07:06,351] INFO: [0;37mpreprocess_params:
 - ('part_deta', {'length': 32, 'pad_mode': 'wrap', 'center': None, 'scale': 1, 'min': -5, 'max': 5, 'pad_value': 0})
 - ('part_dphi', {'length': 32, 'pad_mode': 'wrap', 'center': None, 'scale': 1, 'min': -5, 'max': 5, 'pad_value': 0})
 - ('part_pt_log', {'length': 32, 'pad_mode': 'wrap', 'center': 1.7, 'scale': 0.7, 'min': -5, 'max': 5, 'pad_value': 0})
 - ('part_e_log', {'length': 32, 'pad_mode': 'wrap', 'center': 2.0, 'scale': 0.7, 'min': -5, 'max': 5, 'pad_value': 0})
 - ('part_logptrel', {'length': 32, 'pad_mode': 'wrap', 'center': -4.7, 'scale': 0.7, 'min': -5, 'max': 5, 'pad_value': 0})
 - ('part_logerel', {'length': 32, 'pad_mode': 'wrap', 'center': -4.7, 'scale': 0.7, 'min': -5, 'max': 5, 'pad_value': 0})
 - ('part_deltaR', {'length': 32, 'pad_mode': 'wrap', 'center': 0.2, 'scale': 4.0, 'min': -5, 'max': 5, 'pad_value': 0})
 - ('part_px', {'length': 32, 'pad_mode': 'wrap', 'center': None, 'scale': 1, 'min': -5, 'max': 5, 'pad_value': 0})
 - ('part_py', {'length': 32, 'pad_mode': 'wrap', 'center': None, 'scale': 1, 'min': -5, 'max': 5, 'pad_value': 0})
 - ('part_pz', {'length': 32, 'pad_mode': 'wrap', 'center': None, 'scale': 1, 'min': -5, 'max': 5, 'pad_value': 0})
 - ('part_energy', {'length': 32, 'pad_mode': 'wrap', 'center': None, 'scale': 1, 'min': -5, 'max': 5, 'pad_value': 0})
 - ('part_mask', {'length': 32, 'pad_mode': 'constant', 'center': None, 'scale': 1, 'min': -5, 'max': 5, 'pad_value': 0})[0m
[2026-03-02 15:07:06,351] INFO: [0;37mlabel_names: ('_label_',)[0m
[2026-03-02 15:07:06,351] INFO: [0;37mobserver_names: ('jet_pt', 'jet_eta', 'jet_phi', 'jet_energy', 'jet_nparticles', 'jet_sdmass', 'jet_tau1', 'jet_tau2', 'jet_tau3', 'jet_tau4')[0m
[2026-03-02 15:07:06,352] INFO: [0;37mmonitor_variables: ()[0m
[2026-03-02 15:07:06,356] INFO: [0;37mpreprocess config: {'method': 'manual', 'data_fraction': 0.5, 'params': None}[0m
[2026-03-02 15:07:06,357] INFO: [0;37mselection: None[0m
[2026-03-02 15:07:06,357] INFO: [0;37mtest_time_selection: None[0m
[2026-03-02 15:07:06,357] INFO: [0;37mvar_funcs:
 - ('part_mask', 'ak.ones_like(part_energy)')
 - ('part_pt', 'np.hypot(part_px, part_py)')
 - ('part_pt_log', 'np.log(part_pt)')
 - ('part_e_log', 'np.log(part_energy)')
 - ('part_logptrel', 'np.log(part_pt/jet_pt)')
 - ('part_logerel', 'np.log(part_energy/jet_energy)')
 - ('part_deltaR', 'np.hypot(part_deta, part_dphi)')
 - ('_label_', 'np.argmax(np.stack([ak.to_numpy(label_QCD),ak.to_numpy(label_Wqq)], axis=1), axis=1)')
 - ('_labelcheck_', 'np.sum(np.stack([ak.to_numpy(label_QCD),ak.to_numpy(label_Wqq)], axis=1), axis=1)')[0m
[2026-03-02 15:07:06,357] INFO: [0;37minput_names: ('pf_points', 'pf_features', 'pf_vectors', 'pf_mask')[0m
[2026-03-02 15:07:06,357] INFO: [0;37minput_dicts:
 - ('pf_points', ['part_deta', 'part_dphi'])
 - ('pf_features', ['part_pt_log', 'part_e_log', 'part_logptrel', 'part_logerel', 'part_deltaR', 'part_deta', 'part_dphi'])
 - ('pf_vectors', ['part_px', 'part_py', 'part_pz', 'part_energy'])
 - ('pf_mask', ['part_mask'])[0m
[2026-03-02 15:07:06,357] INFO: [0;37minput_shapes:
 - ('pf_points', (-1, 2, 32))
 - ('pf_features', (-1, 7, 32))
 - ('pf_vectors', (-1, 4, 32))
 - ('pf_mask', (-1, 1, 32))[0m
[2026-03-02 15:07:06,357] INFO: [0;37mpreprocess_params:
 - ('part_deta', {'length': 32, 'pad_mode': 'wrap', 'center': None, 'scale': 1, 'min': -5, 'max': 5, 'pad_value': 0})
 - ('part_dphi', {'length': 32, 'pad_mode': 'wrap', 'center': None, 'scale': 1, 'min': -5, 'max': 5, 'pad_value': 0})
 - ('part_pt_log', {'length': 32, 'pad_mode': 'wrap', 'center': 1.7, 'scale': 0.7, 'min': -5, 'max': 5, 'pad_value': 0})
 - ('part_e_log', {'length': 32, 'pad_mode': 'wrap', 'center': 2.0, 'scale': 0.7, 'min': -5, 'max': 5, 'pad_value': 0})
 - ('part_logptrel', {'length': 32, 'pad_mode': 'wrap', 'center': -4.7, 'scale': 0.7, 'min': -5, 'max': 5, 'pad_value': 0})
 - ('part_logerel', {'length': 32, 'pad_mode': 'wrap', 'center': -4.7, 'scale': 0.7, 'min': -5, 'max': 5, 'pad_value': 0})
 - ('part_deltaR', {'length': 32, 'pad_mode': 'wrap', 'center': 0.2, 'scale': 4.0, 'min': -5, 'max': 5, 'pad_value': 0})
 - ('part_px', {'length': 32, 'pad_mode': 'wrap', 'center': None, 'scale': 1, 'min': -5, 'max': 5, 'pad_value': 0})
 - ('part_py', {'length': 32, 'pad_mode': 'wrap', 'center': None, 'scale': 1, 'min': -5, 'max': 5, 'pad_value': 0})
 - ('part_pz', {'length': 32, 'pad_mode': 'wrap', 'center': None, 'scale': 1, 'min': -5, 'max': 5, 'pad_value': 0})
 - ('part_energy', {'length': 32, 'pad_mode': 'wrap', 'center': None, 'scale': 1, 'min': -5, 'max': 5, 'pad_value': 0})
 - ('part_mask', {'length': 32, 'pad_mode': 'constant', 'center': None, 'scale': 1, 'min': -5, 'max': 5, 'pad_value': 0})[0m
[2026-03-02 15:07:06,357] INFO: [0;37mlabel_names: ('_label_',)[0m
[2026-03-02 15:07:06,357] INFO: [0;37mobserver_names: ()[0m
[2026-03-02 15:07:06,357] INFO: [0;37mmonitor_variables: ()[0m
[2026-03-02 15:07:06,362] INFO: [0;37mpreprocess config: {'method': 'manual', 'data_fraction': 0.5, 'params': None}[0m
[2026-03-02 15:07:06,362] INFO: [0;37mselection: None[0m
[2026-03-02 15:07:06,362] INFO: [0;37mtest_time_selection: None[0m
[2026-03-02 15:07:06,362] INFO: [0;37mvar_funcs:
 - ('part_mask', 'ak.ones_like(part_energy)')
 - ('part_pt', 'np.hypot(part_px, part_py)')
 - ('part_pt_log', 'np.log(part_pt)')
 - ('part_e_log', 'np.log(part_energy)')
 - ('part_logptrel', 'np.log(part_pt/jet_pt)')
 - ('part_logerel', 'np.log(part_energy/jet_energy)')
 - ('part_deltaR', 'np.hypot(part_deta, part_dphi)')
 - ('_label_', 'np.argmax(np.stack([ak.to_numpy(label_QCD),ak.to_numpy(label_Wqq)], axis=1), axis=1)')
 - ('_labelcheck_', 'np.sum(np.stack([ak.to_numpy(label_QCD),ak.to_numpy(label_Wqq)], axis=1), axis=1)')[0m
[2026-03-02 15:07:06,362] INFO: [0;37minput_names: ('pf_points', 'pf_features', 'pf_vectors', 'pf_mask')[0m
[2026-03-02 15:07:06,362] INFO: [0;37minput_dicts:
 - ('pf_points', ['part_deta', 'part_dphi'])
 - ('pf_features', ['part_pt_log', 'part_e_log', 'part_logptrel', 'part_logerel', 'part_deltaR', 'part_deta', 'part_dphi'])
 - ('pf_vectors', ['part_px', 'part_py', 'part_pz', 'part_energy'])
 - ('pf_mask', ['part_mask'])[0m
[2026-03-02 15:07:06,362] INFO: [0;37minput_shapes:
 - ('pf_points', (-1, 2, 32))
 - ('pf_features', (-1, 7, 32))
 - ('pf_vectors', (-1, 4, 32))
 - ('pf_mask', (-1, 1, 32))[0m
[2026-03-02 15:07:06,362] INFO: [0;37mpreprocess_params:
 - ('part_deta', {'length': 32, 'pad_mode': 'wrap', 'center': None, 'scale': 1, 'min': -5, 'max': 5, 'pad_value': 0})
 - ('part_dphi', {'length': 32, 'pad_mode': 'wrap', 'center': None, 'scale': 1, 'min': -5, 'max': 5, 'pad_value': 0})
 - ('part_pt_log', {'length': 32, 'pad_mode': 'wrap', 'center': 1.7, 'scale': 0.7, 'min': -5, 'max': 5, 'pad_value': 0})
 - ('part_e_log', {'length': 32, 'pad_mode': 'wrap', 'center': 2.0, 'scale': 0.7, 'min': -5, 'max': 5, 'pad_value': 0})
 - ('part_logptrel', {'length': 32, 'pad_mode': 'wrap', 'center': -4.7, 'scale': 0.7, 'min': -5, 'max': 5, 'pad_value': 0})
 - ('part_logerel', {'length': 32, 'pad_mode': 'wrap', 'center': -4.7, 'scale': 0.7, 'min': -5, 'max': 5, 'pad_value': 0})
 - ('part_deltaR', {'length': 32, 'pad_mode': 'wrap', 'center': 0.2, 'scale': 4.0, 'min': -5, 'max': 5, 'pad_value': 0})
 - ('part_px', {'length': 32, 'pad_mode': 'wrap', 'center': None, 'scale': 1, 'min': -5, 'max': 5, 'pad_value': 0})
 - ('part_py', {'length': 32, 'pad_mode': 'wrap', 'center': None, 'scale': 1, 'min': -5, 'max': 5, 'pad_value': 0})
 - ('part_pz', {'length': 32, 'pad_mode': 'wrap', 'center': None, 'scale': 1, 'min': -5, 'max': 5, 'pad_value': 0})
 - ('part_energy', {'length': 32, 'pad_mode': 'wrap', 'center': None, 'scale': 1, 'min': -5, 'max': 5, 'pad_value': 0})
 - ('part_mask', {'length': 32, 'pad_mode': 'constant', 'center': None, 'scale': 1, 'min': -5, 'max': 5, 'pad_value': 0})[0m
[2026-03-02 15:07:06,362] INFO: [0;37mlabel_names: ('_label_',)[0m
[2026-03-02 15:07:06,362] INFO: [0;37mobserver_names: ('jet_pt', 'jet_eta', 'jet_phi', 'jet_energy', 'jet_nparticles', 'jet_sdmass', 'jet_tau1', 'jet_tau2', 'jet_tau3', 'jet_tau4')[0m
[2026-03-02 15:07:06,362] INFO: [0;37mmonitor_variables: ()[0m
[2026-03-02 15:07:06,367] INFO: [0;37mpreprocess config: {'method': 'manual', 'data_fraction': 0.5, 'params': None}[0m
[2026-03-02 15:07:06,367] INFO: [0;37mselection: None[0m
[2026-03-02 15:07:06,367] INFO: [0;37mtest_time_selection: None[0m
[2026-03-02 15:07:06,367] INFO: [0;37mvar_funcs:
 - ('part_mask', 'ak.ones_like(part_energy)')
 - ('part_pt', 'np.hypot(part_px, part_py)')
 - ('part_pt_log', 'np.log(part_pt)')
 - ('part_e_log', 'np.log(part_energy)')
 - ('part_logptrel', 'np.log(part_pt/jet_pt)')
 - ('part_logerel', 'np.log(part_energy/jet_energy)')
 - ('part_deltaR', 'np.hypot(part_deta, part_dphi)')
 - ('_label_', 'np.argmax(np.stack([ak.to_numpy(label_QCD),ak.to_numpy(label_Wqq)], axis=1), axis=1)')
 - ('_labelcheck_', 'np.sum(np.stack([ak.to_numpy(label_QCD),ak.to_numpy(label_Wqq)], axis=1), axis=1)')[0m
[2026-03-02 15:07:06,367] INFO: [0;37minput_names: ('pf_points', 'pf_features', 'pf_vectors', 'pf_mask')[0m
[2026-03-02 15:07:06,367] INFO: [0;37minput_dicts:
 - ('pf_points', ['part_deta', 'part_dphi'])
 - ('pf_features', ['part_pt_log', 'part_e_log', 'part_logptrel', 'part_logerel', 'part_deltaR', 'part_deta', 'part_dphi'])
 - ('pf_vectors', ['part_px', 'part_py', 'part_pz', 'part_energy'])
 - ('pf_mask', ['part_mask'])[0m
[2026-03-02 15:07:06,367] INFO: [0;37minput_shapes:
 - ('pf_points', (-1, 2, 32))
 - ('pf_features', (-1, 7, 32))
 - ('pf_vectors', (-1, 4, 32))
 - ('pf_mask', (-1, 1, 32))[0m
[2026-03-02 15:07:06,368] INFO: [0;37mpreprocess_params:
 - ('part_deta', {'length': 32, 'pad_mode': 'wrap', 'center': None, 'scale': 1, 'min': -5, 'max': 5, 'pad_value': 0})
 - ('part_dphi', {'length': 32, 'pad_mode': 'wrap', 'center': None, 'scale': 1, 'min': -5, 'max': 5, 'pad_value': 0})
 - ('part_pt_log', {'length': 32, 'pad_mode': 'wrap', 'center': 1.7, 'scale': 0.7, 'min': -5, 'max': 5, 'pad_value': 0})
 - ('part_e_log', {'length': 32, 'pad_mode': 'wrap', 'center': 2.0, 'scale': 0.7, 'min': -5, 'max': 5, 'pad_value': 0})
 - ('part_logptrel', {'length': 32, 'pad_mode': 'wrap', 'center': -4.7, 'scale': 0.7, 'min': -5, 'max': 5, 'pad_value': 0})
 - ('part_logerel', {'length': 32, 'pad_mode': 'wrap', 'center': -4.7, 'scale': 0.7, 'min': -5, 'max': 5, 'pad_value': 0})
 - ('part_deltaR', {'length': 32, 'pad_mode': 'wrap', 'center': 0.2, 'scale': 4.0, 'min': -5, 'max': 5, 'pad_value': 0})
 - ('part_px', {'length': 32, 'pad_mode': 'wrap', 'center': None, 'scale': 1, 'min': -5, 'max': 5, 'pad_value': 0})
 - ('part_py', {'length': 32, 'pad_mode': 'wrap', 'center': None, 'scale': 1, 'min': -5, 'max': 5, 'pad_value': 0})
 - ('part_pz', {'length': 32, 'pad_mode': 'wrap', 'center': None, 'scale': 1, 'min': -5, 'max': 5, 'pad_value': 0})
 - ('part_energy', {'length': 32, 'pad_mode': 'wrap', 'center': None, 'scale': 1, 'min': -5, 'max': 5, 'pad_value': 0})
 - ('part_mask', {'length': 32, 'pad_mode': 'constant', 'center': None, 'scale': 1, 'min': -5, 'max': 5, 'pad_value': 0})[0m
[2026-03-02 15:07:06,368] INFO: [0;37mlabel_names: ('_label_',)[0m
[2026-03-02 15:07:06,368] INFO: [0;37mobserver_names: ()[0m
[2026-03-02 15:07:06,368] INFO: [0;37mmonitor_variables: ()[0m
[2026-03-02 15:07:06,373] INFO: [0;37mpreprocess config: {'method': 'manual', 'data_fraction': 0.5, 'params': None}[0m
[2026-03-02 15:07:06,373] INFO: [0;37mselection: None[0m
[2026-03-02 15:07:06,373] INFO: [0;37mtest_time_selection: None[0m
[2026-03-02 15:07:06,373] INFO: [0;37mvar_funcs:
 - ('part_mask', 'ak.ones_like(part_energy)')
 - ('part_pt', 'np.hypot(part_px, part_py)')
 - ('part_pt_log', 'np.log(part_pt)')
 - ('part_e_log', 'np.log(part_energy)')
 - ('part_logptrel', 'np.log(part_pt/jet_pt)')
 - ('part_logerel', 'np.log(part_energy/jet_energy)')
 - ('part_deltaR', 'np.hypot(part_deta, part_dphi)')
 - ('_label_', 'np.argmax(np.stack([ak.to_numpy(label_QCD),ak.to_numpy(label_Wqq)], axis=1), axis=1)')
 - ('_labelcheck_', 'np.sum(np.stack([ak.to_numpy(label_QCD),ak.to_numpy(label_Wqq)], axis=1), axis=1)')[0m
[2026-03-02 15:07:06,373] INFO: [0;37minput_names: ('pf_points', 'pf_features', 'pf_vectors', 'pf_mask')[0m
[2026-03-02 15:07:06,374] INFO: [0;37minput_dicts:
 - ('pf_points', ['part_deta', 'part_dphi'])
 - ('pf_features', ['part_pt_log', 'part_e_log', 'part_logptrel', 'part_logerel', 'part_deltaR', 'part_deta', 'part_dphi'])
 - ('pf_vectors', ['part_px', 'part_py', 'part_pz', 'part_energy'])
 - ('pf_mask', ['part_mask'])[0m
[2026-03-02 15:07:06,374] INFO: [0;37minput_shapes:
 - ('pf_points', (-1, 2, 32))
 - ('pf_features', (-1, 7, 32))
 - ('pf_vectors', (-1, 4, 32))
 - ('pf_mask', (-1, 1, 32))[0m
[2026-03-02 15:07:06,374] INFO: [0;37mpreprocess_params:
 - ('part_deta', {'length': 32, 'pad_mode': 'wrap', 'center': None, 'scale': 1, 'min': -5, 'max': 5, 'pad_value': 0})
 - ('part_dphi', {'length': 32, 'pad_mode': 'wrap', 'center': None, 'scale': 1, 'min': -5, 'max': 5, 'pad_value': 0})
 - ('part_pt_log', {'length': 32, 'pad_mode': 'wrap', 'center': 1.7, 'scale': 0.7, 'min': -5, 'max': 5, 'pad_value': 0})
 - ('part_e_log', {'length': 32, 'pad_mode': 'wrap', 'center': 2.0, 'scale': 0.7, 'min': -5, 'max': 5, 'pad_value': 0})
 - ('part_logptrel', {'length': 32, 'pad_mode': 'wrap', 'center': -4.7, 'scale': 0.7, 'min': -5, 'max': 5, 'pad_value': 0})
 - ('part_logerel', {'length': 32, 'pad_mode': 'wrap', 'center': -4.7, 'scale': 0.7, 'min': -5, 'max': 5, 'pad_value': 0})
 - ('part_deltaR', {'length': 32, 'pad_mode': 'wrap', 'center': 0.2, 'scale': 4.0, 'min': -5, 'max': 5, 'pad_value': 0})
 - ('part_px', {'length': 32, 'pad_mode': 'wrap', 'center': None, 'scale': 1, 'min': -5, 'max': 5, 'pad_value': 0})
 - ('part_py', {'length': 32, 'pad_mode': 'wrap', 'center': None, 'scale': 1, 'min': -5, 'max': 5, 'pad_value': 0})
 - ('part_pz', {'length': 32, 'pad_mode': 'wrap', 'center': None, 'scale': 1, 'min': -5, 'max': 5, 'pad_value': 0})
 - ('part_energy', {'length': 32, 'pad_mode': 'wrap', 'center': None, 'scale': 1, 'min': -5, 'max': 5, 'pad_value': 0})
 - ('part_mask', {'length': 32, 'pad_mode': 'constant', 'center': None, 'scale': 1, 'min': -5, 'max': 5, 'pad_value': 0})[0m
[2026-03-02 15:07:06,374] INFO: [0;37mlabel_names: ('_label_',)[0m
[2026-03-02 15:07:06,374] INFO: [0;37mobserver_names: ('jet_pt', 'jet_eta', 'jet_phi', 'jet_energy', 'jet_nparticles', 'jet_sdmass', 'jet_tau1', 'jet_tau2', 'jet_tau3', 'jet_tau4')[0m
[2026-03-02 15:07:06,374] INFO: [0;37mmonitor_variables: ()[0m
[2026-03-02 15:07:06,378] INFO: [0;37mpreprocess config: {'method': 'manual', 'data_fraction': 0.5, 'params': None}[0m
[2026-03-02 15:07:06,379] INFO: [0;37mselection: None[0m
[2026-03-02 15:07:06,379] INFO: [0;37mtest_time_selection: None[0m
[2026-03-02 15:07:06,379] INFO: [0;37mvar_funcs:
 - ('part_mask', 'ak.ones_like(part_energy)')
 - ('part_pt', 'np.hypot(part_px, part_py)')
 - ('part_pt_log', 'np.log(part_pt)')
 - ('part_e_log', 'np.log(part_energy)')
 - ('part_logptrel', 'np.log(part_pt/jet_pt)')
 - ('part_logerel', 'np.log(part_energy/jet_energy)')
 - ('part_deltaR', 'np.hypot(part_deta, part_dphi)')
 - ('_label_', 'np.argmax(np.stack([ak.to_numpy(label_QCD),ak.to_numpy(label_Wqq)], axis=1), axis=1)')
 - ('_labelcheck_', 'np.sum(np.stack([ak.to_numpy(label_QCD),ak.to_numpy(label_Wqq)], axis=1), axis=1)')[0m
[2026-03-02 15:07:06,379] INFO: [0;37minput_names: ('pf_points', 'pf_features', 'pf_vectors', 'pf_mask')[0m
[2026-03-02 15:07:06,379] INFO: [0;37minput_dicts:
 - ('pf_points', ['part_deta', 'part_dphi'])
 - ('pf_features', ['part_pt_log', 'part_e_log', 'part_logptrel', 'part_logerel', 'part_deltaR', 'part_deta', 'part_dphi'])
 - ('pf_vectors', ['part_px', 'part_py', 'part_pz', 'part_energy'])
 - ('pf_mask', ['part_mask'])[0m
[2026-03-02 15:07:06,379] INFO: [0;37minput_shapes:
 - ('pf_points', (-1, 2, 32))
 - ('pf_features', (-1, 7, 32))
 - ('pf_vectors', (-1, 4, 32))
 - ('pf_mask', (-1, 1, 32))[0m
[2026-03-02 15:07:06,379] INFO: [0;37mpreprocess_params:
 - ('part_deta', {'length': 32, 'pad_mode': 'wrap', 'center': None, 'scale': 1, 'min': -5, 'max': 5, 'pad_value': 0})
 - ('part_dphi', {'length': 32, 'pad_mode': 'wrap', 'center': None, 'scale': 1, 'min': -5, 'max': 5, 'pad_value': 0})
 - ('part_pt_log', {'length': 32, 'pad_mode': 'wrap', 'center': 1.7, 'scale': 0.7, 'min': -5, 'max': 5, 'pad_value': 0})
 - ('part_e_log', {'length': 32, 'pad_mode': 'wrap', 'center': 2.0, 'scale': 0.7, 'min': -5, 'max': 5, 'pad_value': 0})
 - ('part_logptrel', {'length': 32, 'pad_mode': 'wrap', 'center': -4.7, 'scale': 0.7, 'min': -5, 'max': 5, 'pad_value': 0})
 - ('part_logerel', {'length': 32, 'pad_mode': 'wrap', 'center': -4.7, 'scale': 0.7, 'min': -5, 'max': 5, 'pad_value': 0})
 - ('part_deltaR', {'length': 32, 'pad_mode': 'wrap', 'center': 0.2, 'scale': 4.0, 'min': -5, 'max': 5, 'pad_value': 0})
 - ('part_px', {'length': 32, 'pad_mode': 'wrap', 'center': None, 'scale': 1, 'min': -5, 'max': 5, 'pad_value': 0})
 - ('part_py', {'length': 32, 'pad_mode': 'wrap', 'center': None, 'scale': 1, 'min': -5, 'max': 5, 'pad_value': 0})
 - ('part_pz', {'length': 32, 'pad_mode': 'wrap', 'center': None, 'scale': 1, 'min': -5, 'max': 5, 'pad_value': 0})
 - ('part_energy', {'length': 32, 'pad_mode': 'wrap', 'center': None, 'scale': 1, 'min': -5, 'max': 5, 'pad_value': 0})
 - ('part_mask', {'length': 32, 'pad_mode': 'constant', 'center': None, 'scale': 1, 'min': -5, 'max': 5, 'pad_value': 0})[0m
[2026-03-02 15:07:06,379] INFO: [0;37mlabel_names: ('_label_',)[0m
[2026-03-02 15:07:06,379] INFO: [0;37mobserver_names: ('jet_pt', 'jet_eta', 'jet_phi', 'jet_energy', 'jet_nparticles', 'jet_sdmass', 'jet_tau1', 'jet_tau2', 'jet_tau3', 'jet_tau4')[0m
[2026-03-02 15:07:06,379] INFO: [0;37mmonitor_variables: ()[0m
[2026-03-02 15:07:06,380] INFO: Performing Symbolic Regression
[2026-03-02 15:07:06,385] INFO: [0;37mpreprocess config: {'method': 'manual', 'data_fraction': 0.5, 'params': None}[0m
[2026-03-02 15:07:06,385] INFO: [0;37mselection: None[0m
[2026-03-02 15:07:06,385] INFO: [0;37mtest_time_selection: None[0m
[2026-03-02 15:07:06,385] INFO: [0;37mvar_funcs:
 - ('part_mask', 'ak.ones_like(part_energy)')
 - ('part_pt', 'np.hypot(part_px, part_py)')
 - ('part_pt_log', 'np.log(part_pt)')
 - ('part_e_log', 'np.log(part_energy)')
 - ('part_logptrel', 'np.log(part_pt/jet_pt)')
 - ('part_logerel', 'np.log(part_energy/jet_energy)')
 - ('part_deltaR', 'np.hypot(part_deta, part_dphi)')
 - ('_label_', 'np.argmax(np.stack([ak.to_numpy(label_QCD),ak.to_numpy(label_Wqq)], axis=1), axis=1)')
 - ('_labelcheck_', 'np.sum(np.stack([ak.to_numpy(label_QCD),ak.to_numpy(label_Wqq)], axis=1), axis=1)')[0m
[2026-03-02 15:07:06,385] INFO: [0;37minput_names: ('pf_points', 'pf_features', 'pf_vectors', 'pf_mask')[0m
[2026-03-02 15:07:06,385] INFO: [0;37minput_dicts:
 - ('pf_points', ['part_deta', 'part_dphi'])
 - ('pf_features', ['part_pt_log', 'part_e_log', 'part_logptrel', 'part_logerel', 'part_deltaR', 'part_deta', 'part_dphi'])
 - ('pf_vectors', ['part_px', 'part_py', 'part_pz', 'part_energy'])
 - ('pf_mask', ['part_mask'])[0m
[2026-03-02 15:07:06,385] INFO: [0;37minput_shapes:
 - ('pf_points', (-1, 2, 32))
 - ('pf_features', (-1, 7, 32))
 - ('pf_vectors', (-1, 4, 32))
 - ('pf_mask', (-1, 1, 32))[0m
[2026-03-02 15:07:06,385] INFO: [0;37mpreprocess_params:
 - ('part_deta', {'length': 32, 'pad_mode': 'wrap', 'center': None, 'scale': 1, 'min': -5, 'max': 5, 'pad_value': 0})
 - ('part_dphi', {'length': 32, 'pad_mode': 'wrap', 'center': None, 'scale': 1, 'min': -5, 'max': 5, 'pad_value': 0})
 - ('part_pt_log', {'length': 32, 'pad_mode': 'wrap', 'center': 1.7, 'scale': 0.7, 'min': -5, 'max': 5, 'pad_value': 0})
 - ('part_e_log', {'length': 32, 'pad_mode': 'wrap', 'center': 2.0, 'scale': 0.7, 'min': -5, 'max': 5, 'pad_value': 0})
 - ('part_logptrel', {'length': 32, 'pad_mode': 'wrap', 'center': -4.7, 'scale': 0.7, 'min': -5, 'max': 5, 'pad_value': 0})
 - ('part_logerel', {'length': 32, 'pad_mode': 'wrap', 'center': -4.7, 'scale': 0.7, 'min': -5, 'max': 5, 'pad_value': 0})
 - ('part_deltaR', {'length': 32, 'pad_mode': 'wrap', 'center': 0.2, 'scale': 4.0, 'min': -5, 'max': 5, 'pad_value': 0})
 - ('part_px', {'length': 32, 'pad_mode': 'wrap', 'center': None, 'scale': 1, 'min': -5, 'max': 5, 'pad_value': 0})
 - ('part_py', {'length': 32, 'pad_mode': 'wrap', 'center': None, 'scale': 1, 'min': -5, 'max': 5, 'pad_value': 0})
 - ('part_pz', {'length': 32, 'pad_mode': 'wrap', 'center': None, 'scale': 1, 'min': -5, 'max': 5, 'pad_value': 0})
 - ('part_energy', {'length': 32, 'pad_mode': 'wrap', 'center': None, 'scale': 1, 'min': -5, 'max': 5, 'pad_value': 0})
 - ('part_mask', {'length': 32, 'pad_mode': 'constant', 'center': None, 'scale': 1, 'min': -5, 'max': 5, 'pad_value': 0})[0m
[2026-03-02 15:07:06,385] INFO: [0;37mlabel_names: ('_label_',)[0m
[2026-03-02 15:07:06,386] INFO: [0;37mobserver_names: ('jet_pt', 'jet_eta', 'jet_phi', 'jet_energy', 'jet_nparticles', 'jet_sdmass', 'jet_tau1', 'jet_tau2', 'jet_tau3', 'jet_tau4')[0m
[2026-03-02 15:07:06,386] INFO: [0;37mmonitor_variables: ()[0m
[2026-03-02 15:07:06,390] INFO: [0;37mpreprocess config: {'method': 'manual', 'data_fraction': 0.5, 'params': None}[0m
[2026-03-02 15:07:06,391] INFO: [0;37mselection: None[0m
[2026-03-02 15:07:06,391] INFO: [0;37mtest_time_selection: None[0m
[2026-03-02 15:07:06,391] INFO: [0;37mvar_funcs:
 - ('part_mask', 'ak.ones_like(part_energy)')
 - ('part_pt', 'np.hypot(part_px, part_py)')
 - ('part_pt_log', 'np.log(part_pt)')
 - ('part_e_log', 'np.log(part_energy)')
 - ('part_logptrel', 'np.log(part_pt/jet_pt)')
 - ('part_logerel', 'np.log(part_energy/jet_energy)')
 - ('part_deltaR', 'np.hypot(part_deta, part_dphi)')
 - ('_label_', 'np.argmax(np.stack([ak.to_numpy(label_QCD),ak.to_numpy(label_Wqq)], axis=1), axis=1)')
 - ('_labelcheck_', 'np.sum(np.stack([ak.to_numpy(label_QCD),ak.to_numpy(label_Wqq)], axis=1), axis=1)')[0m
[2026-03-02 15:07:06,391] INFO: [0;37minput_names: ('pf_points', 'pf_features', 'pf_vectors', 'pf_mask')[0m
[2026-03-02 15:07:06,391] INFO: [0;37minput_dicts:
 - ('pf_points', ['part_deta', 'part_dphi'])
 - ('pf_features', ['part_pt_log', 'part_e_log', 'part_logptrel', 'part_logerel', 'part_deltaR', 'part_deta', 'part_dphi'])
 - ('pf_vectors', ['part_px', 'part_py', 'part_pz', 'part_energy'])
 - ('pf_mask', ['part_mask'])[0m
[2026-03-02 15:07:06,391] INFO: [0;37minput_shapes:
 - ('pf_points', (-1, 2, 32))
 - ('pf_features', (-1, 7, 32))
 - ('pf_vectors', (-1, 4, 32))
 - ('pf_mask', (-1, 1, 32))[0m
[2026-03-02 15:07:06,391] INFO: [0;37mpreprocess_params:
 - ('part_deta', {'length': 32, 'pad_mode': 'wrap', 'center': None, 'scale': 1, 'min': -5, 'max': 5, 'pad_value': 0})
 - ('part_dphi', {'length': 32, 'pad_mode': 'wrap', 'center': None, 'scale': 1, 'min': -5, 'max': 5, 'pad_value': 0})
 - ('part_pt_log', {'length': 32, 'pad_mode': 'wrap', 'center': 1.7, 'scale': 0.7, 'min': -5, 'max': 5, 'pad_value': 0})
 - ('part_e_log', {'length': 32, 'pad_mode': 'wrap', 'center': 2.0, 'scale': 0.7, 'min': -5, 'max': 5, 'pad_value': 0})
 - ('part_logptrel', {'length': 32, 'pad_mode': 'wrap', 'center': -4.7, 'scale': 0.7, 'min': -5, 'max': 5, 'pad_value': 0})
 - ('part_logerel', {'length': 32, 'pad_mode': 'wrap', 'center': -4.7, 'scale': 0.7, 'min': -5, 'max': 5, 'pad_value': 0})
 - ('part_deltaR', {'length': 32, 'pad_mode': 'wrap', 'center': 0.2, 'scale': 4.0, 'min': -5, 'max': 5, 'pad_value': 0})
 - ('part_px', {'length': 32, 'pad_mode': 'wrap', 'center': None, 'scale': 1, 'min': -5, 'max': 5, 'pad_value': 0})
 - ('part_py', {'length': 32, 'pad_mode': 'wrap', 'center': None, 'scale': 1, 'min': -5, 'max': 5, 'pad_value': 0})
 - ('part_pz', {'length': 32, 'pad_mode': 'wrap', 'center': None, 'scale': 1, 'min': -5, 'max': 5, 'pad_value': 0})
 - ('part_energy', {'length': 32, 'pad_mode': 'wrap', 'center': None, 'scale': 1, 'min': -5, 'max': 5, 'pad_value': 0})
 - ('part_mask', {'length': 32, 'pad_mode': 'constant', 'center': None, 'scale': 1, 'min': -5, 'max': 5, 'pad_value': 0})[0m
[2026-03-02 15:07:06,391] INFO: [0;37mlabel_names: ('_label_',)[0m
[2026-03-02 15:07:06,391] INFO: [0;37mobserver_names: ()[0m
[2026-03-02 15:07:06,391] INFO: [0;37mmonitor_variables: ()[0m
[2026-03-02 15:07:06,392] INFO: Model config: {'input_dims': 7, 'set_size': 32, 'phi_sizes': (256, 256, 256), 'fc_sizes': (256, 256, 256), 'use_bn': False, 'latent_dim': 8, 'relaxed': True, 'expander_relu': False, 'n_pieces': 20}
[2026-03-02 15:07:06,430] INFO: [0;37mpreprocess config: {'method': 'manual', 'data_fraction': 0.5, 'params': None}[0m
[2026-03-02 15:07:06,430] INFO: [0;37mselection: None[0m
[2026-03-02 15:07:06,430] INFO: [0;37mtest_time_selection: None[0m
[2026-03-02 15:07:06,430] INFO: [0;37mvar_funcs:
 - ('part_mask', 'ak.ones_like(part_energy)')
 - ('part_pt', 'np.hypot(part_px, part_py)')
 - ('part_pt_log', 'np.log(part_pt)')
 - ('part_e_log', 'np.log(part_energy)')
 - ('part_logptrel', 'np.log(part_pt/jet_pt)')
 - ('part_logerel', 'np.log(part_energy/jet_energy)')
 - ('part_deltaR', 'np.hypot(part_deta, part_dphi)')
 - ('_label_', 'np.argmax(np.stack([ak.to_numpy(label_QCD),ak.to_numpy(label_Wqq)], axis=1), axis=1)')
 - ('_labelcheck_', 'np.sum(np.stack([ak.to_numpy(label_QCD),ak.to_numpy(label_Wqq)], axis=1), axis=1)')[0m
[2026-03-02 15:07:06,431] INFO: [0;37minput_names: ('pf_points', 'pf_features', 'pf_vectors', 'pf_mask')[0m
[2026-03-02 15:07:06,431] INFO: [0;37minput_dicts:
 - ('pf_points', ['part_deta', 'part_dphi'])
 - ('pf_features', ['part_pt_log', 'part_e_log', 'part_logptrel', 'part_logerel', 'part_deltaR', 'part_deta', 'part_dphi'])
 - ('pf_vectors', ['part_px', 'part_py', 'part_pz', 'part_energy'])
 - ('pf_mask', ['part_mask'])[0m
[2026-03-02 15:07:06,431] INFO: [0;37minput_shapes:
 - ('pf_points', (-1, 2, 32))
 - ('pf_features', (-1, 7, 32))
 - ('pf_vectors', (-1, 4, 32))
 - ('pf_mask', (-1, 1, 32))[0m
[2026-03-02 15:07:06,431] INFO: [0;37mpreprocess_params:
 - ('part_deta', {'length': 32, 'pad_mode': 'wrap', 'center': None, 'scale': 1, 'min': -5, 'max': 5, 'pad_value': 0})
 - ('part_dphi', {'length': 32, 'pad_mode': 'wrap', 'center': None, 'scale': 1, 'min': -5, 'max': 5, 'pad_value': 0})
 - ('part_pt_log', {'length': 32, 'pad_mode': 'wrap', 'center': 1.7, 'scale': 0.7, 'min': -5, 'max': 5, 'pad_value': 0})
 - ('part_e_log', {'length': 32, 'pad_mode': 'wrap', 'center': 2.0, 'scale': 0.7, 'min': -5, 'max': 5, 'pad_value': 0})
 - ('part_logptrel', {'length': 32, 'pad_mode': 'wrap', 'center': -4.7, 'scale': 0.7, 'min': -5, 'max': 5, 'pad_value': 0})
 - ('part_logerel', {'length': 32, 'pad_mode': 'wrap', 'center': -4.7, 'scale': 0.7, 'min': -5, 'max': 5, 'pad_value': 0})
 - ('part_deltaR', {'length': 32, 'pad_mode': 'wrap', 'center': 0.2, 'scale': 4.0, 'min': -5, 'max': 5, 'pad_value': 0})
 - ('part_px', {'length': 32, 'pad_mode': 'wrap', 'center': None, 'scale': 1, 'min': -5, 'max': 5, 'pad_value': 0})
 - ('part_py', {'length': 32, 'pad_mode': 'wrap', 'center': None, 'scale': 1, 'min': -5, 'max': 5, 'pad_value': 0})
 - ('part_pz', {'length': 32, 'pad_mode': 'wrap', 'center': None, 'scale': 1, 'min': -5, 'max': 5, 'pad_value': 0})
 - ('part_energy', {'length': 32, 'pad_mode': 'wrap', 'center': None, 'scale': 1, 'min': -5, 'max': 5, 'pad_value': 0})
 - ('part_mask', {'length': 32, 'pad_mode': 'constant', 'center': None, 'scale': 1, 'min': -5, 'max': 5, 'pad_value': 0})[0m
[2026-03-02 15:07:06,431] INFO: [0;37mlabel_names: ('_label_',)[0m
[2026-03-02 15:07:06,431] INFO: [0;37mobserver_names: ('jet_pt', 'jet_eta', 'jet_phi', 'jet_energy', 'jet_nparticles', 'jet_sdmass', 'jet_tau1', 'jet_tau2', 'jet_tau3', 'jet_tau4')[0m
[2026-03-02 15:07:06,431] INFO: [0;37mmonitor_variables: ()[0m
[2026-03-02 15:07:06,439] INFO: [0;37mpreprocess config: {'method': 'manual', 'data_fraction': 0.5, 'params': None}[0m
[2026-03-02 15:07:06,439] INFO: [0;37mselection: None[0m
[2026-03-02 15:07:06,439] INFO: [0;37mtest_time_selection: None[0m
[2026-03-02 15:07:06,439] INFO: [0;37mvar_funcs:
 - ('part_mask', 'ak.ones_like(part_energy)')
 - ('part_pt', 'np.hypot(part_px, part_py)')
 - ('part_pt_log', 'np.log(part_pt)')
 - ('part_e_log', 'np.log(part_energy)')
 - ('part_logptrel', 'np.log(part_pt/jet_pt)')
 - ('part_logerel', 'np.log(part_energy/jet_energy)')
 - ('part_deltaR', 'np.hypot(part_deta, part_dphi)')
 - ('_label_', 'np.argmax(np.stack([ak.to_numpy(label_QCD),ak.to_numpy(label_Wqq)], axis=1), axis=1)')
 - ('_labelcheck_', 'np.sum(np.stack([ak.to_numpy(label_QCD),ak.to_numpy(label_Wqq)], axis=1), axis=1)')[0m
[2026-03-02 15:07:06,439] INFO: [0;37minput_names: ('pf_points', 'pf_features', 'pf_vectors', 'pf_mask')[0m
[2026-03-02 15:07:06,439] INFO: [0;37minput_dicts:
 - ('pf_points', ['part_deta', 'part_dphi'])
 - ('pf_features', ['part_pt_log', 'part_e_log', 'part_logptrel', 'part_logerel', 'part_deltaR', 'part_deta', 'part_dphi'])
 - ('pf_vectors', ['part_px', 'part_py', 'part_pz', 'part_energy'])
 - ('pf_mask', ['part_mask'])[0m
[2026-03-02 15:07:06,440] INFO: [0;37minput_shapes:
 - ('pf_points', (-1, 2, 32))
 - ('pf_features', (-1, 7, 32))
 - ('pf_vectors', (-1, 4, 32))
 - ('pf_mask', (-1, 1, 32))[0m
[2026-03-02 15:07:06,440] INFO: [0;37mpreprocess_params:
 - ('part_deta', {'length': 32, 'pad_mode': 'wrap', 'center': None, 'scale': 1, 'min': -5, 'max': 5, 'pad_value': 0})
 - ('part_dphi', {'length': 32, 'pad_mode': 'wrap', 'center': None, 'scale': 1, 'min': -5, 'max': 5, 'pad_value': 0})
 - ('part_pt_log', {'length': 32, 'pad_mode': 'wrap', 'center': 1.7, 'scale': 0.7, 'min': -5, 'max': 5, 'pad_value': 0})
 - ('part_e_log', {'length': 32, 'pad_mode': 'wrap', 'center': 2.0, 'scale': 0.7, 'min': -5, 'max': 5, 'pad_value': 0})
 - ('part_logptrel', {'length': 32, 'pad_mode': 'wrap', 'center': -4.7, 'scale': 0.7, 'min': -5, 'max': 5, 'pad_value': 0})
 - ('part_logerel', {'length': 32, 'pad_mode': 'wrap', 'center': -4.7, 'scale': 0.7, 'min': -5, 'max': 5, 'pad_value': 0})
 - ('part_deltaR', {'length': 32, 'pad_mode': 'wrap', 'center': 0.2, 'scale': 4.0, 'min': -5, 'max': 5, 'pad_value': 0})
 - ('part_px', {'length': 32, 'pad_mode': 'wrap', 'center': None, 'scale': 1, 'min': -5, 'max': 5, 'pad_value': 0})
 - ('part_py', {'length': 32, 'pad_mode': 'wrap', 'center': None, 'scale': 1, 'min': -5, 'max': 5, 'pad_value': 0})
 - ('part_pz', {'length': 32, 'pad_mode': 'wrap', 'center': None, 'scale': 1, 'min': -5, 'max': 5, 'pad_value': 0})
 - ('part_energy', {'length': 32, 'pad_mode': 'wrap', 'center': None, 'scale': 1, 'min': -5, 'max': 5, 'pad_value': 0})
 - ('part_mask', {'length': 32, 'pad_mode': 'constant', 'center': None, 'scale': 1, 'min': -5, 'max': 5, 'pad_value': 0})[0m
[2026-03-02 15:07:06,440] INFO: [0;37mlabel_names: ('_label_',)[0m
[2026-03-02 15:07:06,440] INFO: [0;37mobserver_names: ()[0m
[2026-03-02 15:07:06,440] INFO: [0;37mmonitor_variables: ()[0m
[2026-03-02 15:07:06,441] INFO: Model config: {'input_dim': 7, 'num_classes': 2, 'pair_input_dim': 4, 'use_pre_activation_pair': False, 'embed_dims': [128, 512, 128], 'pair_embed_dims': [64, 64, 64], 'num_heads': 8, 'num_layers': 4, 'num_cls_layers': 1, 'block_params': None, 'cls_block_params': {'dropout': 0, 'attn_dropout': 0, 'activation_dropout': 0}, 'fc_params': [], 'activation': 'gelu', 'trim': True, 'for_inference': False}
[2026-03-02 15:07:06,441] INFO: cfg_block: {'embed_dim': 128, 'num_heads': 8, 'ffn_ratio': 4, 'dropout': 0.1, 'attn_dropout': 0.1, 'activation_dropout': 0.1, 'add_bias_kv': False, 'activation': 'gelu', 'scale_fc': True, 'scale_attn': True, 'scale_heads': True, 'scale_resids': True}
[2026-03-02 15:07:06,441] INFO: cfg_cls_block: {'embed_dim': 128, 'num_heads': 8, 'ffn_ratio': 4, 'dropout': 0, 'attn_dropout': 0, 'activation_dropout': 0, 'add_bias_kv': False, 'activation': 'gelu', 'scale_fc': True, 'scale_attn': True, 'scale_heads': True, 'scale_resids': True}
[2026-03-02 15:07:06,898] INFO: Restarted DataIter train, load_range=(0.6250282696603894, 0.6350282696603894), file_list:
{
  "WToQQ": [
    "/home/alang/ppCodes/part_gp/datasets/JetClass/Pythia/train_100M/WToQQ_000.root",
    "/home/alang/ppCodes/part_gp/datasets/JetClass/Pythia/train_100M/WToQQ_001.root",
    "/home/alang/ppCodes/part_gp/datasets/JetClass/Pythia/train_100M/WToQQ_002.root",
    "/home/alang/ppCodes/part_gp/datasets/JetClass/Pythia/train_100M/WToQQ_003.root",
    "/home/alang/ppCodes/part_gp/datasets/JetClass/Pythia/train_100M/WToQQ_004.root",
    "/home/alang/ppCodes/part_gp/datasets/JetClass/Pythia/train_100M/WToQQ_005.root",
    "/home/alang/ppCodes/part_gp/datasets/JetClass/Pythia/train_100M/WToQQ_006.root",
    "/home/alang/ppCodes/part_gp/datasets/JetClass/Pythia/train_100M/WToQQ_007.root",
    "/home/alang/ppCodes/part_gp/datasets/JetClass/Pythia/train_100M/WToQQ_008.root",
    "/home/alang/ppCodes/part_gp/datasets/JetClass/Pythia/train_100M/WToQQ_009.root",
    "/home/alang/ppCodes/part_gp/datasets/JetClass/Pythia/train_100M/WToQQ_010.root",
    "/home/alang/ppCodes/part_gp/datasets/JetClass/Pythia/train_100M/WToQQ_011.root",
    "/home/alang/ppCodes/part_gp/datasets/JetClass/Pythia/train_100M/WToQQ_012.root",
    "/home/alang/ppCodes/part_gp/datasets/JetClass/Pythia/train_100M/WToQQ_013.root",
    "/home/alang/ppCodes/part_gp/datasets/JetClass/Pythia/train_100M/WToQQ_014.root",
    "/home/alang/ppCodes/part_gp/datasets/JetClass/Pythia/train_100M/WToQQ_015.root",
    "/home/alang/ppCodes/part_gp/datasets/JetClass/Pythia/train_100M/WToQQ_016.root",
    "/home/alang/ppCodes/part_gp/datasets/JetClass/Pythia/train_100M/WToQQ_017.root",
    "/home/alang/ppCodes/part_gp/datasets/JetClass/Pythia/train_100M/WToQQ_018.root",
    "/home/alang/ppCodes/part_gp/datasets/JetClass/Pythia/train_100M/WToQQ_019.root",
    "/home/alang/ppCodes/part_gp/datasets/JetClass/Pythia/train_100M/WToQQ_020.root",
    "/home/alang/ppCodes/part_gp/datasets/JetClass/Pythia/train_100M/WToQQ_021.root",
    "/home/alang/ppCodes/part_gp/datasets/JetClass/Pythia/train_100M/WToQQ_022.root",
    "/home/alang/ppCodes/part_gp/datasets/JetClass/Pythia/train_100M/WToQQ_023.root",
    "/home/alang/ppCodes/part_gp/datasets/JetClass/Pythia/train_100M/WToQQ_024.root",
    "/home/alang/ppCodes/part_gp/datasets/JetClass/Pythia/train_100M/WToQQ_025.root",
    "/home/alang/ppCodes/part_gp/datasets/JetClass/Pythia/train_100M/WToQQ_026.root",
    "/home/alang/ppCodes/part_gp/datasets/JetClass/Pythia/train_100M/WToQQ_027.root",
    "/home/alang/ppCodes/part_gp/datasets/JetClass/Pythia/train_100M/WToQQ_028.root",
    "/home/alang/ppCodes/part_gp/datasets/JetClass/Pythia/train_100M/WToQQ_029.root",
    "/home/alang/ppCodes/part_gp/datasets/JetClass/Pythia/train_100M/WToQQ_030.root",
    "/home/alang/ppCodes/part_gp/datasets/JetClass/Pythia/train_100M/WToQQ_031.root",
    "/home/alang/ppCodes/part_gp/datasets/JetClass/Pythia/train_100M/WToQQ_032.root",
    "/home/alang/ppCodes/part_gp/datasets/JetClass/Pythia/train_100M/WToQQ_033.root",
    "/home/alang/ppCodes/part_gp/datasets/JetClass/Pythia/train_100M/WToQQ_034.root",
    "/home/alang/ppCodes/part_gp/datasets/JetClass/Pythia/train_100M/WToQQ_035.root",
    "/home/alang/ppCodes/part_gp/datasets/JetClass/Pythia/train_100M/WToQQ_036.root",
    "/home/alang/ppCodes/part_gp/datasets/JetClass/Pythia/train_100M/WToQQ_037.root",
    "/home/alang/ppCodes/part_gp/datasets/JetClass/Pythia/train_100M/WToQQ_038.root",
    "/home/alang/ppCodes/part_gp/datasets/JetClass/Pythia/train_100M/WToQQ_039.root",
    "/home/alang/ppCodes/part_gp/datasets/JetClass/Pythia/train_100M/WToQQ_040.root",
    "/home/alang/ppCodes/part_gp/datasets/JetClass/Pythia/train_100M/WToQQ_041.root",
    "/home/alang/ppCodes/part_gp/datasets/JetClass/Pythia/train_100M/WToQQ_042.root",
    "/home/alang/ppCodes/part_gp/datasets/JetClass/Pythia/train_100M/WToQQ_043.root",
    "/home/alang/ppCodes/part_gp/datasets/JetClass/Pythia/train_100M/WToQQ_044.root",
    "/home/alang/ppCodes/part_gp/datasets/JetClass/Pythia/train_100M/WToQQ_045.root",
    "/home/alang/ppCodes/part_gp/datasets/JetClass/Pythia/train_100M/WToQQ_046.root",
    "/home/alang/ppCodes/part_gp/datasets/JetClass/Pythia/train_100M/WToQQ_047.root",
    "/home/alang/ppCodes/part_gp/datasets/JetClass/Pythia/train_100M/WToQQ_048.root",
    "/home/alang/ppCodes/part_gp/datasets/JetClass/Pythia/train_100M/WToQQ_049.root",
    "/home/alang/ppCodes/part_gp/datasets/JetClass/Pythia/train_100M/WToQQ_050.root",
    "/home/alang/ppCodes/part_gp/datasets/JetClass/Pythia/train_100M/WToQQ_051.root",
    "/home/alang/ppCodes/part_gp/datasets/JetClass/Pythia/train_100M/WToQQ_052.root",
    "/home/alang/ppCodes/part_gp/datasets/JetClass/Pythia/train_100M/WToQQ_053.root",
    "/home/alang/ppCodes/part_gp/datasets/JetClass/Pythia/train_100M/WToQQ_054.root",
    "/home/alang/ppCodes/part_gp/datasets/JetClass/Pythia/train_100M/WToQQ_055.root",
    "/home/alang/ppCodes/part_gp/datasets/JetClass/Pythia/train_100M/WToQQ_056.root",
    "/home/alang/ppCodes/part_gp/datasets/JetClass/Pythia/train_100M/WToQQ_057.root",
    "/home/alang/ppCodes/part_gp/datasets/JetClass/Pythia/train_100M/WToQQ_058.root",
    "/home/alang/ppCodes/part_gp/datasets/JetClass/Pythia/train_100M/WToQQ_059.root",
    "/home/alang/ppCodes/part_gp/datasets/JetClass/Pythia/train_100M/WToQQ_060.root",
    "/home/alang/ppCodes/part_gp/datasets/JetClass/Pythia/train_100M/WToQQ_061.root",
    "/home/alang/ppCodes/part_gp/datasets/JetClass/Pythia/train_100M/WToQQ_062.root",
    "/home/alang/ppCodes/part_gp/datasets/JetClass/Pythia/train_100M/WToQQ_063.root",
    "/home/alang/ppCodes/part_gp/datasets/JetClass/Pythia/train_100M/WToQQ_064.root",
    "/home/alang/ppCodes/part_gp/datasets/JetClass/Pythia/train_100M/WToQQ_065.root",
    "/home/alang/ppCodes/part_gp/datasets/JetClass/Pythia/train_100M/WToQQ_066.root",
    "/home/alang/ppCodes/part_gp/datasets/JetClass/Pythia/train_100M/WToQQ_067.root",
    "/home/alang/ppCodes/part_gp/datasets/JetClass/Pythia/train_100M/WToQQ_068.root",
    "/home/alang/ppCodes/part_gp/datasets/JetClass/Pythia/train_100M/WToQQ_069.root",
    "/home/alang/ppCodes/part_gp/datasets/JetClass/Pythia/train_100M/WToQQ_070.root",
    "/home/alang/ppCodes/part_gp/datasets/JetClass/Pythia/train_100M/WToQQ_071.root",
    "/home/alang/ppCodes/part_gp/datasets/JetClass/Pythia/train_100M/WToQQ_072.root",
    "/home/alang/ppCodes/part_gp/datasets/JetClass/Pythia/train_100M/WToQQ_073.root",
    "/home/alang/ppCodes/part_gp/datasets/JetClass/Pythia/train_100M/WToQQ_074.root",
    "/home/alang/ppCodes/part_gp/datasets/JetClass/Pythia/train_100M/WToQQ_075.root",
    "/home/alang/ppCodes/part_gp/datasets/JetClass/Pythia/train_100M/WToQQ_076.root",
    "/home/alang/ppCodes/part_gp/datasets/JetClass/Pythia/train_100M/WToQQ_077.root",
    "/home/alang/ppCodes/part_gp/datasets/JetClass/Pythia/train_100M/WToQQ_078.root",
    "/home/alang/ppCodes/part_gp/datasets/JetClass/Pythia/train_100M/WToQQ_079.root",
    "/home/alang/ppCodes/part_gp/datasets/JetClass/Pythia/train_100M/WToQQ_080.root",
    "/home/alang/ppCodes/part_gp/datasets/JetClass/Pythia/train_100M/WToQQ_081.root",
    "/home/alang/ppCodes/part_gp/datasets/JetClass/Pythia/train_100M/WToQQ_082.root",
    "/home/alang/ppCodes/part_gp/datasets/JetClass/Pythia/train_100M/WToQQ_083.root",
    "/home/alang/ppCodes/part_gp/datasets/JetClass/Pythia/train_100M/WToQQ_084.root",
    "/home/alang/ppCodes/part_gp/datasets/JetClass/Pythia/train_100M/WToQQ_085.root",
    "/home/alang/ppCodes/part_gp/datasets/JetClass/Pythia/train_100M/WToQQ_086.root",
    "/home/alang/ppCodes/part_gp/datasets/JetClass/Pythia/train_100M/WToQQ_087.root",
    "/home/alang/ppCodes/part_gp/datasets/JetClass/Pythia/train_100M/WToQQ_088.root",
    "/home/alang/ppCodes/part_gp/datasets/JetClass/Pythia/train_100M/WToQQ_089.root",
    "/home/alang/ppCodes/part_gp/datasets/JetClass/Pythia/train_100M/WToQQ_090.root",
    "/home/alang/ppCodes/part_gp/datasets/JetClass/Pythia/train_100M/WToQQ_091.root",
    "/home/alang/ppCodes/part_gp/datasets/JetClass/Pythia/train_100M/WToQQ_092.root",
    "/home/alang/ppCodes/part_gp/datasets/JetClass/Pythia/train_100M/WToQQ_093.root",
    "/home/alang/ppCodes/part_gp/datasets/JetClass/Pythia/train_100M/WToQQ_094.root",
    "/home/alang/ppCodes/part_gp/datasets/JetClass/Pythia/train_100M/WToQQ_095.root",
    "/home/alang/ppCodes/part_gp/datasets/JetClass/Pythia/train_100M/WToQQ_096.root",
    "/home/alang/ppCodes/part_gp/datasets/JetClass/Pythia/train_100M/WToQQ_097.root",
    "/home/alang/ppCodes/part_gp/datasets/JetClass/Pythia/train_100M/WToQQ_098.root",
    "/home/alang/ppCodes/part_gp/datasets/JetClass/Pythia/train_100M/WToQQ_099.root"
  ],
  "ZJetsToNuNu": [
    "/home/alang/ppCodes/part_gp/datasets/JetClass/Pythia/train_100M/ZJetsToNuNu_000.root",
    "/home/alang/ppCodes/part_gp/datasets/JetClass/Pythia/train_100M/ZJetsToNuNu_001.root",
    "/home/alang/ppCodes/part_gp/datasets/JetClass/Pythia/train_100M/ZJetsToNuNu_002.root",
    "/home/alang/ppCodes/part_gp/datasets/JetClass/Pythia/train_100M/ZJetsToNuNu_003.root",
    "/home/alang/ppCodes/part_gp/datasets/JetClass/Pythia/train_100M/ZJetsToNuNu_004.root",
    "/home/alang/ppCodes/part_gp/datasets/JetClass/Pythia/train_100M/ZJetsToNuNu_005.root",
    "/home/alang/ppCodes/part_gp/datasets/JetClass/Pythia/train_100M/ZJetsToNuNu_006.root",
    "/home/alang/ppCodes/part_gp/datasets/JetClass/Pythia/train_100M/ZJetsToNuNu_007.root",
    "/home/alang/ppCodes/part_gp/datasets/JetClass/Pythia/train_100M/ZJetsToNuNu_008.root",
    "/home/alang/ppCodes/part_gp/datasets/JetClass/Pythia/train_100M/ZJetsToNuNu_009.root",
    "/home/alang/ppCodes/part_gp/datasets/JetClass/Pythia/train_100M/ZJetsToNuNu_010.root",
    "/home/alang/ppCodes/part_gp/datasets/JetClass/Pythia/train_100M/ZJetsToNuNu_011.root",
    "/home/alang/ppCodes/part_gp/datasets/JetClass/Pythia/train_100M/ZJetsToNuNu_012.root",
    "/home/alang/ppCodes/part_gp/datasets/JetClass/Pythia/train_100M/ZJetsToNuNu_013.root",
    "/home/alang/ppCodes/part_gp/datasets/JetClass/Pythia/train_100M/ZJetsToNuNu_014.root",
    "/home/alang/ppCodes/part_gp/datasets/JetClass/Pythia/train_100M/ZJetsToNuNu_015.root",
    "/home/alang/ppCodes/part_gp/datasets/JetClass/Pythia/train_100M/ZJetsToNuNu_016.root",
    "/home/alang/ppCodes/part_gp/datasets/JetClass/Pythia/train_100M/ZJetsToNuNu_017.root",
    "/home/alang/ppCodes/part_gp/datasets/JetClass/Pythia/train_100M/ZJetsToNuNu_018.root",
    "/home/alang/ppCodes/part_gp/datasets/JetClass/Pythia/train_100M/ZJetsToNuNu_019.root",
    "/home/alang/ppCodes/part_gp/datasets/JetClass/Pythia/train_100M/ZJetsToNuNu_020.root",
    "/home/alang/ppCodes/part_gp/datasets/JetClass/Pythia/train_100M/ZJetsToNuNu_021.root",
    "/home/alang/ppCodes/part_gp/datasets/JetClass/Pythia/train_100M/ZJetsToNuNu_022.root",
    "/home/alang/ppCodes/part_gp/datasets/JetClass/Pythia/train_100M/ZJetsToNuNu_023.root",
    "/home/alang/ppCodes/part_gp/datasets/JetClass/Pythia/train_100M/ZJetsToNuNu_024.root",
    "/home/alang/ppCodes/part_gp/datasets/JetClass/Pythia/train_100M/ZJetsToNuNu_025.root",
    "/home/alang/ppCodes/part_gp/datasets/JetClass/Pythia/train_100M/ZJetsToNuNu_026.root",
    "/home/alang/ppCodes/part_gp/datasets/JetClass/Pythia/train_100M/ZJetsToNuNu_027.root",
    "/home/alang/ppCodes/part_gp/datasets/JetClass/Pythia/train_100M/ZJetsToNuNu_028.root",
    "/home/alang/ppCodes/part_gp/datasets/JetClass/Pythia/train_100M/ZJetsToNuNu_029.root",
    "/home/alang/ppCodes/part_gp/datasets/JetClass/Pythia/train_100M/ZJetsToNuNu_030.root",
    "/home/alang/ppCodes/part_gp/datasets/JetClass/Pythia/train_100M/ZJetsToNuNu_031.root",
    "/home/alang/ppCodes/part_gp/datasets/JetClass/Pythia/train_100M/ZJetsToNuNu_032.root",
    "/home/alang/ppCodes/part_gp/datasets/JetClass/Pythia/train_100M/ZJetsToNuNu_033.root",
    "/home/alang/ppCodes/part_gp/datasets/JetClass/Pythia/train_100M/ZJetsToNuNu_034.root",
    "/home/alang/ppCodes/part_gp/datasets/JetClass/Pythia/train_100M/ZJetsToNuNu_035.root",
    "/home/alang/ppCodes/part_gp/datasets/JetClass/Pythia/train_100M/ZJetsToNuNu_036.root",
    "/home/alang/ppCodes/part_gp/datasets/JetClass/Pythia/train_100M/ZJetsToNuNu_037.root",
    "/home/alang/ppCodes/part_gp/datasets/JetClass/Pythia/train_100M/ZJetsToNuNu_038.root",
    "/home/alang/ppCodes/part_gp/datasets/JetClass/Pythia/train_100M/ZJetsToNuNu_039.root",
    "/home/alang/ppCodes/part_gp/datasets/JetClass/Pythia/train_100M/ZJetsToNuNu_040.root",
    "/home/alang/ppCodes/part_gp/datasets/JetClass/Pythia/train_100M/ZJetsToNuNu_041.root",
    "/home/alang/ppCodes/part_gp/datasets/JetClass/Pythia/train_100M/ZJetsToNuNu_042.root",
    "/home/alang/ppCodes/part_gp/datasets/JetClass/Pythia/train_100M/ZJetsToNuNu_043.root",
    "/home/alang/ppCodes/part_gp/datasets/JetClass/Pythia/train_100M/ZJetsToNuNu_044.root",
    "/home/alang/ppCodes/part_gp/datasets/JetClass/Pythia/train_100M/ZJetsToNuNu_045.root",
    "/home/alang/ppCodes/part_gp/datasets/JetClass/Pythia/train_100M/ZJetsToNuNu_046.root",
    "/home/alang/ppCodes/part_gp/datasets/JetClass/Pythia/train_100M/ZJetsToNuNu_047.root",
    "/home/alang/ppCodes/part_gp/datasets/JetClass/Pythia/train_100M/ZJetsToNuNu_048.root",
    "/home/alang/ppCodes/part_gp/datasets/JetClass/Pythia/train_100M/ZJetsToNuNu_049.root",
    "/home/alang/ppCodes/part_gp/datasets/JetClass/Pythia/train_100M/ZJetsToNuNu_050.root",
    "/home/alang/ppCodes/part_gp/datasets/JetClass/Pythia/train_100M/ZJetsToNuNu_051.root",
    "/home/alang/ppCodes/part_gp/datasets/JetClass/Pythia/train_100M/ZJetsToNuNu_052.root",
    "/home/alang/ppCodes/part_gp/datasets/JetClass/Pythia/train_100M/ZJetsToNuNu_053.root",
    "/home/alang/ppCodes/part_gp/datasets/JetClass/Pythia/train_100M/ZJetsToNuNu_054.root",
    "/home/alang/ppCodes/part_gp/datasets/JetClass/Pythia/train_100M/ZJetsToNuNu_055.root",
    "/home/alang/ppCodes/part_gp/datasets/JetClass/Pythia/train_100M/ZJetsToNuNu_056.root",
    "/home/alang/ppCodes/part_gp/datasets/JetClass/Pythia/train_100M/ZJetsToNuNu_057.root",
    "/home/alang/ppCodes/part_gp/datasets/JetClass/Pythia/train_100M/ZJetsToNuNu_058.root",
    "/home/alang/ppCodes/part_gp/datasets/JetClass/Pythia/train_100M/ZJetsToNuNu_059.root",
    "/home/alang/ppCodes/part_gp/datasets/JetClass/Pythia/train_100M/ZJetsToNuNu_060.root",
    "/home/alang/ppCodes/part_gp/datasets/JetClass/Pythia/train_100M/ZJetsToNuNu_061.root",
    "/home/alang/ppCodes/part_gp/datasets/JetClass/Pythia/train_100M/ZJetsToNuNu_062.root",
    "/home/alang/ppCodes/part_gp/datasets/JetClass/Pythia/train_100M/ZJetsToNuNu_063.root",
    "/home/alang/ppCodes/part_gp/datasets/JetClass/Pythia/train_100M/ZJetsToNuNu_064.root",
    "/home/alang/ppCodes/part_gp/datasets/JetClass/Pythia/train_100M/ZJetsToNuNu_065.root",
    "/home/alang/ppCodes/part_gp/datasets/JetClass/Pythia/train_100M/ZJetsToNuNu_066.root",
    "/home/alang/ppCodes/part_gp/datasets/JetClass/Pythia/train_100M/ZJetsToNuNu_067.root",
    "/home/alang/ppCodes/part_gp/datasets/JetClass/Pythia/train_100M/ZJetsToNuNu_068.root",
    "/home/alang/ppCodes/part_gp/datasets/JetClass/Pythia/train_100M/ZJetsToNuNu_069.root",
    "/home/alang/ppCodes/part_gp/datasets/JetClass/Pythia/train_100M/ZJetsToNuNu_070.root",
    "/home/alang/ppCodes/part_gp/datasets/JetClass/Pythia/train_100M/ZJetsToNuNu_071.root",
    "/home/alang/ppCodes/part_gp/datasets/JetClass/Pythia/train_100M/ZJetsToNuNu_072.root",
    "/home/alang/ppCodes/part_gp/datasets/JetClass/Pythia/train_100M/ZJetsToNuNu_073.root",
    "/home/alang/ppCodes/part_gp/datasets/JetClass/Pythia/train_100M/ZJetsToNuNu_074.root",
    "/home/alang/ppCodes/part_gp/datasets/JetClass/Pythia/train_100M/ZJetsToNuNu_075.root",
    "/home/alang/ppCodes/part_gp/datasets/JetClass/Pythia/train_100M/ZJetsToNuNu_076.root",
    "/home/alang/ppCodes/part_gp/datasets/JetClass/Pythia/train_100M/ZJetsToNuNu_077.root",
    "/home/alang/ppCodes/part_gp/datasets/JetClass/Pythia/train_100M/ZJetsToNuNu_078.root",
    "/home/alang/ppCodes/part_gp/datasets/JetClass/Pythia/train_100M/ZJetsToNuNu_079.root",
    "/home/alang/ppCodes/part_gp/datasets/JetClass/Pythia/train_100M/ZJetsToNuNu_080.root",
    "/home/alang/ppCodes/part_gp/datasets/JetClass/Pythia/train_100M/ZJetsToNuNu_081.root",
    "/home/alang/ppCodes/part_gp/datasets/JetClass/Pythia/train_100M/ZJetsToNuNu_082.root",
    "/home/alang/ppCodes/part_gp/datasets/JetClass/Pythia/train_100M/ZJetsToNuNu_083.root",
    "/home/alang/ppCodes/part_gp/datasets/JetClass/Pythia/train_100M/ZJetsToNuNu_084.root",
    "/home/alang/ppCodes/part_gp/datasets/JetClass/Pythia/train_100M/ZJetsToNuNu_085.root",
    "/home/alang/ppCodes/part_gp/datasets/JetClass/Pythia/train_100M/ZJetsToNuNu_086.root",
    "/home/alang/ppCodes/part_gp/datasets/JetClass/Pythia/train_100M/ZJetsToNuNu_087.root",
    "/home/alang/ppCodes/part_gp/datasets/JetClass/Pythia/train_100M/ZJetsToNuNu_088.root",
    "/home/alang/ppCodes/part_gp/datasets/JetClass/Pythia/train_100M/ZJetsToNuNu_089.root",
    "/home/alang/ppCodes/part_gp/datasets/JetClass/Pythia/train_100M/ZJetsToNuNu_090.root",
    "/home/alang/ppCodes/part_gp/datasets/JetClass/Pythia/train_100M/ZJetsToNuNu_091.root",
    "/home/alang/ppCodes/part_gp/datasets/JetClass/Pythia/train_100M/ZJetsToNuNu_092.root",
    "/home/alang/ppCodes/part_gp/datasets/JetClass/Pythia/train_100M/ZJetsToNuNu_093.root",
    "/home/alang/ppCodes/part_gp/datasets/JetClass/Pythia/train_100M/ZJetsToNuNu_094.root",
    "/home/alang/ppCodes/part_gp/datasets/JetClass/Pythia/train_100M/ZJetsToNuNu_095.root",
    "/home/alang/ppCodes/part_gp/datasets/JetClass/Pythia/train_100M/ZJetsToNuNu_096.root",
    "/home/alang/ppCodes/part_gp/datasets/JetClass/Pythia/train_100M/ZJetsToNuNu_097.root",
    "/home/alang/ppCodes/part_gp/datasets/JetClass/Pythia/train_100M/ZJetsToNuNu_098.root",
    "/home/alang/ppCodes/part_gp/datasets/JetClass/Pythia/train_100M/ZJetsToNuNu_099.root"
  ]
}
[2026-03-02 22:47:33,137] INFO: PySRRegressor.equations_ = [
[
	    pick     score                                           equation      loss  complexity
	0         0.000000                                                 x7  0.854297           1
	1         0.035505                                     x7 * 1.7516499  0.795738           3
	2         0.021474                                 sin(x7 * 2.517312)  0.778832           4
	3         0.151625                                    (x3 - x15) * x7  0.669259           5
	4         0.009698                                  sin(x7 / x3) + x7  0.662800           6
	5         0.142604                             ((x3 - x15) - x2) * x7  0.574712           7
	6         0.032762               ((x3 * 1.8914508) - (x2 + x15)) * x7  0.538261           9
	7         0.020980     2.3228576 * tanh(((x3 - -0.627894) - x2) * x7)  0.527086          10
	8         0.034083  ((x7 + -0.45173565) * (x3 - (x15 + x2))) + 0.7...  0.509424          11
	9         0.016177  ((x7 + -0.49910495) * ((x3 - x15) - x2)) - sin...  0.501250          12
	10        0.010048  ((x3 - x2) + ((x3 + x7) - -1.2916601)) * (x7 +...  0.496239          13
	11  >>>>  0.073873  (tanh(x9 + (x7 * 2.6909745)) * ((x3 - x2) + 1....  0.460901          14
	12        0.005921  (((1.3746142 - x2) + x3) * tanh((x7 * 2.553061...  0.458181          15
	13        0.067287  (tanh(x9 + (x4 + (x7 * 3.4158769))) * ((0.9989...  0.428365          16
	14        0.028169  (tanh(((x7 * 3.384753) + x9) + x4) * (((x13 / ...  0.404900          18
	15        0.028449  ((1.4145182 * (x3 + sin(0.9004933 - x2))) * ta...  0.393543          19
	16        0.015206  (tanh((((x7 * 2.8905082) + x4) + x9) + x3) * (...  0.387604          20
	17        0.023483  ((tanh((x7 * 2.901967) + (x4 + (x3 + x9))) * (...  0.378608          21
	18        0.004600  (tanh((((x7 * 3.1716075) + x3) + x9) - (x4 / x...  0.376871          22
	19        0.025153  (tanh((((x7 * 3.1716075) + x3) + x9) - (x4 / x...  0.367510          23
	20        0.006770  ((tanh((((x7 * 2.9570642) + x3) + x9) - (sin(x...  0.365030          24
	21        0.034321  ((tanh((x7 * 3.245868) + ((x9 + x3) - (x4 / x1...  0.352714          25
	22        0.007822  (tanh((x7 * 3.1627264) + ((x3 - (x4 / x13)) + ...  0.349966          26
	23        0.002081  (((1.4287156 - (sin(x2 - 0.9906398) + (x12 / x...  0.349239          27
	24        0.003805  ((tanh((x13 / x12) - (x2 * 1.208028)) + sin(x3...  0.347913          28
	25        0.019608  ((-0.2937935 + tanh(x3 + ((x7 * 3.3542602) + (...  0.341157          29
	26        0.007208  (((x3 - ((x12 / x13) + sin(x2 - (x13 / x12))))...  0.338707          30
	27        0.014253  ((tanh((x9 + x3) + ((x7 * 3.2210686) - (x4 / x...  0.333914          31
	28        0.004188  (((x3 + 1.3552959) - (sin(x2 - (x13 / x12)) + ...  0.332518          32
	29        0.006631  ((x3 + (1.3552959 - (sin(x2 - (x13 / x12)) + (...  0.330320          33
	30        0.001336  ((tanh((x7 * 2.9570642) + ((x9 + x3) - (x4 / x...  0.329439          35
	31        0.009843  ((-0.33409575 + tanh((((x7 * 2.9570642) + x3) ...  0.326213          36
	32        0.004948  ((-0.33409575 + tanh(((x7 * 2.9570642) + x3) +...  0.324602          37
	33        0.004928  ((tanh(x3 + ((x7 * 2.9570642) + (x9 - ((x5 / 1...  0.323007          38
	34        0.002019  (((tanh(((x3 + x9) + (x7 * 2.9570642)) - ((x5 ...  0.321705          40
], [
	    pick     score                                           equation      loss  complexity
	0         0.000000                                                 x3  1.004484           1
	1         0.117947                                   x7 / -0.57015234  0.793407           3
	2         0.022919                               sin(x7 / -0.3957976)  0.775430           4
	3         0.157055                                    x7 * (x15 - x3)  0.662727           5
	4         0.071527                             x7 * (x2 + (x15 - x3))  0.574390           7
	5         0.034780               (x15 + (x2 - (x3 / 0.5220439))) * x7  0.535794           9
	6         0.010957          x7 * (x15 + (tanh(x2 - x3) / 0.43793222))  0.529955          10
	7         0.041345  ((x7 - 0.44906583) * ((x15 - x3) + x2)) + -0.6...  0.508491          11
	8         0.038836  (-0.77372265 - (x3 - x2)) * tanh(x9 + (4.31775...  0.489122          12
	9         0.006533  tanh((x7 * 4.2708125) + x9) * (tanh(x10) - (x3...  0.485937          13
	10  >>>>  0.067444  tanh(((x7 * 4.1881323) + x9) + x4) * (-0.81265...  0.454244          14
	11        0.008490  tanh((4.1881323 * x7) + (x4 + x9)) * (tanh(x10...  0.450404          15
	12        0.052751  -0.33559892 - (((x3 - x2) + 0.99995583) * tanh...  0.427261          16
	13        0.012633  (tanh(x9 + ((3.589322 * x7) + x4)) * (sin(x10)...  0.421897          17
	14        0.043880  -0.29942402 - (tanh((x4 - (x7 * -3.3750932)) +...  0.403784          18
	15        0.029892  -0.3617416 - ((x3 + sin(0.90312654 - x2)) * (t...  0.391893          19
	16        0.004362  -0.34498063 - ((sin(x3) + sin(0.89701134 - x2)...  0.390187          20
	17        0.032494  -0.35301945 - ((tanh((x9 - (x7 * -3.4573455)) ...  0.377712          21
	18        0.009297  -0.34627786 - ((tanh((x9 + x4) - (x7 * -3.4573...  0.374217          22
	19        0.027701  -0.23712304 - (tanh((x3 + (x4 + x9)) - (-3.023...  0.363993          23
	20        0.005147  sin(-0.2549848 - (tanh(((x3 + x9) + x4) - (x7 ...  0.362124          24
	21        0.012354  -0.1794608 - ((tanh((x3 + (x4 + x9)) - (x7 * -...  0.357678          25
	22        0.021700  sin(-0.2549848 - ((x3 + tanh(((x13 / x12) ^ 4....  0.350000          26
	23        0.003621  (sin(-0.33790562 - ((tanh(((x13 / x12) ^ 4.047...  0.347475          28
	24        0.002376  -0.16918552 - (((tanh(x3 - x2) + x3) + ((x13 /...  0.345827          30
	25        0.029435  -0.16918552 - (((sin(x3 - x2) + sin(x3 - (x2 *...  0.335796          31
	26        0.000461  (-0.16918552 - (((sin(x3 - x2) + sin(x3 - (x2 ...  0.335487          33
	27        0.002110  -0.14297812 - (((x13 / x12) + ((x3 - 0.4083685...  0.333371          36
	28        0.003004  -0.14297812 - (tanh((x3 + x9) - (sin(x13) * (x...  0.332371          37
	29        0.007252  (0.23345429 / x10) - ((sin(x12 + ((x3 + ((x12 ...  0.329969          38
	30        0.002449  (0.26256385 / x10) - ((sin(((x12 + (x12 - x2))...  0.329162          39
	31        0.001141  (0.26256385 / x10) - (tanh(sin(x3) + (x9 - (si...  0.328787          40
]]
[2026-03-02 22:47:33,137] INFO: Regressor Params:{'adaptive_parsimony_scaling': 1040.0, 'alpha': 3.17, 'annealing': True, 'autodiff_backend': None, 'batch_size': 50, 'batching': True, 'binary_operators': ['+', '-', '*', '/', '^'], 'bumper': False, 'cluster_manager': None, 'complexity_mapping': None, 'complexity_of_constants': None, 'complexity_of_operators': None, 'complexity_of_variables': None, 'constraints': {'^': (-1, 1)}, 'crossover_probability': 0.0259, 'delete_tempfiles': True, 'denoise': False, 'deterministic': False, 'dimensional_constraint_penalty': None, 'dimensionless_constants_only': False, 'early_stop_condition': None, 'elementwise_loss': 'HuberLoss(1.35)', 'expression_spec': None, 'extra_jax_mappings': None, 'extra_sympy_mappings': None, 'extra_torch_mappings': None, 'fast_cycle': False, 'fraction_replaced': 0.00036, 'fraction_replaced_hof': 0.0614, 'heap_size_hint_in_bytes': None, 'hof_migration': True, 'input_stream': 'stdin', 'logger_spec': None, 'loss_function': None, 'loss_function_expression': None, 'loss_scale': 'log', 'max_evals': None, 'maxdepth': None, 'maxsize': 40, 'migration': True, 'model_selection': 'best', 'ncycles_per_iteration': 1520, 'nested_constraints': {'*': {'tanh': 2}, 'tanh': {'tanh': 0, '^': 1, 'sin': 1}, 'sin': {'sin': 0}}, 'niterations': 4560, 'optimize_probability': 0.14, 'optimizer_algorithm': 'BFGS', 'optimizer_f_calls_limit': None, 'optimizer_iterations': 8, 'optimizer_nrestarts': 2, 'output_directory': '/home/alang/ppCodes/part_gp/outputs/sr_runs/WToQQ/Surrogate', 'output_jax_format': False, 'output_torch_format': True, 'parallelism': None, 'parsimony': 0.01, 'perturbation_factor': 0.129, 'population_size': 27, 'populations': 48, 'precision': 32, 'print_precision': 5, 'probability_negate_constant': 0.00743, 'procs': None, 'progress': True, 'random_state': 42, 'run_id': 'Surrogate_M7-SRPART_ParT_BVAE_SR', 'select_k_features': None, 'should_optimize_constants': True, 'should_simplify': True, 'skip_mutation_failures': True, 'temp_equation_file': False, 'tempdir': None, 'timeout_in_seconds': None, 'topn': 12, 'tournament_selection_n': 15, 'tournament_selection_p': 0.982, 'turbo': False, 'unary_operators': ['sqrt', 'tanh', 'sin'], 'update': False, 'update_verbosity': None, 'use_frequency': True, 'use_frequency_in_tournament': True, 'verbosity': 1, 'warm_start': False, 'warmup_maxsize_by': None, 'weight_add_node': 2.47, 'weight_delete_node': 0.87, 'weight_do_nothing': 0.273, 'weight_insert_node': 0.0112, 'weight_mutate_constant': 0.0346, 'weight_mutate_operator': 0.293, 'weight_optimize': 0.001, 'weight_randomize': 0.000502, 'weight_rotate_tree': 4.26, 'weight_simplify': 0.00209, 'weight_swap_operands': 0.198}
[2026-03-02 22:47:33,280] INFO: Running on test file group WToQQ with 20 files:
.../home/alang/ppCodes/part_gp/datasets/JetClass/Pythia/test_20M/WToQQ_100.root
.../home/alang/ppCodes/part_gp/datasets/JetClass/Pythia/test_20M/WToQQ_101.root
.../home/alang/ppCodes/part_gp/datasets/JetClass/Pythia/test_20M/WToQQ_102.root
.../home/alang/ppCodes/part_gp/datasets/JetClass/Pythia/test_20M/WToQQ_103.root
.../home/alang/ppCodes/part_gp/datasets/JetClass/Pythia/test_20M/WToQQ_104.root
.../home/alang/ppCodes/part_gp/datasets/JetClass/Pythia/test_20M/WToQQ_105.root
.../home/alang/ppCodes/part_gp/datasets/JetClass/Pythia/test_20M/WToQQ_106.root
.../home/alang/ppCodes/part_gp/datasets/JetClass/Pythia/test_20M/WToQQ_107.root
.../home/alang/ppCodes/part_gp/datasets/JetClass/Pythia/test_20M/WToQQ_108.root
.../home/alang/ppCodes/part_gp/datasets/JetClass/Pythia/test_20M/WToQQ_109.root
.../home/alang/ppCodes/part_gp/datasets/JetClass/Pythia/test_20M/WToQQ_110.root
.../home/alang/ppCodes/part_gp/datasets/JetClass/Pythia/test_20M/WToQQ_111.root
.../home/alang/ppCodes/part_gp/datasets/JetClass/Pythia/test_20M/WToQQ_112.root
.../home/alang/ppCodes/part_gp/datasets/JetClass/Pythia/test_20M/WToQQ_113.root
.../home/alang/ppCodes/part_gp/datasets/JetClass/Pythia/test_20M/WToQQ_114.root
.../home/alang/ppCodes/part_gp/datasets/JetClass/Pythia/test_20M/WToQQ_115.root
.../home/alang/ppCodes/part_gp/datasets/JetClass/Pythia/test_20M/WToQQ_116.root
.../home/alang/ppCodes/part_gp/datasets/JetClass/Pythia/test_20M/WToQQ_117.root
.../home/alang/ppCodes/part_gp/datasets/JetClass/Pythia/test_20M/WToQQ_118.root
.../home/alang/ppCodes/part_gp/datasets/JetClass/Pythia/test_20M/WToQQ_119.root
[2026-03-02 22:47:33,285] INFO: [0;37mpreprocess config: {'method': 'manual', 'data_fraction': 0.5, 'params': None}[0m
[2026-03-02 22:47:33,285] INFO: [0;37mselection: None[0m
[2026-03-02 22:47:33,285] INFO: [0;37mtest_time_selection: None[0m
[2026-03-02 22:47:33,285] INFO: [0;37mvar_funcs:
 - ('part_mask', 'ak.ones_like(part_energy)')
 - ('part_pt', 'np.hypot(part_px, part_py)')
 - ('part_pt_log', 'np.log(part_pt)')
 - ('part_e_log', 'np.log(part_energy)')
 - ('part_logptrel', 'np.log(part_pt/jet_pt)')
 - ('part_logerel', 'np.log(part_energy/jet_energy)')
 - ('part_deltaR', 'np.hypot(part_deta, part_dphi)')
 - ('_label_', 'np.argmax(np.stack([ak.to_numpy(label_QCD),ak.to_numpy(label_Wqq)], axis=1), axis=1)')
 - ('_labelcheck_', 'np.sum(np.stack([ak.to_numpy(label_QCD),ak.to_numpy(label_Wqq)], axis=1), axis=1)')[0m
[2026-03-02 22:47:33,285] INFO: [0;37minput_names: ('pf_points', 'pf_features', 'pf_vectors', 'pf_mask')[0m
[2026-03-02 22:47:33,285] INFO: [0;37minput_dicts:
 - ('pf_points', ['part_deta', 'part_dphi'])
 - ('pf_features', ['part_pt_log', 'part_e_log', 'part_logptrel', 'part_logerel', 'part_deltaR', 'part_deta', 'part_dphi'])
 - ('pf_vectors', ['part_px', 'part_py', 'part_pz', 'part_energy'])
 - ('pf_mask', ['part_mask'])[0m
[2026-03-02 22:47:33,285] INFO: [0;37minput_shapes:
 - ('pf_points', (-1, 2, 32))
 - ('pf_features', (-1, 7, 32))
 - ('pf_vectors', (-1, 4, 32))
 - ('pf_mask', (-1, 1, 32))[0m
[2026-03-02 22:47:33,285] INFO: [0;37mpreprocess_params:
 - ('part_deta', {'length': 32, 'pad_mode': 'wrap', 'center': None, 'scale': 1, 'min': -5, 'max': 5, 'pad_value': 0})
 - ('part_dphi', {'length': 32, 'pad_mode': 'wrap', 'center': None, 'scale': 1, 'min': -5, 'max': 5, 'pad_value': 0})
 - ('part_pt_log', {'length': 32, 'pad_mode': 'wrap', 'center': 1.7, 'scale': 0.7, 'min': -5, 'max': 5, 'pad_value': 0})
 - ('part_e_log', {'length': 32, 'pad_mode': 'wrap', 'center': 2.0, 'scale': 0.7, 'min': -5, 'max': 5, 'pad_value': 0})
 - ('part_logptrel', {'length': 32, 'pad_mode': 'wrap', 'center': -4.7, 'scale': 0.7, 'min': -5, 'max': 5, 'pad_value': 0})
 - ('part_logerel', {'length': 32, 'pad_mode': 'wrap', 'center': -4.7, 'scale': 0.7, 'min': -5, 'max': 5, 'pad_value': 0})
 - ('part_deltaR', {'length': 32, 'pad_mode': 'wrap', 'center': 0.2, 'scale': 4.0, 'min': -5, 'max': 5, 'pad_value': 0})
 - ('part_px', {'length': 32, 'pad_mode': 'wrap', 'center': None, 'scale': 1, 'min': -5, 'max': 5, 'pad_value': 0})
 - ('part_py', {'length': 32, 'pad_mode': 'wrap', 'center': None, 'scale': 1, 'min': -5, 'max': 5, 'pad_value': 0})
 - ('part_pz', {'length': 32, 'pad_mode': 'wrap', 'center': None, 'scale': 1, 'min': -5, 'max': 5, 'pad_value': 0})
 - ('part_energy', {'length': 32, 'pad_mode': 'wrap', 'center': None, 'scale': 1, 'min': -5, 'max': 5, 'pad_value': 0})
 - ('part_mask', {'length': 32, 'pad_mode': 'constant', 'center': None, 'scale': 1, 'min': -5, 'max': 5, 'pad_value': 0})[0m
[2026-03-02 22:47:33,285] INFO: [0;37mlabel_names: ('_label_',)[0m
[2026-03-02 22:47:33,285] INFO: [0;37mobserver_names: ('jet_pt', 'jet_eta', 'jet_phi', 'jet_energy', 'jet_nparticles', 'jet_sdmass', 'jet_tau1', 'jet_tau2', 'jet_tau3', 'jet_tau4')[0m
[2026-03-02 22:47:33,285] INFO: [0;37mmonitor_variables: ()[0m
[2026-03-02 22:47:33,290] INFO: [0;37mpreprocess config: {'method': 'manual', 'data_fraction': 0.5, 'params': None}[0m
[2026-03-02 22:47:33,290] INFO: [0;37mselection: None[0m
[2026-03-02 22:47:33,290] INFO: [0;37mtest_time_selection: None[0m
[2026-03-02 22:47:33,290] INFO: [0;37mvar_funcs:
 - ('part_mask', 'ak.ones_like(part_energy)')
 - ('part_pt', 'np.hypot(part_px, part_py)')
 - ('part_pt_log', 'np.log(part_pt)')
 - ('part_e_log', 'np.log(part_energy)')
 - ('part_logptrel', 'np.log(part_pt/jet_pt)')
 - ('part_logerel', 'np.log(part_energy/jet_energy)')
 - ('part_deltaR', 'np.hypot(part_deta, part_dphi)')
 - ('_label_', 'np.argmax(np.stack([ak.to_numpy(label_QCD),ak.to_numpy(label_Wqq)], axis=1), axis=1)')
 - ('_labelcheck_', 'np.sum(np.stack([ak.to_numpy(label_QCD),ak.to_numpy(label_Wqq)], axis=1), axis=1)')[0m
[2026-03-02 22:47:33,290] INFO: [0;37minput_names: ('pf_points', 'pf_features', 'pf_vectors', 'pf_mask')[0m
[2026-03-02 22:47:33,290] INFO: [0;37minput_dicts:
 - ('pf_points', ['part_deta', 'part_dphi'])
 - ('pf_features', ['part_pt_log', 'part_e_log', 'part_logptrel', 'part_logerel', 'part_deltaR', 'part_deta', 'part_dphi'])
 - ('pf_vectors', ['part_px', 'part_py', 'part_pz', 'part_energy'])
 - ('pf_mask', ['part_mask'])[0m
[2026-03-02 22:47:33,290] INFO: [0;37minput_shapes:
 - ('pf_points', (-1, 2, 32))
 - ('pf_features', (-1, 7, 32))
 - ('pf_vectors', (-1, 4, 32))
 - ('pf_mask', (-1, 1, 32))[0m
[2026-03-02 22:47:33,290] INFO: [0;37mpreprocess_params:
 - ('part_deta', {'length': 32, 'pad_mode': 'wrap', 'center': None, 'scale': 1, 'min': -5, 'max': 5, 'pad_value': 0})
 - ('part_dphi', {'length': 32, 'pad_mode': 'wrap', 'center': None, 'scale': 1, 'min': -5, 'max': 5, 'pad_value': 0})
 - ('part_pt_log', {'length': 32, 'pad_mode': 'wrap', 'center': 1.7, 'scale': 0.7, 'min': -5, 'max': 5, 'pad_value': 0})
 - ('part_e_log', {'length': 32, 'pad_mode': 'wrap', 'center': 2.0, 'scale': 0.7, 'min': -5, 'max': 5, 'pad_value': 0})
 - ('part_logptrel', {'length': 32, 'pad_mode': 'wrap', 'center': -4.7, 'scale': 0.7, 'min': -5, 'max': 5, 'pad_value': 0})
 - ('part_logerel', {'length': 32, 'pad_mode': 'wrap', 'center': -4.7, 'scale': 0.7, 'min': -5, 'max': 5, 'pad_value': 0})
 - ('part_deltaR', {'length': 32, 'pad_mode': 'wrap', 'center': 0.2, 'scale': 4.0, 'min': -5, 'max': 5, 'pad_value': 0})
 - ('part_px', {'length': 32, 'pad_mode': 'wrap', 'center': None, 'scale': 1, 'min': -5, 'max': 5, 'pad_value': 0})
 - ('part_py', {'length': 32, 'pad_mode': 'wrap', 'center': None, 'scale': 1, 'min': -5, 'max': 5, 'pad_value': 0})
 - ('part_pz', {'length': 32, 'pad_mode': 'wrap', 'center': None, 'scale': 1, 'min': -5, 'max': 5, 'pad_value': 0})
 - ('part_energy', {'length': 32, 'pad_mode': 'wrap', 'center': None, 'scale': 1, 'min': -5, 'max': 5, 'pad_value': 0})
 - ('part_mask', {'length': 32, 'pad_mode': 'constant', 'center': None, 'scale': 1, 'min': -5, 'max': 5, 'pad_value': 0})[0m
[2026-03-02 22:47:33,290] INFO: [0;37mlabel_names: ('_label_',)[0m
[2026-03-02 22:47:33,290] INFO: [0;37mobserver_names: ('jet_pt', 'jet_eta', 'jet_phi', 'jet_energy', 'jet_nparticles', 'jet_sdmass', 'jet_tau1', 'jet_tau2', 'jet_tau3', 'jet_tau4')[0m
[2026-03-02 22:47:33,290] INFO: [0;37mmonitor_variables: ()[0m
[2026-03-02 22:47:33,291] INFO: Running on test file group ZJetsToNuNu with 20 files:
.../home/alang/ppCodes/part_gp/datasets/JetClass/Pythia/test_20M/ZJetsToNuNu_100.root
.../home/alang/ppCodes/part_gp/datasets/JetClass/Pythia/test_20M/ZJetsToNuNu_101.root
.../home/alang/ppCodes/part_gp/datasets/JetClass/Pythia/test_20M/ZJetsToNuNu_102.root
.../home/alang/ppCodes/part_gp/datasets/JetClass/Pythia/test_20M/ZJetsToNuNu_103.root
.../home/alang/ppCodes/part_gp/datasets/JetClass/Pythia/test_20M/ZJetsToNuNu_104.root
.../home/alang/ppCodes/part_gp/datasets/JetClass/Pythia/test_20M/ZJetsToNuNu_105.root
.../home/alang/ppCodes/part_gp/datasets/JetClass/Pythia/test_20M/ZJetsToNuNu_106.root
.../home/alang/ppCodes/part_gp/datasets/JetClass/Pythia/test_20M/ZJetsToNuNu_107.root
.../home/alang/ppCodes/part_gp/datasets/JetClass/Pythia/test_20M/ZJetsToNuNu_108.root
.../home/alang/ppCodes/part_gp/datasets/JetClass/Pythia/test_20M/ZJetsToNuNu_109.root
.../home/alang/ppCodes/part_gp/datasets/JetClass/Pythia/test_20M/ZJetsToNuNu_110.root
.../home/alang/ppCodes/part_gp/datasets/JetClass/Pythia/test_20M/ZJetsToNuNu_111.root
.../home/alang/ppCodes/part_gp/datasets/JetClass/Pythia/test_20M/ZJetsToNuNu_112.root
.../home/alang/ppCodes/part_gp/datasets/JetClass/Pythia/test_20M/ZJetsToNuNu_113.root
.../home/alang/ppCodes/part_gp/datasets/JetClass/Pythia/test_20M/ZJetsToNuNu_114.root
.../home/alang/ppCodes/part_gp/datasets/JetClass/Pythia/test_20M/ZJetsToNuNu_115.root
.../home/alang/ppCodes/part_gp/datasets/JetClass/Pythia/test_20M/ZJetsToNuNu_116.root
.../home/alang/ppCodes/part_gp/datasets/JetClass/Pythia/test_20M/ZJetsToNuNu_117.root
.../home/alang/ppCodes/part_gp/datasets/JetClass/Pythia/test_20M/ZJetsToNuNu_118.root
.../home/alang/ppCodes/part_gp/datasets/JetClass/Pythia/test_20M/ZJetsToNuNu_119.root
[2026-03-02 22:47:33,295] INFO: [0;37mpreprocess config: {'method': 'manual', 'data_fraction': 0.5, 'params': None}[0m
[2026-03-02 22:47:33,295] INFO: [0;37mselection: None[0m
[2026-03-02 22:47:33,295] INFO: [0;37mtest_time_selection: None[0m
[2026-03-02 22:47:33,295] INFO: [0;37mvar_funcs:
 - ('part_mask', 'ak.ones_like(part_energy)')
 - ('part_pt', 'np.hypot(part_px, part_py)')
 - ('part_pt_log', 'np.log(part_pt)')
 - ('part_e_log', 'np.log(part_energy)')
 - ('part_logptrel', 'np.log(part_pt/jet_pt)')
 - ('part_logerel', 'np.log(part_energy/jet_energy)')
 - ('part_deltaR', 'np.hypot(part_deta, part_dphi)')
 - ('_label_', 'np.argmax(np.stack([ak.to_numpy(label_QCD),ak.to_numpy(label_Wqq)], axis=1), axis=1)')
 - ('_labelcheck_', 'np.sum(np.stack([ak.to_numpy(label_QCD),ak.to_numpy(label_Wqq)], axis=1), axis=1)')[0m
[2026-03-02 22:47:33,295] INFO: [0;37minput_names: ('pf_points', 'pf_features', 'pf_vectors', 'pf_mask')[0m
[2026-03-02 22:47:33,295] INFO: [0;37minput_dicts:
 - ('pf_points', ['part_deta', 'part_dphi'])
 - ('pf_features', ['part_pt_log', 'part_e_log', 'part_logptrel', 'part_logerel', 'part_deltaR', 'part_deta', 'part_dphi'])
 - ('pf_vectors', ['part_px', 'part_py', 'part_pz', 'part_energy'])
 - ('pf_mask', ['part_mask'])[0m
[2026-03-02 22:47:33,295] INFO: [0;37minput_shapes:
 - ('pf_points', (-1, 2, 32))
 - ('pf_features', (-1, 7, 32))
 - ('pf_vectors', (-1, 4, 32))
 - ('pf_mask', (-1, 1, 32))[0m
[2026-03-02 22:47:33,296] INFO: [0;37mpreprocess_params:
 - ('part_deta', {'length': 32, 'pad_mode': 'wrap', 'center': None, 'scale': 1, 'min': -5, 'max': 5, 'pad_value': 0})
 - ('part_dphi', {'length': 32, 'pad_mode': 'wrap', 'center': None, 'scale': 1, 'min': -5, 'max': 5, 'pad_value': 0})
 - ('part_pt_log', {'length': 32, 'pad_mode': 'wrap', 'center': 1.7, 'scale': 0.7, 'min': -5, 'max': 5, 'pad_value': 0})
 - ('part_e_log', {'length': 32, 'pad_mode': 'wrap', 'center': 2.0, 'scale': 0.7, 'min': -5, 'max': 5, 'pad_value': 0})
 - ('part_logptrel', {'length': 32, 'pad_mode': 'wrap', 'center': -4.7, 'scale': 0.7, 'min': -5, 'max': 5, 'pad_value': 0})
 - ('part_logerel', {'length': 32, 'pad_mode': 'wrap', 'center': -4.7, 'scale': 0.7, 'min': -5, 'max': 5, 'pad_value': 0})
 - ('part_deltaR', {'length': 32, 'pad_mode': 'wrap', 'center': 0.2, 'scale': 4.0, 'min': -5, 'max': 5, 'pad_value': 0})
 - ('part_px', {'length': 32, 'pad_mode': 'wrap', 'center': None, 'scale': 1, 'min': -5, 'max': 5, 'pad_value': 0})
 - ('part_py', {'length': 32, 'pad_mode': 'wrap', 'center': None, 'scale': 1, 'min': -5, 'max': 5, 'pad_value': 0})
 - ('part_pz', {'length': 32, 'pad_mode': 'wrap', 'center': None, 'scale': 1, 'min': -5, 'max': 5, 'pad_value': 0})
 - ('part_energy', {'length': 32, 'pad_mode': 'wrap', 'center': None, 'scale': 1, 'min': -5, 'max': 5, 'pad_value': 0})
 - ('part_mask', {'length': 32, 'pad_mode': 'constant', 'center': None, 'scale': 1, 'min': -5, 'max': 5, 'pad_value': 0})[0m
[2026-03-02 22:47:33,296] INFO: [0;37mlabel_names: ('_label_',)[0m
[2026-03-02 22:47:33,296] INFO: [0;37mobserver_names: ('jet_pt', 'jet_eta', 'jet_phi', 'jet_energy', 'jet_nparticles', 'jet_sdmass', 'jet_tau1', 'jet_tau2', 'jet_tau3', 'jet_tau4')[0m
[2026-03-02 22:47:33,296] INFO: [0;37mmonitor_variables: ()[0m
[2026-03-02 22:47:33,300] INFO: [0;37mpreprocess config: {'method': 'manual', 'data_fraction': 0.5, 'params': None}[0m
[2026-03-02 22:47:33,300] INFO: [0;37mselection: None[0m
[2026-03-02 22:47:33,300] INFO: [0;37mtest_time_selection: None[0m
[2026-03-02 22:47:33,300] INFO: [0;37mvar_funcs:
 - ('part_mask', 'ak.ones_like(part_energy)')
 - ('part_pt', 'np.hypot(part_px, part_py)')
 - ('part_pt_log', 'np.log(part_pt)')
 - ('part_e_log', 'np.log(part_energy)')
 - ('part_logptrel', 'np.log(part_pt/jet_pt)')
 - ('part_logerel', 'np.log(part_energy/jet_energy)')
 - ('part_deltaR', 'np.hypot(part_deta, part_dphi)')
 - ('_label_', 'np.argmax(np.stack([ak.to_numpy(label_QCD),ak.to_numpy(label_Wqq)], axis=1), axis=1)')
 - ('_labelcheck_', 'np.sum(np.stack([ak.to_numpy(label_QCD),ak.to_numpy(label_Wqq)], axis=1), axis=1)')[0m
[2026-03-02 22:47:33,300] INFO: [0;37minput_names: ('pf_points', 'pf_features', 'pf_vectors', 'pf_mask')[0m
[2026-03-02 22:47:33,301] INFO: [0;37minput_dicts:
 - ('pf_points', ['part_deta', 'part_dphi'])
 - ('pf_features', ['part_pt_log', 'part_e_log', 'part_logptrel', 'part_logerel', 'part_deltaR', 'part_deta', 'part_dphi'])
 - ('pf_vectors', ['part_px', 'part_py', 'part_pz', 'part_energy'])
 - ('pf_mask', ['part_mask'])[0m
[2026-03-02 22:47:33,301] INFO: [0;37minput_shapes:
 - ('pf_points', (-1, 2, 32))
 - ('pf_features', (-1, 7, 32))
 - ('pf_vectors', (-1, 4, 32))
 - ('pf_mask', (-1, 1, 32))[0m
[2026-03-02 22:47:33,301] INFO: [0;37mpreprocess_params:
 - ('part_deta', {'length': 32, 'pad_mode': 'wrap', 'center': None, 'scale': 1, 'min': -5, 'max': 5, 'pad_value': 0})
 - ('part_dphi', {'length': 32, 'pad_mode': 'wrap', 'center': None, 'scale': 1, 'min': -5, 'max': 5, 'pad_value': 0})
 - ('part_pt_log', {'length': 32, 'pad_mode': 'wrap', 'center': 1.7, 'scale': 0.7, 'min': -5, 'max': 5, 'pad_value': 0})
 - ('part_e_log', {'length': 32, 'pad_mode': 'wrap', 'center': 2.0, 'scale': 0.7, 'min': -5, 'max': 5, 'pad_value': 0})
 - ('part_logptrel', {'length': 32, 'pad_mode': 'wrap', 'center': -4.7, 'scale': 0.7, 'min': -5, 'max': 5, 'pad_value': 0})
 - ('part_logerel', {'length': 32, 'pad_mode': 'wrap', 'center': -4.7, 'scale': 0.7, 'min': -5, 'max': 5, 'pad_value': 0})
 - ('part_deltaR', {'length': 32, 'pad_mode': 'wrap', 'center': 0.2, 'scale': 4.0, 'min': -5, 'max': 5, 'pad_value': 0})
 - ('part_px', {'length': 32, 'pad_mode': 'wrap', 'center': None, 'scale': 1, 'min': -5, 'max': 5, 'pad_value': 0})
 - ('part_py', {'length': 32, 'pad_mode': 'wrap', 'center': None, 'scale': 1, 'min': -5, 'max': 5, 'pad_value': 0})
 - ('part_pz', {'length': 32, 'pad_mode': 'wrap', 'center': None, 'scale': 1, 'min': -5, 'max': 5, 'pad_value': 0})
 - ('part_energy', {'length': 32, 'pad_mode': 'wrap', 'center': None, 'scale': 1, 'min': -5, 'max': 5, 'pad_value': 0})
 - ('part_mask', {'length': 32, 'pad_mode': 'constant', 'center': None, 'scale': 1, 'min': -5, 'max': 5, 'pad_value': 0})[0m
[2026-03-02 22:47:33,301] INFO: [0;37mlabel_names: ('_label_',)[0m
[2026-03-02 22:47:33,301] INFO: [0;37mobserver_names: ('jet_pt', 'jet_eta', 'jet_phi', 'jet_energy', 'jet_nparticles', 'jet_sdmass', 'jet_tau1', 'jet_tau2', 'jet_tau3', 'jet_tau4')[0m
[2026-03-02 22:47:33,301] INFO: [0;37mmonitor_variables: ()[0m
[2026-03-02 22:47:33,302] INFO: Tester Initialized
[2026-03-02 22:47:33,302] INFO: Starting!
[2026-03-02 22:47:33,303] INFO: Restarted DataIter test_WToQQ, load_range=(0, 0.01), file_list:
{
  "WToQQ": [
    "/home/alang/ppCodes/part_gp/datasets/JetClass/Pythia/test_20M/WToQQ_100.root",
    "/home/alang/ppCodes/part_gp/datasets/JetClass/Pythia/test_20M/WToQQ_101.root",
    "/home/alang/ppCodes/part_gp/datasets/JetClass/Pythia/test_20M/WToQQ_102.root",
    "/home/alang/ppCodes/part_gp/datasets/JetClass/Pythia/test_20M/WToQQ_103.root",
    "/home/alang/ppCodes/part_gp/datasets/JetClass/Pythia/test_20M/WToQQ_104.root",
    "/home/alang/ppCodes/part_gp/datasets/JetClass/Pythia/test_20M/WToQQ_105.root",
    "/home/alang/ppCodes/part_gp/datasets/JetClass/Pythia/test_20M/WToQQ_106.root",
    "/home/alang/ppCodes/part_gp/datasets/JetClass/Pythia/test_20M/WToQQ_107.root",
    "/home/alang/ppCodes/part_gp/datasets/JetClass/Pythia/test_20M/WToQQ_108.root",
    "/home/alang/ppCodes/part_gp/datasets/JetClass/Pythia/test_20M/WToQQ_109.root",
    "/home/alang/ppCodes/part_gp/datasets/JetClass/Pythia/test_20M/WToQQ_110.root",
    "/home/alang/ppCodes/part_gp/datasets/JetClass/Pythia/test_20M/WToQQ_111.root",
    "/home/alang/ppCodes/part_gp/datasets/JetClass/Pythia/test_20M/WToQQ_112.root",
    "/home/alang/ppCodes/part_gp/datasets/JetClass/Pythia/test_20M/WToQQ_113.root",
    "/home/alang/ppCodes/part_gp/datasets/JetClass/Pythia/test_20M/WToQQ_114.root",
    "/home/alang/ppCodes/part_gp/datasets/JetClass/Pythia/test_20M/WToQQ_115.root",
    "/home/alang/ppCodes/part_gp/datasets/JetClass/Pythia/test_20M/WToQQ_116.root",
    "/home/alang/ppCodes/part_gp/datasets/JetClass/Pythia/test_20M/WToQQ_117.root",
    "/home/alang/ppCodes/part_gp/datasets/JetClass/Pythia/test_20M/WToQQ_118.root",
    "/home/alang/ppCodes/part_gp/datasets/JetClass/Pythia/test_20M/WToQQ_119.root"
  ]
}
[2026-03-02 22:47:51,878] INFO: Restarted DataIter test_ZJetsToNuNu, load_range=(0, 0.01), file_list:
{
  "ZJetsToNuNu": [
    "/home/alang/ppCodes/part_gp/datasets/JetClass/Pythia/test_20M/ZJetsToNuNu_100.root",
    "/home/alang/ppCodes/part_gp/datasets/JetClass/Pythia/test_20M/ZJetsToNuNu_101.root",
    "/home/alang/ppCodes/part_gp/datasets/JetClass/Pythia/test_20M/ZJetsToNuNu_102.root",
    "/home/alang/ppCodes/part_gp/datasets/JetClass/Pythia/test_20M/ZJetsToNuNu_103.root",
    "/home/alang/ppCodes/part_gp/datasets/JetClass/Pythia/test_20M/ZJetsToNuNu_104.root",
    "/home/alang/ppCodes/part_gp/datasets/JetClass/Pythia/test_20M/ZJetsToNuNu_105.root",
    "/home/alang/ppCodes/part_gp/datasets/JetClass/Pythia/test_20M/ZJetsToNuNu_106.root",
    "/home/alang/ppCodes/part_gp/datasets/JetClass/Pythia/test_20M/ZJetsToNuNu_107.root",
    "/home/alang/ppCodes/part_gp/datasets/JetClass/Pythia/test_20M/ZJetsToNuNu_108.root",
    "/home/alang/ppCodes/part_gp/datasets/JetClass/Pythia/test_20M/ZJetsToNuNu_109.root",
    "/home/alang/ppCodes/part_gp/datasets/JetClass/Pythia/test_20M/ZJetsToNuNu_110.root",
    "/home/alang/ppCodes/part_gp/datasets/JetClass/Pythia/test_20M/ZJetsToNuNu_111.root",
    "/home/alang/ppCodes/part_gp/datasets/JetClass/Pythia/test_20M/ZJetsToNuNu_112.root",
    "/home/alang/ppCodes/part_gp/datasets/JetClass/Pythia/test_20M/ZJetsToNuNu_113.root",
    "/home/alang/ppCodes/part_gp/datasets/JetClass/Pythia/test_20M/ZJetsToNuNu_114.root",
    "/home/alang/ppCodes/part_gp/datasets/JetClass/Pythia/test_20M/ZJetsToNuNu_115.root",
    "/home/alang/ppCodes/part_gp/datasets/JetClass/Pythia/test_20M/ZJetsToNuNu_116.root",
    "/home/alang/ppCodes/part_gp/datasets/JetClass/Pythia/test_20M/ZJetsToNuNu_117.root",
    "/home/alang/ppCodes/part_gp/datasets/JetClass/Pythia/test_20M/ZJetsToNuNu_118.root",
    "/home/alang/ppCodes/part_gp/datasets/JetClass/Pythia/test_20M/ZJetsToNuNu_119.root"
  ]
}
[2026-03-02 22:48:09,935] INFO: Commencing Model Testing
[2026-03-02 22:48:09,975] INFO: Test Dict:
{ 'classification': defaultdict(<class 'list'>,
                                { 'avg_accuracy': [0.789575],
                                  'cce_loss': [0.46056901138186823],
                                  'confusion_matrix': array([[15222,  4778],
       [ 3639, 16361]]),
                                  'fpr': array([0.     , 0.     , 0.     , ..., 0.99995, 0.99995, 1.     ]),
                                  'roc_auc': [0.87248947],
                                  'tpr': array([0.0000e+00, 5.0000e-05, 8.0000e-04, ..., 9.9995e-01, 1.0000e+00,
       1.0000e+00])}),
  'complexity': defaultdict(<class 'list'>, {'num_params': [5]}),
  'faithfulness': defaultdict(<class 'list'>, {}),
  'inputs': defaultdict(<class 'list'>, {}),
  'interpretability': defaultdict(<class 'list'>, {}),
  'preds': defaultdict(<class 'list'>,
                       { 'labels': array([1, 1, 1, ..., 0, 0, 0]),
                         'logits': array([[ 0.74056625, -0.50755495],
       [-0.52923745,  0.8049702 ],
       [-1.6063406 ,  1.8551952 ],
       ...,
       [ 2.0230584 , -1.6236353 ],
       [ 1.7111526 , -1.074939  ],
       [ 0.6762296 , -0.29918554]], dtype=float32),
                         'probs': array([[0.7769745 , 0.22302553],
       [0.20846422, 0.7915358 ],
       [0.03042669, 0.9695733 ],
       ...,
       [0.9745856 , 0.02541447],
       [0.9419196 , 0.05808041],
       [0.7261975 , 0.27380246]], dtype=float32)}),
  'robustness': defaultdict(<class 'list'>, {})}
[2026-03-02 22:48:09,977] INFO: Elapsed time: 27663.60 seconds
