[2026-03-06 15:45:59,806] INFO: Started!
[2026-03-06 15:45:59,806] INFO: args:
 - ('comp', 'SR')
 - ('data_train', ['WToQQ:/home/alang/ppCodes/part_gp/datasets/JetClass/Pythia/train_100M/WToQQ_*.root', 'ZJetsToNuNu:/home/alang/ppCodes/part_gp/datasets/JetClass/Pythia/train_100M/ZJetsToNuNu_*.root'])
 - ('data_val', ['WToQQ:/home/alang/ppCodes/part_gp/datasets/JetClass/Pythia/val_5M/WToQQ_*.root', 'ZJetsToNuNu:/home/alang/ppCodes/part_gp/datasets/JetClass/Pythia/val_5M/ZJetsToNuNu_*.root'])
 - ('data_test', ['WToQQ:/home/alang/ppCodes/part_gp/datasets/JetClass/Pythia/test_20M/WToQQ_*.root', 'ZJetsToNuNu:/home/alang/ppCodes/part_gp/datasets/JetClass/Pythia/test_20M/ZJetsToNuNu_*.root'])
 - ('data_config', '/home/alang/ppCodes/part_gp/data_config/JetClass/JetClass_WToQQ.yaml')
 - ('data_fraction', 0.01)
 - ('file_fraction', 1.0)
 - ('batch_size', 64)
 - ('num_epochs', 5)
 - ('num_workers', 0)
 - ('optimizer', 'ranger')
 - ('optimizer_option', [])
 - ('start_lr', 0.001)
 - ('final_lr', 0.001)
 - ('lr_scheduler', 'flat+decay')
 - ('model_network', '/home/alang/ppCodes/part_gp/wrappers/ParticleNet.py')
 - ('model_path', '/home/alang/ppCodes/part_gp/outputs/models/WToQQ/ParticleNet/ParticleNet_M12-PARTICLENETKD_KD_PELICAN_7_epoch-4_state.pt')
 - ('model_prefix', None)
 - ('log', '/home/alang/ppCodes/part_gp/outputs/logs/WToQQ/Surrogate_M13-SRPARTICLENET_SR_20260306_082057.log')
 - ('metrics_prefix', None)
 - ('figures_prefix', None)
 - ('teacher_network', None)
 - ('teacher_path', None)
 - ('teacher_prefix', None)
 - ('kd_temp', 1)
 - ('kd_anneal', False)
 - ('kd_weight', 1)
 - ('dr_method', 'encoder')
 - ('dr_network', '/home/alang/ppCodes/part_gp/wrappers/vae.py')
 - ('dr_path', '/home/alang/ppCodes/part_gp/outputs/models/WToQQ/BVAE/BVAE_M6-BVAE_DR_epoch-4_state.pt')
 - ('alpha', 1.0)
 - ('beta', 4.0)
 - ('gamma', 1.0)
 - ('kl_anneal', False)
 - ('svae_weight', 1.0)
 - ('bit_size', None)
 - ('sr_prefix', '/home/alang/ppCodes/part_gp/outputs/sr_runs/WToQQ/Surrogate/Surrogate_M13-SRPARTICLENET_ParticleNet_BVAE_SR')
 - ('max_size', 40)
 - ('n_iterations', 4560)
 - ('n_populations', 48)
 - ('population_size', 27)
 - ('iteration_cycles', 1520)
 - ('weight_optimize', 0.001)
 - ('parsimony', 0.01)
 - ('sr_loss', 'HuberLoss(1.35)')
 - ('binary_operators', ['+', '-', '*', '/', '^'])
 - ('unary_operators', ['sqrt', 'tanh', 'sin'])
 - ('constraints', {'^': (-1, 1)})
 - ('nested_constraints', {'*': {'tanh': 2}, 'tanh': {'tanh': 0, '^': 1, 'sin': 1}, 'sin': {'sin': 0}})
 - ('sr_annealing', True)
 - ('sr_batching', True)
[2026-03-06 15:45:59,809] INFO: Using 200 files for training, range: (0, 1)
[2026-03-06 15:45:59,809] INFO: Using 10 files for validation, range: (0, 1)
[2026-03-06 15:45:59,814] INFO: [0;37mpreprocess config: {'method': 'manual', 'data_fraction': 0.5, 'params': None}[0m
[2026-03-06 15:45:59,814] INFO: [0;37mselection: None[0m
[2026-03-06 15:45:59,814] INFO: [0;37mtest_time_selection: None[0m
[2026-03-06 15:45:59,814] INFO: [0;37mvar_funcs:
 - ('part_mask', 'ak.ones_like(part_energy)')
 - ('part_pt', 'np.hypot(part_px, part_py)')
 - ('part_pt_log', 'np.log(part_pt)')
 - ('part_e_log', 'np.log(part_energy)')
 - ('part_logptrel', 'np.log(part_pt/jet_pt)')
 - ('part_logerel', 'np.log(part_energy/jet_energy)')
 - ('part_deltaR', 'np.hypot(part_deta, part_dphi)')
 - ('_label_', 'np.argmax(np.stack([ak.to_numpy(label_QCD),ak.to_numpy(label_Wqq)], axis=1), axis=1)')
 - ('_labelcheck_', 'np.sum(np.stack([ak.to_numpy(label_QCD),ak.to_numpy(label_Wqq)], axis=1), axis=1)')[0m
[2026-03-06 15:45:59,814] INFO: [0;37minput_names: ('pf_points', 'pf_features', 'pf_vectors', 'pf_mask')[0m
[2026-03-06 15:45:59,814] INFO: [0;37minput_dicts:
 - ('pf_points', ['part_deta', 'part_dphi'])
 - ('pf_features', ['part_pt_log', 'part_e_log', 'part_logptrel', 'part_logerel', 'part_deltaR', 'part_deta', 'part_dphi'])
 - ('pf_vectors', ['part_px', 'part_py', 'part_pz', 'part_energy'])
 - ('pf_mask', ['part_mask'])[0m
[2026-03-06 15:45:59,814] INFO: [0;37minput_shapes:
 - ('pf_points', (-1, 2, 32))
 - ('pf_features', (-1, 7, 32))
 - ('pf_vectors', (-1, 4, 32))
 - ('pf_mask', (-1, 1, 32))[0m
[2026-03-06 15:45:59,815] INFO: [0;37mpreprocess_params:
 - ('part_deta', {'length': 32, 'pad_mode': 'wrap', 'center': None, 'scale': 1, 'min': -5, 'max': 5, 'pad_value': 0})
 - ('part_dphi', {'length': 32, 'pad_mode': 'wrap', 'center': None, 'scale': 1, 'min': -5, 'max': 5, 'pad_value': 0})
 - ('part_pt_log', {'length': 32, 'pad_mode': 'wrap', 'center': 1.7, 'scale': 0.7, 'min': -5, 'max': 5, 'pad_value': 0})
 - ('part_e_log', {'length': 32, 'pad_mode': 'wrap', 'center': 2.0, 'scale': 0.7, 'min': -5, 'max': 5, 'pad_value': 0})
 - ('part_logptrel', {'length': 32, 'pad_mode': 'wrap', 'center': -4.7, 'scale': 0.7, 'min': -5, 'max': 5, 'pad_value': 0})
 - ('part_logerel', {'length': 32, 'pad_mode': 'wrap', 'center': -4.7, 'scale': 0.7, 'min': -5, 'max': 5, 'pad_value': 0})
 - ('part_deltaR', {'length': 32, 'pad_mode': 'wrap', 'center': 0.2, 'scale': 4.0, 'min': -5, 'max': 5, 'pad_value': 0})
 - ('part_px', {'length': 32, 'pad_mode': 'wrap', 'center': None, 'scale': 1, 'min': -5, 'max': 5, 'pad_value': 0})
 - ('part_py', {'length': 32, 'pad_mode': 'wrap', 'center': None, 'scale': 1, 'min': -5, 'max': 5, 'pad_value': 0})
 - ('part_pz', {'length': 32, 'pad_mode': 'wrap', 'center': None, 'scale': 1, 'min': -5, 'max': 5, 'pad_value': 0})
 - ('part_energy', {'length': 32, 'pad_mode': 'wrap', 'center': None, 'scale': 1, 'min': -5, 'max': 5, 'pad_value': 0})
 - ('part_mask', {'length': 32, 'pad_mode': 'constant', 'center': None, 'scale': 1, 'min': -5, 'max': 5, 'pad_value': 0})[0m
[2026-03-06 15:45:59,815] INFO: [0;37mlabel_names: ('_label_',)[0m
[2026-03-06 15:45:59,815] INFO: [0;37mobserver_names: ('jet_pt', 'jet_eta', 'jet_phi', 'jet_energy', 'jet_nparticles', 'jet_sdmass', 'jet_tau1', 'jet_tau2', 'jet_tau3', 'jet_tau4')[0m
[2026-03-06 15:45:59,815] INFO: [0;37mmonitor_variables: ()[0m
[2026-03-06 15:45:59,819] INFO: [0;37mpreprocess config: {'method': 'manual', 'data_fraction': 0.5, 'params': None}[0m
[2026-03-06 15:45:59,819] INFO: [0;37mselection: None[0m
[2026-03-06 15:45:59,819] INFO: [0;37mtest_time_selection: None[0m
[2026-03-06 15:45:59,820] INFO: [0;37mvar_funcs:
 - ('part_mask', 'ak.ones_like(part_energy)')
 - ('part_pt', 'np.hypot(part_px, part_py)')
 - ('part_pt_log', 'np.log(part_pt)')
 - ('part_e_log', 'np.log(part_energy)')
 - ('part_logptrel', 'np.log(part_pt/jet_pt)')
 - ('part_logerel', 'np.log(part_energy/jet_energy)')
 - ('part_deltaR', 'np.hypot(part_deta, part_dphi)')
 - ('_label_', 'np.argmax(np.stack([ak.to_numpy(label_QCD),ak.to_numpy(label_Wqq)], axis=1), axis=1)')
 - ('_labelcheck_', 'np.sum(np.stack([ak.to_numpy(label_QCD),ak.to_numpy(label_Wqq)], axis=1), axis=1)')[0m
[2026-03-06 15:45:59,820] INFO: [0;37minput_names: ('pf_points', 'pf_features', 'pf_vectors', 'pf_mask')[0m
[2026-03-06 15:45:59,820] INFO: [0;37minput_dicts:
 - ('pf_points', ['part_deta', 'part_dphi'])
 - ('pf_features', ['part_pt_log', 'part_e_log', 'part_logptrel', 'part_logerel', 'part_deltaR', 'part_deta', 'part_dphi'])
 - ('pf_vectors', ['part_px', 'part_py', 'part_pz', 'part_energy'])
 - ('pf_mask', ['part_mask'])[0m
[2026-03-06 15:45:59,820] INFO: [0;37minput_shapes:
 - ('pf_points', (-1, 2, 32))
 - ('pf_features', (-1, 7, 32))
 - ('pf_vectors', (-1, 4, 32))
 - ('pf_mask', (-1, 1, 32))[0m
[2026-03-06 15:45:59,820] INFO: [0;37mpreprocess_params:
 - ('part_deta', {'length': 32, 'pad_mode': 'wrap', 'center': None, 'scale': 1, 'min': -5, 'max': 5, 'pad_value': 0})
 - ('part_dphi', {'length': 32, 'pad_mode': 'wrap', 'center': None, 'scale': 1, 'min': -5, 'max': 5, 'pad_value': 0})
 - ('part_pt_log', {'length': 32, 'pad_mode': 'wrap', 'center': 1.7, 'scale': 0.7, 'min': -5, 'max': 5, 'pad_value': 0})
 - ('part_e_log', {'length': 32, 'pad_mode': 'wrap', 'center': 2.0, 'scale': 0.7, 'min': -5, 'max': 5, 'pad_value': 0})
 - ('part_logptrel', {'length': 32, 'pad_mode': 'wrap', 'center': -4.7, 'scale': 0.7, 'min': -5, 'max': 5, 'pad_value': 0})
 - ('part_logerel', {'length': 32, 'pad_mode': 'wrap', 'center': -4.7, 'scale': 0.7, 'min': -5, 'max': 5, 'pad_value': 0})
 - ('part_deltaR', {'length': 32, 'pad_mode': 'wrap', 'center': 0.2, 'scale': 4.0, 'min': -5, 'max': 5, 'pad_value': 0})
 - ('part_px', {'length': 32, 'pad_mode': 'wrap', 'center': None, 'scale': 1, 'min': -5, 'max': 5, 'pad_value': 0})
 - ('part_py', {'length': 32, 'pad_mode': 'wrap', 'center': None, 'scale': 1, 'min': -5, 'max': 5, 'pad_value': 0})
 - ('part_pz', {'length': 32, 'pad_mode': 'wrap', 'center': None, 'scale': 1, 'min': -5, 'max': 5, 'pad_value': 0})
 - ('part_energy', {'length': 32, 'pad_mode': 'wrap', 'center': None, 'scale': 1, 'min': -5, 'max': 5, 'pad_value': 0})
 - ('part_mask', {'length': 32, 'pad_mode': 'constant', 'center': None, 'scale': 1, 'min': -5, 'max': 5, 'pad_value': 0})[0m
[2026-03-06 15:45:59,820] INFO: [0;37mlabel_names: ('_label_',)[0m
[2026-03-06 15:45:59,820] INFO: [0;37mobserver_names: ()[0m
[2026-03-06 15:45:59,820] INFO: [0;37mmonitor_variables: ()[0m
[2026-03-06 15:45:59,825] INFO: [0;37mpreprocess config: {'method': 'manual', 'data_fraction': 0.5, 'params': None}[0m
[2026-03-06 15:45:59,825] INFO: [0;37mselection: None[0m
[2026-03-06 15:45:59,825] INFO: [0;37mtest_time_selection: None[0m
[2026-03-06 15:45:59,825] INFO: [0;37mvar_funcs:
 - ('part_mask', 'ak.ones_like(part_energy)')
 - ('part_pt', 'np.hypot(part_px, part_py)')
 - ('part_pt_log', 'np.log(part_pt)')
 - ('part_e_log', 'np.log(part_energy)')
 - ('part_logptrel', 'np.log(part_pt/jet_pt)')
 - ('part_logerel', 'np.log(part_energy/jet_energy)')
 - ('part_deltaR', 'np.hypot(part_deta, part_dphi)')
 - ('_label_', 'np.argmax(np.stack([ak.to_numpy(label_QCD),ak.to_numpy(label_Wqq)], axis=1), axis=1)')
 - ('_labelcheck_', 'np.sum(np.stack([ak.to_numpy(label_QCD),ak.to_numpy(label_Wqq)], axis=1), axis=1)')[0m
[2026-03-06 15:45:59,826] INFO: [0;37minput_names: ('pf_points', 'pf_features', 'pf_vectors', 'pf_mask')[0m
[2026-03-06 15:45:59,826] INFO: [0;37minput_dicts:
 - ('pf_points', ['part_deta', 'part_dphi'])
 - ('pf_features', ['part_pt_log', 'part_e_log', 'part_logptrel', 'part_logerel', 'part_deltaR', 'part_deta', 'part_dphi'])
 - ('pf_vectors', ['part_px', 'part_py', 'part_pz', 'part_energy'])
 - ('pf_mask', ['part_mask'])[0m
[2026-03-06 15:45:59,826] INFO: [0;37minput_shapes:
 - ('pf_points', (-1, 2, 32))
 - ('pf_features', (-1, 7, 32))
 - ('pf_vectors', (-1, 4, 32))
 - ('pf_mask', (-1, 1, 32))[0m
[2026-03-06 15:45:59,826] INFO: [0;37mpreprocess_params:
 - ('part_deta', {'length': 32, 'pad_mode': 'wrap', 'center': None, 'scale': 1, 'min': -5, 'max': 5, 'pad_value': 0})
 - ('part_dphi', {'length': 32, 'pad_mode': 'wrap', 'center': None, 'scale': 1, 'min': -5, 'max': 5, 'pad_value': 0})
 - ('part_pt_log', {'length': 32, 'pad_mode': 'wrap', 'center': 1.7, 'scale': 0.7, 'min': -5, 'max': 5, 'pad_value': 0})
 - ('part_e_log', {'length': 32, 'pad_mode': 'wrap', 'center': 2.0, 'scale': 0.7, 'min': -5, 'max': 5, 'pad_value': 0})
 - ('part_logptrel', {'length': 32, 'pad_mode': 'wrap', 'center': -4.7, 'scale': 0.7, 'min': -5, 'max': 5, 'pad_value': 0})
 - ('part_logerel', {'length': 32, 'pad_mode': 'wrap', 'center': -4.7, 'scale': 0.7, 'min': -5, 'max': 5, 'pad_value': 0})
 - ('part_deltaR', {'length': 32, 'pad_mode': 'wrap', 'center': 0.2, 'scale': 4.0, 'min': -5, 'max': 5, 'pad_value': 0})
 - ('part_px', {'length': 32, 'pad_mode': 'wrap', 'center': None, 'scale': 1, 'min': -5, 'max': 5, 'pad_value': 0})
 - ('part_py', {'length': 32, 'pad_mode': 'wrap', 'center': None, 'scale': 1, 'min': -5, 'max': 5, 'pad_value': 0})
 - ('part_pz', {'length': 32, 'pad_mode': 'wrap', 'center': None, 'scale': 1, 'min': -5, 'max': 5, 'pad_value': 0})
 - ('part_energy', {'length': 32, 'pad_mode': 'wrap', 'center': None, 'scale': 1, 'min': -5, 'max': 5, 'pad_value': 0})
 - ('part_mask', {'length': 32, 'pad_mode': 'constant', 'center': None, 'scale': 1, 'min': -5, 'max': 5, 'pad_value': 0})[0m
[2026-03-06 15:45:59,826] INFO: [0;37mlabel_names: ('_label_',)[0m
[2026-03-06 15:45:59,826] INFO: [0;37mobserver_names: ('jet_pt', 'jet_eta', 'jet_phi', 'jet_energy', 'jet_nparticles', 'jet_sdmass', 'jet_tau1', 'jet_tau2', 'jet_tau3', 'jet_tau4')[0m
[2026-03-06 15:45:59,826] INFO: [0;37mmonitor_variables: ()[0m
[2026-03-06 15:45:59,831] INFO: [0;37mpreprocess config: {'method': 'manual', 'data_fraction': 0.5, 'params': None}[0m
[2026-03-06 15:45:59,831] INFO: [0;37mselection: None[0m
[2026-03-06 15:45:59,831] INFO: [0;37mtest_time_selection: None[0m
[2026-03-06 15:45:59,831] INFO: [0;37mvar_funcs:
 - ('part_mask', 'ak.ones_like(part_energy)')
 - ('part_pt', 'np.hypot(part_px, part_py)')
 - ('part_pt_log', 'np.log(part_pt)')
 - ('part_e_log', 'np.log(part_energy)')
 - ('part_logptrel', 'np.log(part_pt/jet_pt)')
 - ('part_logerel', 'np.log(part_energy/jet_energy)')
 - ('part_deltaR', 'np.hypot(part_deta, part_dphi)')
 - ('_label_', 'np.argmax(np.stack([ak.to_numpy(label_QCD),ak.to_numpy(label_Wqq)], axis=1), axis=1)')
 - ('_labelcheck_', 'np.sum(np.stack([ak.to_numpy(label_QCD),ak.to_numpy(label_Wqq)], axis=1), axis=1)')[0m
[2026-03-06 15:45:59,831] INFO: [0;37minput_names: ('pf_points', 'pf_features', 'pf_vectors', 'pf_mask')[0m
[2026-03-06 15:45:59,831] INFO: [0;37minput_dicts:
 - ('pf_points', ['part_deta', 'part_dphi'])
 - ('pf_features', ['part_pt_log', 'part_e_log', 'part_logptrel', 'part_logerel', 'part_deltaR', 'part_deta', 'part_dphi'])
 - ('pf_vectors', ['part_px', 'part_py', 'part_pz', 'part_energy'])
 - ('pf_mask', ['part_mask'])[0m
[2026-03-06 15:45:59,831] INFO: [0;37minput_shapes:
 - ('pf_points', (-1, 2, 32))
 - ('pf_features', (-1, 7, 32))
 - ('pf_vectors', (-1, 4, 32))
 - ('pf_mask', (-1, 1, 32))[0m
[2026-03-06 15:45:59,831] INFO: [0;37mpreprocess_params:
 - ('part_deta', {'length': 32, 'pad_mode': 'wrap', 'center': None, 'scale': 1, 'min': -5, 'max': 5, 'pad_value': 0})
 - ('part_dphi', {'length': 32, 'pad_mode': 'wrap', 'center': None, 'scale': 1, 'min': -5, 'max': 5, 'pad_value': 0})
 - ('part_pt_log', {'length': 32, 'pad_mode': 'wrap', 'center': 1.7, 'scale': 0.7, 'min': -5, 'max': 5, 'pad_value': 0})
 - ('part_e_log', {'length': 32, 'pad_mode': 'wrap', 'center': 2.0, 'scale': 0.7, 'min': -5, 'max': 5, 'pad_value': 0})
 - ('part_logptrel', {'length': 32, 'pad_mode': 'wrap', 'center': -4.7, 'scale': 0.7, 'min': -5, 'max': 5, 'pad_value': 0})
 - ('part_logerel', {'length': 32, 'pad_mode': 'wrap', 'center': -4.7, 'scale': 0.7, 'min': -5, 'max': 5, 'pad_value': 0})
 - ('part_deltaR', {'length': 32, 'pad_mode': 'wrap', 'center': 0.2, 'scale': 4.0, 'min': -5, 'max': 5, 'pad_value': 0})
 - ('part_px', {'length': 32, 'pad_mode': 'wrap', 'center': None, 'scale': 1, 'min': -5, 'max': 5, 'pad_value': 0})
 - ('part_py', {'length': 32, 'pad_mode': 'wrap', 'center': None, 'scale': 1, 'min': -5, 'max': 5, 'pad_value': 0})
 - ('part_pz', {'length': 32, 'pad_mode': 'wrap', 'center': None, 'scale': 1, 'min': -5, 'max': 5, 'pad_value': 0})
 - ('part_energy', {'length': 32, 'pad_mode': 'wrap', 'center': None, 'scale': 1, 'min': -5, 'max': 5, 'pad_value': 0})
 - ('part_mask', {'length': 32, 'pad_mode': 'constant', 'center': None, 'scale': 1, 'min': -5, 'max': 5, 'pad_value': 0})[0m
[2026-03-06 15:45:59,831] INFO: [0;37mlabel_names: ('_label_',)[0m
[2026-03-06 15:45:59,831] INFO: [0;37mobserver_names: ()[0m
[2026-03-06 15:45:59,832] INFO: [0;37mmonitor_variables: ()[0m
[2026-03-06 15:45:59,837] INFO: [0;37mpreprocess config: {'method': 'manual', 'data_fraction': 0.5, 'params': None}[0m
[2026-03-06 15:45:59,837] INFO: [0;37mselection: None[0m
[2026-03-06 15:45:59,837] INFO: [0;37mtest_time_selection: None[0m
[2026-03-06 15:45:59,837] INFO: [0;37mvar_funcs:
 - ('part_mask', 'ak.ones_like(part_energy)')
 - ('part_pt', 'np.hypot(part_px, part_py)')
 - ('part_pt_log', 'np.log(part_pt)')
 - ('part_e_log', 'np.log(part_energy)')
 - ('part_logptrel', 'np.log(part_pt/jet_pt)')
 - ('part_logerel', 'np.log(part_energy/jet_energy)')
 - ('part_deltaR', 'np.hypot(part_deta, part_dphi)')
 - ('_label_', 'np.argmax(np.stack([ak.to_numpy(label_QCD),ak.to_numpy(label_Wqq)], axis=1), axis=1)')
 - ('_labelcheck_', 'np.sum(np.stack([ak.to_numpy(label_QCD),ak.to_numpy(label_Wqq)], axis=1), axis=1)')[0m
[2026-03-06 15:45:59,837] INFO: [0;37minput_names: ('pf_points', 'pf_features', 'pf_vectors', 'pf_mask')[0m
[2026-03-06 15:45:59,837] INFO: [0;37minput_dicts:
 - ('pf_points', ['part_deta', 'part_dphi'])
 - ('pf_features', ['part_pt_log', 'part_e_log', 'part_logptrel', 'part_logerel', 'part_deltaR', 'part_deta', 'part_dphi'])
 - ('pf_vectors', ['part_px', 'part_py', 'part_pz', 'part_energy'])
 - ('pf_mask', ['part_mask'])[0m
[2026-03-06 15:45:59,837] INFO: [0;37minput_shapes:
 - ('pf_points', (-1, 2, 32))
 - ('pf_features', (-1, 7, 32))
 - ('pf_vectors', (-1, 4, 32))
 - ('pf_mask', (-1, 1, 32))[0m
[2026-03-06 15:45:59,837] INFO: [0;37mpreprocess_params:
 - ('part_deta', {'length': 32, 'pad_mode': 'wrap', 'center': None, 'scale': 1, 'min': -5, 'max': 5, 'pad_value': 0})
 - ('part_dphi', {'length': 32, 'pad_mode': 'wrap', 'center': None, 'scale': 1, 'min': -5, 'max': 5, 'pad_value': 0})
 - ('part_pt_log', {'length': 32, 'pad_mode': 'wrap', 'center': 1.7, 'scale': 0.7, 'min': -5, 'max': 5, 'pad_value': 0})
 - ('part_e_log', {'length': 32, 'pad_mode': 'wrap', 'center': 2.0, 'scale': 0.7, 'min': -5, 'max': 5, 'pad_value': 0})
 - ('part_logptrel', {'length': 32, 'pad_mode': 'wrap', 'center': -4.7, 'scale': 0.7, 'min': -5, 'max': 5, 'pad_value': 0})
 - ('part_logerel', {'length': 32, 'pad_mode': 'wrap', 'center': -4.7, 'scale': 0.7, 'min': -5, 'max': 5, 'pad_value': 0})
 - ('part_deltaR', {'length': 32, 'pad_mode': 'wrap', 'center': 0.2, 'scale': 4.0, 'min': -5, 'max': 5, 'pad_value': 0})
 - ('part_px', {'length': 32, 'pad_mode': 'wrap', 'center': None, 'scale': 1, 'min': -5, 'max': 5, 'pad_value': 0})
 - ('part_py', {'length': 32, 'pad_mode': 'wrap', 'center': None, 'scale': 1, 'min': -5, 'max': 5, 'pad_value': 0})
 - ('part_pz', {'length': 32, 'pad_mode': 'wrap', 'center': None, 'scale': 1, 'min': -5, 'max': 5, 'pad_value': 0})
 - ('part_energy', {'length': 32, 'pad_mode': 'wrap', 'center': None, 'scale': 1, 'min': -5, 'max': 5, 'pad_value': 0})
 - ('part_mask', {'length': 32, 'pad_mode': 'constant', 'center': None, 'scale': 1, 'min': -5, 'max': 5, 'pad_value': 0})[0m
[2026-03-06 15:45:59,837] INFO: [0;37mlabel_names: ('_label_',)[0m
[2026-03-06 15:45:59,837] INFO: [0;37mobserver_names: ('jet_pt', 'jet_eta', 'jet_phi', 'jet_energy', 'jet_nparticles', 'jet_sdmass', 'jet_tau1', 'jet_tau2', 'jet_tau3', 'jet_tau4')[0m
[2026-03-06 15:45:59,837] INFO: [0;37mmonitor_variables: ()[0m
[2026-03-06 15:45:59,842] INFO: [0;37mpreprocess config: {'method': 'manual', 'data_fraction': 0.5, 'params': None}[0m
[2026-03-06 15:45:59,842] INFO: [0;37mselection: None[0m
[2026-03-06 15:45:59,842] INFO: [0;37mtest_time_selection: None[0m
[2026-03-06 15:45:59,842] INFO: [0;37mvar_funcs:
 - ('part_mask', 'ak.ones_like(part_energy)')
 - ('part_pt', 'np.hypot(part_px, part_py)')
 - ('part_pt_log', 'np.log(part_pt)')
 - ('part_e_log', 'np.log(part_energy)')
 - ('part_logptrel', 'np.log(part_pt/jet_pt)')
 - ('part_logerel', 'np.log(part_energy/jet_energy)')
 - ('part_deltaR', 'np.hypot(part_deta, part_dphi)')
 - ('_label_', 'np.argmax(np.stack([ak.to_numpy(label_QCD),ak.to_numpy(label_Wqq)], axis=1), axis=1)')
 - ('_labelcheck_', 'np.sum(np.stack([ak.to_numpy(label_QCD),ak.to_numpy(label_Wqq)], axis=1), axis=1)')[0m
[2026-03-06 15:45:59,842] INFO: [0;37minput_names: ('pf_points', 'pf_features', 'pf_vectors', 'pf_mask')[0m
[2026-03-06 15:45:59,842] INFO: [0;37minput_dicts:
 - ('pf_points', ['part_deta', 'part_dphi'])
 - ('pf_features', ['part_pt_log', 'part_e_log', 'part_logptrel', 'part_logerel', 'part_deltaR', 'part_deta', 'part_dphi'])
 - ('pf_vectors', ['part_px', 'part_py', 'part_pz', 'part_energy'])
 - ('pf_mask', ['part_mask'])[0m
[2026-03-06 15:45:59,842] INFO: [0;37minput_shapes:
 - ('pf_points', (-1, 2, 32))
 - ('pf_features', (-1, 7, 32))
 - ('pf_vectors', (-1, 4, 32))
 - ('pf_mask', (-1, 1, 32))[0m
[2026-03-06 15:45:59,842] INFO: [0;37mpreprocess_params:
 - ('part_deta', {'length': 32, 'pad_mode': 'wrap', 'center': None, 'scale': 1, 'min': -5, 'max': 5, 'pad_value': 0})
 - ('part_dphi', {'length': 32, 'pad_mode': 'wrap', 'center': None, 'scale': 1, 'min': -5, 'max': 5, 'pad_value': 0})
 - ('part_pt_log', {'length': 32, 'pad_mode': 'wrap', 'center': 1.7, 'scale': 0.7, 'min': -5, 'max': 5, 'pad_value': 0})
 - ('part_e_log', {'length': 32, 'pad_mode': 'wrap', 'center': 2.0, 'scale': 0.7, 'min': -5, 'max': 5, 'pad_value': 0})
 - ('part_logptrel', {'length': 32, 'pad_mode': 'wrap', 'center': -4.7, 'scale': 0.7, 'min': -5, 'max': 5, 'pad_value': 0})
 - ('part_logerel', {'length': 32, 'pad_mode': 'wrap', 'center': -4.7, 'scale': 0.7, 'min': -5, 'max': 5, 'pad_value': 0})
 - ('part_deltaR', {'length': 32, 'pad_mode': 'wrap', 'center': 0.2, 'scale': 4.0, 'min': -5, 'max': 5, 'pad_value': 0})
 - ('part_px', {'length': 32, 'pad_mode': 'wrap', 'center': None, 'scale': 1, 'min': -5, 'max': 5, 'pad_value': 0})
 - ('part_py', {'length': 32, 'pad_mode': 'wrap', 'center': None, 'scale': 1, 'min': -5, 'max': 5, 'pad_value': 0})
 - ('part_pz', {'length': 32, 'pad_mode': 'wrap', 'center': None, 'scale': 1, 'min': -5, 'max': 5, 'pad_value': 0})
 - ('part_energy', {'length': 32, 'pad_mode': 'wrap', 'center': None, 'scale': 1, 'min': -5, 'max': 5, 'pad_value': 0})
 - ('part_mask', {'length': 32, 'pad_mode': 'constant', 'center': None, 'scale': 1, 'min': -5, 'max': 5, 'pad_value': 0})[0m
[2026-03-06 15:45:59,842] INFO: [0;37mlabel_names: ('_label_',)[0m
[2026-03-06 15:45:59,842] INFO: [0;37mobserver_names: ('jet_pt', 'jet_eta', 'jet_phi', 'jet_energy', 'jet_nparticles', 'jet_sdmass', 'jet_tau1', 'jet_tau2', 'jet_tau3', 'jet_tau4')[0m
[2026-03-06 15:45:59,842] INFO: [0;37mmonitor_variables: ()[0m
[2026-03-06 15:45:59,843] INFO: Performing Symbolic Regression
[2026-03-06 15:45:59,847] INFO: [0;37mpreprocess config: {'method': 'manual', 'data_fraction': 0.5, 'params': None}[0m
[2026-03-06 15:45:59,847] INFO: [0;37mselection: None[0m
[2026-03-06 15:45:59,847] INFO: [0;37mtest_time_selection: None[0m
[2026-03-06 15:45:59,847] INFO: [0;37mvar_funcs:
 - ('part_mask', 'ak.ones_like(part_energy)')
 - ('part_pt', 'np.hypot(part_px, part_py)')
 - ('part_pt_log', 'np.log(part_pt)')
 - ('part_e_log', 'np.log(part_energy)')
 - ('part_logptrel', 'np.log(part_pt/jet_pt)')
 - ('part_logerel', 'np.log(part_energy/jet_energy)')
 - ('part_deltaR', 'np.hypot(part_deta, part_dphi)')
 - ('_label_', 'np.argmax(np.stack([ak.to_numpy(label_QCD),ak.to_numpy(label_Wqq)], axis=1), axis=1)')
 - ('_labelcheck_', 'np.sum(np.stack([ak.to_numpy(label_QCD),ak.to_numpy(label_Wqq)], axis=1), axis=1)')[0m
[2026-03-06 15:45:59,848] INFO: [0;37minput_names: ('pf_points', 'pf_features', 'pf_vectors', 'pf_mask')[0m
[2026-03-06 15:45:59,848] INFO: [0;37minput_dicts:
 - ('pf_points', ['part_deta', 'part_dphi'])
 - ('pf_features', ['part_pt_log', 'part_e_log', 'part_logptrel', 'part_logerel', 'part_deltaR', 'part_deta', 'part_dphi'])
 - ('pf_vectors', ['part_px', 'part_py', 'part_pz', 'part_energy'])
 - ('pf_mask', ['part_mask'])[0m
[2026-03-06 15:45:59,848] INFO: [0;37minput_shapes:
 - ('pf_points', (-1, 2, 32))
 - ('pf_features', (-1, 7, 32))
 - ('pf_vectors', (-1, 4, 32))
 - ('pf_mask', (-1, 1, 32))[0m
[2026-03-06 15:45:59,848] INFO: [0;37mpreprocess_params:
 - ('part_deta', {'length': 32, 'pad_mode': 'wrap', 'center': None, 'scale': 1, 'min': -5, 'max': 5, 'pad_value': 0})
 - ('part_dphi', {'length': 32, 'pad_mode': 'wrap', 'center': None, 'scale': 1, 'min': -5, 'max': 5, 'pad_value': 0})
 - ('part_pt_log', {'length': 32, 'pad_mode': 'wrap', 'center': 1.7, 'scale': 0.7, 'min': -5, 'max': 5, 'pad_value': 0})
 - ('part_e_log', {'length': 32, 'pad_mode': 'wrap', 'center': 2.0, 'scale': 0.7, 'min': -5, 'max': 5, 'pad_value': 0})
 - ('part_logptrel', {'length': 32, 'pad_mode': 'wrap', 'center': -4.7, 'scale': 0.7, 'min': -5, 'max': 5, 'pad_value': 0})
 - ('part_logerel', {'length': 32, 'pad_mode': 'wrap', 'center': -4.7, 'scale': 0.7, 'min': -5, 'max': 5, 'pad_value': 0})
 - ('part_deltaR', {'length': 32, 'pad_mode': 'wrap', 'center': 0.2, 'scale': 4.0, 'min': -5, 'max': 5, 'pad_value': 0})
 - ('part_px', {'length': 32, 'pad_mode': 'wrap', 'center': None, 'scale': 1, 'min': -5, 'max': 5, 'pad_value': 0})
 - ('part_py', {'length': 32, 'pad_mode': 'wrap', 'center': None, 'scale': 1, 'min': -5, 'max': 5, 'pad_value': 0})
 - ('part_pz', {'length': 32, 'pad_mode': 'wrap', 'center': None, 'scale': 1, 'min': -5, 'max': 5, 'pad_value': 0})
 - ('part_energy', {'length': 32, 'pad_mode': 'wrap', 'center': None, 'scale': 1, 'min': -5, 'max': 5, 'pad_value': 0})
 - ('part_mask', {'length': 32, 'pad_mode': 'constant', 'center': None, 'scale': 1, 'min': -5, 'max': 5, 'pad_value': 0})[0m
[2026-03-06 15:45:59,848] INFO: [0;37mlabel_names: ('_label_',)[0m
[2026-03-06 15:45:59,848] INFO: [0;37mobserver_names: ('jet_pt', 'jet_eta', 'jet_phi', 'jet_energy', 'jet_nparticles', 'jet_sdmass', 'jet_tau1', 'jet_tau2', 'jet_tau3', 'jet_tau4')[0m
[2026-03-06 15:45:59,848] INFO: [0;37mmonitor_variables: ()[0m
[2026-03-06 15:45:59,852] INFO: [0;37mpreprocess config: {'method': 'manual', 'data_fraction': 0.5, 'params': None}[0m
[2026-03-06 15:45:59,852] INFO: [0;37mselection: None[0m
[2026-03-06 15:45:59,853] INFO: [0;37mtest_time_selection: None[0m
[2026-03-06 15:45:59,853] INFO: [0;37mvar_funcs:
 - ('part_mask', 'ak.ones_like(part_energy)')
 - ('part_pt', 'np.hypot(part_px, part_py)')
 - ('part_pt_log', 'np.log(part_pt)')
 - ('part_e_log', 'np.log(part_energy)')
 - ('part_logptrel', 'np.log(part_pt/jet_pt)')
 - ('part_logerel', 'np.log(part_energy/jet_energy)')
 - ('part_deltaR', 'np.hypot(part_deta, part_dphi)')
 - ('_label_', 'np.argmax(np.stack([ak.to_numpy(label_QCD),ak.to_numpy(label_Wqq)], axis=1), axis=1)')
 - ('_labelcheck_', 'np.sum(np.stack([ak.to_numpy(label_QCD),ak.to_numpy(label_Wqq)], axis=1), axis=1)')[0m
[2026-03-06 15:45:59,853] INFO: [0;37minput_names: ('pf_points', 'pf_features', 'pf_vectors', 'pf_mask')[0m
[2026-03-06 15:45:59,853] INFO: [0;37minput_dicts:
 - ('pf_points', ['part_deta', 'part_dphi'])
 - ('pf_features', ['part_pt_log', 'part_e_log', 'part_logptrel', 'part_logerel', 'part_deltaR', 'part_deta', 'part_dphi'])
 - ('pf_vectors', ['part_px', 'part_py', 'part_pz', 'part_energy'])
 - ('pf_mask', ['part_mask'])[0m
[2026-03-06 15:45:59,853] INFO: [0;37minput_shapes:
 - ('pf_points', (-1, 2, 32))
 - ('pf_features', (-1, 7, 32))
 - ('pf_vectors', (-1, 4, 32))
 - ('pf_mask', (-1, 1, 32))[0m
[2026-03-06 15:45:59,853] INFO: [0;37mpreprocess_params:
 - ('part_deta', {'length': 32, 'pad_mode': 'wrap', 'center': None, 'scale': 1, 'min': -5, 'max': 5, 'pad_value': 0})
 - ('part_dphi', {'length': 32, 'pad_mode': 'wrap', 'center': None, 'scale': 1, 'min': -5, 'max': 5, 'pad_value': 0})
 - ('part_pt_log', {'length': 32, 'pad_mode': 'wrap', 'center': 1.7, 'scale': 0.7, 'min': -5, 'max': 5, 'pad_value': 0})
 - ('part_e_log', {'length': 32, 'pad_mode': 'wrap', 'center': 2.0, 'scale': 0.7, 'min': -5, 'max': 5, 'pad_value': 0})
 - ('part_logptrel', {'length': 32, 'pad_mode': 'wrap', 'center': -4.7, 'scale': 0.7, 'min': -5, 'max': 5, 'pad_value': 0})
 - ('part_logerel', {'length': 32, 'pad_mode': 'wrap', 'center': -4.7, 'scale': 0.7, 'min': -5, 'max': 5, 'pad_value': 0})
 - ('part_deltaR', {'length': 32, 'pad_mode': 'wrap', 'center': 0.2, 'scale': 4.0, 'min': -5, 'max': 5, 'pad_value': 0})
 - ('part_px', {'length': 32, 'pad_mode': 'wrap', 'center': None, 'scale': 1, 'min': -5, 'max': 5, 'pad_value': 0})
 - ('part_py', {'length': 32, 'pad_mode': 'wrap', 'center': None, 'scale': 1, 'min': -5, 'max': 5, 'pad_value': 0})
 - ('part_pz', {'length': 32, 'pad_mode': 'wrap', 'center': None, 'scale': 1, 'min': -5, 'max': 5, 'pad_value': 0})
 - ('part_energy', {'length': 32, 'pad_mode': 'wrap', 'center': None, 'scale': 1, 'min': -5, 'max': 5, 'pad_value': 0})
 - ('part_mask', {'length': 32, 'pad_mode': 'constant', 'center': None, 'scale': 1, 'min': -5, 'max': 5, 'pad_value': 0})[0m
[2026-03-06 15:45:59,853] INFO: [0;37mlabel_names: ('_label_',)[0m
[2026-03-06 15:45:59,853] INFO: [0;37mobserver_names: ()[0m
[2026-03-06 15:45:59,853] INFO: [0;37mmonitor_variables: ()[0m
[2026-03-06 15:45:59,854] INFO: Model config: {'input_dims': 7, 'set_size': 32, 'phi_sizes': (256, 256, 256), 'fc_sizes': (256, 256, 256), 'use_bn': False, 'latent_dim': 8, 'relaxed': True, 'expander_relu': False, 'n_pieces': 20}
[2026-03-06 15:45:59,874] INFO: [0;37mpreprocess config: {'method': 'manual', 'data_fraction': 0.5, 'params': None}[0m
[2026-03-06 15:45:59,874] INFO: [0;37mselection: None[0m
[2026-03-06 15:45:59,874] INFO: [0;37mtest_time_selection: None[0m
[2026-03-06 15:45:59,874] INFO: [0;37mvar_funcs:
 - ('part_mask', 'ak.ones_like(part_energy)')
 - ('part_pt', 'np.hypot(part_px, part_py)')
 - ('part_pt_log', 'np.log(part_pt)')
 - ('part_e_log', 'np.log(part_energy)')
 - ('part_logptrel', 'np.log(part_pt/jet_pt)')
 - ('part_logerel', 'np.log(part_energy/jet_energy)')
 - ('part_deltaR', 'np.hypot(part_deta, part_dphi)')
 - ('_label_', 'np.argmax(np.stack([ak.to_numpy(label_QCD),ak.to_numpy(label_Wqq)], axis=1), axis=1)')
 - ('_labelcheck_', 'np.sum(np.stack([ak.to_numpy(label_QCD),ak.to_numpy(label_Wqq)], axis=1), axis=1)')[0m
[2026-03-06 15:45:59,874] INFO: [0;37minput_names: ('pf_points', 'pf_features', 'pf_vectors', 'pf_mask')[0m
[2026-03-06 15:45:59,874] INFO: [0;37minput_dicts:
 - ('pf_points', ['part_deta', 'part_dphi'])
 - ('pf_features', ['part_pt_log', 'part_e_log', 'part_logptrel', 'part_logerel', 'part_deltaR', 'part_deta', 'part_dphi'])
 - ('pf_vectors', ['part_px', 'part_py', 'part_pz', 'part_energy'])
 - ('pf_mask', ['part_mask'])[0m
[2026-03-06 15:45:59,874] INFO: [0;37minput_shapes:
 - ('pf_points', (-1, 2, 32))
 - ('pf_features', (-1, 7, 32))
 - ('pf_vectors', (-1, 4, 32))
 - ('pf_mask', (-1, 1, 32))[0m
[2026-03-06 15:45:59,874] INFO: [0;37mpreprocess_params:
 - ('part_deta', {'length': 32, 'pad_mode': 'wrap', 'center': None, 'scale': 1, 'min': -5, 'max': 5, 'pad_value': 0})
 - ('part_dphi', {'length': 32, 'pad_mode': 'wrap', 'center': None, 'scale': 1, 'min': -5, 'max': 5, 'pad_value': 0})
 - ('part_pt_log', {'length': 32, 'pad_mode': 'wrap', 'center': 1.7, 'scale': 0.7, 'min': -5, 'max': 5, 'pad_value': 0})
 - ('part_e_log', {'length': 32, 'pad_mode': 'wrap', 'center': 2.0, 'scale': 0.7, 'min': -5, 'max': 5, 'pad_value': 0})
 - ('part_logptrel', {'length': 32, 'pad_mode': 'wrap', 'center': -4.7, 'scale': 0.7, 'min': -5, 'max': 5, 'pad_value': 0})
 - ('part_logerel', {'length': 32, 'pad_mode': 'wrap', 'center': -4.7, 'scale': 0.7, 'min': -5, 'max': 5, 'pad_value': 0})
 - ('part_deltaR', {'length': 32, 'pad_mode': 'wrap', 'center': 0.2, 'scale': 4.0, 'min': -5, 'max': 5, 'pad_value': 0})
 - ('part_px', {'length': 32, 'pad_mode': 'wrap', 'center': None, 'scale': 1, 'min': -5, 'max': 5, 'pad_value': 0})
 - ('part_py', {'length': 32, 'pad_mode': 'wrap', 'center': None, 'scale': 1, 'min': -5, 'max': 5, 'pad_value': 0})
 - ('part_pz', {'length': 32, 'pad_mode': 'wrap', 'center': None, 'scale': 1, 'min': -5, 'max': 5, 'pad_value': 0})
 - ('part_energy', {'length': 32, 'pad_mode': 'wrap', 'center': None, 'scale': 1, 'min': -5, 'max': 5, 'pad_value': 0})
 - ('part_mask', {'length': 32, 'pad_mode': 'constant', 'center': None, 'scale': 1, 'min': -5, 'max': 5, 'pad_value': 0})[0m
[2026-03-06 15:45:59,874] INFO: [0;37mlabel_names: ('_label_',)[0m
[2026-03-06 15:45:59,874] INFO: [0;37mobserver_names: ('jet_pt', 'jet_eta', 'jet_phi', 'jet_energy', 'jet_nparticles', 'jet_sdmass', 'jet_tau1', 'jet_tau2', 'jet_tau3', 'jet_tau4')[0m
[2026-03-06 15:45:59,874] INFO: [0;37mmonitor_variables: ()[0m
[2026-03-06 15:45:59,879] INFO: [0;37mpreprocess config: {'method': 'manual', 'data_fraction': 0.5, 'params': None}[0m
[2026-03-06 15:45:59,879] INFO: [0;37mselection: None[0m
[2026-03-06 15:45:59,879] INFO: [0;37mtest_time_selection: None[0m
[2026-03-06 15:45:59,879] INFO: [0;37mvar_funcs:
 - ('part_mask', 'ak.ones_like(part_energy)')
 - ('part_pt', 'np.hypot(part_px, part_py)')
 - ('part_pt_log', 'np.log(part_pt)')
 - ('part_e_log', 'np.log(part_energy)')
 - ('part_logptrel', 'np.log(part_pt/jet_pt)')
 - ('part_logerel', 'np.log(part_energy/jet_energy)')
 - ('part_deltaR', 'np.hypot(part_deta, part_dphi)')
 - ('_label_', 'np.argmax(np.stack([ak.to_numpy(label_QCD),ak.to_numpy(label_Wqq)], axis=1), axis=1)')
 - ('_labelcheck_', 'np.sum(np.stack([ak.to_numpy(label_QCD),ak.to_numpy(label_Wqq)], axis=1), axis=1)')[0m
[2026-03-06 15:45:59,879] INFO: [0;37minput_names: ('pf_points', 'pf_features', 'pf_vectors', 'pf_mask')[0m
[2026-03-06 15:45:59,880] INFO: [0;37minput_dicts:
 - ('pf_points', ['part_deta', 'part_dphi'])
 - ('pf_features', ['part_pt_log', 'part_e_log', 'part_logptrel', 'part_logerel', 'part_deltaR', 'part_deta', 'part_dphi'])
 - ('pf_vectors', ['part_px', 'part_py', 'part_pz', 'part_energy'])
 - ('pf_mask', ['part_mask'])[0m
[2026-03-06 15:45:59,880] INFO: [0;37minput_shapes:
 - ('pf_points', (-1, 2, 32))
 - ('pf_features', (-1, 7, 32))
 - ('pf_vectors', (-1, 4, 32))
 - ('pf_mask', (-1, 1, 32))[0m
[2026-03-06 15:45:59,880] INFO: [0;37mpreprocess_params:
 - ('part_deta', {'length': 32, 'pad_mode': 'wrap', 'center': None, 'scale': 1, 'min': -5, 'max': 5, 'pad_value': 0})
 - ('part_dphi', {'length': 32, 'pad_mode': 'wrap', 'center': None, 'scale': 1, 'min': -5, 'max': 5, 'pad_value': 0})
 - ('part_pt_log', {'length': 32, 'pad_mode': 'wrap', 'center': 1.7, 'scale': 0.7, 'min': -5, 'max': 5, 'pad_value': 0})
 - ('part_e_log', {'length': 32, 'pad_mode': 'wrap', 'center': 2.0, 'scale': 0.7, 'min': -5, 'max': 5, 'pad_value': 0})
 - ('part_logptrel', {'length': 32, 'pad_mode': 'wrap', 'center': -4.7, 'scale': 0.7, 'min': -5, 'max': 5, 'pad_value': 0})
 - ('part_logerel', {'length': 32, 'pad_mode': 'wrap', 'center': -4.7, 'scale': 0.7, 'min': -5, 'max': 5, 'pad_value': 0})
 - ('part_deltaR', {'length': 32, 'pad_mode': 'wrap', 'center': 0.2, 'scale': 4.0, 'min': -5, 'max': 5, 'pad_value': 0})
 - ('part_px', {'length': 32, 'pad_mode': 'wrap', 'center': None, 'scale': 1, 'min': -5, 'max': 5, 'pad_value': 0})
 - ('part_py', {'length': 32, 'pad_mode': 'wrap', 'center': None, 'scale': 1, 'min': -5, 'max': 5, 'pad_value': 0})
 - ('part_pz', {'length': 32, 'pad_mode': 'wrap', 'center': None, 'scale': 1, 'min': -5, 'max': 5, 'pad_value': 0})
 - ('part_energy', {'length': 32, 'pad_mode': 'wrap', 'center': None, 'scale': 1, 'min': -5, 'max': 5, 'pad_value': 0})
 - ('part_mask', {'length': 32, 'pad_mode': 'constant', 'center': None, 'scale': 1, 'min': -5, 'max': 5, 'pad_value': 0})[0m
[2026-03-06 15:45:59,880] INFO: [0;37mlabel_names: ('_label_',)[0m
[2026-03-06 15:45:59,880] INFO: [0;37mobserver_names: ()[0m
[2026-03-06 15:45:59,880] INFO: [0;37mmonitor_variables: ()[0m
[2026-03-06 15:46:00,138] INFO: Restarted DataIter train, load_range=(0.227663514396693, 0.237663514396693), file_list:
{
  "WToQQ": [
    "/home/alang/ppCodes/part_gp/datasets/JetClass/Pythia/train_100M/WToQQ_000.root",
    "/home/alang/ppCodes/part_gp/datasets/JetClass/Pythia/train_100M/WToQQ_001.root",
    "/home/alang/ppCodes/part_gp/datasets/JetClass/Pythia/train_100M/WToQQ_002.root",
    "/home/alang/ppCodes/part_gp/datasets/JetClass/Pythia/train_100M/WToQQ_003.root",
    "/home/alang/ppCodes/part_gp/datasets/JetClass/Pythia/train_100M/WToQQ_004.root",
    "/home/alang/ppCodes/part_gp/datasets/JetClass/Pythia/train_100M/WToQQ_005.root",
    "/home/alang/ppCodes/part_gp/datasets/JetClass/Pythia/train_100M/WToQQ_006.root",
    "/home/alang/ppCodes/part_gp/datasets/JetClass/Pythia/train_100M/WToQQ_007.root",
    "/home/alang/ppCodes/part_gp/datasets/JetClass/Pythia/train_100M/WToQQ_008.root",
    "/home/alang/ppCodes/part_gp/datasets/JetClass/Pythia/train_100M/WToQQ_009.root",
    "/home/alang/ppCodes/part_gp/datasets/JetClass/Pythia/train_100M/WToQQ_010.root",
    "/home/alang/ppCodes/part_gp/datasets/JetClass/Pythia/train_100M/WToQQ_011.root",
    "/home/alang/ppCodes/part_gp/datasets/JetClass/Pythia/train_100M/WToQQ_012.root",
    "/home/alang/ppCodes/part_gp/datasets/JetClass/Pythia/train_100M/WToQQ_013.root",
    "/home/alang/ppCodes/part_gp/datasets/JetClass/Pythia/train_100M/WToQQ_014.root",
    "/home/alang/ppCodes/part_gp/datasets/JetClass/Pythia/train_100M/WToQQ_015.root",
    "/home/alang/ppCodes/part_gp/datasets/JetClass/Pythia/train_100M/WToQQ_016.root",
    "/home/alang/ppCodes/part_gp/datasets/JetClass/Pythia/train_100M/WToQQ_017.root",
    "/home/alang/ppCodes/part_gp/datasets/JetClass/Pythia/train_100M/WToQQ_018.root",
    "/home/alang/ppCodes/part_gp/datasets/JetClass/Pythia/train_100M/WToQQ_019.root",
    "/home/alang/ppCodes/part_gp/datasets/JetClass/Pythia/train_100M/WToQQ_020.root",
    "/home/alang/ppCodes/part_gp/datasets/JetClass/Pythia/train_100M/WToQQ_021.root",
    "/home/alang/ppCodes/part_gp/datasets/JetClass/Pythia/train_100M/WToQQ_022.root",
    "/home/alang/ppCodes/part_gp/datasets/JetClass/Pythia/train_100M/WToQQ_023.root",
    "/home/alang/ppCodes/part_gp/datasets/JetClass/Pythia/train_100M/WToQQ_024.root",
    "/home/alang/ppCodes/part_gp/datasets/JetClass/Pythia/train_100M/WToQQ_025.root",
    "/home/alang/ppCodes/part_gp/datasets/JetClass/Pythia/train_100M/WToQQ_026.root",
    "/home/alang/ppCodes/part_gp/datasets/JetClass/Pythia/train_100M/WToQQ_027.root",
    "/home/alang/ppCodes/part_gp/datasets/JetClass/Pythia/train_100M/WToQQ_028.root",
    "/home/alang/ppCodes/part_gp/datasets/JetClass/Pythia/train_100M/WToQQ_029.root",
    "/home/alang/ppCodes/part_gp/datasets/JetClass/Pythia/train_100M/WToQQ_030.root",
    "/home/alang/ppCodes/part_gp/datasets/JetClass/Pythia/train_100M/WToQQ_031.root",
    "/home/alang/ppCodes/part_gp/datasets/JetClass/Pythia/train_100M/WToQQ_032.root",
    "/home/alang/ppCodes/part_gp/datasets/JetClass/Pythia/train_100M/WToQQ_033.root",
    "/home/alang/ppCodes/part_gp/datasets/JetClass/Pythia/train_100M/WToQQ_034.root",
    "/home/alang/ppCodes/part_gp/datasets/JetClass/Pythia/train_100M/WToQQ_035.root",
    "/home/alang/ppCodes/part_gp/datasets/JetClass/Pythia/train_100M/WToQQ_036.root",
    "/home/alang/ppCodes/part_gp/datasets/JetClass/Pythia/train_100M/WToQQ_037.root",
    "/home/alang/ppCodes/part_gp/datasets/JetClass/Pythia/train_100M/WToQQ_038.root",
    "/home/alang/ppCodes/part_gp/datasets/JetClass/Pythia/train_100M/WToQQ_039.root",
    "/home/alang/ppCodes/part_gp/datasets/JetClass/Pythia/train_100M/WToQQ_040.root",
    "/home/alang/ppCodes/part_gp/datasets/JetClass/Pythia/train_100M/WToQQ_041.root",
    "/home/alang/ppCodes/part_gp/datasets/JetClass/Pythia/train_100M/WToQQ_042.root",
    "/home/alang/ppCodes/part_gp/datasets/JetClass/Pythia/train_100M/WToQQ_043.root",
    "/home/alang/ppCodes/part_gp/datasets/JetClass/Pythia/train_100M/WToQQ_044.root",
    "/home/alang/ppCodes/part_gp/datasets/JetClass/Pythia/train_100M/WToQQ_045.root",
    "/home/alang/ppCodes/part_gp/datasets/JetClass/Pythia/train_100M/WToQQ_046.root",
    "/home/alang/ppCodes/part_gp/datasets/JetClass/Pythia/train_100M/WToQQ_047.root",
    "/home/alang/ppCodes/part_gp/datasets/JetClass/Pythia/train_100M/WToQQ_048.root",
    "/home/alang/ppCodes/part_gp/datasets/JetClass/Pythia/train_100M/WToQQ_049.root",
    "/home/alang/ppCodes/part_gp/datasets/JetClass/Pythia/train_100M/WToQQ_050.root",
    "/home/alang/ppCodes/part_gp/datasets/JetClass/Pythia/train_100M/WToQQ_051.root",
    "/home/alang/ppCodes/part_gp/datasets/JetClass/Pythia/train_100M/WToQQ_052.root",
    "/home/alang/ppCodes/part_gp/datasets/JetClass/Pythia/train_100M/WToQQ_053.root",
    "/home/alang/ppCodes/part_gp/datasets/JetClass/Pythia/train_100M/WToQQ_054.root",
    "/home/alang/ppCodes/part_gp/datasets/JetClass/Pythia/train_100M/WToQQ_055.root",
    "/home/alang/ppCodes/part_gp/datasets/JetClass/Pythia/train_100M/WToQQ_056.root",
    "/home/alang/ppCodes/part_gp/datasets/JetClass/Pythia/train_100M/WToQQ_057.root",
    "/home/alang/ppCodes/part_gp/datasets/JetClass/Pythia/train_100M/WToQQ_058.root",
    "/home/alang/ppCodes/part_gp/datasets/JetClass/Pythia/train_100M/WToQQ_059.root",
    "/home/alang/ppCodes/part_gp/datasets/JetClass/Pythia/train_100M/WToQQ_060.root",
    "/home/alang/ppCodes/part_gp/datasets/JetClass/Pythia/train_100M/WToQQ_061.root",
    "/home/alang/ppCodes/part_gp/datasets/JetClass/Pythia/train_100M/WToQQ_062.root",
    "/home/alang/ppCodes/part_gp/datasets/JetClass/Pythia/train_100M/WToQQ_063.root",
    "/home/alang/ppCodes/part_gp/datasets/JetClass/Pythia/train_100M/WToQQ_064.root",
    "/home/alang/ppCodes/part_gp/datasets/JetClass/Pythia/train_100M/WToQQ_065.root",
    "/home/alang/ppCodes/part_gp/datasets/JetClass/Pythia/train_100M/WToQQ_066.root",
    "/home/alang/ppCodes/part_gp/datasets/JetClass/Pythia/train_100M/WToQQ_067.root",
    "/home/alang/ppCodes/part_gp/datasets/JetClass/Pythia/train_100M/WToQQ_068.root",
    "/home/alang/ppCodes/part_gp/datasets/JetClass/Pythia/train_100M/WToQQ_069.root",
    "/home/alang/ppCodes/part_gp/datasets/JetClass/Pythia/train_100M/WToQQ_070.root",
    "/home/alang/ppCodes/part_gp/datasets/JetClass/Pythia/train_100M/WToQQ_071.root",
    "/home/alang/ppCodes/part_gp/datasets/JetClass/Pythia/train_100M/WToQQ_072.root",
    "/home/alang/ppCodes/part_gp/datasets/JetClass/Pythia/train_100M/WToQQ_073.root",
    "/home/alang/ppCodes/part_gp/datasets/JetClass/Pythia/train_100M/WToQQ_074.root",
    "/home/alang/ppCodes/part_gp/datasets/JetClass/Pythia/train_100M/WToQQ_075.root",
    "/home/alang/ppCodes/part_gp/datasets/JetClass/Pythia/train_100M/WToQQ_076.root",
    "/home/alang/ppCodes/part_gp/datasets/JetClass/Pythia/train_100M/WToQQ_077.root",
    "/home/alang/ppCodes/part_gp/datasets/JetClass/Pythia/train_100M/WToQQ_078.root",
    "/home/alang/ppCodes/part_gp/datasets/JetClass/Pythia/train_100M/WToQQ_079.root",
    "/home/alang/ppCodes/part_gp/datasets/JetClass/Pythia/train_100M/WToQQ_080.root",
    "/home/alang/ppCodes/part_gp/datasets/JetClass/Pythia/train_100M/WToQQ_081.root",
    "/home/alang/ppCodes/part_gp/datasets/JetClass/Pythia/train_100M/WToQQ_082.root",
    "/home/alang/ppCodes/part_gp/datasets/JetClass/Pythia/train_100M/WToQQ_083.root",
    "/home/alang/ppCodes/part_gp/datasets/JetClass/Pythia/train_100M/WToQQ_084.root",
    "/home/alang/ppCodes/part_gp/datasets/JetClass/Pythia/train_100M/WToQQ_085.root",
    "/home/alang/ppCodes/part_gp/datasets/JetClass/Pythia/train_100M/WToQQ_086.root",
    "/home/alang/ppCodes/part_gp/datasets/JetClass/Pythia/train_100M/WToQQ_087.root",
    "/home/alang/ppCodes/part_gp/datasets/JetClass/Pythia/train_100M/WToQQ_088.root",
    "/home/alang/ppCodes/part_gp/datasets/JetClass/Pythia/train_100M/WToQQ_089.root",
    "/home/alang/ppCodes/part_gp/datasets/JetClass/Pythia/train_100M/WToQQ_090.root",
    "/home/alang/ppCodes/part_gp/datasets/JetClass/Pythia/train_100M/WToQQ_091.root",
    "/home/alang/ppCodes/part_gp/datasets/JetClass/Pythia/train_100M/WToQQ_092.root",
    "/home/alang/ppCodes/part_gp/datasets/JetClass/Pythia/train_100M/WToQQ_093.root",
    "/home/alang/ppCodes/part_gp/datasets/JetClass/Pythia/train_100M/WToQQ_094.root",
    "/home/alang/ppCodes/part_gp/datasets/JetClass/Pythia/train_100M/WToQQ_095.root",
    "/home/alang/ppCodes/part_gp/datasets/JetClass/Pythia/train_100M/WToQQ_096.root",
    "/home/alang/ppCodes/part_gp/datasets/JetClass/Pythia/train_100M/WToQQ_097.root",
    "/home/alang/ppCodes/part_gp/datasets/JetClass/Pythia/train_100M/WToQQ_098.root",
    "/home/alang/ppCodes/part_gp/datasets/JetClass/Pythia/train_100M/WToQQ_099.root"
  ],
  "ZJetsToNuNu": [
    "/home/alang/ppCodes/part_gp/datasets/JetClass/Pythia/train_100M/ZJetsToNuNu_000.root",
    "/home/alang/ppCodes/part_gp/datasets/JetClass/Pythia/train_100M/ZJetsToNuNu_001.root",
    "/home/alang/ppCodes/part_gp/datasets/JetClass/Pythia/train_100M/ZJetsToNuNu_002.root",
    "/home/alang/ppCodes/part_gp/datasets/JetClass/Pythia/train_100M/ZJetsToNuNu_003.root",
    "/home/alang/ppCodes/part_gp/datasets/JetClass/Pythia/train_100M/ZJetsToNuNu_004.root",
    "/home/alang/ppCodes/part_gp/datasets/JetClass/Pythia/train_100M/ZJetsToNuNu_005.root",
    "/home/alang/ppCodes/part_gp/datasets/JetClass/Pythia/train_100M/ZJetsToNuNu_006.root",
    "/home/alang/ppCodes/part_gp/datasets/JetClass/Pythia/train_100M/ZJetsToNuNu_007.root",
    "/home/alang/ppCodes/part_gp/datasets/JetClass/Pythia/train_100M/ZJetsToNuNu_008.root",
    "/home/alang/ppCodes/part_gp/datasets/JetClass/Pythia/train_100M/ZJetsToNuNu_009.root",
    "/home/alang/ppCodes/part_gp/datasets/JetClass/Pythia/train_100M/ZJetsToNuNu_010.root",
    "/home/alang/ppCodes/part_gp/datasets/JetClass/Pythia/train_100M/ZJetsToNuNu_011.root",
    "/home/alang/ppCodes/part_gp/datasets/JetClass/Pythia/train_100M/ZJetsToNuNu_012.root",
    "/home/alang/ppCodes/part_gp/datasets/JetClass/Pythia/train_100M/ZJetsToNuNu_013.root",
    "/home/alang/ppCodes/part_gp/datasets/JetClass/Pythia/train_100M/ZJetsToNuNu_014.root",
    "/home/alang/ppCodes/part_gp/datasets/JetClass/Pythia/train_100M/ZJetsToNuNu_015.root",
    "/home/alang/ppCodes/part_gp/datasets/JetClass/Pythia/train_100M/ZJetsToNuNu_016.root",
    "/home/alang/ppCodes/part_gp/datasets/JetClass/Pythia/train_100M/ZJetsToNuNu_017.root",
    "/home/alang/ppCodes/part_gp/datasets/JetClass/Pythia/train_100M/ZJetsToNuNu_018.root",
    "/home/alang/ppCodes/part_gp/datasets/JetClass/Pythia/train_100M/ZJetsToNuNu_019.root",
    "/home/alang/ppCodes/part_gp/datasets/JetClass/Pythia/train_100M/ZJetsToNuNu_020.root",
    "/home/alang/ppCodes/part_gp/datasets/JetClass/Pythia/train_100M/ZJetsToNuNu_021.root",
    "/home/alang/ppCodes/part_gp/datasets/JetClass/Pythia/train_100M/ZJetsToNuNu_022.root",
    "/home/alang/ppCodes/part_gp/datasets/JetClass/Pythia/train_100M/ZJetsToNuNu_023.root",
    "/home/alang/ppCodes/part_gp/datasets/JetClass/Pythia/train_100M/ZJetsToNuNu_024.root",
    "/home/alang/ppCodes/part_gp/datasets/JetClass/Pythia/train_100M/ZJetsToNuNu_025.root",
    "/home/alang/ppCodes/part_gp/datasets/JetClass/Pythia/train_100M/ZJetsToNuNu_026.root",
    "/home/alang/ppCodes/part_gp/datasets/JetClass/Pythia/train_100M/ZJetsToNuNu_027.root",
    "/home/alang/ppCodes/part_gp/datasets/JetClass/Pythia/train_100M/ZJetsToNuNu_028.root",
    "/home/alang/ppCodes/part_gp/datasets/JetClass/Pythia/train_100M/ZJetsToNuNu_029.root",
    "/home/alang/ppCodes/part_gp/datasets/JetClass/Pythia/train_100M/ZJetsToNuNu_030.root",
    "/home/alang/ppCodes/part_gp/datasets/JetClass/Pythia/train_100M/ZJetsToNuNu_031.root",
    "/home/alang/ppCodes/part_gp/datasets/JetClass/Pythia/train_100M/ZJetsToNuNu_032.root",
    "/home/alang/ppCodes/part_gp/datasets/JetClass/Pythia/train_100M/ZJetsToNuNu_033.root",
    "/home/alang/ppCodes/part_gp/datasets/JetClass/Pythia/train_100M/ZJetsToNuNu_034.root",
    "/home/alang/ppCodes/part_gp/datasets/JetClass/Pythia/train_100M/ZJetsToNuNu_035.root",
    "/home/alang/ppCodes/part_gp/datasets/JetClass/Pythia/train_100M/ZJetsToNuNu_036.root",
    "/home/alang/ppCodes/part_gp/datasets/JetClass/Pythia/train_100M/ZJetsToNuNu_037.root",
    "/home/alang/ppCodes/part_gp/datasets/JetClass/Pythia/train_100M/ZJetsToNuNu_038.root",
    "/home/alang/ppCodes/part_gp/datasets/JetClass/Pythia/train_100M/ZJetsToNuNu_039.root",
    "/home/alang/ppCodes/part_gp/datasets/JetClass/Pythia/train_100M/ZJetsToNuNu_040.root",
    "/home/alang/ppCodes/part_gp/datasets/JetClass/Pythia/train_100M/ZJetsToNuNu_041.root",
    "/home/alang/ppCodes/part_gp/datasets/JetClass/Pythia/train_100M/ZJetsToNuNu_042.root",
    "/home/alang/ppCodes/part_gp/datasets/JetClass/Pythia/train_100M/ZJetsToNuNu_043.root",
    "/home/alang/ppCodes/part_gp/datasets/JetClass/Pythia/train_100M/ZJetsToNuNu_044.root",
    "/home/alang/ppCodes/part_gp/datasets/JetClass/Pythia/train_100M/ZJetsToNuNu_045.root",
    "/home/alang/ppCodes/part_gp/datasets/JetClass/Pythia/train_100M/ZJetsToNuNu_046.root",
    "/home/alang/ppCodes/part_gp/datasets/JetClass/Pythia/train_100M/ZJetsToNuNu_047.root",
    "/home/alang/ppCodes/part_gp/datasets/JetClass/Pythia/train_100M/ZJetsToNuNu_048.root",
    "/home/alang/ppCodes/part_gp/datasets/JetClass/Pythia/train_100M/ZJetsToNuNu_049.root",
    "/home/alang/ppCodes/part_gp/datasets/JetClass/Pythia/train_100M/ZJetsToNuNu_050.root",
    "/home/alang/ppCodes/part_gp/datasets/JetClass/Pythia/train_100M/ZJetsToNuNu_051.root",
    "/home/alang/ppCodes/part_gp/datasets/JetClass/Pythia/train_100M/ZJetsToNuNu_052.root",
    "/home/alang/ppCodes/part_gp/datasets/JetClass/Pythia/train_100M/ZJetsToNuNu_053.root",
    "/home/alang/ppCodes/part_gp/datasets/JetClass/Pythia/train_100M/ZJetsToNuNu_054.root",
    "/home/alang/ppCodes/part_gp/datasets/JetClass/Pythia/train_100M/ZJetsToNuNu_055.root",
    "/home/alang/ppCodes/part_gp/datasets/JetClass/Pythia/train_100M/ZJetsToNuNu_056.root",
    "/home/alang/ppCodes/part_gp/datasets/JetClass/Pythia/train_100M/ZJetsToNuNu_057.root",
    "/home/alang/ppCodes/part_gp/datasets/JetClass/Pythia/train_100M/ZJetsToNuNu_058.root",
    "/home/alang/ppCodes/part_gp/datasets/JetClass/Pythia/train_100M/ZJetsToNuNu_059.root",
    "/home/alang/ppCodes/part_gp/datasets/JetClass/Pythia/train_100M/ZJetsToNuNu_060.root",
    "/home/alang/ppCodes/part_gp/datasets/JetClass/Pythia/train_100M/ZJetsToNuNu_061.root",
    "/home/alang/ppCodes/part_gp/datasets/JetClass/Pythia/train_100M/ZJetsToNuNu_062.root",
    "/home/alang/ppCodes/part_gp/datasets/JetClass/Pythia/train_100M/ZJetsToNuNu_063.root",
    "/home/alang/ppCodes/part_gp/datasets/JetClass/Pythia/train_100M/ZJetsToNuNu_064.root",
    "/home/alang/ppCodes/part_gp/datasets/JetClass/Pythia/train_100M/ZJetsToNuNu_065.root",
    "/home/alang/ppCodes/part_gp/datasets/JetClass/Pythia/train_100M/ZJetsToNuNu_066.root",
    "/home/alang/ppCodes/part_gp/datasets/JetClass/Pythia/train_100M/ZJetsToNuNu_067.root",
    "/home/alang/ppCodes/part_gp/datasets/JetClass/Pythia/train_100M/ZJetsToNuNu_068.root",
    "/home/alang/ppCodes/part_gp/datasets/JetClass/Pythia/train_100M/ZJetsToNuNu_069.root",
    "/home/alang/ppCodes/part_gp/datasets/JetClass/Pythia/train_100M/ZJetsToNuNu_070.root",
    "/home/alang/ppCodes/part_gp/datasets/JetClass/Pythia/train_100M/ZJetsToNuNu_071.root",
    "/home/alang/ppCodes/part_gp/datasets/JetClass/Pythia/train_100M/ZJetsToNuNu_072.root",
    "/home/alang/ppCodes/part_gp/datasets/JetClass/Pythia/train_100M/ZJetsToNuNu_073.root",
    "/home/alang/ppCodes/part_gp/datasets/JetClass/Pythia/train_100M/ZJetsToNuNu_074.root",
    "/home/alang/ppCodes/part_gp/datasets/JetClass/Pythia/train_100M/ZJetsToNuNu_075.root",
    "/home/alang/ppCodes/part_gp/datasets/JetClass/Pythia/train_100M/ZJetsToNuNu_076.root",
    "/home/alang/ppCodes/part_gp/datasets/JetClass/Pythia/train_100M/ZJetsToNuNu_077.root",
    "/home/alang/ppCodes/part_gp/datasets/JetClass/Pythia/train_100M/ZJetsToNuNu_078.root",
    "/home/alang/ppCodes/part_gp/datasets/JetClass/Pythia/train_100M/ZJetsToNuNu_079.root",
    "/home/alang/ppCodes/part_gp/datasets/JetClass/Pythia/train_100M/ZJetsToNuNu_080.root",
    "/home/alang/ppCodes/part_gp/datasets/JetClass/Pythia/train_100M/ZJetsToNuNu_081.root",
    "/home/alang/ppCodes/part_gp/datasets/JetClass/Pythia/train_100M/ZJetsToNuNu_082.root",
    "/home/alang/ppCodes/part_gp/datasets/JetClass/Pythia/train_100M/ZJetsToNuNu_083.root",
    "/home/alang/ppCodes/part_gp/datasets/JetClass/Pythia/train_100M/ZJetsToNuNu_084.root",
    "/home/alang/ppCodes/part_gp/datasets/JetClass/Pythia/train_100M/ZJetsToNuNu_085.root",
    "/home/alang/ppCodes/part_gp/datasets/JetClass/Pythia/train_100M/ZJetsToNuNu_086.root",
    "/home/alang/ppCodes/part_gp/datasets/JetClass/Pythia/train_100M/ZJetsToNuNu_087.root",
    "/home/alang/ppCodes/part_gp/datasets/JetClass/Pythia/train_100M/ZJetsToNuNu_088.root",
    "/home/alang/ppCodes/part_gp/datasets/JetClass/Pythia/train_100M/ZJetsToNuNu_089.root",
    "/home/alang/ppCodes/part_gp/datasets/JetClass/Pythia/train_100M/ZJetsToNuNu_090.root",
    "/home/alang/ppCodes/part_gp/datasets/JetClass/Pythia/train_100M/ZJetsToNuNu_091.root",
    "/home/alang/ppCodes/part_gp/datasets/JetClass/Pythia/train_100M/ZJetsToNuNu_092.root",
    "/home/alang/ppCodes/part_gp/datasets/JetClass/Pythia/train_100M/ZJetsToNuNu_093.root",
    "/home/alang/ppCodes/part_gp/datasets/JetClass/Pythia/train_100M/ZJetsToNuNu_094.root",
    "/home/alang/ppCodes/part_gp/datasets/JetClass/Pythia/train_100M/ZJetsToNuNu_095.root",
    "/home/alang/ppCodes/part_gp/datasets/JetClass/Pythia/train_100M/ZJetsToNuNu_096.root",
    "/home/alang/ppCodes/part_gp/datasets/JetClass/Pythia/train_100M/ZJetsToNuNu_097.root",
    "/home/alang/ppCodes/part_gp/datasets/JetClass/Pythia/train_100M/ZJetsToNuNu_098.root",
    "/home/alang/ppCodes/part_gp/datasets/JetClass/Pythia/train_100M/ZJetsToNuNu_099.root"
  ]
}
[2026-03-06 23:46:12,424] INFO: PySRRegressor.equations_ = [
[
	    pick     score                                           equation      loss  complexity
	0         0.000000                                                 x7  0.711929           1
	1         0.034883                                     x7 * 1.6506143  0.663953           3
	2         0.022933                               sin(x7 / 0.41130403)  0.648900           4
	3         0.155518                                    (x3 - x15) * x7  0.555440           5
	4         0.089895                             ((x7 + x3) - x15) * x7  0.464040           7
	5         0.040592                      (x7 - ((x2 - x3) + x15)) * x7  0.427856           9
	6         0.004284                (x3 - (x15 + (x2 - tanh(x7)))) * x7  0.426027          10
	7         0.034768               x7 * ((x7 - (x2 + x15)) - (x3 * x8))  0.411469          11
	8         0.022922           x7 * (x7 - (x15 + (tanh(x2 - x3) - x3)))  0.402145          12
	9         0.027663  (x3 - (-0.7730997 - x7)) * ((x7 * 1.7642015) -...  0.391172          13
	10        0.058375  ((x3 - (x2 - 1.0980433)) * tanh((x7 * 2.880877...  0.368991          14
	11        0.023636  (tanh(x9 + (x7 * 3.928701)) * (x3 - sin(x2 + x...  0.360372          15
	12  >>>>  0.071569  ((0.9707979 - (x2 - x3)) * tanh((x4 + (x7 * 3....  0.335482          16
	13        0.030405  (tanh((x9 + x4) + (x7 * 3.7798762)) * (x3 - si...  0.325435          17
	14        0.003435  (tanh((x4 + (x7 * 3.44766)) + x9) * (x3 - ((x2...  0.324319          18
	15        0.064129  (((x3 - sin(x2 - 1.0118817)) * tanh(((x7 * 3.4...  0.304174          19
	16        0.001421  (((sin(x3) - sin(x2 - 1.0412732)) * tanh(x4 + ...  0.303742          20
	17        0.001857  (((x3 - sin(x2 - 1.0141017)) * tanh((x7 * 3.14...  0.303178          21
	18        0.001640  (tanh((x7 * 3.1480048) - ((-0.18358998 - x9) -...  0.302681          22
	19        0.024924  ((tanh((x7 * 2.9029334) - (((x3 * -0.68481725)...  0.295230          23
	20        0.010962  (((x3 - sin(x2 - 1.0580298)) * 1.3115306) * ta...  0.292012          24
	21        0.019623  ((1.3115306 * (x3 - sin(x2 - 1.0580298))) * ta...  0.286337          25
	22        0.007678  (((x3 - sin(x2 - 1.0580298)) * tanh((x7 * 2.90...  0.284147          26
	23        0.000530  ((x3 - sin(x2 - 1.0580298)) * ((-0.013019018 +...  0.283846          28
	24        0.003687  ((x3 - sin(x2 - 1.0529234)) * (1.3115306 * tan...  0.282802          29
	25        0.001326  (((sin(x3) - sin(x2 - 1.0271947)) * 1.3809413)...  0.282427          30
	26        0.000298  ((1.0379239 * (sin(x3) - sin(x2 - 1.0529234)))...  0.282258          32
	27        0.003210  (((x3 - sin(x2 - ((x15 * -0.30460072) + 0.6729...  0.281354          33
	28        0.002710  (((sin(x3) - sin(x2 - ((x15 * -0.30460072) + 0...  0.280592          34
	29        0.000159  (((sin(x3) - sin(x2 - (tanh(x15 * -0.3054061) ...  0.280458          37
], [
	    pick     score                                           equation      loss  complexity
	0         0.000000                                                 x3  0.917126           1
	1         0.148003                                    x7 * -1.7504256  0.682143           3
	2         0.019834                               sin(x7 * -2.4581962)  0.668746           4
	3         0.174031                                    (x15 - x3) * x7  0.561928           5
	4         0.075708                             (x15 - (x3 - x2)) * x7  0.482971           7
	5         0.030187               x7 * ((x2 - (x3 / 0.5651629)) + x15)  0.454675           9
	6         0.008627          ((tanh(x2 - x3) / 0.47026262) + x15) * x7  0.450770          10
	7         0.044759  (x7 + -0.22087413) * (-1.5761226 - ((x7 + x3) ...  0.431039          11
	8         0.019231  ((x2 - x3) + -0.75596267) * tanh(x9 + (x7 * 4....  0.422829          12
	9         0.022089  (x7 + -0.20543812) * ((-1.4772474 + (x15 * x3)...  0.413592          13
	10        0.064055  (x2 + (-0.7800691 - x3)) * tanh((x4 + x9) + (x...  0.387930          14
	11        0.008465  tanh(((x7 / 0.2866643) + x4) + sin(x9)) * ((x2...  0.384660          15
	12  >>>>  0.077794  (tanh((x7 / 0.2911314) + (x4 + x9)) * ((x2 - x...  0.355870          16
	13        0.012415  (tanh((x4 + (x7 / 0.27866596)) + x9) * ((x2 + ...  0.351479          17
	14        0.014955  ((x2 + (-0.90042925 - (x3 / 0.7578196))) * tan...  0.346262          18
	15        0.061872  ((tanh((x7 / 0.28435346) + (x9 + x4)) / 0.7476...  0.325488          19
	16        0.003345  (((sin(x2 + -0.9908424) - sin(x3)) * tanh((x9 ...  0.324401          20
	17        0.023206  -0.3295552 + ((tanh(x9 + (((x7 / 0.33884498) +...  0.316959          21
	18        0.004609  ((sin(x2 + -1.0074724) - x3) * (tanh((sin(x3) ...  0.315502          22
	19        0.012656  ((tanh((x7 / 0.3553838) + (x9 + (x3 + x4))) * ...  0.311534          23
	20        0.004798  (((sin((x2 * x11) + -1.9999843) - x3) * tanh((...  0.310043          24
	21        0.000250  (((((((x3 / (0.668029 / x10)) + -1.5506918) * ...  0.309577          30
	22        0.007941  ((x9 * -0.76681596) + ((((x13 * ((x3 / (0.5531...  0.307128          31
	23        0.005120  tanh(x9 * x9) + ((((x2 + ((((x3 / (0.6501825 /...  0.305560          32
	24        0.002155  tanh(x9 * x9) + (((x2 + (((((x3 / (tanh(0.7287...  0.304902          33
	25        0.003243  (((((x3 / tanh(0.70089644 / x10)) + -1.7624333...  0.303915          34
	26        0.000385  ((((x2 - x7) + ((x13 / x12) * ((x3 / sin(tanh(...  0.303565          37
]]
[2026-03-06 23:46:12,426] INFO: Regressor Params:{'adaptive_parsimony_scaling': 1040.0, 'alpha': 3.17, 'annealing': True, 'autodiff_backend': None, 'batch_size': 50, 'batching': True, 'binary_operators': ['+', '-', '*', '/', '^'], 'bumper': False, 'cluster_manager': None, 'complexity_mapping': None, 'complexity_of_constants': None, 'complexity_of_operators': None, 'complexity_of_variables': None, 'constraints': {'^': (-1, 1)}, 'crossover_probability': 0.0259, 'delete_tempfiles': True, 'denoise': False, 'deterministic': False, 'dimensional_constraint_penalty': None, 'dimensionless_constants_only': False, 'early_stop_condition': None, 'elementwise_loss': 'HuberLoss(1.35)', 'expression_spec': None, 'extra_jax_mappings': None, 'extra_sympy_mappings': None, 'extra_torch_mappings': None, 'fast_cycle': False, 'fraction_replaced': 0.00036, 'fraction_replaced_hof': 0.0614, 'heap_size_hint_in_bytes': None, 'hof_migration': True, 'input_stream': 'stdin', 'logger_spec': None, 'loss_function': None, 'loss_function_expression': None, 'loss_scale': 'log', 'max_evals': None, 'maxdepth': None, 'maxsize': 40, 'migration': True, 'model_selection': 'best', 'ncycles_per_iteration': 1520, 'nested_constraints': {'*': {'tanh': 2}, 'tanh': {'tanh': 0, '^': 1, 'sin': 1}, 'sin': {'sin': 0}}, 'niterations': 4560, 'optimize_probability': 0.14, 'optimizer_algorithm': 'BFGS', 'optimizer_f_calls_limit': None, 'optimizer_iterations': 8, 'optimizer_nrestarts': 2, 'output_directory': '/home/alang/ppCodes/part_gp/outputs/sr_runs/WToQQ/Surrogate', 'output_jax_format': False, 'output_torch_format': True, 'parallelism': None, 'parsimony': 0.01, 'perturbation_factor': 0.129, 'population_size': 27, 'populations': 48, 'precision': 32, 'print_precision': 5, 'probability_negate_constant': 0.00743, 'procs': None, 'progress': True, 'random_state': 42, 'run_id': 'Surrogate_M13-SRPARTICLENET_ParticleNet_BVAE_SR', 'select_k_features': None, 'should_optimize_constants': True, 'should_simplify': True, 'skip_mutation_failures': True, 'temp_equation_file': False, 'tempdir': None, 'timeout_in_seconds': None, 'topn': 12, 'tournament_selection_n': 15, 'tournament_selection_p': 0.982, 'turbo': False, 'unary_operators': ['sqrt', 'tanh', 'sin'], 'update': False, 'update_verbosity': None, 'use_frequency': True, 'use_frequency_in_tournament': True, 'verbosity': 1, 'warm_start': False, 'warmup_maxsize_by': None, 'weight_add_node': 2.47, 'weight_delete_node': 0.87, 'weight_do_nothing': 0.273, 'weight_insert_node': 0.0112, 'weight_mutate_constant': 0.0346, 'weight_mutate_operator': 0.293, 'weight_optimize': 0.001, 'weight_randomize': 0.000502, 'weight_rotate_tree': 4.26, 'weight_simplify': 0.00209, 'weight_swap_operands': 0.198}
[2026-03-06 23:46:12,555] INFO: Running on test file group WToQQ with 20 files:
.../home/alang/ppCodes/part_gp/datasets/JetClass/Pythia/test_20M/WToQQ_100.root
.../home/alang/ppCodes/part_gp/datasets/JetClass/Pythia/test_20M/WToQQ_101.root
.../home/alang/ppCodes/part_gp/datasets/JetClass/Pythia/test_20M/WToQQ_102.root
.../home/alang/ppCodes/part_gp/datasets/JetClass/Pythia/test_20M/WToQQ_103.root
.../home/alang/ppCodes/part_gp/datasets/JetClass/Pythia/test_20M/WToQQ_104.root
.../home/alang/ppCodes/part_gp/datasets/JetClass/Pythia/test_20M/WToQQ_105.root
.../home/alang/ppCodes/part_gp/datasets/JetClass/Pythia/test_20M/WToQQ_106.root
.../home/alang/ppCodes/part_gp/datasets/JetClass/Pythia/test_20M/WToQQ_107.root
.../home/alang/ppCodes/part_gp/datasets/JetClass/Pythia/test_20M/WToQQ_108.root
.../home/alang/ppCodes/part_gp/datasets/JetClass/Pythia/test_20M/WToQQ_109.root
.../home/alang/ppCodes/part_gp/datasets/JetClass/Pythia/test_20M/WToQQ_110.root
.../home/alang/ppCodes/part_gp/datasets/JetClass/Pythia/test_20M/WToQQ_111.root
.../home/alang/ppCodes/part_gp/datasets/JetClass/Pythia/test_20M/WToQQ_112.root
.../home/alang/ppCodes/part_gp/datasets/JetClass/Pythia/test_20M/WToQQ_113.root
.../home/alang/ppCodes/part_gp/datasets/JetClass/Pythia/test_20M/WToQQ_114.root
.../home/alang/ppCodes/part_gp/datasets/JetClass/Pythia/test_20M/WToQQ_115.root
.../home/alang/ppCodes/part_gp/datasets/JetClass/Pythia/test_20M/WToQQ_116.root
.../home/alang/ppCodes/part_gp/datasets/JetClass/Pythia/test_20M/WToQQ_117.root
.../home/alang/ppCodes/part_gp/datasets/JetClass/Pythia/test_20M/WToQQ_118.root
.../home/alang/ppCodes/part_gp/datasets/JetClass/Pythia/test_20M/WToQQ_119.root
[2026-03-06 23:46:12,561] INFO: [0;37mpreprocess config: {'method': 'manual', 'data_fraction': 0.5, 'params': None}[0m
[2026-03-06 23:46:12,561] INFO: [0;37mselection: None[0m
[2026-03-06 23:46:12,561] INFO: [0;37mtest_time_selection: None[0m
[2026-03-06 23:46:12,561] INFO: [0;37mvar_funcs:
 - ('part_mask', 'ak.ones_like(part_energy)')
 - ('part_pt', 'np.hypot(part_px, part_py)')
 - ('part_pt_log', 'np.log(part_pt)')
 - ('part_e_log', 'np.log(part_energy)')
 - ('part_logptrel', 'np.log(part_pt/jet_pt)')
 - ('part_logerel', 'np.log(part_energy/jet_energy)')
 - ('part_deltaR', 'np.hypot(part_deta, part_dphi)')
 - ('_label_', 'np.argmax(np.stack([ak.to_numpy(label_QCD),ak.to_numpy(label_Wqq)], axis=1), axis=1)')
 - ('_labelcheck_', 'np.sum(np.stack([ak.to_numpy(label_QCD),ak.to_numpy(label_Wqq)], axis=1), axis=1)')[0m
[2026-03-06 23:46:12,561] INFO: [0;37minput_names: ('pf_points', 'pf_features', 'pf_vectors', 'pf_mask')[0m
[2026-03-06 23:46:12,561] INFO: [0;37minput_dicts:
 - ('pf_points', ['part_deta', 'part_dphi'])
 - ('pf_features', ['part_pt_log', 'part_e_log', 'part_logptrel', 'part_logerel', 'part_deltaR', 'part_deta', 'part_dphi'])
 - ('pf_vectors', ['part_px', 'part_py', 'part_pz', 'part_energy'])
 - ('pf_mask', ['part_mask'])[0m
[2026-03-06 23:46:12,561] INFO: [0;37minput_shapes:
 - ('pf_points', (-1, 2, 32))
 - ('pf_features', (-1, 7, 32))
 - ('pf_vectors', (-1, 4, 32))
 - ('pf_mask', (-1, 1, 32))[0m
[2026-03-06 23:46:12,561] INFO: [0;37mpreprocess_params:
 - ('part_deta', {'length': 32, 'pad_mode': 'wrap', 'center': None, 'scale': 1, 'min': -5, 'max': 5, 'pad_value': 0})
 - ('part_dphi', {'length': 32, 'pad_mode': 'wrap', 'center': None, 'scale': 1, 'min': -5, 'max': 5, 'pad_value': 0})
 - ('part_pt_log', {'length': 32, 'pad_mode': 'wrap', 'center': 1.7, 'scale': 0.7, 'min': -5, 'max': 5, 'pad_value': 0})
 - ('part_e_log', {'length': 32, 'pad_mode': 'wrap', 'center': 2.0, 'scale': 0.7, 'min': -5, 'max': 5, 'pad_value': 0})
 - ('part_logptrel', {'length': 32, 'pad_mode': 'wrap', 'center': -4.7, 'scale': 0.7, 'min': -5, 'max': 5, 'pad_value': 0})
 - ('part_logerel', {'length': 32, 'pad_mode': 'wrap', 'center': -4.7, 'scale': 0.7, 'min': -5, 'max': 5, 'pad_value': 0})
 - ('part_deltaR', {'length': 32, 'pad_mode': 'wrap', 'center': 0.2, 'scale': 4.0, 'min': -5, 'max': 5, 'pad_value': 0})
 - ('part_px', {'length': 32, 'pad_mode': 'wrap', 'center': None, 'scale': 1, 'min': -5, 'max': 5, 'pad_value': 0})
 - ('part_py', {'length': 32, 'pad_mode': 'wrap', 'center': None, 'scale': 1, 'min': -5, 'max': 5, 'pad_value': 0})
 - ('part_pz', {'length': 32, 'pad_mode': 'wrap', 'center': None, 'scale': 1, 'min': -5, 'max': 5, 'pad_value': 0})
 - ('part_energy', {'length': 32, 'pad_mode': 'wrap', 'center': None, 'scale': 1, 'min': -5, 'max': 5, 'pad_value': 0})
 - ('part_mask', {'length': 32, 'pad_mode': 'constant', 'center': None, 'scale': 1, 'min': -5, 'max': 5, 'pad_value': 0})[0m
[2026-03-06 23:46:12,561] INFO: [0;37mlabel_names: ('_label_',)[0m
[2026-03-06 23:46:12,561] INFO: [0;37mobserver_names: ('jet_pt', 'jet_eta', 'jet_phi', 'jet_energy', 'jet_nparticles', 'jet_sdmass', 'jet_tau1', 'jet_tau2', 'jet_tau3', 'jet_tau4')[0m
[2026-03-06 23:46:12,562] INFO: [0;37mmonitor_variables: ()[0m
[2026-03-06 23:46:12,566] INFO: [0;37mpreprocess config: {'method': 'manual', 'data_fraction': 0.5, 'params': None}[0m
[2026-03-06 23:46:12,566] INFO: [0;37mselection: None[0m
[2026-03-06 23:46:12,567] INFO: [0;37mtest_time_selection: None[0m
[2026-03-06 23:46:12,567] INFO: [0;37mvar_funcs:
 - ('part_mask', 'ak.ones_like(part_energy)')
 - ('part_pt', 'np.hypot(part_px, part_py)')
 - ('part_pt_log', 'np.log(part_pt)')
 - ('part_e_log', 'np.log(part_energy)')
 - ('part_logptrel', 'np.log(part_pt/jet_pt)')
 - ('part_logerel', 'np.log(part_energy/jet_energy)')
 - ('part_deltaR', 'np.hypot(part_deta, part_dphi)')
 - ('_label_', 'np.argmax(np.stack([ak.to_numpy(label_QCD),ak.to_numpy(label_Wqq)], axis=1), axis=1)')
 - ('_labelcheck_', 'np.sum(np.stack([ak.to_numpy(label_QCD),ak.to_numpy(label_Wqq)], axis=1), axis=1)')[0m
[2026-03-06 23:46:12,567] INFO: [0;37minput_names: ('pf_points', 'pf_features', 'pf_vectors', 'pf_mask')[0m
[2026-03-06 23:46:12,567] INFO: [0;37minput_dicts:
 - ('pf_points', ['part_deta', 'part_dphi'])
 - ('pf_features', ['part_pt_log', 'part_e_log', 'part_logptrel', 'part_logerel', 'part_deltaR', 'part_deta', 'part_dphi'])
 - ('pf_vectors', ['part_px', 'part_py', 'part_pz', 'part_energy'])
 - ('pf_mask', ['part_mask'])[0m
[2026-03-06 23:46:12,567] INFO: [0;37minput_shapes:
 - ('pf_points', (-1, 2, 32))
 - ('pf_features', (-1, 7, 32))
 - ('pf_vectors', (-1, 4, 32))
 - ('pf_mask', (-1, 1, 32))[0m
[2026-03-06 23:46:12,567] INFO: [0;37mpreprocess_params:
 - ('part_deta', {'length': 32, 'pad_mode': 'wrap', 'center': None, 'scale': 1, 'min': -5, 'max': 5, 'pad_value': 0})
 - ('part_dphi', {'length': 32, 'pad_mode': 'wrap', 'center': None, 'scale': 1, 'min': -5, 'max': 5, 'pad_value': 0})
 - ('part_pt_log', {'length': 32, 'pad_mode': 'wrap', 'center': 1.7, 'scale': 0.7, 'min': -5, 'max': 5, 'pad_value': 0})
 - ('part_e_log', {'length': 32, 'pad_mode': 'wrap', 'center': 2.0, 'scale': 0.7, 'min': -5, 'max': 5, 'pad_value': 0})
 - ('part_logptrel', {'length': 32, 'pad_mode': 'wrap', 'center': -4.7, 'scale': 0.7, 'min': -5, 'max': 5, 'pad_value': 0})
 - ('part_logerel', {'length': 32, 'pad_mode': 'wrap', 'center': -4.7, 'scale': 0.7, 'min': -5, 'max': 5, 'pad_value': 0})
 - ('part_deltaR', {'length': 32, 'pad_mode': 'wrap', 'center': 0.2, 'scale': 4.0, 'min': -5, 'max': 5, 'pad_value': 0})
 - ('part_px', {'length': 32, 'pad_mode': 'wrap', 'center': None, 'scale': 1, 'min': -5, 'max': 5, 'pad_value': 0})
 - ('part_py', {'length': 32, 'pad_mode': 'wrap', 'center': None, 'scale': 1, 'min': -5, 'max': 5, 'pad_value': 0})
 - ('part_pz', {'length': 32, 'pad_mode': 'wrap', 'center': None, 'scale': 1, 'min': -5, 'max': 5, 'pad_value': 0})
 - ('part_energy', {'length': 32, 'pad_mode': 'wrap', 'center': None, 'scale': 1, 'min': -5, 'max': 5, 'pad_value': 0})
 - ('part_mask', {'length': 32, 'pad_mode': 'constant', 'center': None, 'scale': 1, 'min': -5, 'max': 5, 'pad_value': 0})[0m
[2026-03-06 23:46:12,567] INFO: [0;37mlabel_names: ('_label_',)[0m
[2026-03-06 23:46:12,567] INFO: [0;37mobserver_names: ('jet_pt', 'jet_eta', 'jet_phi', 'jet_energy', 'jet_nparticles', 'jet_sdmass', 'jet_tau1', 'jet_tau2', 'jet_tau3', 'jet_tau4')[0m
[2026-03-06 23:46:12,567] INFO: [0;37mmonitor_variables: ()[0m
[2026-03-06 23:46:12,568] INFO: Running on test file group ZJetsToNuNu with 20 files:
.../home/alang/ppCodes/part_gp/datasets/JetClass/Pythia/test_20M/ZJetsToNuNu_100.root
.../home/alang/ppCodes/part_gp/datasets/JetClass/Pythia/test_20M/ZJetsToNuNu_101.root
.../home/alang/ppCodes/part_gp/datasets/JetClass/Pythia/test_20M/ZJetsToNuNu_102.root
.../home/alang/ppCodes/part_gp/datasets/JetClass/Pythia/test_20M/ZJetsToNuNu_103.root
.../home/alang/ppCodes/part_gp/datasets/JetClass/Pythia/test_20M/ZJetsToNuNu_104.root
.../home/alang/ppCodes/part_gp/datasets/JetClass/Pythia/test_20M/ZJetsToNuNu_105.root
.../home/alang/ppCodes/part_gp/datasets/JetClass/Pythia/test_20M/ZJetsToNuNu_106.root
.../home/alang/ppCodes/part_gp/datasets/JetClass/Pythia/test_20M/ZJetsToNuNu_107.root
.../home/alang/ppCodes/part_gp/datasets/JetClass/Pythia/test_20M/ZJetsToNuNu_108.root
.../home/alang/ppCodes/part_gp/datasets/JetClass/Pythia/test_20M/ZJetsToNuNu_109.root
.../home/alang/ppCodes/part_gp/datasets/JetClass/Pythia/test_20M/ZJetsToNuNu_110.root
.../home/alang/ppCodes/part_gp/datasets/JetClass/Pythia/test_20M/ZJetsToNuNu_111.root
.../home/alang/ppCodes/part_gp/datasets/JetClass/Pythia/test_20M/ZJetsToNuNu_112.root
.../home/alang/ppCodes/part_gp/datasets/JetClass/Pythia/test_20M/ZJetsToNuNu_113.root
.../home/alang/ppCodes/part_gp/datasets/JetClass/Pythia/test_20M/ZJetsToNuNu_114.root
.../home/alang/ppCodes/part_gp/datasets/JetClass/Pythia/test_20M/ZJetsToNuNu_115.root
.../home/alang/ppCodes/part_gp/datasets/JetClass/Pythia/test_20M/ZJetsToNuNu_116.root
.../home/alang/ppCodes/part_gp/datasets/JetClass/Pythia/test_20M/ZJetsToNuNu_117.root
.../home/alang/ppCodes/part_gp/datasets/JetClass/Pythia/test_20M/ZJetsToNuNu_118.root
.../home/alang/ppCodes/part_gp/datasets/JetClass/Pythia/test_20M/ZJetsToNuNu_119.root
[2026-03-06 23:46:12,572] INFO: [0;37mpreprocess config: {'method': 'manual', 'data_fraction': 0.5, 'params': None}[0m
[2026-03-06 23:46:12,573] INFO: [0;37mselection: None[0m
[2026-03-06 23:46:12,573] INFO: [0;37mtest_time_selection: None[0m
[2026-03-06 23:46:12,573] INFO: [0;37mvar_funcs:
 - ('part_mask', 'ak.ones_like(part_energy)')
 - ('part_pt', 'np.hypot(part_px, part_py)')
 - ('part_pt_log', 'np.log(part_pt)')
 - ('part_e_log', 'np.log(part_energy)')
 - ('part_logptrel', 'np.log(part_pt/jet_pt)')
 - ('part_logerel', 'np.log(part_energy/jet_energy)')
 - ('part_deltaR', 'np.hypot(part_deta, part_dphi)')
 - ('_label_', 'np.argmax(np.stack([ak.to_numpy(label_QCD),ak.to_numpy(label_Wqq)], axis=1), axis=1)')
 - ('_labelcheck_', 'np.sum(np.stack([ak.to_numpy(label_QCD),ak.to_numpy(label_Wqq)], axis=1), axis=1)')[0m
[2026-03-06 23:46:12,573] INFO: [0;37minput_names: ('pf_points', 'pf_features', 'pf_vectors', 'pf_mask')[0m
[2026-03-06 23:46:12,573] INFO: [0;37minput_dicts:
 - ('pf_points', ['part_deta', 'part_dphi'])
 - ('pf_features', ['part_pt_log', 'part_e_log', 'part_logptrel', 'part_logerel', 'part_deltaR', 'part_deta', 'part_dphi'])
 - ('pf_vectors', ['part_px', 'part_py', 'part_pz', 'part_energy'])
 - ('pf_mask', ['part_mask'])[0m
[2026-03-06 23:46:12,573] INFO: [0;37minput_shapes:
 - ('pf_points', (-1, 2, 32))
 - ('pf_features', (-1, 7, 32))
 - ('pf_vectors', (-1, 4, 32))
 - ('pf_mask', (-1, 1, 32))[0m
[2026-03-06 23:46:12,573] INFO: [0;37mpreprocess_params:
 - ('part_deta', {'length': 32, 'pad_mode': 'wrap', 'center': None, 'scale': 1, 'min': -5, 'max': 5, 'pad_value': 0})
 - ('part_dphi', {'length': 32, 'pad_mode': 'wrap', 'center': None, 'scale': 1, 'min': -5, 'max': 5, 'pad_value': 0})
 - ('part_pt_log', {'length': 32, 'pad_mode': 'wrap', 'center': 1.7, 'scale': 0.7, 'min': -5, 'max': 5, 'pad_value': 0})
 - ('part_e_log', {'length': 32, 'pad_mode': 'wrap', 'center': 2.0, 'scale': 0.7, 'min': -5, 'max': 5, 'pad_value': 0})
 - ('part_logptrel', {'length': 32, 'pad_mode': 'wrap', 'center': -4.7, 'scale': 0.7, 'min': -5, 'max': 5, 'pad_value': 0})
 - ('part_logerel', {'length': 32, 'pad_mode': 'wrap', 'center': -4.7, 'scale': 0.7, 'min': -5, 'max': 5, 'pad_value': 0})
 - ('part_deltaR', {'length': 32, 'pad_mode': 'wrap', 'center': 0.2, 'scale': 4.0, 'min': -5, 'max': 5, 'pad_value': 0})
 - ('part_px', {'length': 32, 'pad_mode': 'wrap', 'center': None, 'scale': 1, 'min': -5, 'max': 5, 'pad_value': 0})
 - ('part_py', {'length': 32, 'pad_mode': 'wrap', 'center': None, 'scale': 1, 'min': -5, 'max': 5, 'pad_value': 0})
 - ('part_pz', {'length': 32, 'pad_mode': 'wrap', 'center': None, 'scale': 1, 'min': -5, 'max': 5, 'pad_value': 0})
 - ('part_energy', {'length': 32, 'pad_mode': 'wrap', 'center': None, 'scale': 1, 'min': -5, 'max': 5, 'pad_value': 0})
 - ('part_mask', {'length': 32, 'pad_mode': 'constant', 'center': None, 'scale': 1, 'min': -5, 'max': 5, 'pad_value': 0})[0m
[2026-03-06 23:46:12,573] INFO: [0;37mlabel_names: ('_label_',)[0m
[2026-03-06 23:46:12,573] INFO: [0;37mobserver_names: ('jet_pt', 'jet_eta', 'jet_phi', 'jet_energy', 'jet_nparticles', 'jet_sdmass', 'jet_tau1', 'jet_tau2', 'jet_tau3', 'jet_tau4')[0m
[2026-03-06 23:46:12,573] INFO: [0;37mmonitor_variables: ()[0m
[2026-03-06 23:46:12,578] INFO: [0;37mpreprocess config: {'method': 'manual', 'data_fraction': 0.5, 'params': None}[0m
[2026-03-06 23:46:12,578] INFO: [0;37mselection: None[0m
[2026-03-06 23:46:12,578] INFO: [0;37mtest_time_selection: None[0m
[2026-03-06 23:46:12,578] INFO: [0;37mvar_funcs:
 - ('part_mask', 'ak.ones_like(part_energy)')
 - ('part_pt', 'np.hypot(part_px, part_py)')
 - ('part_pt_log', 'np.log(part_pt)')
 - ('part_e_log', 'np.log(part_energy)')
 - ('part_logptrel', 'np.log(part_pt/jet_pt)')
 - ('part_logerel', 'np.log(part_energy/jet_energy)')
 - ('part_deltaR', 'np.hypot(part_deta, part_dphi)')
 - ('_label_', 'np.argmax(np.stack([ak.to_numpy(label_QCD),ak.to_numpy(label_Wqq)], axis=1), axis=1)')
 - ('_labelcheck_', 'np.sum(np.stack([ak.to_numpy(label_QCD),ak.to_numpy(label_Wqq)], axis=1), axis=1)')[0m
[2026-03-06 23:46:12,578] INFO: [0;37minput_names: ('pf_points', 'pf_features', 'pf_vectors', 'pf_mask')[0m
[2026-03-06 23:46:12,578] INFO: [0;37minput_dicts:
 - ('pf_points', ['part_deta', 'part_dphi'])
 - ('pf_features', ['part_pt_log', 'part_e_log', 'part_logptrel', 'part_logerel', 'part_deltaR', 'part_deta', 'part_dphi'])
 - ('pf_vectors', ['part_px', 'part_py', 'part_pz', 'part_energy'])
 - ('pf_mask', ['part_mask'])[0m
[2026-03-06 23:46:12,578] INFO: [0;37minput_shapes:
 - ('pf_points', (-1, 2, 32))
 - ('pf_features', (-1, 7, 32))
 - ('pf_vectors', (-1, 4, 32))
 - ('pf_mask', (-1, 1, 32))[0m
[2026-03-06 23:46:12,578] INFO: [0;37mpreprocess_params:
 - ('part_deta', {'length': 32, 'pad_mode': 'wrap', 'center': None, 'scale': 1, 'min': -5, 'max': 5, 'pad_value': 0})
 - ('part_dphi', {'length': 32, 'pad_mode': 'wrap', 'center': None, 'scale': 1, 'min': -5, 'max': 5, 'pad_value': 0})
 - ('part_pt_log', {'length': 32, 'pad_mode': 'wrap', 'center': 1.7, 'scale': 0.7, 'min': -5, 'max': 5, 'pad_value': 0})
 - ('part_e_log', {'length': 32, 'pad_mode': 'wrap', 'center': 2.0, 'scale': 0.7, 'min': -5, 'max': 5, 'pad_value': 0})
 - ('part_logptrel', {'length': 32, 'pad_mode': 'wrap', 'center': -4.7, 'scale': 0.7, 'min': -5, 'max': 5, 'pad_value': 0})
 - ('part_logerel', {'length': 32, 'pad_mode': 'wrap', 'center': -4.7, 'scale': 0.7, 'min': -5, 'max': 5, 'pad_value': 0})
 - ('part_deltaR', {'length': 32, 'pad_mode': 'wrap', 'center': 0.2, 'scale': 4.0, 'min': -5, 'max': 5, 'pad_value': 0})
 - ('part_px', {'length': 32, 'pad_mode': 'wrap', 'center': None, 'scale': 1, 'min': -5, 'max': 5, 'pad_value': 0})
 - ('part_py', {'length': 32, 'pad_mode': 'wrap', 'center': None, 'scale': 1, 'min': -5, 'max': 5, 'pad_value': 0})
 - ('part_pz', {'length': 32, 'pad_mode': 'wrap', 'center': None, 'scale': 1, 'min': -5, 'max': 5, 'pad_value': 0})
 - ('part_energy', {'length': 32, 'pad_mode': 'wrap', 'center': None, 'scale': 1, 'min': -5, 'max': 5, 'pad_value': 0})
 - ('part_mask', {'length': 32, 'pad_mode': 'constant', 'center': None, 'scale': 1, 'min': -5, 'max': 5, 'pad_value': 0})[0m
[2026-03-06 23:46:12,578] INFO: [0;37mlabel_names: ('_label_',)[0m
[2026-03-06 23:46:12,578] INFO: [0;37mobserver_names: ('jet_pt', 'jet_eta', 'jet_phi', 'jet_energy', 'jet_nparticles', 'jet_sdmass', 'jet_tau1', 'jet_tau2', 'jet_tau3', 'jet_tau4')[0m
[2026-03-06 23:46:12,578] INFO: [0;37mmonitor_variables: ()[0m
[2026-03-06 23:46:12,579] INFO: Tester Initialized
[2026-03-06 23:46:12,579] INFO: Starting!
[2026-03-06 23:46:12,582] INFO: Restarted DataIter test_WToQQ, load_range=(0, 0.01), file_list:
{
  "WToQQ": [
    "/home/alang/ppCodes/part_gp/datasets/JetClass/Pythia/test_20M/WToQQ_100.root",
    "/home/alang/ppCodes/part_gp/datasets/JetClass/Pythia/test_20M/WToQQ_101.root",
    "/home/alang/ppCodes/part_gp/datasets/JetClass/Pythia/test_20M/WToQQ_102.root",
    "/home/alang/ppCodes/part_gp/datasets/JetClass/Pythia/test_20M/WToQQ_103.root",
    "/home/alang/ppCodes/part_gp/datasets/JetClass/Pythia/test_20M/WToQQ_104.root",
    "/home/alang/ppCodes/part_gp/datasets/JetClass/Pythia/test_20M/WToQQ_105.root",
    "/home/alang/ppCodes/part_gp/datasets/JetClass/Pythia/test_20M/WToQQ_106.root",
    "/home/alang/ppCodes/part_gp/datasets/JetClass/Pythia/test_20M/WToQQ_107.root",
    "/home/alang/ppCodes/part_gp/datasets/JetClass/Pythia/test_20M/WToQQ_108.root",
    "/home/alang/ppCodes/part_gp/datasets/JetClass/Pythia/test_20M/WToQQ_109.root",
    "/home/alang/ppCodes/part_gp/datasets/JetClass/Pythia/test_20M/WToQQ_110.root",
    "/home/alang/ppCodes/part_gp/datasets/JetClass/Pythia/test_20M/WToQQ_111.root",
    "/home/alang/ppCodes/part_gp/datasets/JetClass/Pythia/test_20M/WToQQ_112.root",
    "/home/alang/ppCodes/part_gp/datasets/JetClass/Pythia/test_20M/WToQQ_113.root",
    "/home/alang/ppCodes/part_gp/datasets/JetClass/Pythia/test_20M/WToQQ_114.root",
    "/home/alang/ppCodes/part_gp/datasets/JetClass/Pythia/test_20M/WToQQ_115.root",
    "/home/alang/ppCodes/part_gp/datasets/JetClass/Pythia/test_20M/WToQQ_116.root",
    "/home/alang/ppCodes/part_gp/datasets/JetClass/Pythia/test_20M/WToQQ_117.root",
    "/home/alang/ppCodes/part_gp/datasets/JetClass/Pythia/test_20M/WToQQ_118.root",
    "/home/alang/ppCodes/part_gp/datasets/JetClass/Pythia/test_20M/WToQQ_119.root"
  ]
}
[2026-03-06 23:46:30,683] INFO: Restarted DataIter test_ZJetsToNuNu, load_range=(0, 0.01), file_list:
{
  "ZJetsToNuNu": [
    "/home/alang/ppCodes/part_gp/datasets/JetClass/Pythia/test_20M/ZJetsToNuNu_100.root",
    "/home/alang/ppCodes/part_gp/datasets/JetClass/Pythia/test_20M/ZJetsToNuNu_101.root",
    "/home/alang/ppCodes/part_gp/datasets/JetClass/Pythia/test_20M/ZJetsToNuNu_102.root",
    "/home/alang/ppCodes/part_gp/datasets/JetClass/Pythia/test_20M/ZJetsToNuNu_103.root",
    "/home/alang/ppCodes/part_gp/datasets/JetClass/Pythia/test_20M/ZJetsToNuNu_104.root",
    "/home/alang/ppCodes/part_gp/datasets/JetClass/Pythia/test_20M/ZJetsToNuNu_105.root",
    "/home/alang/ppCodes/part_gp/datasets/JetClass/Pythia/test_20M/ZJetsToNuNu_106.root",
    "/home/alang/ppCodes/part_gp/datasets/JetClass/Pythia/test_20M/ZJetsToNuNu_107.root",
    "/home/alang/ppCodes/part_gp/datasets/JetClass/Pythia/test_20M/ZJetsToNuNu_108.root",
    "/home/alang/ppCodes/part_gp/datasets/JetClass/Pythia/test_20M/ZJetsToNuNu_109.root",
    "/home/alang/ppCodes/part_gp/datasets/JetClass/Pythia/test_20M/ZJetsToNuNu_110.root",
    "/home/alang/ppCodes/part_gp/datasets/JetClass/Pythia/test_20M/ZJetsToNuNu_111.root",
    "/home/alang/ppCodes/part_gp/datasets/JetClass/Pythia/test_20M/ZJetsToNuNu_112.root",
    "/home/alang/ppCodes/part_gp/datasets/JetClass/Pythia/test_20M/ZJetsToNuNu_113.root",
    "/home/alang/ppCodes/part_gp/datasets/JetClass/Pythia/test_20M/ZJetsToNuNu_114.root",
    "/home/alang/ppCodes/part_gp/datasets/JetClass/Pythia/test_20M/ZJetsToNuNu_115.root",
    "/home/alang/ppCodes/part_gp/datasets/JetClass/Pythia/test_20M/ZJetsToNuNu_116.root",
    "/home/alang/ppCodes/part_gp/datasets/JetClass/Pythia/test_20M/ZJetsToNuNu_117.root",
    "/home/alang/ppCodes/part_gp/datasets/JetClass/Pythia/test_20M/ZJetsToNuNu_118.root",
    "/home/alang/ppCodes/part_gp/datasets/JetClass/Pythia/test_20M/ZJetsToNuNu_119.root"
  ]
}
[2026-03-06 23:46:48,852] INFO: Commencing Model Testing
[2026-03-06 23:46:48,916] INFO: Test Dict:
{ 'classification': defaultdict(<class 'list'>,
                                { 'avg_accuracy': [0.794475],
                                  'cce_loss': [0.45580711931449014],
                                  'confusion_matrix': array([[15846,  4154],
       [ 4067, 15933]]),
                                  'fpr': array([0.000e+00, 5.000e-05, 5.000e-05, ..., 9.937e-01, 9.937e-01,
       1.000e+00]),
                                  'roc_auc': [0.87535424125],
                                  'tpr': array([0.     , 0.     , 0.0017 , ..., 0.99995, 1.     , 1.     ])}),
  'complexity': defaultdict(<class 'list'>, {'num_params': [6]}),
  'faithfulness': defaultdict(<class 'list'>, {}),
  'inputs': defaultdict(<class 'list'>, {}),
  'interpretability': defaultdict(<class 'list'>, {}),
  'preds': defaultdict(<class 'list'>,
                       { 'labels': array([1, 1, 1, ..., 0, 0, 0]),
                         'logits': array([[ 1.0142632 , -0.8479049 ],
       [-0.37965435,  0.63726956],
       [-1.3911265 ,  1.6535454 ],
       ...,
       [ 1.4859462 , -1.4205742 ],
       [ 1.7517182 , -1.5820289 ],
       [ 0.5817859 , -0.40851295]], dtype=float32),
                         'probs': array([[0.8655495 , 0.13445055],
       [0.26562703, 0.73437303],
       [0.04544805, 0.95455194],
       ...,
       [0.94816786, 0.05183218],
       [0.9655686 , 0.03443144],
       [0.72914696, 0.270853  ]], dtype=float32)}),
  'robustness': defaultdict(<class 'list'>, {})}
[2026-03-06 23:46:48,918] INFO: Elapsed time: 28849.08 seconds
